02-01-2021;12:06:24 WARN  o.s.b.a.o.j.JpaBaseConfiguration$JpaWebConfiguration.openEntityManagerInViewInterceptor:220 - spring.jpa.open-in-view is enabled by default. Therefore, database queries may be performed during view rendering. Explicitly configure spring.jpa.open-in-view to disable this warning
02-01-2021;12:06:25 WARN  o.h.e.j.s.SqlExceptionHelper.logWarning:230 - SQL Warning Code: 0, SQLState: 00000
02-01-2021;12:06:25 WARN  o.h.e.j.s.SqlExceptionHelper.logWarning:231 - relation "account" does not exist, skipping
02-01-2021;12:06:25 WARN  o.h.e.j.s.SqlExceptionHelper.logWarning:230 - SQL Warning Code: 0, SQLState: 00000
02-01-2021;12:06:25 WARN  o.h.e.j.s.SqlExceptionHelper.logWarning:231 - relation "customer_account" does not exist, skipping
02-01-2021;12:06:25 WARN  o.h.e.j.s.SqlExceptionHelper.logWarning:230 - SQL Warning Code: 0, SQLState: 00000
02-01-2021;12:06:25 WARN  o.h.e.j.s.SqlExceptionHelper.logWarning:231 - relation "merchant_order" does not exist, skipping
02-01-2021;12:06:25 WARN  o.h.e.j.s.SqlExceptionHelper.logWarning:230 - SQL Warning Code: 0, SQLState: 00000
02-01-2021;12:06:25 WARN  o.h.e.j.s.SqlExceptionHelper.logWarning:231 - relation "payment_request" does not exist, skipping
02-01-2021;12:06:25 WARN  o.h.e.j.s.SqlExceptionHelper.logWarning:230 - SQL Warning Code: 0, SQLState: 00000
02-01-2021;12:06:25 WARN  o.h.e.j.s.SqlExceptionHelper.logWarning:231 - relation "payment_request" does not exist, skipping
02-01-2021;12:06:25 WARN  o.h.e.j.s.SqlExceptionHelper.logWarning:230 - SQL Warning Code: 0, SQLState: 00000
02-01-2021;12:06:25 WARN  o.h.e.j.s.SqlExceptionHelper.logWarning:231 - relation "seller_account" does not exist, skipping
02-01-2021;12:06:25 WARN  o.h.e.j.s.SqlExceptionHelper.logWarning:230 - SQL Warning Code: 0, SQLState: 00000
02-01-2021;12:06:25 WARN  o.h.e.j.s.SqlExceptionHelper.logWarning:231 - relation "transaction" does not exist, skipping
02-01-2021;12:06:25 WARN  o.h.e.j.s.SqlExceptionHelper.logWarning:230 - SQL Warning Code: 0, SQLState: 00000
02-01-2021;12:06:25 WARN  o.h.e.j.s.SqlExceptionHelper.logWarning:231 - relation "transaction" does not exist, skipping
02-01-2021;12:06:25 WARN  o.h.e.j.s.SqlExceptionHelper.logWarning:230 - SQL Warning Code: 0, SQLState: 00000
02-01-2021;12:06:25 WARN  o.h.e.j.s.SqlExceptionHelper.logWarning:231 - table "account" does not exist, skipping
02-01-2021;12:06:25 WARN  o.h.e.j.s.SqlExceptionHelper.logWarning:230 - SQL Warning Code: 0, SQLState: 00000
02-01-2021;12:06:25 WARN  o.h.e.j.s.SqlExceptionHelper.logWarning:231 - table "address" does not exist, skipping
02-01-2021;12:06:25 WARN  o.h.e.j.s.SqlExceptionHelper.logWarning:230 - SQL Warning Code: 0, SQLState: 00000
02-01-2021;12:06:25 WARN  o.h.e.j.s.SqlExceptionHelper.logWarning:231 - table "customer_account" does not exist, skipping
02-01-2021;12:06:25 WARN  o.h.e.j.s.SqlExceptionHelper.logWarning:230 - SQL Warning Code: 0, SQLState: 00000
02-01-2021;12:06:25 WARN  o.h.e.j.s.SqlExceptionHelper.logWarning:231 - table "merchant_order" does not exist, skipping
02-01-2021;12:06:25 WARN  o.h.e.j.s.SqlExceptionHelper.logWarning:230 - SQL Warning Code: 0, SQLState: 00000
02-01-2021;12:06:25 WARN  o.h.e.j.s.SqlExceptionHelper.logWarning:231 - table "order_counter" does not exist, skipping
02-01-2021;12:06:25 WARN  o.h.e.j.s.SqlExceptionHelper.logWarning:230 - SQL Warning Code: 0, SQLState: 00000
02-01-2021;12:06:25 WARN  o.h.e.j.s.SqlExceptionHelper.logWarning:231 - table "payment_request" does not exist, skipping
02-01-2021;12:06:25 WARN  o.h.e.j.s.SqlExceptionHelper.logWarning:230 - SQL Warning Code: 0, SQLState: 00000
02-01-2021;12:06:25 WARN  o.h.e.j.s.SqlExceptionHelper.logWarning:231 - table "seller_account" does not exist, skipping
02-01-2021;12:06:25 WARN  o.h.e.j.s.SqlExceptionHelper.logWarning:230 - SQL Warning Code: 0, SQLState: 00000
02-01-2021;12:06:25 WARN  o.h.e.j.s.SqlExceptionHelper.logWarning:231 - table "transaction" does not exist, skipping
02-01-2021;12:06:25 WARN  o.h.e.j.s.SqlExceptionHelper.logWarning:230 - SQL Warning Code: 0, SQLState: 00000
02-01-2021;12:06:25 WARN  o.h.e.j.s.SqlExceptionHelper.logWarning:231 - table "url_responder" does not exist, skipping
02-01-2021;12:06:26 WARN  c.n.c.s.URLConfigurationSource.<init>:121 - No URLs will be polled as dynamic configuration sources.
02-01-2021;12:06:26 WARN  c.n.c.s.URLConfigurationSource.<init>:121 - No URLs will be polled as dynamic configuration sources.
02-01-2021;12:06:26 WARN  o.s.c.l.c.BlockingLoadBalancerClientAutoConfiguration$BlockingLoadBalancerClientRibbonWarnLogger.logWarning:86 - You already have RibbonLoadBalancerClient on your classpath. It will be used by default. As Spring Cloud Ribbon is in maintenance mode. We recommend switching to BlockingLoadBalancerClient instead. In order to use it, set the value of `spring.cloud.loadbalancer.ribbon.enabled` to `false` or remove spring-cloud-starter-netflix-ribbon from your project.
