2021-01-02 13:55:27.071 INFO  c.p.u.UnicreditServiceApplication.logStartupProfileInfo:655 - The following profiles are active: dev
2021-01-02 13:55:28.731 INFO  o.s.d.r.c.RepositoryConfigurationDelegate.registerRepositoriesIn:127 - Bootstrapping Spring Data JPA repositories in DEFERRED mode.
2021-01-02 13:55:28.930 INFO  o.s.d.r.c.RepositoryConfigurationDelegate.registerRepositoriesIn:187 - Finished Spring Data repository scanning in 181ms. Found 9 JPA repository interfaces.
2021-01-02 13:55:29.591 INFO  o.s.c.c.s.GenericScope.setSerializationId:295 - BeanFactory id=145e74bb-8099-3284-aedd-1f94bb3ad17d
2021-01-02 13:55:29.773 INFO  o.s.c.s.PostProcessorRegistrationDelegate$BeanPostProcessorChecker.postProcessAfterInitialization:335 - Bean 'com.payment.unicreditservice.feign.PccClient' of type [org.springframework.cloud.openfeign.FeignClientFactoryBean] is not eligible for getting processed by all BeanPostProcessors (for example: not eligible for auto-proxying)
2021-01-02 13:55:29.874 INFO  o.s.c.s.PostProcessorRegistrationDelegate$BeanPostProcessorChecker.postProcessAfterInitialization:335 - Bean 'org.springframework.ws.config.annotation.DelegatingWsConfiguration' of type [org.springframework.ws.config.annotation.DelegatingWsConfiguration$$EnhancerBySpringCGLIB$$9772173b] is not eligible for getting processed by all BeanPostProcessors (for example: not eligible for auto-proxying)
2021-01-02 13:55:29.973 INFO  o.s.w.s.a.s.AnnotationActionEndpointMapping.afterPropertiesSet:236 - Supporting [WS-Addressing August 2004, WS-Addressing 1.0]
2021-01-02 13:55:30.312 INFO  o.s.c.s.PostProcessorRegistrationDelegate$BeanPostProcessorChecker.postProcessAfterInitialization:335 - Bean 'org.springframework.security.access.expression.method.DefaultMethodSecurityExpressionHandler@777d0bc3' of type [org.springframework.security.access.expression.method.DefaultMethodSecurityExpressionHandler] is not eligible for getting processed by all BeanPostProcessors (for example: not eligible for auto-proxying)
2021-01-02 13:55:30.328 INFO  o.s.c.s.PostProcessorRegistrationDelegate$BeanPostProcessorChecker.postProcessAfterInitialization:335 - Bean 'methodSecurityMetadataSource' of type [org.springframework.security.access.method.DelegatingMethodSecurityMetadataSource] is not eligible for getting processed by all BeanPostProcessors (for example: not eligible for auto-proxying)
2021-01-02 13:55:31.122 INFO  o.s.b.w.e.t.TomcatWebServer.initialize:108 - Tomcat initialized with port(s): 8091 (http)
2021-01-02 13:55:31.234 INFO  o.a.c.h.Http11NioProtocol.log:173 - Initializing ProtocolHandler ["http-nio-8091"]
2021-01-02 13:55:31.235 INFO  o.a.c.c.StandardService.log:173 - Starting service [Tomcat]
2021-01-02 13:55:31.235 INFO  o.a.c.c.StandardEngine.log:173 - Starting Servlet engine: [Apache Tomcat/9.0.37]
2021-01-02 13:55:31.616 INFO  o.a.c.c.C.[.[.[/].log:173 - Initializing Spring embedded WebApplicationContext
2021-01-02 13:55:31.617 INFO  o.s.b.w.s.c.ServletWebServerApplicationContext.prepareWebApplicationContext:285 - Root WebApplicationContext: initialization completed in 4500 ms
2021-01-02 13:55:32.049 INFO  o.s.s.c.ThreadPoolTaskExecutor.initialize:181 - Initializing ExecutorService 'applicationTaskExecutor'
2021-01-02 13:55:32.232 INFO  o.h.j.i.u.LogHelper.logPersistenceUnitInformation:31 - HHH000204: Processing PersistenceUnitInfo [name: default]
2021-01-02 13:55:32.419 INFO  o.h.Version.logVersion:44 - HHH000412: Hibernate ORM core version 5.4.18.Final
2021-01-02 13:55:32.816 INFO  o.h.a.c.Version.<clinit>:49 - HCANN000001: Hibernate Commons Annotations {5.1.0.Final}
2021-01-02 13:55:33.003 INFO  o.s.d.r.c.DeferredRepositoryInitializationListener.onApplicationEvent:49 - Triggering deferred initialization of Spring Data repositories…
2021-01-02 13:55:33.186 INFO  c.z.h.HikariDataSource.getConnection:110 - HikariPool-1 - Starting...
2021-01-02 13:55:33.402 INFO  c.z.h.HikariDataSource.getConnection:123 - HikariPool-1 - Start completed.
2021-01-02 13:55:33.430 INFO  o.h.d.Dialect.<init>:172 - HHH000400: Using dialect: org.hibernate.dialect.PostgreSQL95Dialect
2021-01-02 13:55:36.636 INFO  o.h.e.t.j.p.i.JtaPlatformInitiator.initiateService:52 - HHH000490: Using JtaPlatform implementation: [org.hibernate.engine.transaction.jta.platform.internal.NoJtaPlatform]
2021-01-02 13:55:36.649 INFO  o.s.o.j.LocalContainerEntityManagerFactoryBean.buildNativeEntityManagerFactory:416 - Initialized JPA EntityManagerFactory for persistence unit 'default'
2021-01-02 13:55:37.822 INFO  o.s.d.r.c.DeferredRepositoryInitializationListener.onApplicationEvent:53 - Spring Data repositories initialized!
2021-01-02 13:55:38.754 INFO  o.s.b.a.s.s.UserDetailsServiceAutoConfiguration.getOrDeducePassword:86 - 

Using generated security password: fdebe5bf-e7b3-4155-8e47-f85a3bee30eb

2021-01-02 13:55:38.944 INFO  o.s.s.w.DefaultSecurityFilterChain.<init>:43 - Creating filter chain: Ant [pattern='/', GET], []
2021-01-02 13:55:38.944 INFO  o.s.s.w.DefaultSecurityFilterChain.<init>:43 - Creating filter chain: Ant [pattern='/webjars/**', GET], []
2021-01-02 13:55:38.945 INFO  o.s.s.w.DefaultSecurityFilterChain.<init>:43 - Creating filter chain: Ant [pattern='/*.html', GET], []
2021-01-02 13:55:38.945 INFO  o.s.s.w.DefaultSecurityFilterChain.<init>:43 - Creating filter chain: Ant [pattern='/favicon.ico', GET], []
2021-01-02 13:55:38.945 INFO  o.s.s.w.DefaultSecurityFilterChain.<init>:43 - Creating filter chain: Ant [pattern='/**/*.html', GET], []
2021-01-02 13:55:38.946 INFO  o.s.s.w.DefaultSecurityFilterChain.<init>:43 - Creating filter chain: Ant [pattern='/**/*.css', GET], []
2021-01-02 13:55:38.946 INFO  o.s.s.w.DefaultSecurityFilterChain.<init>:43 - Creating filter chain: Ant [pattern='/**/*.js', GET], []
2021-01-02 13:55:39.048 INFO  o.s.s.w.DefaultSecurityFilterChain.<init>:43 - Creating filter chain: any request, [org.springframework.security.web.context.request.async.WebAsyncManagerIntegrationFilter@531ec2ca, org.springframework.security.web.context.SecurityContextPersistenceFilter@53f495f0, org.springframework.security.web.header.HeaderWriterFilter@5a8d676e, org.springframework.web.filter.CorsFilter@718fd7c1, org.springframework.security.web.authentication.logout.LogoutFilter@606b53a3, org.springframework.security.web.savedrequest.RequestCacheAwareFilter@45707f76, org.springframework.security.web.servletapi.SecurityContextHolderAwareRequestFilter@3d235635, org.springframework.security.web.authentication.AnonymousAuthenticationFilter@70884875, org.springframework.security.web.session.SessionManagementFilter@1f408ab6, org.springframework.security.web.access.ExceptionTranslationFilter@77ff14ce, org.springframework.security.web.access.intercept.FilterSecurityInterceptor@54defd69]
2021-01-02 13:55:39.091 INFO  c.n.c.s.URLConfigurationSource.<init>:122 - To enable URLs as dynamic configuration sources, define System property archaius.configurationSource.additionalUrls or make config.properties available on classpath.
2021-01-02 13:55:39.108 INFO  c.n.c.s.URLConfigurationSource.<init>:122 - To enable URLs as dynamic configuration sources, define System property archaius.configurationSource.additionalUrls or make config.properties available on classpath.
2021-01-02 13:55:40.555 INFO  o.s.c.n.e.c.DiscoveryClientOptionalArgsConfiguration.discoveryClientOptionalArgs:78 - Eureka HTTP Client uses Jersey
2021-01-02 13:55:41.309 INFO  o.s.c.n.e.InstanceInfoFactory.create:72 - Setting initial instance status as: STARTING
2021-01-02 13:55:41.399 INFO  c.n.d.DiscoveryClient.<init>:371 - Initializing Eureka in region us-east-1
2021-01-02 13:55:42.090 INFO  c.n.d.p.DiscoveryJerseyProvider.<init>:70 - Using JSON encoding codec LegacyJacksonJson
2021-01-02 13:55:42.091 INFO  c.n.d.p.DiscoveryJerseyProvider.<init>:71 - Using JSON decoding codec LegacyJacksonJson
2021-01-02 13:55:42.384 INFO  c.n.d.p.DiscoveryJerseyProvider.<init>:80 - Using XML encoding codec XStreamXml
2021-01-02 13:55:42.385 INFO  c.n.d.p.DiscoveryJerseyProvider.<init>:81 - Using XML decoding codec XStreamXml
2021-01-02 13:55:42.763 INFO  c.n.d.s.r.a.ConfigClusterResolver.getClusterEndpoints:43 - Resolving eureka endpoints via configuration
2021-01-02 13:55:43.071 INFO  c.n.d.DiscoveryClient.fetchRegistry:1004 - Disable delta property : false
2021-01-02 13:55:43.071 INFO  c.n.d.DiscoveryClient.fetchRegistry:1005 - Single vip registry refresh property : null
2021-01-02 13:55:43.071 INFO  c.n.d.DiscoveryClient.fetchRegistry:1006 - Force full registry fetch : false
2021-01-02 13:55:43.072 INFO  c.n.d.DiscoveryClient.fetchRegistry:1007 - Application is null : false
2021-01-02 13:55:43.072 INFO  c.n.d.DiscoveryClient.fetchRegistry:1008 - Registered Applications size is zero : true
2021-01-02 13:55:43.072 INFO  c.n.d.DiscoveryClient.fetchRegistry:1010 - Application version is -1: true
2021-01-02 13:55:43.072 INFO  c.n.d.DiscoveryClient.getAndStoreFullRegistry:1093 - Getting all instance registry info from the eureka server
2021-01-02 13:55:43.545 INFO  c.n.d.DiscoveryClient.getAndStoreFullRegistry:1102 - The response status is 200
2021-01-02 13:55:43.551 INFO  c.n.d.DiscoveryClient.initScheduledTasks:1317 - Starting heartbeat executor: renew interval is: 30
2021-01-02 13:55:43.556 INFO  c.n.d.InstanceInfoReplicator.<init>:60 - InstanceInfoReplicator onDemand update allowed rate per min is 4
2021-01-02 13:55:43.565 INFO  c.n.d.DiscoveryClient.<init>:491 - Discovery Client initialized at timestamp 1609592143563 with initial instances count: 1
2021-01-02 13:55:43.574 INFO  o.s.c.n.e.s.EurekaServiceRegistry.register:41 - Registering application UNICREDIT with eureka with status UP
2021-01-02 13:55:43.576 INFO  c.n.d.DiscoveryClient.notify:1353 - Saw local status change event StatusChangeEvent [timestamp=1609592143576, current=UP, previous=STARTING]
2021-01-02 13:55:43.582 INFO  c.n.d.DiscoveryClient.register:870 - DiscoveryClient_UNICREDIT/host.docker.internal:unicredit:8091: registering service...
2021-01-02 13:55:43.583 INFO  o.a.c.h.Http11NioProtocol.log:173 - Starting ProtocolHandler ["http-nio-8091"]
2021-01-02 13:55:43.645 INFO  o.s.b.w.e.t.TomcatWebServer.start:220 - Tomcat started on port(s): 8091 (http) with context path ''
2021-01-02 13:55:43.647 INFO  o.s.c.n.e.s.EurekaAutoServiceRegistration.onApplicationEvent:145 - Updating port to 8091
2021-01-02 13:55:44.134 INFO  c.n.d.DiscoveryClient.register:879 - DiscoveryClient_UNICREDIT/host.docker.internal:unicredit:8091 - registration status: 204
2021-01-02 13:55:44.201 INFO  o.s.d.r.c.DeferredRepositoryInitializationListener.onApplicationEvent:49 - Triggering deferred initialization of Spring Data repositories…
2021-01-02 13:55:44.201 INFO  o.s.d.r.c.DeferredRepositoryInitializationListener.onApplicationEvent:53 - Spring Data repositories initialized!
2021-01-02 13:55:44.212 INFO  c.p.u.UnicreditServiceApplication.logStarted:61 - Started UnicreditServiceApplication in 20.516 seconds (JVM running for 22.667)
2021-01-02 13:59:16.157 INFO  o.a.c.c.C.[.[.[/].log:173 - Initializing Spring DispatcherServlet 'dispatcherServlet'
2021-01-02 13:59:16.171 INFO  o.s.w.s.DispatcherServlet.initServletBean:525 - Initializing Servlet 'dispatcherServlet'
2021-01-02 13:59:16.332 INFO  o.s.w.s.DispatcherServlet.initServletBean:547 - Completed initialization in 160 ms
2021-01-02 13:59:16.556 INFO  c.p.u.s.i.PaymentService.checkPaymentRequest:42 - ["Unicredit Bank"] check payment request [merchantId=LMo0-]
2021-01-02 13:59:17.602 INFO  c.p.u.s.i.PaymentService.checkPaymentRequest:49 - ["Unicredit Bank"] payment request valid [merchantId=LMo0-]
2021-01-02 13:59:18.205 INFO  c.p.u.s.i.PaymentService.createMerchantOrder:68 - ["Unicredit Bank"] create merchantOrder [merchantId=LMo0-]
2021-01-02 13:59:18.271 INFO  c.p.u.s.i.PaymentService.createPaymentRequest:59 - ["Unicredit Bank"] create paymentId [merchantId=LMo0-]
2021-01-02 14:00:43.080 INFO  c.n.d.s.r.a.ConfigClusterResolver.getClusterEndpoints:43 - Resolving eureka endpoints via configuration
2021-01-02 14:05:43.083 INFO  c.n.d.s.r.a.ConfigClusterResolver.getClusterEndpoints:43 - Resolving eureka endpoints via configuration
2021-01-02 14:10:43.084 INFO  c.n.d.s.r.a.ConfigClusterResolver.getClusterEndpoints:43 - Resolving eureka endpoints via configuration
2021-01-02 14:15:43.087 INFO  c.n.d.s.r.a.ConfigClusterResolver.getClusterEndpoints:43 - Resolving eureka endpoints via configuration
2021-01-02 14:20:43.090 INFO  c.n.d.s.r.a.ConfigClusterResolver.getClusterEndpoints:43 - Resolving eureka endpoints via configuration
2021-01-02 14:25:43.093 INFO  c.n.d.s.r.a.ConfigClusterResolver.getClusterEndpoints:43 - Resolving eureka endpoints via configuration
2021-01-02 14:30:43.095 INFO  c.n.d.s.r.a.ConfigClusterResolver.getClusterEndpoints:43 - Resolving eureka endpoints via configuration
2021-01-02 14:32:29.377 INFO  c.p.u.s.i.TransactionService.payPcc:128 - ["Unicredit Bank"] payment pcc request [acq-orderId=1]
2021-01-02 14:32:30.777 INFO  c.p.u.s.i.TransactionService.settlementInOneBank:163 - ["Unicredit Bank"] customer account reducing [name=Wilfred Zaha], [amount=4200.0]
2021-01-02 14:32:30.859 INFO  c.p.u.s.i.TransactionService.payPcc:139 - ["Unicredit Bank"] payment pcc successfull [acq-orderId=1]
2021-01-02 14:32:46.372 INFO  o.s.c.n.e.s.EurekaServiceRegistry.deregister:65 - Unregistering application UNICREDIT with eureka with status DOWN
2021-01-02 14:32:46.376 INFO  c.n.d.DiscoveryClient.register:870 - DiscoveryClient_UNICREDIT/host.docker.internal:unicredit:8091: registering service...
2021-01-02 14:32:46.447 INFO  c.n.d.DiscoveryClient.register:879 - DiscoveryClient_UNICREDIT/host.docker.internal:unicredit:8091 - registration status: 204
2021-01-02 14:32:46.917 INFO  o.s.o.j.LocalContainerEntityManagerFactoryBean.destroy:598 - Closing JPA EntityManagerFactory for persistence unit 'default'
2021-01-02 14:32:46.921 INFO  o.h.t.s.i.SchemaDropperImpl$DelayedDropActionImpl.perform:526 - HHH000477: Starting delayed evictData of schema as part of SessionFactory shut-down'
2021-01-02 14:32:47.283 INFO  o.s.s.c.ThreadPoolTaskExecutor.shutdown:218 - Shutting down ExecutorService 'applicationTaskExecutor'
2021-01-02 14:32:47.285 INFO  c.z.h.HikariDataSource.close:350 - HikariPool-1 - Shutdown initiated...
2021-01-02 14:32:47.308 INFO  c.z.h.HikariDataSource.close:352 - HikariPool-1 - Shutdown completed.
2021-01-02 14:32:47.309 INFO  c.n.d.DiscoveryClient.shutdown:932 - Shutting down DiscoveryClient ...
