05-01-2021;14:26:26 WARN  o.s.b.a.o.j.JpaBaseConfiguration$JpaWebConfiguration.openEntityManagerInViewInterceptor:220 - spring.jpa.open-in-view is enabled by default. Therefore, database queries may be performed during view rendering. Explicitly configure spring.jpa.open-in-view to disable this warning
05-01-2021;14:26:26 WARN  o.s.b.w.s.c.AnnotationConfigServletWebServerApplicationContext.refresh:559 - Exception encountered during context initialization - cancelling refresh attempt: org.springframework.beans.factory.UnsatisfiedDependencyException: Error creating bean with name 'unicreditController' defined in file [D:\SistemiElektronskogPlacanja(SEP)\ProjektniZadatak\Payment-Concentrator\bank-service\target\classes\com\payment\bankservice\controller\UnicreditController.class]: Unsatisfied dependency expressed through constructor parameter 0; nested exception is org.springframework.beans.factory.BeanCreationException: Error creating bean with name 'paymentService': Injection of autowired dependencies failed; nested exception is java.lang.IllegalArgumentException: Could not resolve placeholder 'bank.name' in value "${bank.name}"
05-01-2021;14:26:28 WARN  o.h.e.j.s.SqlExceptionHelper.logWarning:230 - SQL Warning Code: 0, SQLState: 00000
05-01-2021;14:26:28 WARN  o.h.e.j.s.SqlExceptionHelper.logWarning:231 - relation "account" does not exist, skipping
05-01-2021;14:26:28 WARN  o.h.e.j.s.SqlExceptionHelper.logWarning:230 - SQL Warning Code: 0, SQLState: 00000
05-01-2021;14:26:28 WARN  o.h.e.j.s.SqlExceptionHelper.logWarning:231 - relation "customer_account" does not exist, skipping
05-01-2021;14:26:28 WARN  o.h.e.j.s.SqlExceptionHelper.logWarning:230 - SQL Warning Code: 0, SQLState: 00000
05-01-2021;14:26:28 WARN  o.h.e.j.s.SqlExceptionHelper.logWarning:231 - relation "merchant_order" does not exist, skipping
05-01-2021;14:26:28 WARN  o.h.e.j.s.SqlExceptionHelper.logWarning:230 - SQL Warning Code: 0, SQLState: 00000
05-01-2021;14:26:28 WARN  o.h.e.j.s.SqlExceptionHelper.logWarning:231 - relation "payment_request" does not exist, skipping
05-01-2021;14:26:28 WARN  o.h.e.j.s.SqlExceptionHelper.logWarning:230 - SQL Warning Code: 0, SQLState: 00000
05-01-2021;14:26:28 WARN  o.h.e.j.s.SqlExceptionHelper.logWarning:231 - relation "payment_request" does not exist, skipping
05-01-2021;14:26:28 WARN  o.h.e.j.s.SqlExceptionHelper.logWarning:230 - SQL Warning Code: 0, SQLState: 00000
05-01-2021;14:26:28 WARN  o.h.e.j.s.SqlExceptionHelper.logWarning:231 - relation "seller_account" does not exist, skipping
05-01-2021;14:26:28 WARN  o.h.e.j.s.SqlExceptionHelper.logWarning:230 - SQL Warning Code: 0, SQLState: 00000
05-01-2021;14:26:28 WARN  o.h.e.j.s.SqlExceptionHelper.logWarning:231 - relation "transaction" does not exist, skipping
05-01-2021;14:26:28 WARN  o.h.e.j.s.SqlExceptionHelper.logWarning:230 - SQL Warning Code: 0, SQLState: 00000
05-01-2021;14:26:28 WARN  o.h.e.j.s.SqlExceptionHelper.logWarning:231 - relation "transaction" does not exist, skipping
05-01-2021;14:26:28 WARN  o.h.e.j.s.SqlExceptionHelper.logWarning:230 - SQL Warning Code: 0, SQLState: 00000
05-01-2021;14:26:28 WARN  o.h.e.j.s.SqlExceptionHelper.logWarning:231 - table "account" does not exist, skipping
05-01-2021;14:26:28 WARN  o.h.e.j.s.SqlExceptionHelper.logWarning:230 - SQL Warning Code: 0, SQLState: 00000
05-01-2021;14:26:28 WARN  o.h.e.j.s.SqlExceptionHelper.logWarning:231 - table "address" does not exist, skipping
05-01-2021;14:26:28 WARN  o.h.e.j.s.SqlExceptionHelper.logWarning:230 - SQL Warning Code: 0, SQLState: 00000
05-01-2021;14:26:28 WARN  o.h.e.j.s.SqlExceptionHelper.logWarning:231 - table "bank" does not exist, skipping
05-01-2021;14:26:28 WARN  o.h.e.j.s.SqlExceptionHelper.logWarning:230 - SQL Warning Code: 0, SQLState: 00000
05-01-2021;14:26:28 WARN  o.h.e.j.s.SqlExceptionHelper.logWarning:231 - table "customer_account" does not exist, skipping
05-01-2021;14:26:28 WARN  o.h.e.j.s.SqlExceptionHelper.logWarning:230 - SQL Warning Code: 0, SQLState: 00000
05-01-2021;14:26:28 WARN  o.h.e.j.s.SqlExceptionHelper.logWarning:231 - table "merchant_order" does not exist, skipping
05-01-2021;14:26:28 WARN  o.h.e.j.s.SqlExceptionHelper.logWarning:230 - SQL Warning Code: 0, SQLState: 00000
05-01-2021;14:26:28 WARN  o.h.e.j.s.SqlExceptionHelper.logWarning:231 - table "order_counter" does not exist, skipping
05-01-2021;14:26:28 WARN  o.h.e.j.s.SqlExceptionHelper.logWarning:230 - SQL Warning Code: 0, SQLState: 00000
05-01-2021;14:26:28 WARN  o.h.e.j.s.SqlExceptionHelper.logWarning:231 - table "payment_request" does not exist, skipping
05-01-2021;14:26:28 WARN  o.h.e.j.s.SqlExceptionHelper.logWarning:230 - SQL Warning Code: 0, SQLState: 00000
05-01-2021;14:26:28 WARN  o.h.e.j.s.SqlExceptionHelper.logWarning:231 - table "seller_account" does not exist, skipping
05-01-2021;14:26:28 WARN  o.h.e.j.s.SqlExceptionHelper.logWarning:230 - SQL Warning Code: 0, SQLState: 00000
05-01-2021;14:26:28 WARN  o.h.e.j.s.SqlExceptionHelper.logWarning:231 - table "transaction" does not exist, skipping
05-01-2021;14:26:28 WARN  o.h.e.j.s.SqlExceptionHelper.logWarning:230 - SQL Warning Code: 0, SQLState: 00000
05-01-2021;14:26:28 WARN  o.h.e.j.s.SqlExceptionHelper.logWarning:231 - table "url_responder" does not exist, skipping
05-01-2021;14:28:40 WARN  o.s.b.a.o.j.JpaBaseConfiguration$JpaWebConfiguration.openEntityManagerInViewInterceptor:220 - spring.jpa.open-in-view is enabled by default. Therefore, database queries may be performed during view rendering. Explicitly configure spring.jpa.open-in-view to disable this warning
05-01-2021;14:28:42 WARN  o.h.e.j.s.SqlExceptionHelper.logWarning:230 - SQL Warning Code: 0, SQLState: 00000
05-01-2021;14:28:42 WARN  o.h.e.j.s.SqlExceptionHelper.logWarning:231 - relation "account" does not exist, skipping
05-01-2021;14:28:42 WARN  o.h.e.j.s.SqlExceptionHelper.logWarning:230 - SQL Warning Code: 0, SQLState: 00000
05-01-2021;14:28:42 WARN  o.h.e.j.s.SqlExceptionHelper.logWarning:231 - relation "customer_account" does not exist, skipping
05-01-2021;14:28:42 WARN  o.h.e.j.s.SqlExceptionHelper.logWarning:230 - SQL Warning Code: 0, SQLState: 00000
05-01-2021;14:28:42 WARN  o.h.e.j.s.SqlExceptionHelper.logWarning:231 - relation "merchant_order" does not exist, skipping
05-01-2021;14:28:42 WARN  o.h.e.j.s.SqlExceptionHelper.logWarning:230 - SQL Warning Code: 0, SQLState: 00000
05-01-2021;14:28:42 WARN  o.h.e.j.s.SqlExceptionHelper.logWarning:231 - relation "payment_request" does not exist, skipping
05-01-2021;14:28:42 WARN  o.h.e.j.s.SqlExceptionHelper.logWarning:230 - SQL Warning Code: 0, SQLState: 00000
05-01-2021;14:28:42 WARN  o.h.e.j.s.SqlExceptionHelper.logWarning:231 - relation "payment_request" does not exist, skipping
05-01-2021;14:28:42 WARN  o.h.e.j.s.SqlExceptionHelper.logWarning:230 - SQL Warning Code: 0, SQLState: 00000
05-01-2021;14:28:42 WARN  o.h.e.j.s.SqlExceptionHelper.logWarning:231 - relation "seller_account" does not exist, skipping
05-01-2021;14:28:42 WARN  o.h.e.j.s.SqlExceptionHelper.logWarning:230 - SQL Warning Code: 0, SQLState: 00000
05-01-2021;14:28:42 WARN  o.h.e.j.s.SqlExceptionHelper.logWarning:231 - relation "transaction" does not exist, skipping
05-01-2021;14:28:42 WARN  o.h.e.j.s.SqlExceptionHelper.logWarning:230 - SQL Warning Code: 0, SQLState: 00000
05-01-2021;14:28:42 WARN  o.h.e.j.s.SqlExceptionHelper.logWarning:231 - relation "transaction" does not exist, skipping
05-01-2021;14:28:42 WARN  o.h.e.j.s.SqlExceptionHelper.logWarning:230 - SQL Warning Code: 0, SQLState: 00000
05-01-2021;14:28:42 WARN  o.h.e.j.s.SqlExceptionHelper.logWarning:231 - table "account" does not exist, skipping
05-01-2021;14:28:42 WARN  o.h.e.j.s.SqlExceptionHelper.logWarning:230 - SQL Warning Code: 0, SQLState: 00000
05-01-2021;14:28:42 WARN  o.h.e.j.s.SqlExceptionHelper.logWarning:231 - table "address" does not exist, skipping
05-01-2021;14:28:42 WARN  o.h.e.j.s.SqlExceptionHelper.logWarning:230 - SQL Warning Code: 0, SQLState: 00000
05-01-2021;14:28:42 WARN  o.h.e.j.s.SqlExceptionHelper.logWarning:231 - table "bank" does not exist, skipping
05-01-2021;14:28:42 WARN  o.h.e.j.s.SqlExceptionHelper.logWarning:230 - SQL Warning Code: 0, SQLState: 00000
05-01-2021;14:28:42 WARN  o.h.e.j.s.SqlExceptionHelper.logWarning:231 - table "customer_account" does not exist, skipping
05-01-2021;14:28:42 WARN  o.h.e.j.s.SqlExceptionHelper.logWarning:230 - SQL Warning Code: 0, SQLState: 00000
05-01-2021;14:28:42 WARN  o.h.e.j.s.SqlExceptionHelper.logWarning:231 - table "merchant_order" does not exist, skipping
05-01-2021;14:28:42 WARN  o.h.e.j.s.SqlExceptionHelper.logWarning:230 - SQL Warning Code: 0, SQLState: 00000
05-01-2021;14:28:42 WARN  o.h.e.j.s.SqlExceptionHelper.logWarning:231 - table "order_counter" does not exist, skipping
05-01-2021;14:28:42 WARN  o.h.e.j.s.SqlExceptionHelper.logWarning:230 - SQL Warning Code: 0, SQLState: 00000
05-01-2021;14:28:42 WARN  o.h.e.j.s.SqlExceptionHelper.logWarning:231 - table "payment_request" does not exist, skipping
05-01-2021;14:28:42 WARN  o.h.e.j.s.SqlExceptionHelper.logWarning:230 - SQL Warning Code: 0, SQLState: 00000
05-01-2021;14:28:42 WARN  o.h.e.j.s.SqlExceptionHelper.logWarning:231 - table "seller_account" does not exist, skipping
05-01-2021;14:28:42 WARN  o.h.e.j.s.SqlExceptionHelper.logWarning:230 - SQL Warning Code: 0, SQLState: 00000
05-01-2021;14:28:42 WARN  o.h.e.j.s.SqlExceptionHelper.logWarning:231 - table "transaction" does not exist, skipping
05-01-2021;14:28:42 WARN  o.h.e.j.s.SqlExceptionHelper.logWarning:230 - SQL Warning Code: 0, SQLState: 00000
05-01-2021;14:28:42 WARN  o.h.e.j.s.SqlExceptionHelper.logWarning:231 - table "url_responder" does not exist, skipping
05-01-2021;14:28:43 WARN  c.n.c.s.URLConfigurationSource.<init>:121 - No URLs will be polled as dynamic configuration sources.
05-01-2021;14:28:43 WARN  c.n.c.s.URLConfigurationSource.<init>:121 - No URLs will be polled as dynamic configuration sources.
05-01-2021;14:28:44 WARN  o.s.c.l.c.BlockingLoadBalancerClientAutoConfiguration$BlockingLoadBalancerClientRibbonWarnLogger.logWarning:86 - You already have RibbonLoadBalancerClient on your classpath. It will be used by default. As Spring Cloud Ribbon is in maintenance mode. We recommend switching to BlockingLoadBalancerClient instead. In order to use it, set the value of `spring.cloud.loadbalancer.ribbon.enabled` to `false` or remove spring-cloud-starter-netflix-ribbon from your project.
05-01-2021;14:32:28 WARN  c.n.d.DiscoveryClient.notify:1351 - Saw local status change event StatusChangeEvent [timestamp=1609853548098, current=DOWN, previous=UP]
05-01-2021;15:44:25 WARN  o.s.b.a.o.j.JpaBaseConfiguration$JpaWebConfiguration.openEntityManagerInViewInterceptor:220 - spring.jpa.open-in-view is enabled by default. Therefore, database queries may be performed during view rendering. Explicitly configure spring.jpa.open-in-view to disable this warning
05-01-2021;15:44:28 WARN  o.h.e.j.s.SqlExceptionHelper.logWarning:230 - SQL Warning Code: 0, SQLState: 00000
05-01-2021;15:44:28 WARN  o.h.e.j.s.SqlExceptionHelper.logWarning:231 - relation "account" does not exist, skipping
05-01-2021;15:44:28 WARN  o.h.e.j.s.SqlExceptionHelper.logWarning:230 - SQL Warning Code: 0, SQLState: 00000
05-01-2021;15:44:28 WARN  o.h.e.j.s.SqlExceptionHelper.logWarning:231 - relation "customer_account" does not exist, skipping
05-01-2021;15:44:28 WARN  o.h.e.j.s.SqlExceptionHelper.logWarning:230 - SQL Warning Code: 0, SQLState: 00000
05-01-2021;15:44:28 WARN  o.h.e.j.s.SqlExceptionHelper.logWarning:231 - relation "merchant_order" does not exist, skipping
05-01-2021;15:44:28 WARN  o.h.e.j.s.SqlExceptionHelper.logWarning:230 - SQL Warning Code: 0, SQLState: 00000
05-01-2021;15:44:28 WARN  o.h.e.j.s.SqlExceptionHelper.logWarning:231 - relation "payment_request" does not exist, skipping
05-01-2021;15:44:28 WARN  o.h.e.j.s.SqlExceptionHelper.logWarning:230 - SQL Warning Code: 0, SQLState: 00000
05-01-2021;15:44:28 WARN  o.h.e.j.s.SqlExceptionHelper.logWarning:231 - relation "payment_request" does not exist, skipping
05-01-2021;15:44:28 WARN  o.h.e.j.s.SqlExceptionHelper.logWarning:230 - SQL Warning Code: 0, SQLState: 00000
05-01-2021;15:44:28 WARN  o.h.e.j.s.SqlExceptionHelper.logWarning:231 - relation "seller_account" does not exist, skipping
05-01-2021;15:44:28 WARN  o.h.e.j.s.SqlExceptionHelper.logWarning:230 - SQL Warning Code: 0, SQLState: 00000
05-01-2021;15:44:28 WARN  o.h.e.j.s.SqlExceptionHelper.logWarning:231 - relation "transaction" does not exist, skipping
05-01-2021;15:44:28 WARN  o.h.e.j.s.SqlExceptionHelper.logWarning:230 - SQL Warning Code: 0, SQLState: 00000
05-01-2021;15:44:28 WARN  o.h.e.j.s.SqlExceptionHelper.logWarning:231 - relation "transaction" does not exist, skipping
05-01-2021;15:44:28 WARN  o.h.e.j.s.SqlExceptionHelper.logWarning:230 - SQL Warning Code: 0, SQLState: 00000
05-01-2021;15:44:28 WARN  o.h.e.j.s.SqlExceptionHelper.logWarning:231 - table "account" does not exist, skipping
05-01-2021;15:44:28 WARN  o.h.e.j.s.SqlExceptionHelper.logWarning:230 - SQL Warning Code: 0, SQLState: 00000
05-01-2021;15:44:28 WARN  o.h.e.j.s.SqlExceptionHelper.logWarning:231 - table "address" does not exist, skipping
05-01-2021;15:44:28 WARN  o.h.e.j.s.SqlExceptionHelper.logWarning:230 - SQL Warning Code: 0, SQLState: 00000
05-01-2021;15:44:28 WARN  o.h.e.j.s.SqlExceptionHelper.logWarning:231 - table "bank" does not exist, skipping
05-01-2021;15:44:28 WARN  o.h.e.j.s.SqlExceptionHelper.logWarning:230 - SQL Warning Code: 0, SQLState: 00000
05-01-2021;15:44:28 WARN  o.h.e.j.s.SqlExceptionHelper.logWarning:231 - table "customer_account" does not exist, skipping
05-01-2021;15:44:28 WARN  o.h.e.j.s.SqlExceptionHelper.logWarning:230 - SQL Warning Code: 0, SQLState: 00000
05-01-2021;15:44:28 WARN  o.h.e.j.s.SqlExceptionHelper.logWarning:231 - table "merchant_order" does not exist, skipping
05-01-2021;15:44:28 WARN  o.h.e.j.s.SqlExceptionHelper.logWarning:230 - SQL Warning Code: 0, SQLState: 00000
05-01-2021;15:44:28 WARN  o.h.e.j.s.SqlExceptionHelper.logWarning:231 - table "order_counter" does not exist, skipping
05-01-2021;15:44:28 WARN  o.h.e.j.s.SqlExceptionHelper.logWarning:230 - SQL Warning Code: 0, SQLState: 00000
05-01-2021;15:44:28 WARN  o.h.e.j.s.SqlExceptionHelper.logWarning:231 - table "payment_request" does not exist, skipping
05-01-2021;15:44:28 WARN  o.h.e.j.s.SqlExceptionHelper.logWarning:230 - SQL Warning Code: 0, SQLState: 00000
05-01-2021;15:44:28 WARN  o.h.e.j.s.SqlExceptionHelper.logWarning:231 - table "seller_account" does not exist, skipping
05-01-2021;15:44:28 WARN  o.h.e.j.s.SqlExceptionHelper.logWarning:230 - SQL Warning Code: 0, SQLState: 00000
05-01-2021;15:44:28 WARN  o.h.e.j.s.SqlExceptionHelper.logWarning:231 - table "transaction" does not exist, skipping
05-01-2021;15:44:28 WARN  o.h.e.j.s.SqlExceptionHelper.logWarning:230 - SQL Warning Code: 0, SQLState: 00000
05-01-2021;15:44:28 WARN  o.h.e.j.s.SqlExceptionHelper.logWarning:231 - table "url_responder" does not exist, skipping
05-01-2021;15:44:31 WARN  c.n.c.s.URLConfigurationSource.<init>:121 - No URLs will be polled as dynamic configuration sources.
05-01-2021;15:44:31 WARN  c.n.c.s.URLConfigurationSource.<init>:121 - No URLs will be polled as dynamic configuration sources.
05-01-2021;15:44:32 WARN  o.s.c.l.c.BlockingLoadBalancerClientAutoConfiguration$BlockingLoadBalancerClientRibbonWarnLogger.logWarning:86 - You already have RibbonLoadBalancerClient on your classpath. It will be used by default. As Spring Cloud Ribbon is in maintenance mode. We recommend switching to BlockingLoadBalancerClient instead. In order to use it, set the value of `spring.cloud.loadbalancer.ribbon.enabled` to `false` or remove spring-cloud-starter-netflix-ribbon from your project.
05-01-2021;15:45:23 WARN  c.n.d.DiscoveryClient.notify:1351 - Saw local status change event StatusChangeEvent [timestamp=1609857923283, current=DOWN, previous=UP]
05-01-2021;15:45:23 WARN  c.n.d.s.t.d.RetryableEurekaHttpClient.execute:130 - Request execution failed with message: org.apache.http.NoHttpResponseException: localhost:8761 failed to respond
05-01-2021;15:45:23 WARN  c.n.d.s.t.d.RetryableEurekaHttpClient.execute:130 - Request execution failed with message: org.apache.http.NoHttpResponseException: localhost:8761 failed to respond
05-01-2021;15:45:23 WARN  c.n.d.DiscoveryClient.register:875 - DiscoveryClient_BANK/host.docker.internal:bank:8095 - registration failed Cannot execute request on any known server
com.netflix.discovery.shared.transport.TransportException: Cannot execute request on any known server
	at com.netflix.discovery.shared.transport.decorator.RetryableEurekaHttpClient.execute(RetryableEurekaHttpClient.java:112)
	at com.netflix.discovery.shared.transport.decorator.EurekaHttpClientDecorator.register(EurekaHttpClientDecorator.java:56)
	at com.netflix.discovery.shared.transport.decorator.EurekaHttpClientDecorator$1.execute(EurekaHttpClientDecorator.java:59)
	at com.netflix.discovery.shared.transport.decorator.SessionedEurekaHttpClient.execute(SessionedEurekaHttpClient.java:77)
	at com.netflix.discovery.shared.transport.decorator.EurekaHttpClientDecorator.register(EurekaHttpClientDecorator.java:56)
	at com.netflix.discovery.DiscoveryClient.register(DiscoveryClient.java:873)
	at com.netflix.discovery.InstanceInfoReplicator.run(InstanceInfoReplicator.java:121)
	at com.netflix.discovery.InstanceInfoReplicator$1.run(InstanceInfoReplicator.java:101)
	at java.util.concurrent.Executors$RunnableAdapter.call(Executors.java:511)
	at java.util.concurrent.FutureTask.run$$$capture(FutureTask.java:266)
	at java.util.concurrent.FutureTask.run(FutureTask.java)
	at java.util.concurrent.ScheduledThreadPoolExecutor$ScheduledFutureTask.access$201(ScheduledThreadPoolExecutor.java:180)
	at java.util.concurrent.ScheduledThreadPoolExecutor$ScheduledFutureTask.run(ScheduledThreadPoolExecutor.java:293)
	at java.util.concurrent.ThreadPoolExecutor.runWorker(ThreadPoolExecutor.java:1149)
	at java.util.concurrent.ThreadPoolExecutor$Worker.run(ThreadPoolExecutor.java:624)
	at java.lang.Thread.run(Thread.java:748)
05-01-2021;15:45:23 WARN  c.n.d.InstanceInfoReplicator.run:125 - There was a problem with the instance info replicator
com.netflix.discovery.shared.transport.TransportException: Cannot execute request on any known server
	at com.netflix.discovery.shared.transport.decorator.RetryableEurekaHttpClient.execute(RetryableEurekaHttpClient.java:112)
	at com.netflix.discovery.shared.transport.decorator.EurekaHttpClientDecorator.register(EurekaHttpClientDecorator.java:56)
	at com.netflix.discovery.shared.transport.decorator.EurekaHttpClientDecorator$1.execute(EurekaHttpClientDecorator.java:59)
	at com.netflix.discovery.shared.transport.decorator.SessionedEurekaHttpClient.execute(SessionedEurekaHttpClient.java:77)
	at com.netflix.discovery.shared.transport.decorator.EurekaHttpClientDecorator.register(EurekaHttpClientDecorator.java:56)
	at com.netflix.discovery.DiscoveryClient.register(DiscoveryClient.java:873)
	at com.netflix.discovery.InstanceInfoReplicator.run(InstanceInfoReplicator.java:121)
	at com.netflix.discovery.InstanceInfoReplicator$1.run(InstanceInfoReplicator.java:101)
	at java.util.concurrent.Executors$RunnableAdapter.call(Executors.java:511)
	at java.util.concurrent.FutureTask.run$$$capture(FutureTask.java:266)
	at java.util.concurrent.FutureTask.run(FutureTask.java)
	at java.util.concurrent.ScheduledThreadPoolExecutor$ScheduledFutureTask.access$201(ScheduledThreadPoolExecutor.java:180)
	at java.util.concurrent.ScheduledThreadPoolExecutor$ScheduledFutureTask.run(ScheduledThreadPoolExecutor.java:293)
	at java.util.concurrent.ThreadPoolExecutor.runWorker(ThreadPoolExecutor.java:1149)
	at java.util.concurrent.ThreadPoolExecutor$Worker.run(ThreadPoolExecutor.java:624)
	at java.lang.Thread.run(Thread.java:748)
05-01-2021;15:45:45 WARN  o.s.b.a.o.j.JpaBaseConfiguration$JpaWebConfiguration.openEntityManagerInViewInterceptor:220 - spring.jpa.open-in-view is enabled by default. Therefore, database queries may be performed during view rendering. Explicitly configure spring.jpa.open-in-view to disable this warning
05-01-2021;15:45:47 WARN  o.h.e.j.s.SqlExceptionHelper.logWarning:230 - SQL Warning Code: 0, SQLState: 00000
05-01-2021;15:45:47 WARN  o.h.e.j.s.SqlExceptionHelper.logWarning:231 - relation "account" does not exist, skipping
05-01-2021;15:45:47 WARN  o.h.e.j.s.SqlExceptionHelper.logWarning:230 - SQL Warning Code: 0, SQLState: 00000
05-01-2021;15:45:47 WARN  o.h.e.j.s.SqlExceptionHelper.logWarning:231 - relation "customer_account" does not exist, skipping
05-01-2021;15:45:47 WARN  o.h.e.j.s.SqlExceptionHelper.logWarning:230 - SQL Warning Code: 0, SQLState: 00000
05-01-2021;15:45:47 WARN  o.h.e.j.s.SqlExceptionHelper.logWarning:231 - relation "merchant_order" does not exist, skipping
05-01-2021;15:45:47 WARN  o.h.e.j.s.SqlExceptionHelper.logWarning:230 - SQL Warning Code: 0, SQLState: 00000
05-01-2021;15:45:47 WARN  o.h.e.j.s.SqlExceptionHelper.logWarning:231 - relation "payment_request" does not exist, skipping
05-01-2021;15:45:47 WARN  o.h.e.j.s.SqlExceptionHelper.logWarning:230 - SQL Warning Code: 0, SQLState: 00000
05-01-2021;15:45:47 WARN  o.h.e.j.s.SqlExceptionHelper.logWarning:231 - relation "payment_request" does not exist, skipping
05-01-2021;15:45:47 WARN  o.h.e.j.s.SqlExceptionHelper.logWarning:230 - SQL Warning Code: 0, SQLState: 00000
05-01-2021;15:45:47 WARN  o.h.e.j.s.SqlExceptionHelper.logWarning:231 - relation "seller_account" does not exist, skipping
05-01-2021;15:45:47 WARN  o.h.e.j.s.SqlExceptionHelper.logWarning:230 - SQL Warning Code: 0, SQLState: 00000
05-01-2021;15:45:47 WARN  o.h.e.j.s.SqlExceptionHelper.logWarning:231 - relation "transaction" does not exist, skipping
05-01-2021;15:45:47 WARN  o.h.e.j.s.SqlExceptionHelper.logWarning:230 - SQL Warning Code: 0, SQLState: 00000
05-01-2021;15:45:47 WARN  o.h.e.j.s.SqlExceptionHelper.logWarning:231 - relation "transaction" does not exist, skipping
05-01-2021;15:45:47 WARN  o.h.e.j.s.SqlExceptionHelper.logWarning:230 - SQL Warning Code: 0, SQLState: 00000
05-01-2021;15:45:47 WARN  o.h.e.j.s.SqlExceptionHelper.logWarning:231 - table "account" does not exist, skipping
05-01-2021;15:45:47 WARN  o.h.e.j.s.SqlExceptionHelper.logWarning:230 - SQL Warning Code: 0, SQLState: 00000
05-01-2021;15:45:47 WARN  o.h.e.j.s.SqlExceptionHelper.logWarning:231 - table "address" does not exist, skipping
05-01-2021;15:45:47 WARN  o.h.e.j.s.SqlExceptionHelper.logWarning:230 - SQL Warning Code: 0, SQLState: 00000
05-01-2021;15:45:47 WARN  o.h.e.j.s.SqlExceptionHelper.logWarning:231 - table "bank" does not exist, skipping
05-01-2021;15:45:47 WARN  o.h.e.j.s.SqlExceptionHelper.logWarning:230 - SQL Warning Code: 0, SQLState: 00000
05-01-2021;15:45:47 WARN  o.h.e.j.s.SqlExceptionHelper.logWarning:231 - table "customer_account" does not exist, skipping
05-01-2021;15:45:47 WARN  o.h.e.j.s.SqlExceptionHelper.logWarning:230 - SQL Warning Code: 0, SQLState: 00000
05-01-2021;15:45:47 WARN  o.h.e.j.s.SqlExceptionHelper.logWarning:231 - table "merchant_order" does not exist, skipping
05-01-2021;15:45:47 WARN  o.h.e.j.s.SqlExceptionHelper.logWarning:230 - SQL Warning Code: 0, SQLState: 00000
05-01-2021;15:45:47 WARN  o.h.e.j.s.SqlExceptionHelper.logWarning:231 - table "order_counter" does not exist, skipping
05-01-2021;15:45:47 WARN  o.h.e.j.s.SqlExceptionHelper.logWarning:230 - SQL Warning Code: 0, SQLState: 00000
05-01-2021;15:45:47 WARN  o.h.e.j.s.SqlExceptionHelper.logWarning:231 - table "payment_request" does not exist, skipping
05-01-2021;15:45:47 WARN  o.h.e.j.s.SqlExceptionHelper.logWarning:230 - SQL Warning Code: 0, SQLState: 00000
05-01-2021;15:45:47 WARN  o.h.e.j.s.SqlExceptionHelper.logWarning:231 - table "seller_account" does not exist, skipping
05-01-2021;15:45:47 WARN  o.h.e.j.s.SqlExceptionHelper.logWarning:230 - SQL Warning Code: 0, SQLState: 00000
05-01-2021;15:45:47 WARN  o.h.e.j.s.SqlExceptionHelper.logWarning:231 - table "transaction" does not exist, skipping
05-01-2021;15:45:47 WARN  o.h.e.j.s.SqlExceptionHelper.logWarning:230 - SQL Warning Code: 0, SQLState: 00000
05-01-2021;15:45:47 WARN  o.h.e.j.s.SqlExceptionHelper.logWarning:231 - table "url_responder" does not exist, skipping
05-01-2021;15:45:48 WARN  c.n.c.s.URLConfigurationSource.<init>:121 - No URLs will be polled as dynamic configuration sources.
05-01-2021;15:45:48 WARN  c.n.c.s.URLConfigurationSource.<init>:121 - No URLs will be polled as dynamic configuration sources.
05-01-2021;15:45:49 WARN  o.s.c.l.c.BlockingLoadBalancerClientAutoConfiguration$BlockingLoadBalancerClientRibbonWarnLogger.logWarning:86 - You already have RibbonLoadBalancerClient on your classpath. It will be used by default. As Spring Cloud Ribbon is in maintenance mode. We recommend switching to BlockingLoadBalancerClient instead. In order to use it, set the value of `spring.cloud.loadbalancer.ribbon.enabled` to `false` or remove spring-cloud-starter-netflix-ribbon from your project.
05-01-2021;15:48:58 WARN  c.n.d.DiscoveryClient.notify:1351 - Saw local status change event StatusChangeEvent [timestamp=1609858138138, current=DOWN, previous=UP]
05-01-2021;15:48:58 WARN  c.n.d.s.t.d.RetryableEurekaHttpClient.execute:130 - Request execution failed with message: org.apache.http.NoHttpResponseException: localhost:8761 failed to respond
