2021-01-14 13:23:40.047 INFO  c.p.b.BankServiceApplication.logStartupProfileInfo:655 - The following profiles are active: dev
2021-01-14 13:23:41.042 INFO  o.s.d.r.c.RepositoryConfigurationDelegate.registerRepositoriesIn:127 - Bootstrapping Spring Data JPA repositories in DEFERRED mode.
2021-01-14 13:23:41.175 INFO  o.s.d.r.c.RepositoryConfigurationDelegate.registerRepositoriesIn:187 - Finished Spring Data repository scanning in 122ms. Found 10 JPA repository interfaces.
2021-01-14 13:23:41.581 INFO  o.s.c.c.s.GenericScope.setSerializationId:295 - BeanFactory id=030bf1c9-e052-3b35-ba41-2dbe1237e127
2021-01-14 13:23:41.674 INFO  o.s.c.s.PostProcessorRegistrationDelegate$BeanPostProcessorChecker.postProcessAfterInitialization:335 - Bean 'com.payment.bankservice.feign.EurekaClient' of type [org.springframework.cloud.openfeign.FeignClientFactoryBean] is not eligible for getting processed by all BeanPostProcessors (for example: not eligible for auto-proxying)
2021-01-14 13:23:41.676 INFO  o.s.c.s.PostProcessorRegistrationDelegate$BeanPostProcessorChecker.postProcessAfterInitialization:335 - Bean 'com.payment.bankservice.feign.PccClient' of type [org.springframework.cloud.openfeign.FeignClientFactoryBean] is not eligible for getting processed by all BeanPostProcessors (for example: not eligible for auto-proxying)
2021-01-14 13:23:41.719 INFO  o.s.c.s.PostProcessorRegistrationDelegate$BeanPostProcessorChecker.postProcessAfterInitialization:335 - Bean 'org.springframework.ws.config.annotation.DelegatingWsConfiguration' of type [org.springframework.ws.config.annotation.DelegatingWsConfiguration$$EnhancerBySpringCGLIB$$67f92d02] is not eligible for getting processed by all BeanPostProcessors (for example: not eligible for auto-proxying)
2021-01-14 13:23:41.766 INFO  o.s.w.s.a.s.AnnotationActionEndpointMapping.afterPropertiesSet:236 - Supporting [WS-Addressing August 2004, WS-Addressing 1.0]
2021-01-14 13:23:41.898 INFO  o.s.c.s.PostProcessorRegistrationDelegate$BeanPostProcessorChecker.postProcessAfterInitialization:335 - Bean 'org.springframework.security.access.expression.method.DefaultMethodSecurityExpressionHandler@6e03db1f' of type [org.springframework.security.access.expression.method.DefaultMethodSecurityExpressionHandler] is not eligible for getting processed by all BeanPostProcessors (for example: not eligible for auto-proxying)
2021-01-14 13:23:41.904 INFO  o.s.c.s.PostProcessorRegistrationDelegate$BeanPostProcessorChecker.postProcessAfterInitialization:335 - Bean 'methodSecurityMetadataSource' of type [org.springframework.security.access.method.DelegatingMethodSecurityMetadataSource] is not eligible for getting processed by all BeanPostProcessors (for example: not eligible for auto-proxying)
2021-01-14 13:23:42.403 INFO  o.s.b.w.e.t.TomcatWebServer.initialize:108 - Tomcat initialized with port(s): 8095 (http)
2021-01-14 13:23:42.421 INFO  o.a.c.h.Http11NioProtocol.log:173 - Initializing ProtocolHandler ["http-nio-8095"]
2021-01-14 13:23:42.422 INFO  o.a.c.c.StandardService.log:173 - Starting service [Tomcat]
2021-01-14 13:23:42.423 INFO  o.a.c.c.StandardEngine.log:173 - Starting Servlet engine: [Apache Tomcat/9.0.37]
2021-01-14 13:23:42.648 INFO  o.a.c.c.C.[.[.[/].log:173 - Initializing Spring embedded WebApplicationContext
2021-01-14 13:23:42.649 INFO  o.s.b.w.s.c.ServletWebServerApplicationContext.prepareWebApplicationContext:285 - Root WebApplicationContext: initialization completed in 2572 ms
2021-01-14 13:23:42.839 INFO  o.s.s.c.ThreadPoolTaskExecutor.initialize:181 - Initializing ExecutorService 'applicationTaskExecutor'
2021-01-14 13:23:42.896 INFO  o.h.j.i.u.LogHelper.logPersistenceUnitInformation:31 - HHH000204: Processing PersistenceUnitInfo [name: default]
2021-01-14 13:23:42.998 INFO  o.h.Version.logVersion:44 - HHH000412: Hibernate ORM core version 5.4.18.Final
2021-01-14 13:23:43.357 INFO  o.h.a.c.Version.<clinit>:49 - HCANN000001: Hibernate Commons Annotations {5.1.0.Final}
2021-01-14 13:23:43.424 INFO  o.s.d.r.c.DeferredRepositoryInitializationListener.onApplicationEvent:49 - Triggering deferred initialization of Spring Data repositories…
2021-01-14 13:23:43.673 INFO  c.z.h.HikariDataSource.getConnection:110 - HikariPool-1 - Starting...
2021-01-14 13:23:43.905 INFO  c.z.h.HikariDataSource.getConnection:123 - HikariPool-1 - Start completed.
2021-01-14 13:23:43.957 INFO  o.h.d.Dialect.<init>:172 - HHH000400: Using dialect: org.hibernate.dialect.PostgreSQL95Dialect
2021-01-14 13:23:46.727 INFO  o.h.e.t.j.p.i.JtaPlatformInitiator.initiateService:52 - HHH000490: Using JtaPlatform implementation: [org.hibernate.engine.transaction.jta.platform.internal.NoJtaPlatform]
2021-01-14 13:23:46.742 INFO  o.s.o.j.LocalContainerEntityManagerFactoryBean.buildNativeEntityManagerFactory:416 - Initialized JPA EntityManagerFactory for persistence unit 'default'
2021-01-14 13:23:47.900 INFO  o.s.d.r.c.DeferredRepositoryInitializationListener.onApplicationEvent:53 - Spring Data repositories initialized!
2021-01-14 13:23:48.075 INFO  o.s.d.r.c.DeferredRepositoryInitializationListener.onApplicationEvent:49 - Triggering deferred initialization of Spring Data repositories…
2021-01-14 13:23:48.076 INFO  o.s.d.r.c.DeferredRepositoryInitializationListener.onApplicationEvent:53 - Spring Data repositories initialized!
2021-01-14 13:23:48.202 INFO  o.s.b.a.s.s.UserDetailsServiceAutoConfiguration.getOrDeducePassword:86 - 

Using generated security password: e32eab98-674c-40e7-ab89-ddd4b3e3b205

2021-01-14 13:23:48.312 INFO  o.s.s.w.DefaultSecurityFilterChain.<init>:43 - Creating filter chain: Ant [pattern='/', GET], []
2021-01-14 13:23:48.312 INFO  o.s.s.w.DefaultSecurityFilterChain.<init>:43 - Creating filter chain: Ant [pattern='/webjars/**', GET], []
2021-01-14 13:23:48.312 INFO  o.s.s.w.DefaultSecurityFilterChain.<init>:43 - Creating filter chain: Ant [pattern='/*.html', GET], []
2021-01-14 13:23:48.313 INFO  o.s.s.w.DefaultSecurityFilterChain.<init>:43 - Creating filter chain: Ant [pattern='/favicon.ico', GET], []
2021-01-14 13:23:48.313 INFO  o.s.s.w.DefaultSecurityFilterChain.<init>:43 - Creating filter chain: Ant [pattern='/**/*.html', GET], []
2021-01-14 13:23:48.313 INFO  o.s.s.w.DefaultSecurityFilterChain.<init>:43 - Creating filter chain: Ant [pattern='/**/*.css', GET], []
2021-01-14 13:23:48.313 INFO  o.s.s.w.DefaultSecurityFilterChain.<init>:43 - Creating filter chain: Ant [pattern='/**/*.js', GET], []
2021-01-14 13:23:48.824 INFO  o.s.s.w.DefaultSecurityFilterChain.<init>:43 - Creating filter chain: any request, [org.springframework.security.web.context.request.async.WebAsyncManagerIntegrationFilter@794cb26b, org.springframework.security.web.context.SecurityContextPersistenceFilter@7df4709e, org.springframework.security.web.header.HeaderWriterFilter@ae3c140, org.springframework.web.filter.CorsFilter@5b7ee56c, org.springframework.security.web.authentication.logout.LogoutFilter@210a26b, org.springframework.security.web.savedrequest.RequestCacheAwareFilter@625264ed, org.springframework.security.web.servletapi.SecurityContextHolderAwareRequestFilter@37ffe4f3, org.springframework.security.web.authentication.AnonymousAuthenticationFilter@311a0b3e, org.springframework.security.web.session.SessionManagementFilter@2c9cafa5, org.springframework.security.web.access.ExceptionTranslationFilter@782cc5fa, org.springframework.security.web.access.intercept.FilterSecurityInterceptor@58cda03f]
2021-01-14 13:23:48.855 INFO  c.n.c.s.URLConfigurationSource.<init>:122 - To enable URLs as dynamic configuration sources, define System property archaius.configurationSource.additionalUrls or make config.properties available on classpath.
2021-01-14 13:23:48.861 INFO  c.n.c.s.URLConfigurationSource.<init>:122 - To enable URLs as dynamic configuration sources, define System property archaius.configurationSource.additionalUrls or make config.properties available on classpath.
2021-01-14 13:23:49.720 INFO  o.s.c.n.e.c.DiscoveryClientOptionalArgsConfiguration.discoveryClientOptionalArgs:78 - Eureka HTTP Client uses Jersey
2021-01-14 13:23:50.221 INFO  o.s.c.n.e.InstanceInfoFactory.create:72 - Setting initial instance status as: STARTING
2021-01-14 13:23:50.272 INFO  c.n.d.DiscoveryClient.<init>:371 - Initializing Eureka in region us-east-1
2021-01-14 13:23:50.734 INFO  c.n.d.p.DiscoveryJerseyProvider.<init>:70 - Using JSON encoding codec LegacyJacksonJson
2021-01-14 13:23:50.735 INFO  c.n.d.p.DiscoveryJerseyProvider.<init>:71 - Using JSON decoding codec LegacyJacksonJson
2021-01-14 13:23:50.881 INFO  c.n.d.p.DiscoveryJerseyProvider.<init>:80 - Using XML encoding codec XStreamXml
2021-01-14 13:23:50.882 INFO  c.n.d.p.DiscoveryJerseyProvider.<init>:81 - Using XML decoding codec XStreamXml
2021-01-14 13:23:51.132 INFO  c.n.d.s.r.a.ConfigClusterResolver.getClusterEndpoints:43 - Resolving eureka endpoints via configuration
2021-01-14 13:23:51.299 INFO  c.n.d.DiscoveryClient.fetchRegistry:1004 - Disable delta property : false
2021-01-14 13:23:51.299 INFO  c.n.d.DiscoveryClient.fetchRegistry:1005 - Single vip registry refresh property : null
2021-01-14 13:23:51.299 INFO  c.n.d.DiscoveryClient.fetchRegistry:1006 - Force full registry fetch : false
2021-01-14 13:23:51.299 INFO  c.n.d.DiscoveryClient.fetchRegistry:1007 - Application is null : false
2021-01-14 13:23:51.300 INFO  c.n.d.DiscoveryClient.fetchRegistry:1008 - Registered Applications size is zero : true
2021-01-14 13:23:51.300 INFO  c.n.d.DiscoveryClient.fetchRegistry:1010 - Application version is -1: true
2021-01-14 13:23:51.300 INFO  c.n.d.DiscoveryClient.getAndStoreFullRegistry:1093 - Getting all instance registry info from the eureka server
2021-01-14 13:23:51.476 INFO  c.n.d.DiscoveryClient.getAndStoreFullRegistry:1102 - The response status is 200
2021-01-14 13:23:51.479 INFO  c.n.d.DiscoveryClient.initScheduledTasks:1317 - Starting heartbeat executor: renew interval is: 30
2021-01-14 13:23:51.482 INFO  c.n.d.InstanceInfoReplicator.<init>:60 - InstanceInfoReplicator onDemand update allowed rate per min is 4
2021-01-14 13:23:51.487 INFO  c.n.d.DiscoveryClient.<init>:491 - Discovery Client initialized at timestamp 1610627031486 with initial instances count: 1
2021-01-14 13:23:51.490 INFO  o.s.c.n.e.s.EurekaServiceRegistry.register:41 - Registering application BANK with eureka with status UP
2021-01-14 13:23:51.491 INFO  c.n.d.DiscoveryClient.notify:1353 - Saw local status change event StatusChangeEvent [timestamp=1610627031491, current=UP, previous=STARTING]
2021-01-14 13:23:51.493 INFO  o.a.c.h.Http11NioProtocol.log:173 - Starting ProtocolHandler ["http-nio-8095"]
2021-01-14 13:23:51.493 INFO  c.n.d.DiscoveryClient.register:870 - DiscoveryClient_BANK/DESKTOP-NK2PAMF.mshome.net:bank:8095: registering service...
2021-01-14 13:23:51.520 INFO  o.s.b.w.e.t.TomcatWebServer.start:220 - Tomcat started on port(s): 8095 (http) with context path ''
2021-01-14 13:23:51.521 INFO  o.s.c.n.e.s.EurekaAutoServiceRegistration.onApplicationEvent:145 - Updating port to 8095
2021-01-14 13:23:51.765 INFO  c.n.d.DiscoveryClient.register:879 - DiscoveryClient_BANK/DESKTOP-NK2PAMF.mshome.net:bank:8095 - registration status: 204
2021-01-14 13:23:51.778 INFO  o.s.d.r.c.DeferredRepositoryInitializationListener.onApplicationEvent:49 - Triggering deferred initialization of Spring Data repositories…
2021-01-14 13:23:51.778 INFO  o.s.d.r.c.DeferredRepositoryInitializationListener.onApplicationEvent:53 - Spring Data repositories initialized!
2021-01-14 13:23:51.792 INFO  c.p.b.BankServiceApplication.logStarted:61 - Started BankServiceApplication in 14.026 seconds (JVM running for 15.939)
2021-01-14 13:28:51.302 INFO  c.n.d.s.r.a.ConfigClusterResolver.getClusterEndpoints:43 - Resolving eureka endpoints via configuration
2021-01-14 13:30:14.608 INFO  o.a.c.c.C.[.[.[/].log:173 - Initializing Spring DispatcherServlet 'dispatcherServlet'
2021-01-14 13:30:14.609 INFO  o.s.w.s.DispatcherServlet.initServletBean:525 - Initializing Servlet 'dispatcherServlet'
2021-01-14 13:30:14.684 INFO  o.s.w.s.DispatcherServlet.initServletBean:547 - Completed initialization in 74 ms
2021-01-14 13:30:15.062 INFO  c.n.c.ChainedDynamicProperty.checkAndFlip:115 - Flipping property: eureka-serviceregistry.ribbon.ActiveConnectionsLimit to use NEXT property: niws.loadbalancer.availabilityFilteringRule.activeConnectionsLimit = 2147483647
2021-01-14 13:30:15.103 INFO  c.n.u.c.ShutdownEnabledTimer.<init>:58 - Shutdown hook installed for: NFLoadBalancer-PingTimer-eureka-serviceregistry
2021-01-14 13:30:15.104 INFO  c.n.l.BaseLoadBalancer.initWithConfig:197 - Client: eureka-serviceregistry instantiated a LoadBalancer: DynamicServerListLoadBalancer:{NFLoadBalancer:name=eureka-serviceregistry,current list of Servers=[],Load balancer stats=Zone stats: {},Server stats: []}ServerList:null
2021-01-14 13:30:15.112 INFO  c.n.l.DynamicServerListLoadBalancer.enableAndInitLearnNewServersFeature:222 - Using serverListUpdater PollingServerListUpdater
2021-01-14 13:30:15.144 INFO  c.n.c.ChainedDynamicProperty.checkAndFlip:115 - Flipping property: eureka-serviceregistry.ribbon.ActiveConnectionsLimit to use NEXT property: niws.loadbalancer.availabilityFilteringRule.activeConnectionsLimit = 2147483647
2021-01-14 13:30:15.146 INFO  c.n.l.DynamicServerListLoadBalancer.restOfInit:150 - DynamicServerListLoadBalancer for client eureka-serviceregistry initialized: DynamicServerListLoadBalancer:{NFLoadBalancer:name=eureka-serviceregistry,current list of Servers=[192.168.174.49:8761],Load balancer stats=Zone stats: {defaultzone=[Zone:defaultzone;	Instance count:1;	Active connections count: 0;	Circuit breaker tripped count: 0;	Active connections per server: 0.0;]
},Server stats: [[Server:192.168.174.49:8761;	Zone:defaultZone;	Total Requests:0;	Successive connection failure:0;	Total blackout seconds:0;	Last connection made:Thu Jan 01 01:00:00 CET 1970;	First connection made: Thu Jan 01 01:00:00 CET 1970;	Active Connections:0;	total failure count in last (1000) msecs:0;	average resp time:0.0;	90 percentile resp time:0.0;	95 percentile resp time:0.0;	min resp time:0.0;	max resp time:0.0;	stddev resp time:0.0]
]}ServerList:org.springframework.cloud.netflix.ribbon.eureka.DomainExtractingServerList@75ef7835
2021-01-14 13:30:15.163 INFO  o.s.d.r.c.DeferredRepositoryInitializationListener.onApplicationEvent:49 - Triggering deferred initialization of Spring Data repositories…
2021-01-14 13:30:15.163 INFO  o.s.d.r.c.DeferredRepositoryInitializationListener.onApplicationEvent:53 - Spring Data repositories initialized!
2021-01-14 13:30:15.918 INFO  c.p.b.s.i.PaymentService.checkPaymentRequest:46 - [null] check payment request [merchantId=LMo0-]
2021-01-14 13:30:16.117 INFO  c.n.c.ChainedDynamicProperty.checkAndFlip:115 - Flipping property: eureka-serviceregistry.ribbon.ActiveConnectionsLimit to use NEXT property: niws.loadbalancer.availabilityFilteringRule.activeConnectionsLimit = 2147483647
2021-01-14 13:30:16.586 INFO  c.p.b.s.i.PaymentService.checkPaymentRequest:53 - [null] payment request valid [merchantId=LMo0-]
2021-01-14 13:30:17.265 INFO  c.p.b.s.i.PaymentService.createMerchantOrder:149 - [null] create merchantOrder [merchantId=LMo0-]
2021-01-14 13:30:17.295 INFO  c.p.b.s.i.PaymentService.createPaymentRequest:132 - [null] create paymentId [merchantId=LMo0-]
2021-01-14 13:30:36.672 INFO  c.p.b.s.i.PaymentService.checkPaymentRequest:46 - [null] check payment request [merchantId=LMo0-]
2021-01-14 13:30:37.266 INFO  c.p.b.s.i.PaymentService.checkPaymentRequest:53 - [null] payment request valid [merchantId=LMo0-]
2021-01-14 13:30:37.893 INFO  c.p.b.s.i.PaymentService.createMerchantOrder:149 - [null] create merchantOrder [merchantId=LMo0-]
2021-01-14 13:30:37.899 INFO  c.p.b.s.i.PaymentService.createPaymentRequest:132 - [null] create paymentId [merchantId=LMo0-]
2021-01-14 13:30:40.504 INFO  c.n.l.PollingServerListUpdater.run:53 - Shutting down the Executor Pool for PollingServerListUpdater
2021-01-14 13:30:40.507 INFO  o.s.c.n.e.s.EurekaServiceRegistry.deregister:65 - Unregistering application BANK with eureka with status DOWN
2021-01-14 13:30:40.508 INFO  c.n.d.DiscoveryClient.register:870 - DiscoveryClient_BANK/DESKTOP-NK2PAMF.mshome.net:bank:8095: registering service...
2021-01-14 13:30:40.523 INFO  c.n.d.DiscoveryClient.register:879 - DiscoveryClient_BANK/DESKTOP-NK2PAMF.mshome.net:bank:8095 - registration status: 204
2021-01-14 13:30:40.762 INFO  c.n.u.c.ShutdownEnabledTimer.cancel:67 - Shutdown hook removed for: NFLoadBalancer-PingTimer-eureka-serviceregistry
2021-01-14 13:30:40.765 INFO  c.n.u.c.ShutdownEnabledTimer.cancel:72 - Exception caught (might be ok if at shutdown)
java.lang.IllegalStateException: Shutdown in progress
	at java.lang.ApplicationShutdownHooks.remove(ApplicationShutdownHooks.java:82)
	at java.lang.Runtime.removeShutdownHook(Runtime.java:239)
	at com.netflix.util.concurrent.ShutdownEnabledTimer.cancel(ShutdownEnabledTimer.java:70)
	at com.netflix.loadbalancer.BaseLoadBalancer.cancelPingTask(BaseLoadBalancer.java:632)
	at com.netflix.loadbalancer.BaseLoadBalancer.shutdown(BaseLoadBalancer.java:883)
	at com.netflix.loadbalancer.DynamicServerListLoadBalancer.shutdown(DynamicServerListLoadBalancer.java:285)
	at sun.reflect.NativeMethodAccessorImpl.invoke0(Native Method)
	at sun.reflect.NativeMethodAccessorImpl.invoke(NativeMethodAccessorImpl.java:62)
	at sun.reflect.DelegatingMethodAccessorImpl.invoke(DelegatingMethodAccessorImpl.java:43)
	at java.lang.reflect.Method.invoke(Method.java:498)
	at org.springframework.beans.factory.support.DisposableBeanAdapter.invokeCustomDestroyMethod(DisposableBeanAdapter.java:339)
	at org.springframework.beans.factory.support.DisposableBeanAdapter.destroy(DisposableBeanAdapter.java:273)
	at org.springframework.beans.factory.support.DefaultSingletonBeanRegistry.destroyBean(DefaultSingletonBeanRegistry.java:579)
	at org.springframework.beans.factory.support.DefaultSingletonBeanRegistry.destroySingleton(DefaultSingletonBeanRegistry.java:551)
	at org.springframework.beans.factory.support.DefaultListableBeanFactory.destroySingleton(DefaultListableBeanFactory.java:1092)
	at org.springframework.beans.factory.support.DefaultSingletonBeanRegistry.destroySingletons(DefaultSingletonBeanRegistry.java:512)
	at org.springframework.beans.factory.support.DefaultListableBeanFactory.destroySingletons(DefaultListableBeanFactory.java:1085)
	at org.springframework.context.support.AbstractApplicationContext.destroyBeans(AbstractApplicationContext.java:1061)
	at org.springframework.context.support.AbstractApplicationContext.doClose(AbstractApplicationContext.java:1030)
	at org.springframework.context.support.AbstractApplicationContext.close(AbstractApplicationContext.java:979)
	at org.springframework.cloud.context.named.NamedContextFactory.destroy(NamedContextFactory.java:92)
	at org.springframework.beans.factory.support.DisposableBeanAdapter.destroy(DisposableBeanAdapter.java:258)
	at org.springframework.beans.factory.support.DefaultSingletonBeanRegistry.destroyBean(DefaultSingletonBeanRegistry.java:579)
	at org.springframework.beans.factory.support.DefaultSingletonBeanRegistry.destroySingleton(DefaultSingletonBeanRegistry.java:551)
	at org.springframework.beans.factory.support.DefaultListableBeanFactory.destroySingleton(DefaultListableBeanFactory.java:1092)
	at org.springframework.beans.factory.support.DefaultSingletonBeanRegistry.destroySingletons(DefaultSingletonBeanRegistry.java:512)
	at org.springframework.beans.factory.support.DefaultListableBeanFactory.destroySingletons(DefaultListableBeanFactory.java:1085)
	at org.springframework.context.support.AbstractApplicationContext.destroyBeans(AbstractApplicationContext.java:1061)
	at org.springframework.context.support.AbstractApplicationContext.doClose(AbstractApplicationContext.java:1030)
	at org.springframework.boot.web.servlet.context.ServletWebServerApplicationContext.doClose(ServletWebServerApplicationContext.java:170)
	at org.springframework.context.support.AbstractApplicationContext$1.run(AbstractApplicationContext.java:949)
2021-01-14 13:30:40.777 INFO  o.s.o.j.LocalContainerEntityManagerFactoryBean.destroy:598 - Closing JPA EntityManagerFactory for persistence unit 'default'
2021-01-14 13:30:40.777 INFO  o.h.t.s.i.SchemaDropperImpl$DelayedDropActionImpl.perform:526 - HHH000477: Starting delayed evictData of schema as part of SessionFactory shut-down'
2021-01-14 13:30:40.927 INFO  o.s.s.c.ThreadPoolTaskExecutor.shutdown:218 - Shutting down ExecutorService 'applicationTaskExecutor'
2021-01-14 13:30:40.927 INFO  c.z.h.HikariDataSource.close:350 - HikariPool-1 - Shutdown initiated...
2021-01-14 13:30:40.943 INFO  c.z.h.HikariDataSource.close:352 - HikariPool-1 - Shutdown completed.
2021-01-14 13:30:40.944 INFO  c.n.d.DiscoveryClient.shutdown:932 - Shutting down DiscoveryClient ...
