2021-01-05 14:26:23.713 INFO  c.p.b.BankServiceApplication.logStartupProfileInfo:655 - The following profiles are active: dev
2021-01-05 14:26:24.444 INFO  o.s.d.r.c.RepositoryConfigurationDelegate.registerRepositoriesIn:127 - Bootstrapping Spring Data JPA repositories in DEFERRED mode.
2021-01-05 14:26:24.546 INFO  o.s.d.r.c.RepositoryConfigurationDelegate.registerRepositoriesIn:187 - Finished Spring Data repository scanning in 93ms. Found 10 JPA repository interfaces.
2021-01-05 14:26:24.841 INFO  o.s.c.c.s.GenericScope.setSerializationId:295 - BeanFactory id=34d522b3-9930-3d65-bbc7-21a69c1603a2
2021-01-05 14:26:24.904 INFO  o.s.c.s.PostProcessorRegistrationDelegate$BeanPostProcessorChecker.postProcessAfterInitialization:335 - Bean 'com.payment.bankservice.feign.EurekaClient' of type [org.springframework.cloud.openfeign.FeignClientFactoryBean] is not eligible for getting processed by all BeanPostProcessors (for example: not eligible for auto-proxying)
2021-01-05 14:26:24.906 INFO  o.s.c.s.PostProcessorRegistrationDelegate$BeanPostProcessorChecker.postProcessAfterInitialization:335 - Bean 'com.payment.bankservice.feign.PccClient' of type [org.springframework.cloud.openfeign.FeignClientFactoryBean] is not eligible for getting processed by all BeanPostProcessors (for example: not eligible for auto-proxying)
2021-01-05 14:26:24.943 INFO  o.s.c.s.PostProcessorRegistrationDelegate$BeanPostProcessorChecker.postProcessAfterInitialization:335 - Bean 'org.springframework.ws.config.annotation.DelegatingWsConfiguration' of type [org.springframework.ws.config.annotation.DelegatingWsConfiguration$$EnhancerBySpringCGLIB$$99e6aa76] is not eligible for getting processed by all BeanPostProcessors (for example: not eligible for auto-proxying)
2021-01-05 14:26:24.977 INFO  o.s.w.s.a.s.AnnotationActionEndpointMapping.afterPropertiesSet:236 - Supporting [WS-Addressing August 2004, WS-Addressing 1.0]
2021-01-05 14:26:25.068 INFO  o.s.c.s.PostProcessorRegistrationDelegate$BeanPostProcessorChecker.postProcessAfterInitialization:335 - Bean 'org.springframework.security.access.expression.method.DefaultMethodSecurityExpressionHandler@40fa8766' of type [org.springframework.security.access.expression.method.DefaultMethodSecurityExpressionHandler] is not eligible for getting processed by all BeanPostProcessors (for example: not eligible for auto-proxying)
2021-01-05 14:26:25.074 INFO  o.s.c.s.PostProcessorRegistrationDelegate$BeanPostProcessorChecker.postProcessAfterInitialization:335 - Bean 'methodSecurityMetadataSource' of type [org.springframework.security.access.method.DelegatingMethodSecurityMetadataSource] is not eligible for getting processed by all BeanPostProcessors (for example: not eligible for auto-proxying)
2021-01-05 14:26:25.445 INFO  o.s.b.w.e.t.TomcatWebServer.initialize:108 - Tomcat initialized with port(s): 8095 (http)
2021-01-05 14:26:25.454 INFO  o.a.c.h.Http11NioProtocol.log:173 - Initializing ProtocolHandler ["http-nio-8095"]
2021-01-05 14:26:25.455 INFO  o.a.c.c.StandardService.log:173 - Starting service [Tomcat]
2021-01-05 14:26:25.456 INFO  o.a.c.c.StandardEngine.log:173 - Starting Servlet engine: [Apache Tomcat/9.0.37]
2021-01-05 14:26:25.628 INFO  o.a.c.c.C.[.[.[/].log:173 - Initializing Spring embedded WebApplicationContext
2021-01-05 14:26:25.629 INFO  o.s.b.w.s.c.ServletWebServerApplicationContext.prepareWebApplicationContext:285 - Root WebApplicationContext: initialization completed in 1894 ms
2021-01-05 14:26:25.983 INFO  o.s.s.c.ThreadPoolTaskExecutor.initialize:181 - Initializing ExecutorService 'applicationTaskExecutor'
2021-01-05 14:26:26.042 INFO  o.h.j.i.u.LogHelper.logPersistenceUnitInformation:31 - HHH000204: Processing PersistenceUnitInfo [name: default]
2021-01-05 14:26:26.130 INFO  o.h.Version.logVersion:44 - HHH000412: Hibernate ORM core version 5.4.18.Final
2021-01-05 14:26:26.182 INFO  o.s.o.j.LocalContainerEntityManagerFactoryBean.destroy:598 - Closing JPA EntityManagerFactory for persistence unit 'default'
2021-01-05 14:26:26.365 INFO  o.h.a.c.Version.<clinit>:49 - HCANN000001: Hibernate Commons Annotations {5.1.0.Final}
2021-01-05 14:26:26.498 INFO  c.z.h.HikariDataSource.getConnection:110 - HikariPool-1 - Starting...
2021-01-05 14:26:26.631 INFO  c.z.h.HikariDataSource.getConnection:123 - HikariPool-1 - Start completed.
2021-01-05 14:26:26.650 INFO  o.h.d.Dialect.<init>:172 - HHH000400: Using dialect: org.hibernate.dialect.PostgreSQL95Dialect
2021-01-05 14:26:29.124 INFO  o.h.e.t.j.p.i.JtaPlatformInitiator.initiateService:52 - HHH000490: Using JtaPlatform implementation: [org.hibernate.engine.transaction.jta.platform.internal.NoJtaPlatform]
2021-01-05 14:26:29.135 INFO  o.s.o.j.LocalContainerEntityManagerFactoryBean.buildNativeEntityManagerFactory:416 - Initialized JPA EntityManagerFactory for persistence unit 'default'
2021-01-05 14:26:29.135 INFO  o.h.t.s.i.SchemaDropperImpl$DelayedDropActionImpl.perform:526 - HHH000477: Starting delayed evictData of schema as part of SessionFactory shut-down'
2021-01-05 14:26:29.260 INFO  o.s.s.c.ThreadPoolTaskExecutor.shutdown:218 - Shutting down ExecutorService 'applicationTaskExecutor'
2021-01-05 14:26:29.261 INFO  c.z.h.HikariDataSource.close:350 - HikariPool-1 - Shutdown initiated...
2021-01-05 14:26:29.289 INFO  c.z.h.HikariDataSource.close:352 - HikariPool-1 - Shutdown completed.
2021-01-05 14:26:29.292 INFO  o.a.c.c.StandardService.log:173 - Stopping service [Tomcat]
2021-01-05 14:26:29.315 INFO  o.s.b.a.l.ConditionEvaluationReportLoggingListener.logMessage:136 - 

Error starting ApplicationContext. To display the conditions report re-run your application with 'debug' enabled.
2021-01-05 14:28:38.587 INFO  c.p.b.BankServiceApplication.logStartupProfileInfo:655 - The following profiles are active: dev
2021-01-05 14:28:39.222 INFO  o.s.d.r.c.RepositoryConfigurationDelegate.registerRepositoriesIn:127 - Bootstrapping Spring Data JPA repositories in DEFERRED mode.
2021-01-05 14:28:39.341 INFO  o.s.d.r.c.RepositoryConfigurationDelegate.registerRepositoriesIn:187 - Finished Spring Data repository scanning in 109ms. Found 10 JPA repository interfaces.
2021-01-05 14:28:39.606 INFO  o.s.c.c.s.GenericScope.setSerializationId:295 - BeanFactory id=ec553646-ac22-37ff-b46a-7ecc3b5e85a4
2021-01-05 14:28:39.654 INFO  o.s.c.s.PostProcessorRegistrationDelegate$BeanPostProcessorChecker.postProcessAfterInitialization:335 - Bean 'com.payment.bankservice.feign.EurekaClient' of type [org.springframework.cloud.openfeign.FeignClientFactoryBean] is not eligible for getting processed by all BeanPostProcessors (for example: not eligible for auto-proxying)
2021-01-05 14:28:39.656 INFO  o.s.c.s.PostProcessorRegistrationDelegate$BeanPostProcessorChecker.postProcessAfterInitialization:335 - Bean 'com.payment.bankservice.feign.PccClient' of type [org.springframework.cloud.openfeign.FeignClientFactoryBean] is not eligible for getting processed by all BeanPostProcessors (for example: not eligible for auto-proxying)
2021-01-05 14:28:39.686 INFO  o.s.c.s.PostProcessorRegistrationDelegate$BeanPostProcessorChecker.postProcessAfterInitialization:335 - Bean 'org.springframework.ws.config.annotation.DelegatingWsConfiguration' of type [org.springframework.ws.config.annotation.DelegatingWsConfiguration$$EnhancerBySpringCGLIB$$52b97499] is not eligible for getting processed by all BeanPostProcessors (for example: not eligible for auto-proxying)
2021-01-05 14:28:39.717 INFO  o.s.w.s.a.s.AnnotationActionEndpointMapping.afterPropertiesSet:236 - Supporting [WS-Addressing August 2004, WS-Addressing 1.0]
2021-01-05 14:28:39.792 INFO  o.s.c.s.PostProcessorRegistrationDelegate$BeanPostProcessorChecker.postProcessAfterInitialization:335 - Bean 'org.springframework.security.access.expression.method.DefaultMethodSecurityExpressionHandler@fb49fdf' of type [org.springframework.security.access.expression.method.DefaultMethodSecurityExpressionHandler] is not eligible for getting processed by all BeanPostProcessors (for example: not eligible for auto-proxying)
2021-01-05 14:28:39.811 INFO  o.s.c.s.PostProcessorRegistrationDelegate$BeanPostProcessorChecker.postProcessAfterInitialization:335 - Bean 'methodSecurityMetadataSource' of type [org.springframework.security.access.method.DelegatingMethodSecurityMetadataSource] is not eligible for getting processed by all BeanPostProcessors (for example: not eligible for auto-proxying)
2021-01-05 14:28:40.178 INFO  o.s.b.w.e.t.TomcatWebServer.initialize:108 - Tomcat initialized with port(s): 8095 (http)
2021-01-05 14:28:40.187 INFO  o.a.c.h.Http11NioProtocol.log:173 - Initializing ProtocolHandler ["http-nio-8095"]
2021-01-05 14:28:40.188 INFO  o.a.c.c.StandardService.log:173 - Starting service [Tomcat]
2021-01-05 14:28:40.189 INFO  o.a.c.c.StandardEngine.log:173 - Starting Servlet engine: [Apache Tomcat/9.0.37]
2021-01-05 14:28:40.335 INFO  o.a.c.c.C.[.[.[/].log:173 - Initializing Spring embedded WebApplicationContext
2021-01-05 14:28:40.335 INFO  o.s.b.w.s.c.ServletWebServerApplicationContext.prepareWebApplicationContext:285 - Root WebApplicationContext: initialization completed in 1726 ms
2021-01-05 14:28:40.527 INFO  o.s.s.c.ThreadPoolTaskExecutor.initialize:181 - Initializing ExecutorService 'applicationTaskExecutor'
2021-01-05 14:28:40.599 INFO  o.h.j.i.u.LogHelper.logPersistenceUnitInformation:31 - HHH000204: Processing PersistenceUnitInfo [name: default]
2021-01-05 14:28:40.667 INFO  o.h.Version.logVersion:44 - HHH000412: Hibernate ORM core version 5.4.18.Final
2021-01-05 14:28:40.916 INFO  o.h.a.c.Version.<clinit>:49 - HCANN000001: Hibernate Commons Annotations {5.1.0.Final}
2021-01-05 14:28:40.920 INFO  o.s.d.r.c.DeferredRepositoryInitializationListener.onApplicationEvent:49 - Triggering deferred initialization of Spring Data repositories…
2021-01-05 14:28:41.066 INFO  c.z.h.HikariDataSource.getConnection:110 - HikariPool-1 - Starting...
2021-01-05 14:28:41.186 INFO  c.z.h.HikariDataSource.getConnection:123 - HikariPool-1 - Start completed.
2021-01-05 14:28:41.205 INFO  o.h.d.Dialect.<init>:172 - HHH000400: Using dialect: org.hibernate.dialect.PostgreSQL95Dialect
2021-01-05 14:28:42.584 INFO  o.h.e.t.j.p.i.JtaPlatformInitiator.initiateService:52 - HHH000490: Using JtaPlatform implementation: [org.hibernate.engine.transaction.jta.platform.internal.NoJtaPlatform]
2021-01-05 14:28:42.594 INFO  o.s.o.j.LocalContainerEntityManagerFactoryBean.buildNativeEntityManagerFactory:416 - Initialized JPA EntityManagerFactory for persistence unit 'default'
2021-01-05 14:28:43.108 INFO  o.s.d.r.c.DeferredRepositoryInitializationListener.onApplicationEvent:53 - Spring Data repositories initialized!
2021-01-05 14:28:43.206 INFO  o.s.d.r.c.DeferredRepositoryInitializationListener.onApplicationEvent:49 - Triggering deferred initialization of Spring Data repositories…
2021-01-05 14:28:43.206 INFO  o.s.d.r.c.DeferredRepositoryInitializationListener.onApplicationEvent:53 - Spring Data repositories initialized!
2021-01-05 14:28:43.273 INFO  o.s.b.a.s.s.UserDetailsServiceAutoConfiguration.getOrDeducePassword:86 - 

Using generated security password: c03a97c6-18aa-4bd0-ae2a-66b59e638623

2021-01-05 14:28:43.363 INFO  o.s.s.w.DefaultSecurityFilterChain.<init>:43 - Creating filter chain: Ant [pattern='/', GET], []
2021-01-05 14:28:43.363 INFO  o.s.s.w.DefaultSecurityFilterChain.<init>:43 - Creating filter chain: Ant [pattern='/webjars/**', GET], []
2021-01-05 14:28:43.364 INFO  o.s.s.w.DefaultSecurityFilterChain.<init>:43 - Creating filter chain: Ant [pattern='/*.html', GET], []
2021-01-05 14:28:43.364 INFO  o.s.s.w.DefaultSecurityFilterChain.<init>:43 - Creating filter chain: Ant [pattern='/favicon.ico', GET], []
2021-01-05 14:28:43.364 INFO  o.s.s.w.DefaultSecurityFilterChain.<init>:43 - Creating filter chain: Ant [pattern='/**/*.html', GET], []
2021-01-05 14:28:43.364 INFO  o.s.s.w.DefaultSecurityFilterChain.<init>:43 - Creating filter chain: Ant [pattern='/**/*.css', GET], []
2021-01-05 14:28:43.364 INFO  o.s.s.w.DefaultSecurityFilterChain.<init>:43 - Creating filter chain: Ant [pattern='/**/*.js', GET], []
2021-01-05 14:28:43.749 INFO  o.s.s.w.DefaultSecurityFilterChain.<init>:43 - Creating filter chain: any request, [org.springframework.security.web.context.request.async.WebAsyncManagerIntegrationFilter@277bc3a5, org.springframework.security.web.context.SecurityContextPersistenceFilter@4ccdacf5, org.springframework.security.web.header.HeaderWriterFilter@625264ed, org.springframework.web.filter.CorsFilter@214fba74, org.springframework.security.web.authentication.logout.LogoutFilter@4b3ad7ca, org.springframework.security.web.savedrequest.RequestCacheAwareFilter@1a0d313, org.springframework.security.web.servletapi.SecurityContextHolderAwareRequestFilter@4e6cbdf1, org.springframework.security.web.authentication.AnonymousAuthenticationFilter@252c6cdb, org.springframework.security.web.session.SessionManagementFilter@5c8b10b4, org.springframework.security.web.access.ExceptionTranslationFilter@7df4709e, org.springframework.security.web.access.intercept.FilterSecurityInterceptor@42ecc554]
2021-01-05 14:28:43.779 INFO  c.n.c.s.URLConfigurationSource.<init>:122 - To enable URLs as dynamic configuration sources, define System property archaius.configurationSource.additionalUrls or make config.properties available on classpath.
2021-01-05 14:28:43.788 INFO  c.n.c.s.URLConfigurationSource.<init>:122 - To enable URLs as dynamic configuration sources, define System property archaius.configurationSource.additionalUrls or make config.properties available on classpath.
2021-01-05 14:28:44.407 INFO  o.s.c.n.e.c.DiscoveryClientOptionalArgsConfiguration.discoveryClientOptionalArgs:78 - Eureka HTTP Client uses Jersey
2021-01-05 14:28:44.815 INFO  o.s.c.n.e.InstanceInfoFactory.create:72 - Setting initial instance status as: STARTING
2021-01-05 14:28:44.857 INFO  c.n.d.DiscoveryClient.<init>:371 - Initializing Eureka in region us-east-1
2021-01-05 14:28:45.208 INFO  c.n.d.p.DiscoveryJerseyProvider.<init>:70 - Using JSON encoding codec LegacyJacksonJson
2021-01-05 14:28:45.209 INFO  c.n.d.p.DiscoveryJerseyProvider.<init>:71 - Using JSON decoding codec LegacyJacksonJson
2021-01-05 14:28:45.326 INFO  c.n.d.p.DiscoveryJerseyProvider.<init>:80 - Using XML encoding codec XStreamXml
2021-01-05 14:28:45.326 INFO  c.n.d.p.DiscoveryJerseyProvider.<init>:81 - Using XML decoding codec XStreamXml
2021-01-05 14:28:45.535 INFO  c.n.d.s.r.a.ConfigClusterResolver.getClusterEndpoints:43 - Resolving eureka endpoints via configuration
2021-01-05 14:28:45.718 INFO  c.n.d.DiscoveryClient.fetchRegistry:1004 - Disable delta property : false
2021-01-05 14:28:45.718 INFO  c.n.d.DiscoveryClient.fetchRegistry:1005 - Single vip registry refresh property : null
2021-01-05 14:28:45.718 INFO  c.n.d.DiscoveryClient.fetchRegistry:1006 - Force full registry fetch : false
2021-01-05 14:28:45.719 INFO  c.n.d.DiscoveryClient.fetchRegistry:1007 - Application is null : false
2021-01-05 14:28:45.719 INFO  c.n.d.DiscoveryClient.fetchRegistry:1008 - Registered Applications size is zero : true
2021-01-05 14:28:45.719 INFO  c.n.d.DiscoveryClient.fetchRegistry:1010 - Application version is -1: true
2021-01-05 14:28:45.720 INFO  c.n.d.DiscoveryClient.getAndStoreFullRegistry:1093 - Getting all instance registry info from the eureka server
2021-01-05 14:28:45.931 INFO  c.n.d.DiscoveryClient.getAndStoreFullRegistry:1102 - The response status is 200
2021-01-05 14:28:45.934 INFO  c.n.d.DiscoveryClient.initScheduledTasks:1317 - Starting heartbeat executor: renew interval is: 30
2021-01-05 14:28:45.936 INFO  c.n.d.InstanceInfoReplicator.<init>:60 - InstanceInfoReplicator onDemand update allowed rate per min is 4
2021-01-05 14:28:45.940 INFO  c.n.d.DiscoveryClient.<init>:491 - Discovery Client initialized at timestamp 1609853325939 with initial instances count: 1
2021-01-05 14:28:45.944 INFO  o.s.c.n.e.s.EurekaServiceRegistry.register:41 - Registering application BANK with eureka with status UP
2021-01-05 14:28:45.945 INFO  c.n.d.DiscoveryClient.notify:1353 - Saw local status change event StatusChangeEvent [timestamp=1609853325945, current=UP, previous=STARTING]
2021-01-05 14:28:45.947 INFO  c.n.d.DiscoveryClient.register:870 - DiscoveryClient_BANK/host.docker.internal:bank:8095: registering service...
2021-01-05 14:28:45.947 INFO  o.a.c.h.Http11NioProtocol.log:173 - Starting ProtocolHandler ["http-nio-8095"]
2021-01-05 14:28:45.974 INFO  o.s.b.w.e.t.TomcatWebServer.start:220 - Tomcat started on port(s): 8095 (http) with context path ''
2021-01-05 14:28:45.975 INFO  o.s.c.n.e.s.EurekaAutoServiceRegistration.onApplicationEvent:145 - Updating port to 8095
2021-01-05 14:28:46.263 INFO  o.s.d.r.c.DeferredRepositoryInitializationListener.onApplicationEvent:49 - Triggering deferred initialization of Spring Data repositories…
2021-01-05 14:28:46.264 INFO  o.s.d.r.c.DeferredRepositoryInitializationListener.onApplicationEvent:53 - Spring Data repositories initialized!
2021-01-05 14:28:46.276 INFO  c.p.b.BankServiceApplication.logStarted:61 - Started BankServiceApplication in 9.475 seconds (JVM running for 10.904)
2021-01-05 14:28:46.389 INFO  c.n.d.DiscoveryClient.register:879 - DiscoveryClient_BANK/host.docker.internal:bank:8095 - registration status: 204
2021-01-05 14:32:28.097 INFO  o.s.c.n.e.s.EurekaServiceRegistry.deregister:65 - Unregistering application BANK with eureka with status DOWN
2021-01-05 14:32:28.099 INFO  c.n.d.DiscoveryClient.register:870 - DiscoveryClient_BANK/host.docker.internal:bank:8095: registering service...
2021-01-05 14:32:28.363 INFO  o.s.o.j.LocalContainerEntityManagerFactoryBean.destroy:598 - Closing JPA EntityManagerFactory for persistence unit 'default'
2021-01-05 14:32:28.365 INFO  o.h.t.s.i.SchemaDropperImpl$DelayedDropActionImpl.perform:526 - HHH000477: Starting delayed evictData of schema as part of SessionFactory shut-down'
2021-01-05 14:32:28.493 INFO  o.s.s.c.ThreadPoolTaskExecutor.shutdown:218 - Shutting down ExecutorService 'applicationTaskExecutor'
2021-01-05 14:32:28.494 INFO  c.z.h.HikariDataSource.close:350 - HikariPool-1 - Shutdown initiated...
2021-01-05 14:32:28.519 INFO  c.z.h.HikariDataSource.close:352 - HikariPool-1 - Shutdown completed.
2021-01-05 14:32:28.523 INFO  c.n.d.DiscoveryClient.shutdown:932 - Shutting down DiscoveryClient ...
2021-01-05 15:44:22.163 INFO  c.p.b.BankServiceApplication.logStartupProfileInfo:655 - The following profiles are active: dev
2021-01-05 15:44:23.337 INFO  o.s.d.r.c.RepositoryConfigurationDelegate.registerRepositoriesIn:127 - Bootstrapping Spring Data JPA repositories in DEFERRED mode.
2021-01-05 15:44:23.525 INFO  o.s.d.r.c.RepositoryConfigurationDelegate.registerRepositoriesIn:187 - Finished Spring Data repository scanning in 176ms. Found 10 JPA repository interfaces.
2021-01-05 15:44:24.161 INFO  o.s.c.c.s.GenericScope.setSerializationId:295 - BeanFactory id=ec553646-ac22-37ff-b46a-7ecc3b5e85a4
2021-01-05 15:44:24.243 INFO  o.s.c.s.PostProcessorRegistrationDelegate$BeanPostProcessorChecker.postProcessAfterInitialization:335 - Bean 'com.payment.bankservice.feign.EurekaClient' of type [org.springframework.cloud.openfeign.FeignClientFactoryBean] is not eligible for getting processed by all BeanPostProcessors (for example: not eligible for auto-proxying)
2021-01-05 15:44:24.245 INFO  o.s.c.s.PostProcessorRegistrationDelegate$BeanPostProcessorChecker.postProcessAfterInitialization:335 - Bean 'com.payment.bankservice.feign.PccClient' of type [org.springframework.cloud.openfeign.FeignClientFactoryBean] is not eligible for getting processed by all BeanPostProcessors (for example: not eligible for auto-proxying)
2021-01-05 15:44:24.292 INFO  o.s.c.s.PostProcessorRegistrationDelegate$BeanPostProcessorChecker.postProcessAfterInitialization:335 - Bean 'org.springframework.ws.config.annotation.DelegatingWsConfiguration' of type [org.springframework.ws.config.annotation.DelegatingWsConfiguration$$EnhancerBySpringCGLIB$$887db524] is not eligible for getting processed by all BeanPostProcessors (for example: not eligible for auto-proxying)
2021-01-05 15:44:24.350 INFO  o.s.w.s.a.s.AnnotationActionEndpointMapping.afterPropertiesSet:236 - Supporting [WS-Addressing August 2004, WS-Addressing 1.0]
2021-01-05 15:44:24.459 INFO  o.s.c.s.PostProcessorRegistrationDelegate$BeanPostProcessorChecker.postProcessAfterInitialization:335 - Bean 'org.springframework.security.access.expression.method.DefaultMethodSecurityExpressionHandler@68d6d775' of type [org.springframework.security.access.expression.method.DefaultMethodSecurityExpressionHandler] is not eligible for getting processed by all BeanPostProcessors (for example: not eligible for auto-proxying)
2021-01-05 15:44:24.477 INFO  o.s.c.s.PostProcessorRegistrationDelegate$BeanPostProcessorChecker.postProcessAfterInitialization:335 - Bean 'methodSecurityMetadataSource' of type [org.springframework.security.access.method.DelegatingMethodSecurityMetadataSource] is not eligible for getting processed by all BeanPostProcessors (for example: not eligible for auto-proxying)
2021-01-05 15:44:24.909 INFO  o.s.b.w.e.t.TomcatWebServer.initialize:108 - Tomcat initialized with port(s): 8095 (http)
2021-01-05 15:44:24.923 INFO  o.a.c.h.Http11NioProtocol.log:173 - Initializing ProtocolHandler ["http-nio-8095"]
2021-01-05 15:44:24.924 INFO  o.a.c.c.StandardService.log:173 - Starting service [Tomcat]
2021-01-05 15:44:24.925 INFO  o.a.c.c.StandardEngine.log:173 - Starting Servlet engine: [Apache Tomcat/9.0.37]
2021-01-05 15:44:25.105 INFO  o.a.c.c.C.[.[.[/].log:173 - Initializing Spring embedded WebApplicationContext
2021-01-05 15:44:25.105 INFO  o.s.b.w.s.c.ServletWebServerApplicationContext.prepareWebApplicationContext:285 - Root WebApplicationContext: initialization completed in 2896 ms
2021-01-05 15:44:25.291 INFO  o.s.s.c.ThreadPoolTaskExecutor.initialize:181 - Initializing ExecutorService 'applicationTaskExecutor'
2021-01-05 15:44:25.349 INFO  o.h.j.i.u.LogHelper.logPersistenceUnitInformation:31 - HHH000204: Processing PersistenceUnitInfo [name: default]
2021-01-05 15:44:25.423 INFO  o.h.Version.logVersion:44 - HHH000412: Hibernate ORM core version 5.4.18.Final
2021-01-05 15:44:25.701 INFO  o.s.d.r.c.DeferredRepositoryInitializationListener.onApplicationEvent:49 - Triggering deferred initialization of Spring Data repositories…
2021-01-05 15:44:25.719 INFO  o.h.a.c.Version.<clinit>:49 - HCANN000001: Hibernate Commons Annotations {5.1.0.Final}
2021-01-05 15:44:26.299 INFO  c.z.h.HikariDataSource.getConnection:110 - HikariPool-1 - Starting...
2021-01-05 15:44:26.460 INFO  c.z.h.HikariDataSource.getConnection:123 - HikariPool-1 - Start completed.
2021-01-05 15:44:26.476 INFO  o.h.d.Dialect.<init>:172 - HHH000400: Using dialect: org.hibernate.dialect.PostgreSQL95Dialect
2021-01-05 15:44:29.027 INFO  o.h.e.t.j.p.i.JtaPlatformInitiator.initiateService:52 - HHH000490: Using JtaPlatform implementation: [org.hibernate.engine.transaction.jta.platform.internal.NoJtaPlatform]
2021-01-05 15:44:29.050 INFO  o.s.o.j.LocalContainerEntityManagerFactoryBean.buildNativeEntityManagerFactory:416 - Initialized JPA EntityManagerFactory for persistence unit 'default'
2021-01-05 15:44:30.017 INFO  o.s.d.r.c.DeferredRepositoryInitializationListener.onApplicationEvent:53 - Spring Data repositories initialized!
2021-01-05 15:44:30.274 INFO  o.s.d.r.c.DeferredRepositoryInitializationListener.onApplicationEvent:49 - Triggering deferred initialization of Spring Data repositories…
2021-01-05 15:44:30.275 INFO  o.s.d.r.c.DeferredRepositoryInitializationListener.onApplicationEvent:53 - Spring Data repositories initialized!
2021-01-05 15:44:30.489 INFO  o.s.b.a.s.s.UserDetailsServiceAutoConfiguration.getOrDeducePassword:86 - 

Using generated security password: e180f294-dd2b-4c27-a680-aab55e30307d

2021-01-05 15:44:30.686 INFO  o.s.s.w.DefaultSecurityFilterChain.<init>:43 - Creating filter chain: Ant [pattern='/', GET], []
2021-01-05 15:44:30.686 INFO  o.s.s.w.DefaultSecurityFilterChain.<init>:43 - Creating filter chain: Ant [pattern='/webjars/**', GET], []
2021-01-05 15:44:30.687 INFO  o.s.s.w.DefaultSecurityFilterChain.<init>:43 - Creating filter chain: Ant [pattern='/*.html', GET], []
2021-01-05 15:44:30.688 INFO  o.s.s.w.DefaultSecurityFilterChain.<init>:43 - Creating filter chain: Ant [pattern='/favicon.ico', GET], []
2021-01-05 15:44:30.688 INFO  o.s.s.w.DefaultSecurityFilterChain.<init>:43 - Creating filter chain: Ant [pattern='/**/*.html', GET], []
2021-01-05 15:44:30.689 INFO  o.s.s.w.DefaultSecurityFilterChain.<init>:43 - Creating filter chain: Ant [pattern='/**/*.css', GET], []
2021-01-05 15:44:30.689 INFO  o.s.s.w.DefaultSecurityFilterChain.<init>:43 - Creating filter chain: Ant [pattern='/**/*.js', GET], []
2021-01-05 15:44:31.353 INFO  o.s.s.w.DefaultSecurityFilterChain.<init>:43 - Creating filter chain: any request, [org.springframework.security.web.context.request.async.WebAsyncManagerIntegrationFilter@63326a3a, org.springframework.security.web.context.SecurityContextPersistenceFilter@5fde1d64, org.springframework.security.web.header.HeaderWriterFilter@481ed95c, org.springframework.web.filter.CorsFilter@3e04abc5, org.springframework.security.web.authentication.logout.LogoutFilter@58182b96, org.springframework.security.web.savedrequest.RequestCacheAwareFilter@984de01, org.springframework.security.web.servletapi.SecurityContextHolderAwareRequestFilter@79cdf2d4, org.springframework.security.web.authentication.AnonymousAuthenticationFilter@1008df1e, org.springframework.security.web.session.SessionManagementFilter@6e46891d, org.springframework.security.web.access.ExceptionTranslationFilter@1752e45c, org.springframework.security.web.access.intercept.FilterSecurityInterceptor@2b35c7aa]
2021-01-05 15:44:31.383 INFO  c.n.c.s.URLConfigurationSource.<init>:122 - To enable URLs as dynamic configuration sources, define System property archaius.configurationSource.additionalUrls or make config.properties available on classpath.
2021-01-05 15:44:31.390 INFO  c.n.c.s.URLConfigurationSource.<init>:122 - To enable URLs as dynamic configuration sources, define System property archaius.configurationSource.additionalUrls or make config.properties available on classpath.
2021-01-05 15:44:32.114 INFO  o.s.c.n.e.c.DiscoveryClientOptionalArgsConfiguration.discoveryClientOptionalArgs:78 - Eureka HTTP Client uses Jersey
2021-01-05 15:44:32.635 INFO  o.s.c.n.e.InstanceInfoFactory.create:72 - Setting initial instance status as: STARTING
2021-01-05 15:44:32.687 INFO  c.n.d.DiscoveryClient.<init>:371 - Initializing Eureka in region us-east-1
2021-01-05 15:44:33.163 INFO  c.n.d.p.DiscoveryJerseyProvider.<init>:70 - Using JSON encoding codec LegacyJacksonJson
2021-01-05 15:44:33.163 INFO  c.n.d.p.DiscoveryJerseyProvider.<init>:71 - Using JSON decoding codec LegacyJacksonJson
2021-01-05 15:44:33.316 INFO  c.n.d.p.DiscoveryJerseyProvider.<init>:80 - Using XML encoding codec XStreamXml
2021-01-05 15:44:33.317 INFO  c.n.d.p.DiscoveryJerseyProvider.<init>:81 - Using XML decoding codec XStreamXml
2021-01-05 15:44:33.570 INFO  c.n.d.s.r.a.ConfigClusterResolver.getClusterEndpoints:43 - Resolving eureka endpoints via configuration
2021-01-05 15:44:33.813 INFO  c.n.d.DiscoveryClient.fetchRegistry:1004 - Disable delta property : false
2021-01-05 15:44:33.813 INFO  c.n.d.DiscoveryClient.fetchRegistry:1005 - Single vip registry refresh property : null
2021-01-05 15:44:33.814 INFO  c.n.d.DiscoveryClient.fetchRegistry:1006 - Force full registry fetch : false
2021-01-05 15:44:33.814 INFO  c.n.d.DiscoveryClient.fetchRegistry:1007 - Application is null : false
2021-01-05 15:44:33.814 INFO  c.n.d.DiscoveryClient.fetchRegistry:1008 - Registered Applications size is zero : true
2021-01-05 15:44:33.815 INFO  c.n.d.DiscoveryClient.fetchRegistry:1010 - Application version is -1: true
2021-01-05 15:44:33.815 INFO  c.n.d.DiscoveryClient.getAndStoreFullRegistry:1093 - Getting all instance registry info from the eureka server
2021-01-05 15:44:34.077 INFO  c.n.d.DiscoveryClient.getAndStoreFullRegistry:1102 - The response status is 200
2021-01-05 15:44:34.082 INFO  c.n.d.DiscoveryClient.initScheduledTasks:1317 - Starting heartbeat executor: renew interval is: 30
2021-01-05 15:44:34.085 INFO  c.n.d.InstanceInfoReplicator.<init>:60 - InstanceInfoReplicator onDemand update allowed rate per min is 4
2021-01-05 15:44:34.091 INFO  c.n.d.DiscoveryClient.<init>:491 - Discovery Client initialized at timestamp 1609857874089 with initial instances count: 1
2021-01-05 15:44:34.098 INFO  o.s.c.n.e.s.EurekaServiceRegistry.register:41 - Registering application BANK with eureka with status UP
2021-01-05 15:44:34.099 INFO  c.n.d.DiscoveryClient.notify:1353 - Saw local status change event StatusChangeEvent [timestamp=1609857874099, current=UP, previous=STARTING]
2021-01-05 15:44:34.101 INFO  c.n.d.DiscoveryClient.register:870 - DiscoveryClient_BANK/host.docker.internal:bank:8095: registering service...
2021-01-05 15:44:34.102 INFO  o.a.c.h.Http11NioProtocol.log:173 - Starting ProtocolHandler ["http-nio-8095"]
2021-01-05 15:44:34.141 INFO  o.s.b.w.e.t.TomcatWebServer.start:220 - Tomcat started on port(s): 8095 (http) with context path ''
2021-01-05 15:44:34.143 INFO  o.s.c.n.e.s.EurekaAutoServiceRegistration.onApplicationEvent:145 - Updating port to 8095
2021-01-05 15:44:34.537 INFO  o.s.d.r.c.DeferredRepositoryInitializationListener.onApplicationEvent:49 - Triggering deferred initialization of Spring Data repositories…
2021-01-05 15:44:34.538 INFO  o.s.d.r.c.DeferredRepositoryInitializationListener.onApplicationEvent:53 - Spring Data repositories initialized!
2021-01-05 15:44:34.554 INFO  c.p.b.BankServiceApplication.logStarted:61 - Started BankServiceApplication in 15.538 seconds (JVM running for 17.488)
2021-01-05 15:44:34.570 INFO  c.n.d.DiscoveryClient.register:879 - DiscoveryClient_BANK/host.docker.internal:bank:8095 - registration status: 204
2021-01-05 15:45:23.282 INFO  o.s.c.n.e.s.EurekaServiceRegistry.deregister:65 - Unregistering application BANK with eureka with status DOWN
2021-01-05 15:45:23.284 INFO  c.n.d.DiscoveryClient.register:870 - DiscoveryClient_BANK/host.docker.internal:bank:8095: registering service...
2021-01-05 15:45:23.523 INFO  o.s.o.j.LocalContainerEntityManagerFactoryBean.destroy:598 - Closing JPA EntityManagerFactory for persistence unit 'default'
2021-01-05 15:45:23.524 INFO  o.h.t.s.i.SchemaDropperImpl$DelayedDropActionImpl.perform:526 - HHH000477: Starting delayed evictData of schema as part of SessionFactory shut-down'
2021-01-05 15:45:23.643 INFO  o.s.s.c.ThreadPoolTaskExecutor.shutdown:218 - Shutting down ExecutorService 'applicationTaskExecutor'
2021-01-05 15:45:23.643 INFO  c.z.h.HikariDataSource.close:350 - HikariPool-1 - Shutdown initiated...
2021-01-05 15:45:23.655 INFO  c.z.h.HikariDataSource.close:352 - HikariPool-1 - Shutdown completed.
2021-01-05 15:45:23.657 INFO  c.n.d.DiscoveryClient.shutdown:932 - Shutting down DiscoveryClient ...
2021-01-05 15:45:42.901 INFO  c.p.b.BankServiceApplication.logStartupProfileInfo:655 - The following profiles are active: dev
2021-01-05 15:45:43.621 INFO  o.s.d.r.c.RepositoryConfigurationDelegate.registerRepositoriesIn:127 - Bootstrapping Spring Data JPA repositories in DEFERRED mode.
2021-01-05 15:45:43.743 INFO  o.s.d.r.c.RepositoryConfigurationDelegate.registerRepositoriesIn:187 - Finished Spring Data repository scanning in 113ms. Found 10 JPA repository interfaces.
2021-01-05 15:45:44.050 INFO  o.s.c.c.s.GenericScope.setSerializationId:295 - BeanFactory id=ec553646-ac22-37ff-b46a-7ecc3b5e85a4
2021-01-05 15:45:44.107 INFO  o.s.c.s.PostProcessorRegistrationDelegate$BeanPostProcessorChecker.postProcessAfterInitialization:335 - Bean 'com.payment.bankservice.feign.EurekaClient' of type [org.springframework.cloud.openfeign.FeignClientFactoryBean] is not eligible for getting processed by all BeanPostProcessors (for example: not eligible for auto-proxying)
2021-01-05 15:45:44.109 INFO  o.s.c.s.PostProcessorRegistrationDelegate$BeanPostProcessorChecker.postProcessAfterInitialization:335 - Bean 'com.payment.bankservice.feign.PccClient' of type [org.springframework.cloud.openfeign.FeignClientFactoryBean] is not eligible for getting processed by all BeanPostProcessors (for example: not eligible for auto-proxying)
2021-01-05 15:45:44.145 INFO  o.s.c.s.PostProcessorRegistrationDelegate$BeanPostProcessorChecker.postProcessAfterInitialization:335 - Bean 'org.springframework.ws.config.annotation.DelegatingWsConfiguration' of type [org.springframework.ws.config.annotation.DelegatingWsConfiguration$$EnhancerBySpringCGLIB$$ca2d144d] is not eligible for getting processed by all BeanPostProcessors (for example: not eligible for auto-proxying)
2021-01-05 15:45:44.178 INFO  o.s.w.s.a.s.AnnotationActionEndpointMapping.afterPropertiesSet:236 - Supporting [WS-Addressing August 2004, WS-Addressing 1.0]
2021-01-05 15:45:44.266 INFO  o.s.c.s.PostProcessorRegistrationDelegate$BeanPostProcessorChecker.postProcessAfterInitialization:335 - Bean 'org.springframework.security.access.expression.method.DefaultMethodSecurityExpressionHandler@6ef60295' of type [org.springframework.security.access.expression.method.DefaultMethodSecurityExpressionHandler] is not eligible for getting processed by all BeanPostProcessors (for example: not eligible for auto-proxying)
2021-01-05 15:45:44.273 INFO  o.s.c.s.PostProcessorRegistrationDelegate$BeanPostProcessorChecker.postProcessAfterInitialization:335 - Bean 'methodSecurityMetadataSource' of type [org.springframework.security.access.method.DelegatingMethodSecurityMetadataSource] is not eligible for getting processed by all BeanPostProcessors (for example: not eligible for auto-proxying)
2021-01-05 15:45:44.699 INFO  o.s.b.w.e.t.TomcatWebServer.initialize:108 - Tomcat initialized with port(s): 8095 (http)
2021-01-05 15:45:44.711 INFO  o.a.c.h.Http11NioProtocol.log:173 - Initializing ProtocolHandler ["http-nio-8095"]
2021-01-05 15:45:44.713 INFO  o.a.c.c.StandardService.log:173 - Starting service [Tomcat]
2021-01-05 15:45:44.713 INFO  o.a.c.c.StandardEngine.log:173 - Starting Servlet engine: [Apache Tomcat/9.0.37]
2021-01-05 15:45:44.900 INFO  o.a.c.c.C.[.[.[/].log:173 - Initializing Spring embedded WebApplicationContext
2021-01-05 15:45:44.901 INFO  o.s.b.w.s.c.ServletWebServerApplicationContext.prepareWebApplicationContext:285 - Root WebApplicationContext: initialization completed in 1970 ms
2021-01-05 15:45:45.096 INFO  o.s.s.c.ThreadPoolTaskExecutor.initialize:181 - Initializing ExecutorService 'applicationTaskExecutor'
2021-01-05 15:45:45.147 INFO  o.h.j.i.u.LogHelper.logPersistenceUnitInformation:31 - HHH000204: Processing PersistenceUnitInfo [name: default]
2021-01-05 15:45:45.213 INFO  o.h.Version.logVersion:44 - HHH000412: Hibernate ORM core version 5.4.18.Final
2021-01-05 15:45:45.400 INFO  o.s.d.r.c.DeferredRepositoryInitializationListener.onApplicationEvent:49 - Triggering deferred initialization of Spring Data repositories…
2021-01-05 15:45:45.414 INFO  o.h.a.c.Version.<clinit>:49 - HCANN000001: Hibernate Commons Annotations {5.1.0.Final}
2021-01-05 15:45:45.545 INFO  c.z.h.HikariDataSource.getConnection:110 - HikariPool-1 - Starting...
2021-01-05 15:45:45.656 INFO  c.z.h.HikariDataSource.getConnection:123 - HikariPool-1 - Start completed.
2021-01-05 15:45:45.673 INFO  o.h.d.Dialect.<init>:172 - HHH000400: Using dialect: org.hibernate.dialect.PostgreSQL95Dialect
2021-01-05 15:45:47.147 INFO  o.h.e.t.j.p.i.JtaPlatformInitiator.initiateService:52 - HHH000490: Using JtaPlatform implementation: [org.hibernate.engine.transaction.jta.platform.internal.NoJtaPlatform]
2021-01-05 15:45:47.156 INFO  o.s.o.j.LocalContainerEntityManagerFactoryBean.buildNativeEntityManagerFactory:416 - Initialized JPA EntityManagerFactory for persistence unit 'default'
2021-01-05 15:45:47.587 INFO  o.s.d.r.c.DeferredRepositoryInitializationListener.onApplicationEvent:53 - Spring Data repositories initialized!
2021-01-05 15:45:47.661 INFO  o.s.d.r.c.DeferredRepositoryInitializationListener.onApplicationEvent:49 - Triggering deferred initialization of Spring Data repositories…
2021-01-05 15:45:47.661 INFO  o.s.d.r.c.DeferredRepositoryInitializationListener.onApplicationEvent:53 - Spring Data repositories initialized!
2021-01-05 15:45:47.739 INFO  o.s.b.a.s.s.UserDetailsServiceAutoConfiguration.getOrDeducePassword:86 - 

Using generated security password: 666d55ed-a3dd-49a6-85e2-13078ee8bcdd

2021-01-05 15:45:47.793 INFO  o.s.s.w.DefaultSecurityFilterChain.<init>:43 - Creating filter chain: Ant [pattern='/', GET], []
2021-01-05 15:45:47.794 INFO  o.s.s.w.DefaultSecurityFilterChain.<init>:43 - Creating filter chain: Ant [pattern='/webjars/**', GET], []
2021-01-05 15:45:47.794 INFO  o.s.s.w.DefaultSecurityFilterChain.<init>:43 - Creating filter chain: Ant [pattern='/*.html', GET], []
2021-01-05 15:45:47.795 INFO  o.s.s.w.DefaultSecurityFilterChain.<init>:43 - Creating filter chain: Ant [pattern='/favicon.ico', GET], []
2021-01-05 15:45:47.795 INFO  o.s.s.w.DefaultSecurityFilterChain.<init>:43 - Creating filter chain: Ant [pattern='/**/*.html', GET], []
2021-01-05 15:45:47.795 INFO  o.s.s.w.DefaultSecurityFilterChain.<init>:43 - Creating filter chain: Ant [pattern='/**/*.css', GET], []
2021-01-05 15:45:47.795 INFO  o.s.s.w.DefaultSecurityFilterChain.<init>:43 - Creating filter chain: Ant [pattern='/**/*.js', GET], []
2021-01-05 15:45:48.048 INFO  o.s.s.w.DefaultSecurityFilterChain.<init>:43 - Creating filter chain: any request, [org.springframework.security.web.context.request.async.WebAsyncManagerIntegrationFilter@31b6b0c7, org.springframework.security.web.context.SecurityContextPersistenceFilter@455da438, org.springframework.security.web.header.HeaderWriterFilter@4751cd3, org.springframework.web.filter.CorsFilter@6253e59a, org.springframework.security.web.authentication.logout.LogoutFilter@18b40fe6, org.springframework.security.web.savedrequest.RequestCacheAwareFilter@438aaa9f, org.springframework.security.web.servletapi.SecurityContextHolderAwareRequestFilter@118cbded, org.springframework.security.web.authentication.AnonymousAuthenticationFilter@7d1cb59f, org.springframework.security.web.session.SessionManagementFilter@10b67f54, org.springframework.security.web.access.ExceptionTranslationFilter@249b54af, org.springframework.security.web.access.intercept.FilterSecurityInterceptor@148ab138]
2021-01-05 15:45:48.304 INFO  c.n.c.s.URLConfigurationSource.<init>:122 - To enable URLs as dynamic configuration sources, define System property archaius.configurationSource.additionalUrls or make config.properties available on classpath.
2021-01-05 15:45:48.310 INFO  c.n.c.s.URLConfigurationSource.<init>:122 - To enable URLs as dynamic configuration sources, define System property archaius.configurationSource.additionalUrls or make config.properties available on classpath.
2021-01-05 15:45:48.943 INFO  o.s.c.n.e.c.DiscoveryClientOptionalArgsConfiguration.discoveryClientOptionalArgs:78 - Eureka HTTP Client uses Jersey
2021-01-05 15:45:49.363 INFO  o.s.c.n.e.InstanceInfoFactory.create:72 - Setting initial instance status as: STARTING
2021-01-05 15:45:49.407 INFO  c.n.d.DiscoveryClient.<init>:371 - Initializing Eureka in region us-east-1
2021-01-05 15:45:49.810 INFO  c.n.d.p.DiscoveryJerseyProvider.<init>:70 - Using JSON encoding codec LegacyJacksonJson
2021-01-05 15:45:49.811 INFO  c.n.d.p.DiscoveryJerseyProvider.<init>:71 - Using JSON decoding codec LegacyJacksonJson
2021-01-05 15:45:49.936 INFO  c.n.d.p.DiscoveryJerseyProvider.<init>:80 - Using XML encoding codec XStreamXml
2021-01-05 15:45:49.937 INFO  c.n.d.p.DiscoveryJerseyProvider.<init>:81 - Using XML decoding codec XStreamXml
2021-01-05 15:45:50.186 INFO  c.n.d.s.r.a.ConfigClusterResolver.getClusterEndpoints:43 - Resolving eureka endpoints via configuration
2021-01-05 15:45:50.377 INFO  c.n.d.DiscoveryClient.fetchRegistry:1004 - Disable delta property : false
2021-01-05 15:45:50.377 INFO  c.n.d.DiscoveryClient.fetchRegistry:1005 - Single vip registry refresh property : null
2021-01-05 15:45:50.377 INFO  c.n.d.DiscoveryClient.fetchRegistry:1006 - Force full registry fetch : false
2021-01-05 15:45:50.378 INFO  c.n.d.DiscoveryClient.fetchRegistry:1007 - Application is null : false
2021-01-05 15:45:50.378 INFO  c.n.d.DiscoveryClient.fetchRegistry:1008 - Registered Applications size is zero : true
2021-01-05 15:45:50.378 INFO  c.n.d.DiscoveryClient.fetchRegistry:1010 - Application version is -1: true
2021-01-05 15:45:50.379 INFO  c.n.d.DiscoveryClient.getAndStoreFullRegistry:1093 - Getting all instance registry info from the eureka server
2021-01-05 15:45:50.555 INFO  c.n.d.DiscoveryClient.getAndStoreFullRegistry:1102 - The response status is 200
2021-01-05 15:45:50.558 INFO  c.n.d.DiscoveryClient.initScheduledTasks:1317 - Starting heartbeat executor: renew interval is: 30
2021-01-05 15:45:50.560 INFO  c.n.d.InstanceInfoReplicator.<init>:60 - InstanceInfoReplicator onDemand update allowed rate per min is 4
2021-01-05 15:45:50.564 INFO  c.n.d.DiscoveryClient.<init>:491 - Discovery Client initialized at timestamp 1609857950563 with initial instances count: 1
2021-01-05 15:45:50.568 INFO  o.s.c.n.e.s.EurekaServiceRegistry.register:41 - Registering application BANK with eureka with status UP
2021-01-05 15:45:50.569 INFO  c.n.d.DiscoveryClient.notify:1353 - Saw local status change event StatusChangeEvent [timestamp=1609857950569, current=UP, previous=STARTING]
2021-01-05 15:45:50.571 INFO  c.n.d.DiscoveryClient.register:870 - DiscoveryClient_BANK/host.docker.internal:bank:8095: registering service...
2021-01-05 15:45:50.571 INFO  o.a.c.h.Http11NioProtocol.log:173 - Starting ProtocolHandler ["http-nio-8095"]
2021-01-05 15:45:50.598 INFO  o.s.b.w.e.t.TomcatWebServer.start:220 - Tomcat started on port(s): 8095 (http) with context path ''
2021-01-05 15:45:50.599 INFO  o.s.c.n.e.s.EurekaAutoServiceRegistration.onApplicationEvent:145 - Updating port to 8095
2021-01-05 15:45:50.882 INFO  o.s.d.r.c.DeferredRepositoryInitializationListener.onApplicationEvent:49 - Triggering deferred initialization of Spring Data repositories…
2021-01-05 15:45:50.883 INFO  o.s.d.r.c.DeferredRepositoryInitializationListener.onApplicationEvent:53 - Spring Data repositories initialized!
2021-01-05 15:45:50.892 INFO  c.n.d.DiscoveryClient.register:879 - DiscoveryClient_BANK/host.docker.internal:bank:8095 - registration status: 204
2021-01-05 15:45:50.892 INFO  c.p.b.BankServiceApplication.logStarted:61 - Started BankServiceApplication in 10.156 seconds (JVM running for 11.959)
2021-01-05 15:47:29.416 INFO  o.a.c.c.C.[.[.[/].log:173 - Initializing Spring DispatcherServlet 'dispatcherServlet'
2021-01-05 15:47:29.464 INFO  o.s.w.s.DispatcherServlet.initServletBean:525 - Initializing Servlet 'dispatcherServlet'
2021-01-05 15:47:29.873 INFO  o.s.w.s.DispatcherServlet.initServletBean:547 - Completed initialization in 394 ms
2021-01-05 15:47:30.414 INFO  c.n.c.ChainedDynamicProperty.checkAndFlip:115 - Flipping property: eureka-serviceregistry.ribbon.ActiveConnectionsLimit to use NEXT property: niws.loadbalancer.availabilityFilteringRule.activeConnectionsLimit = 2147483647
2021-01-05 15:47:30.453 INFO  c.n.u.c.ShutdownEnabledTimer.<init>:58 - Shutdown hook installed for: NFLoadBalancer-PingTimer-eureka-serviceregistry
2021-01-05 15:47:30.465 INFO  c.n.l.BaseLoadBalancer.initWithConfig:197 - Client: eureka-serviceregistry instantiated a LoadBalancer: DynamicServerListLoadBalancer:{NFLoadBalancer:name=eureka-serviceregistry,current list of Servers=[],Load balancer stats=Zone stats: {},Server stats: []}ServerList:null
2021-01-05 15:47:30.473 INFO  c.n.l.DynamicServerListLoadBalancer.enableAndInitLearnNewServersFeature:222 - Using serverListUpdater PollingServerListUpdater
2021-01-05 15:47:30.502 INFO  c.n.c.ChainedDynamicProperty.checkAndFlip:115 - Flipping property: eureka-serviceregistry.ribbon.ActiveConnectionsLimit to use NEXT property: niws.loadbalancer.availabilityFilteringRule.activeConnectionsLimit = 2147483647
2021-01-05 15:47:30.505 INFO  c.n.l.DynamicServerListLoadBalancer.restOfInit:150 - DynamicServerListLoadBalancer for client eureka-serviceregistry initialized: DynamicServerListLoadBalancer:{NFLoadBalancer:name=eureka-serviceregistry,current list of Servers=[192.168.2.37:8761],Load balancer stats=Zone stats: {defaultzone=[Zone:defaultzone;	Instance count:1;	Active connections count: 0;	Circuit breaker tripped count: 0;	Active connections per server: 0.0;]
},Server stats: [[Server:192.168.2.37:8761;	Zone:defaultZone;	Total Requests:0;	Successive connection failure:0;	Total blackout seconds:0;	Last connection made:Thu Jan 01 01:00:00 CET 1970;	First connection made: Thu Jan 01 01:00:00 CET 1970;	Active Connections:0;	total failure count in last (1000) msecs:0;	average resp time:0.0;	90 percentile resp time:0.0;	95 percentile resp time:0.0;	min resp time:0.0;	max resp time:0.0;	stddev resp time:0.0]
]}ServerList:org.springframework.cloud.netflix.ribbon.eureka.DomainExtractingServerList@6692353d
2021-01-05 15:47:30.524 INFO  o.s.d.r.c.DeferredRepositoryInitializationListener.onApplicationEvent:49 - Triggering deferred initialization of Spring Data repositories…
2021-01-05 15:47:30.538 INFO  o.s.d.r.c.DeferredRepositoryInitializationListener.onApplicationEvent:53 - Spring Data repositories initialized!
2021-01-05 15:47:31.679 INFO  c.n.c.ChainedDynamicProperty.checkAndFlip:115 - Flipping property: eureka-serviceregistry.ribbon.ActiveConnectionsLimit to use NEXT property: niws.loadbalancer.availabilityFilteringRule.activeConnectionsLimit = 2147483647
2021-01-05 15:47:31.751 INFO  c.p.b.s.i.PaymentService.checkPaymentRequest:42 - [null] check payment request [merchantId=LMo0-]
2021-01-05 15:47:32.378 INFO  c.p.b.s.i.PaymentService.checkPaymentRequest:49 - [null] payment request valid [merchantId=LMo0-]
2021-01-05 15:47:32.977 INFO  c.p.b.s.i.PaymentService.createMerchantOrder:78 - [null] create merchantOrder [merchantId=LMo0-]
2021-01-05 15:47:33.014 INFO  c.p.b.s.i.PaymentService.createPaymentRequest:61 - [null] create paymentId [merchantId=LMo0-]
2021-01-05 15:48:17.388 INFO  c.p.b.s.i.TransactionService.pay:55 - [bank] payment proccess [Wilfred Zaha]
2021-01-05 15:48:18.633 INFO  c.p.b.s.i.TransactionService.settlementInSameBank:275 - [bank] one bank settlement [from=Wilfred Zaha], [to=Paulo Dybala], [amount=4200.0]
2021-01-05 15:48:18.633 INFO  c.p.b.s.i.TransactionService.settlementInSameBank:283 - [bank] customer account reducing [name=Wilfred Zaha], [amount=4200.0]
2021-01-05 15:48:58.101 INFO  c.n.l.PollingServerListUpdater.run:53 - Shutting down the Executor Pool for PollingServerListUpdater
2021-01-05 15:48:58.137 INFO  o.s.c.n.e.s.EurekaServiceRegistry.deregister:65 - Unregistering application BANK with eureka with status DOWN
2021-01-05 15:48:58.161 INFO  c.n.d.DiscoveryClient.register:870 - DiscoveryClient_BANK/host.docker.internal:bank:8095: registering service...
2021-01-05 15:48:58.863 INFO  c.n.u.c.ShutdownEnabledTimer.cancel:67 - Shutdown hook removed for: NFLoadBalancer-PingTimer-eureka-serviceregistry
2021-01-05 15:48:58.875 INFO  c.n.u.c.ShutdownEnabledTimer.cancel:72 - Exception caught (might be ok if at shutdown)
java.lang.IllegalStateException: Shutdown in progress
	at java.lang.ApplicationShutdownHooks.remove(ApplicationShutdownHooks.java:82)
	at java.lang.Runtime.removeShutdownHook(Runtime.java:239)
	at com.netflix.util.concurrent.ShutdownEnabledTimer.cancel(ShutdownEnabledTimer.java:70)
	at com.netflix.loadbalancer.BaseLoadBalancer.cancelPingTask(BaseLoadBalancer.java:632)
	at com.netflix.loadbalancer.BaseLoadBalancer.shutdown(BaseLoadBalancer.java:883)
	at com.netflix.loadbalancer.DynamicServerListLoadBalancer.shutdown(DynamicServerListLoadBalancer.java:285)
	at sun.reflect.NativeMethodAccessorImpl.invoke0(Native Method)
	at sun.reflect.NativeMethodAccessorImpl.invoke(NativeMethodAccessorImpl.java:62)
	at sun.reflect.DelegatingMethodAccessorImpl.invoke(DelegatingMethodAccessorImpl.java:43)
	at java.lang.reflect.Method.invoke(Method.java:498)
	at org.springframework.beans.factory.support.DisposableBeanAdapter.invokeCustomDestroyMethod(DisposableBeanAdapter.java:339)
	at org.springframework.beans.factory.support.DisposableBeanAdapter.destroy(DisposableBeanAdapter.java:273)
	at org.springframework.beans.factory.support.DefaultSingletonBeanRegistry.destroyBean(DefaultSingletonBeanRegistry.java:579)
	at org.springframework.beans.factory.support.DefaultSingletonBeanRegistry.destroySingleton(DefaultSingletonBeanRegistry.java:551)
	at org.springframework.beans.factory.support.DefaultListableBeanFactory.destroySingleton(DefaultListableBeanFactory.java:1092)
	at org.springframework.beans.factory.support.DefaultSingletonBeanRegistry.destroySingletons(DefaultSingletonBeanRegistry.java:512)
	at org.springframework.beans.factory.support.DefaultListableBeanFactory.destroySingletons(DefaultListableBeanFactory.java:1085)
	at org.springframework.context.support.AbstractApplicationContext.destroyBeans(AbstractApplicationContext.java:1061)
	at org.springframework.context.support.AbstractApplicationContext.doClose(AbstractApplicationContext.java:1030)
	at org.springframework.context.support.AbstractApplicationContext.close(AbstractApplicationContext.java:979)
	at org.springframework.cloud.context.named.NamedContextFactory.destroy(NamedContextFactory.java:92)
	at org.springframework.beans.factory.support.DisposableBeanAdapter.destroy(DisposableBeanAdapter.java:258)
	at org.springframework.beans.factory.support.DefaultSingletonBeanRegistry.destroyBean(DefaultSingletonBeanRegistry.java:579)
	at org.springframework.beans.factory.support.DefaultSingletonBeanRegistry.destroySingleton(DefaultSingletonBeanRegistry.java:551)
	at org.springframework.beans.factory.support.DefaultListableBeanFactory.destroySingleton(DefaultListableBeanFactory.java:1092)
	at org.springframework.beans.factory.support.DefaultSingletonBeanRegistry.destroySingletons(DefaultSingletonBeanRegistry.java:512)
	at org.springframework.beans.factory.support.DefaultListableBeanFactory.destroySingletons(DefaultListableBeanFactory.java:1085)
	at org.springframework.context.support.AbstractApplicationContext.destroyBeans(AbstractApplicationContext.java:1061)
	at org.springframework.context.support.AbstractApplicationContext.doClose(AbstractApplicationContext.java:1030)
	at org.springframework.boot.web.servlet.context.ServletWebServerApplicationContext.doClose(ServletWebServerApplicationContext.java:170)
	at org.springframework.context.support.AbstractApplicationContext$1.run(AbstractApplicationContext.java:949)
2021-01-05 15:48:58.995 INFO  o.s.o.j.LocalContainerEntityManagerFactoryBean.destroy:598 - Closing JPA EntityManagerFactory for persistence unit 'default'
2021-01-05 15:48:59.042 INFO  o.h.t.s.i.SchemaDropperImpl$DelayedDropActionImpl.perform:526 - HHH000477: Starting delayed evictData of schema as part of SessionFactory shut-down'
2021-01-05 15:48:59.157 INFO  o.s.s.c.ThreadPoolTaskExecutor.shutdown:218 - Shutting down ExecutorService 'applicationTaskExecutor'
2021-01-05 15:48:59.175 INFO  c.z.h.HikariDataSource.close:350 - HikariPool-1 - Shutdown initiated...
