2020-12-21 20:28:17.776 INFO  c.p.r.RaiffeisenServiceApplication.logStartupProfileInfo:655 - The following profiles are active: dev
2020-12-21 20:28:18.321 INFO  o.s.d.r.c.RepositoryConfigurationDelegate.registerRepositoriesIn:127 - Bootstrapping Spring Data JPA repositories in DEFERRED mode.
2020-12-21 20:28:18.380 INFO  o.s.d.r.c.RepositoryConfigurationDelegate.registerRepositoriesIn:187 - Finished Spring Data repository scanning in 54ms. Found 9 JPA repository interfaces.
2020-12-21 20:28:18.529 INFO  o.s.c.c.s.GenericScope.setSerializationId:295 - BeanFactory id=c8b91b8c-a618-3054-b03e-776931b3ffae
2020-12-21 20:28:18.564 INFO  o.s.c.s.PostProcessorRegistrationDelegate$BeanPostProcessorChecker.postProcessAfterInitialization:335 - Bean 'com.payment.raiffeisenservice.feign.PccClient' of type [org.springframework.cloud.openfeign.FeignClientFactoryBean] is not eligible for getting processed by all BeanPostProcessors (for example: not eligible for auto-proxying)
2020-12-21 20:28:18.581 INFO  o.s.c.s.PostProcessorRegistrationDelegate$BeanPostProcessorChecker.postProcessAfterInitialization:335 - Bean 'org.springframework.ws.config.annotation.DelegatingWsConfiguration' of type [org.springframework.ws.config.annotation.DelegatingWsConfiguration$$EnhancerBySpringCGLIB$$5409aee0] is not eligible for getting processed by all BeanPostProcessors (for example: not eligible for auto-proxying)
2020-12-21 20:28:18.600 INFO  o.s.w.s.a.s.AnnotationActionEndpointMapping.afterPropertiesSet:236 - Supporting [WS-Addressing August 2004, WS-Addressing 1.0]
2020-12-21 20:28:18.639 INFO  o.s.c.s.PostProcessorRegistrationDelegate$BeanPostProcessorChecker.postProcessAfterInitialization:335 - Bean 'org.springframework.security.access.expression.method.DefaultMethodSecurityExpressionHandler@44be69aa' of type [org.springframework.security.access.expression.method.DefaultMethodSecurityExpressionHandler] is not eligible for getting processed by all BeanPostProcessors (for example: not eligible for auto-proxying)
2020-12-21 20:28:18.642 INFO  o.s.c.s.PostProcessorRegistrationDelegate$BeanPostProcessorChecker.postProcessAfterInitialization:335 - Bean 'methodSecurityMetadataSource' of type [org.springframework.security.access.method.DelegatingMethodSecurityMetadataSource] is not eligible for getting processed by all BeanPostProcessors (for example: not eligible for auto-proxying)
2020-12-21 20:28:18.764 INFO  o.s.b.w.e.t.TomcatWebServer.initialize:108 - Tomcat initialized with port(s): 8090 (http)
2020-12-21 20:28:18.768 INFO  o.a.c.h.Http11NioProtocol.log:173 - Initializing ProtocolHandler ["http-nio-8090"]
2020-12-21 20:28:18.769 INFO  o.a.c.c.StandardService.log:173 - Starting service [Tomcat]
2020-12-21 20:28:18.769 INFO  o.a.c.c.StandardEngine.log:173 - Starting Servlet engine: [Apache Tomcat/9.0.37]
2020-12-21 20:28:18.861 INFO  o.a.c.c.C.[.[.[/].log:173 - Initializing Spring embedded WebApplicationContext
2020-12-21 20:28:18.861 INFO  o.s.b.w.s.c.ServletWebServerApplicationContext.prepareWebApplicationContext:285 - Root WebApplicationContext: initialization completed in 1072 ms
2020-12-21 20:28:18.954 INFO  o.s.s.c.ThreadPoolTaskExecutor.initialize:181 - Initializing ExecutorService 'applicationTaskExecutor'
2020-12-21 20:28:18.978 INFO  o.h.j.i.u.LogHelper.logPersistenceUnitInformation:31 - HHH000204: Processing PersistenceUnitInfo [name: default]
2020-12-21 20:28:19.002 INFO  o.h.Version.logVersion:44 - HHH000412: Hibernate ORM core version 5.4.18.Final
2020-12-21 20:28:19.079 INFO  o.h.a.c.Version.<clinit>:49 - HCANN000001: Hibernate Commons Annotations {5.1.0.Final}
2020-12-21 20:28:19.120 INFO  o.s.d.r.c.DeferredRepositoryInitializationListener.onApplicationEvent:49 - Triggering deferred initialization of Spring Data repositories…
2020-12-21 20:28:19.132 INFO  c.z.h.HikariDataSource.getConnection:110 - HikariPool-1 - Starting...
2020-12-21 20:28:19.238 INFO  c.z.h.HikariDataSource.getConnection:123 - HikariPool-1 - Start completed.
2020-12-21 20:28:19.246 INFO  o.h.d.Dialect.<init>:172 - HHH000400: Using dialect: org.hibernate.dialect.PostgreSQL95Dialect
2020-12-21 20:28:19.887 INFO  o.h.e.t.j.p.i.JtaPlatformInitiator.initiateService:52 - HHH000490: Using JtaPlatform implementation: [org.hibernate.engine.transaction.jta.platform.internal.NoJtaPlatform]
2020-12-21 20:28:19.892 INFO  o.s.o.j.LocalContainerEntityManagerFactoryBean.buildNativeEntityManagerFactory:416 - Initialized JPA EntityManagerFactory for persistence unit 'default'
2020-12-21 20:28:20.132 INFO  o.s.d.r.c.DeferredRepositoryInitializationListener.onApplicationEvent:53 - Spring Data repositories initialized!
2020-12-21 20:28:20.294 INFO  o.s.b.a.s.s.UserDetailsServiceAutoConfiguration.getOrDeducePassword:86 - 

Using generated security password: 7a0055cf-7043-4b9d-9036-4b36c4344e8f

2020-12-21 20:28:20.324 INFO  o.s.s.w.DefaultSecurityFilterChain.<init>:43 - Creating filter chain: Ant [pattern='/', GET], []
2020-12-21 20:28:20.324 INFO  o.s.s.w.DefaultSecurityFilterChain.<init>:43 - Creating filter chain: Ant [pattern='/webjars/**', GET], []
2020-12-21 20:28:20.324 INFO  o.s.s.w.DefaultSecurityFilterChain.<init>:43 - Creating filter chain: Ant [pattern='/*.html', GET], []
2020-12-21 20:28:20.324 INFO  o.s.s.w.DefaultSecurityFilterChain.<init>:43 - Creating filter chain: Ant [pattern='/favicon.ico', GET], []
2020-12-21 20:28:20.324 INFO  o.s.s.w.DefaultSecurityFilterChain.<init>:43 - Creating filter chain: Ant [pattern='/**/*.html', GET], []
2020-12-21 20:28:20.324 INFO  o.s.s.w.DefaultSecurityFilterChain.<init>:43 - Creating filter chain: Ant [pattern='/**/*.css', GET], []
2020-12-21 20:28:20.324 INFO  o.s.s.w.DefaultSecurityFilterChain.<init>:43 - Creating filter chain: Ant [pattern='/**/*.js', GET], []
2020-12-21 20:28:20.355 INFO  o.s.s.w.DefaultSecurityFilterChain.<init>:43 - Creating filter chain: any request, [org.springframework.security.web.context.request.async.WebAsyncManagerIntegrationFilter@ac4e690, org.springframework.security.web.context.SecurityContextPersistenceFilter@31f7eb8, org.springframework.security.web.header.HeaderWriterFilter@296676c4, org.springframework.web.filter.CorsFilter@20801cbb, org.springframework.security.web.authentication.logout.LogoutFilter@7ff6804a, org.springframework.security.web.savedrequest.RequestCacheAwareFilter@4a833595, org.springframework.security.web.servletapi.SecurityContextHolderAwareRequestFilter@1e29a81a, org.springframework.security.web.authentication.AnonymousAuthenticationFilter@6afeaf2d, org.springframework.security.web.session.SessionManagementFilter@ff1f465, org.springframework.security.web.access.ExceptionTranslationFilter@5871a482, org.springframework.security.web.access.intercept.FilterSecurityInterceptor@29892a77]
2020-12-21 20:28:20.368 INFO  c.n.c.s.URLConfigurationSource.<init>:122 - To enable URLs as dynamic configuration sources, define System property archaius.configurationSource.additionalUrls or make config.properties available on classpath.
2020-12-21 20:28:20.370 INFO  c.n.c.s.URLConfigurationSource.<init>:122 - To enable URLs as dynamic configuration sources, define System property archaius.configurationSource.additionalUrls or make config.properties available on classpath.
2020-12-21 20:28:20.559 INFO  o.s.c.n.e.c.DiscoveryClientOptionalArgsConfiguration.discoveryClientOptionalArgs:78 - Eureka HTTP Client uses Jersey
2020-12-21 20:28:20.682 INFO  o.s.c.n.e.InstanceInfoFactory.create:72 - Setting initial instance status as: STARTING
2020-12-21 20:28:20.702 INFO  c.n.d.DiscoveryClient.<init>:371 - Initializing Eureka in region us-east-1
2020-12-21 20:28:20.821 INFO  c.n.d.p.DiscoveryJerseyProvider.<init>:70 - Using JSON encoding codec LegacyJacksonJson
2020-12-21 20:28:20.821 INFO  c.n.d.p.DiscoveryJerseyProvider.<init>:71 - Using JSON decoding codec LegacyJacksonJson
2020-12-21 20:28:20.885 INFO  c.n.d.p.DiscoveryJerseyProvider.<init>:80 - Using XML encoding codec XStreamXml
2020-12-21 20:28:20.886 INFO  c.n.d.p.DiscoveryJerseyProvider.<init>:81 - Using XML decoding codec XStreamXml
2020-12-21 20:28:20.977 INFO  c.n.d.s.r.a.ConfigClusterResolver.getClusterEndpoints:43 - Resolving eureka endpoints via configuration
2020-12-21 20:28:20.990 INFO  c.n.d.DiscoveryClient.fetchRegistry:1004 - Disable delta property : false
2020-12-21 20:28:20.990 INFO  c.n.d.DiscoveryClient.fetchRegistry:1005 - Single vip registry refresh property : null
2020-12-21 20:28:20.990 INFO  c.n.d.DiscoveryClient.fetchRegistry:1006 - Force full registry fetch : false
2020-12-21 20:28:20.990 INFO  c.n.d.DiscoveryClient.fetchRegistry:1007 - Application is null : false
2020-12-21 20:28:20.990 INFO  c.n.d.DiscoveryClient.fetchRegistry:1008 - Registered Applications size is zero : true
2020-12-21 20:28:20.990 INFO  c.n.d.DiscoveryClient.fetchRegistry:1010 - Application version is -1: true
2020-12-21 20:28:20.990 INFO  c.n.d.DiscoveryClient.getAndStoreFullRegistry:1093 - Getting all instance registry info from the eureka server
2020-12-21 20:28:25.026 INFO  c.n.d.DiscoveryClient.<init>:442 - Initial registry fetch from primary servers failed
2020-12-21 20:28:25.026 INFO  c.n.d.DiscoveryClient.<init>:447 - Initial registry fetch from backup servers failed
2020-12-21 20:28:25.027 INFO  c.n.d.DiscoveryClient.initScheduledTasks:1317 - Starting heartbeat executor: renew interval is: 30
2020-12-21 20:28:25.028 INFO  c.n.d.InstanceInfoReplicator.<init>:60 - InstanceInfoReplicator onDemand update allowed rate per min is 4
2020-12-21 20:28:25.031 INFO  c.n.d.DiscoveryClient.<init>:491 - Discovery Client initialized at timestamp 1608578905030 with initial instances count: 0
2020-12-21 20:28:25.033 INFO  o.s.c.n.e.s.EurekaServiceRegistry.register:41 - Registering application RAIFFEISEN with eureka with status UP
2020-12-21 20:28:25.034 INFO  c.n.d.DiscoveryClient.notify:1353 - Saw local status change event StatusChangeEvent [timestamp=1608578905034, current=UP, previous=STARTING]
2020-12-21 20:28:25.035 INFO  o.a.c.h.Http11NioProtocol.log:173 - Starting ProtocolHandler ["http-nio-8090"]
2020-12-21 20:28:25.035 INFO  c.n.d.DiscoveryClient.register:870 - DiscoveryClient_RAIFFEISEN/host.docker.internal:raiffeisen:8090: registering service...
2020-12-21 20:28:25.050 INFO  o.s.b.w.e.t.TomcatWebServer.start:220 - Tomcat started on port(s): 8090 (http) with context path ''
2020-12-21 20:28:25.050 INFO  o.s.c.n.e.s.EurekaAutoServiceRegistration.onApplicationEvent:145 - Updating port to 8090
2020-12-21 20:28:25.079 INFO  o.s.d.r.c.DeferredRepositoryInitializationListener.onApplicationEvent:49 - Triggering deferred initialization of Spring Data repositories…
2020-12-21 20:28:25.079 INFO  o.s.d.r.c.DeferredRepositoryInitializationListener.onApplicationEvent:53 - Spring Data repositories initialized!
2020-12-21 20:28:25.087 INFO  c.p.r.RaiffeisenServiceApplication.logStarted:61 - Started RaiffeisenServiceApplication in 7.941 seconds (JVM running for 8.508)
2020-12-21 20:28:55.029 INFO  c.n.d.DiscoveryClient.fetchRegistry:1004 - Disable delta property : false
2020-12-21 20:28:55.029 INFO  c.n.d.DiscoveryClient.fetchRegistry:1005 - Single vip registry refresh property : null
2020-12-21 20:28:55.029 INFO  c.n.d.DiscoveryClient.fetchRegistry:1006 - Force full registry fetch : false
2020-12-21 20:28:55.029 INFO  c.n.d.DiscoveryClient.fetchRegistry:1007 - Application is null : false
2020-12-21 20:28:55.029 INFO  c.n.d.DiscoveryClient.fetchRegistry:1008 - Registered Applications size is zero : true
2020-12-21 20:28:55.029 INFO  c.n.d.DiscoveryClient.fetchRegistry:1010 - Application version is -1: true
2020-12-21 20:28:55.030 INFO  c.n.d.DiscoveryClient.getAndStoreFullRegistry:1093 - Getting all instance registry info from the eureka server
2020-12-21 20:28:59.044 INFO  c.n.d.DiscoveryClient.register:870 - DiscoveryClient_RAIFFEISEN/host.docker.internal:raiffeisen:8090: registering service...
2020-12-21 20:29:29.036 INFO  c.n.d.DiscoveryClient.fetchRegistry:1004 - Disable delta property : false
2020-12-21 20:29:29.036 INFO  c.n.d.DiscoveryClient.fetchRegistry:1005 - Single vip registry refresh property : null
2020-12-21 20:29:29.036 INFO  c.n.d.DiscoveryClient.fetchRegistry:1006 - Force full registry fetch : false
2020-12-21 20:29:29.036 INFO  c.n.d.DiscoveryClient.fetchRegistry:1007 - Application is null : false
2020-12-21 20:29:29.036 INFO  c.n.d.DiscoveryClient.fetchRegistry:1008 - Registered Applications size is zero : true
2020-12-21 20:29:29.036 INFO  c.n.d.DiscoveryClient.fetchRegistry:1010 - Application version is -1: true
2020-12-21 20:29:29.036 INFO  c.n.d.DiscoveryClient.getAndStoreFullRegistry:1093 - Getting all instance registry info from the eureka server
2020-12-21 20:29:33.052 INFO  c.n.d.DiscoveryClient.register:870 - DiscoveryClient_RAIFFEISEN/host.docker.internal:raiffeisen:8090: registering service...
2020-12-21 20:29:34.962 INFO  o.a.c.c.C.[.[.[/].log:173 - Initializing Spring DispatcherServlet 'dispatcherServlet'
2020-12-21 20:29:34.963 INFO  o.s.w.s.DispatcherServlet.initServletBean:525 - Initializing Servlet 'dispatcherServlet'
2020-12-21 20:29:34.969 INFO  o.s.w.s.DispatcherServlet.initServletBean:547 - Completed initialization in 6 ms
2020-12-21 20:30:03.042 INFO  c.n.d.DiscoveryClient.fetchRegistry:1004 - Disable delta property : false
2020-12-21 20:30:03.042 INFO  c.n.d.DiscoveryClient.fetchRegistry:1005 - Single vip registry refresh property : null
2020-12-21 20:30:03.042 INFO  c.n.d.DiscoveryClient.fetchRegistry:1006 - Force full registry fetch : false
2020-12-21 20:30:03.042 INFO  c.n.d.DiscoveryClient.fetchRegistry:1007 - Application is null : false
2020-12-21 20:30:03.042 INFO  c.n.d.DiscoveryClient.fetchRegistry:1008 - Registered Applications size is zero : true
2020-12-21 20:30:03.042 INFO  c.n.d.DiscoveryClient.fetchRegistry:1010 - Application version is -1: true
2020-12-21 20:30:03.042 INFO  c.n.d.DiscoveryClient.getAndStoreFullRegistry:1093 - Getting all instance registry info from the eureka server
2020-12-21 20:30:07.060 INFO  c.n.d.DiscoveryClient.register:870 - DiscoveryClient_RAIFFEISEN/host.docker.internal:raiffeisen:8090: registering service...
2020-12-21 20:30:37.048 INFO  c.n.d.DiscoveryClient.fetchRegistry:1004 - Disable delta property : false
2020-12-21 20:30:37.048 INFO  c.n.d.DiscoveryClient.fetchRegistry:1005 - Single vip registry refresh property : null
2020-12-21 20:30:37.048 INFO  c.n.d.DiscoveryClient.fetchRegistry:1006 - Force full registry fetch : false
2020-12-21 20:30:37.048 INFO  c.n.d.DiscoveryClient.fetchRegistry:1007 - Application is null : false
2020-12-21 20:30:37.048 INFO  c.n.d.DiscoveryClient.fetchRegistry:1008 - Registered Applications size is zero : true
2020-12-21 20:30:37.048 INFO  c.n.d.DiscoveryClient.fetchRegistry:1010 - Application version is -1: true
2020-12-21 20:30:37.048 INFO  c.n.d.DiscoveryClient.getAndStoreFullRegistry:1093 - Getting all instance registry info from the eureka server
2020-12-21 20:30:41.067 INFO  c.n.d.DiscoveryClient.register:870 - DiscoveryClient_RAIFFEISEN/host.docker.internal:raiffeisen:8090: registering service...
2020-12-21 20:31:11.057 INFO  c.n.d.DiscoveryClient.fetchRegistry:1004 - Disable delta property : false
2020-12-21 20:31:11.057 INFO  c.n.d.DiscoveryClient.fetchRegistry:1005 - Single vip registry refresh property : null
2020-12-21 20:31:11.057 INFO  c.n.d.DiscoveryClient.fetchRegistry:1006 - Force full registry fetch : false
2020-12-21 20:31:11.057 INFO  c.n.d.DiscoveryClient.fetchRegistry:1007 - Application is null : false
2020-12-21 20:31:11.057 INFO  c.n.d.DiscoveryClient.fetchRegistry:1008 - Registered Applications size is zero : true
2020-12-21 20:31:11.057 INFO  c.n.d.DiscoveryClient.fetchRegistry:1010 - Application version is -1: true
2020-12-21 20:31:11.057 INFO  c.n.d.DiscoveryClient.getAndStoreFullRegistry:1093 - Getting all instance registry info from the eureka server
2020-12-21 20:31:15.074 INFO  c.n.d.DiscoveryClient.register:870 - DiscoveryClient_RAIFFEISEN/host.docker.internal:raiffeisen:8090: registering service...
