2020-12-17 13:58:48.029 INFO  c.p.p.PccServiceApplication.logStartupProfileInfo:655 - The following profiles are active: dev
2020-12-17 13:58:49.025 INFO  o.s.d.r.c.RepositoryConfigurationDelegate.registerRepositoriesIn:127 - Bootstrapping Spring Data JPA repositories in DEFERRED mode.
2020-12-17 13:58:49.133 INFO  o.s.d.r.c.RepositoryConfigurationDelegate.registerRepositoriesIn:187 - Finished Spring Data repository scanning in 93ms. Found 1 JPA repository interfaces.
2020-12-17 13:58:49.450 INFO  o.s.c.c.s.GenericScope.setSerializationId:295 - BeanFactory id=24cc0aef-5eb9-320d-b37f-42633a0a1feb
2020-12-17 13:58:49.481 INFO  o.s.c.s.PostProcessorRegistrationDelegate$BeanPostProcessorChecker.postProcessAfterInitialization:335 - Bean 'com.payment.pccservice.feign.RaiffeisenClient' of type [org.springframework.cloud.openfeign.FeignClientFactoryBean] is not eligible for getting processed by all BeanPostProcessors (for example: not eligible for auto-proxying)
2020-12-17 13:58:49.484 INFO  o.s.c.s.PostProcessorRegistrationDelegate$BeanPostProcessorChecker.postProcessAfterInitialization:335 - Bean 'com.payment.pccservice.feign.UnicreditClient' of type [org.springframework.cloud.openfeign.FeignClientFactoryBean] is not eligible for getting processed by all BeanPostProcessors (for example: not eligible for auto-proxying)
2020-12-17 13:58:49.545 INFO  o.s.c.s.PostProcessorRegistrationDelegate$BeanPostProcessorChecker.postProcessAfterInitialization:335 - Bean 'org.springframework.ws.config.annotation.DelegatingWsConfiguration' of type [org.springframework.ws.config.annotation.DelegatingWsConfiguration$$EnhancerBySpringCGLIB$$e80477e3] is not eligible for getting processed by all BeanPostProcessors (for example: not eligible for auto-proxying)
2020-12-17 13:58:49.593 INFO  o.s.w.s.a.s.AnnotationActionEndpointMapping.afterPropertiesSet:236 - Supporting [WS-Addressing August 2004, WS-Addressing 1.0]
2020-12-17 13:58:49.898 INFO  o.s.b.w.e.t.TomcatWebServer.initialize:108 - Tomcat initialized with port(s): 8084 (http)
2020-12-17 13:58:49.909 INFO  o.a.c.h.Http11NioProtocol.log:173 - Initializing ProtocolHandler ["http-nio-8084"]
2020-12-17 13:58:49.910 INFO  o.a.c.c.StandardService.log:173 - Starting service [Tomcat]
2020-12-17 13:58:49.911 INFO  o.a.c.c.StandardEngine.log:173 - Starting Servlet engine: [Apache Tomcat/9.0.37]
2020-12-17 13:58:50.166 INFO  o.a.c.c.C.[.[.[/].log:173 - Initializing Spring embedded WebApplicationContext
2020-12-17 13:58:50.166 INFO  o.s.b.w.s.c.ServletWebServerApplicationContext.prepareWebApplicationContext:285 - Root WebApplicationContext: initialization completed in 2100 ms
2020-12-17 13:58:50.325 INFO  o.s.s.c.ThreadPoolTaskExecutor.initialize:181 - Initializing ExecutorService 'applicationTaskExecutor'
2020-12-17 13:58:50.399 INFO  o.h.j.i.u.LogHelper.logPersistenceUnitInformation:31 - HHH000204: Processing PersistenceUnitInfo [name: default]
2020-12-17 13:58:50.463 INFO  o.h.Version.logVersion:44 - HHH000412: Hibernate ORM core version 5.4.18.Final
2020-12-17 13:58:50.682 INFO  o.s.d.r.c.DeferredRepositoryInitializationListener.onApplicationEvent:49 - Triggering deferred initialization of Spring Data repositories…
2020-12-17 13:58:50.708 INFO  o.h.a.c.Version.<clinit>:49 - HCANN000001: Hibernate Commons Annotations {5.1.0.Final}
2020-12-17 13:58:50.856 INFO  c.z.h.HikariDataSource.getConnection:110 - HikariPool-1 - Starting...
2020-12-17 13:58:50.998 INFO  c.z.h.HikariDataSource.getConnection:123 - HikariPool-1 - Start completed.
2020-12-17 13:58:51.018 INFO  o.h.d.Dialect.<init>:172 - HHH000400: Using dialect: org.hibernate.dialect.PostgreSQL95Dialect
2020-12-17 13:58:52.036 INFO  o.h.e.t.j.p.i.JtaPlatformInitiator.initiateService:52 - HHH000490: Using JtaPlatform implementation: [org.hibernate.engine.transaction.jta.platform.internal.NoJtaPlatform]
2020-12-17 13:58:52.045 INFO  o.s.o.j.LocalContainerEntityManagerFactoryBean.buildNativeEntityManagerFactory:416 - Initialized JPA EntityManagerFactory for persistence unit 'default'
2020-12-17 13:58:52.276 INFO  o.s.d.r.c.DeferredRepositoryInitializationListener.onApplicationEvent:53 - Spring Data repositories initialized!
2020-12-17 13:58:52.348 INFO  o.s.d.r.c.DeferredRepositoryInitializationListener.onApplicationEvent:49 - Triggering deferred initialization of Spring Data repositories…
2020-12-17 13:58:52.348 INFO  o.s.d.r.c.DeferredRepositoryInitializationListener.onApplicationEvent:53 - Spring Data repositories initialized!
2020-12-17 13:58:52.362 INFO  c.n.c.s.URLConfigurationSource.<init>:122 - To enable URLs as dynamic configuration sources, define System property archaius.configurationSource.additionalUrls or make config.properties available on classpath.
2020-12-17 13:58:52.366 INFO  c.n.c.s.URLConfigurationSource.<init>:122 - To enable URLs as dynamic configuration sources, define System property archaius.configurationSource.additionalUrls or make config.properties available on classpath.
2020-12-17 13:58:53.237 INFO  o.s.c.n.e.c.DiscoveryClientOptionalArgsConfiguration.discoveryClientOptionalArgs:78 - Eureka HTTP Client uses Jersey
2020-12-17 13:58:53.630 INFO  o.s.c.n.e.InstanceInfoFactory.create:72 - Setting initial instance status as: STARTING
2020-12-17 13:58:53.666 INFO  c.n.d.DiscoveryClient.<init>:371 - Initializing Eureka in region us-east-1
2020-12-17 13:58:54.274 INFO  c.n.d.p.DiscoveryJerseyProvider.<init>:70 - Using JSON encoding codec LegacyJacksonJson
2020-12-17 13:58:54.275 INFO  c.n.d.p.DiscoveryJerseyProvider.<init>:71 - Using JSON decoding codec LegacyJacksonJson
2020-12-17 13:58:54.409 INFO  c.n.d.p.DiscoveryJerseyProvider.<init>:80 - Using XML encoding codec XStreamXml
2020-12-17 13:58:54.409 INFO  c.n.d.p.DiscoveryJerseyProvider.<init>:81 - Using XML decoding codec XStreamXml
2020-12-17 13:58:54.614 INFO  c.n.d.s.r.a.ConfigClusterResolver.getClusterEndpoints:43 - Resolving eureka endpoints via configuration
2020-12-17 13:58:54.803 INFO  c.n.d.DiscoveryClient.fetchRegistry:1004 - Disable delta property : false
2020-12-17 13:58:54.804 INFO  c.n.d.DiscoveryClient.fetchRegistry:1005 - Single vip registry refresh property : null
2020-12-17 13:58:54.804 INFO  c.n.d.DiscoveryClient.fetchRegistry:1006 - Force full registry fetch : false
2020-12-17 13:58:54.804 INFO  c.n.d.DiscoveryClient.fetchRegistry:1007 - Application is null : false
2020-12-17 13:58:54.805 INFO  c.n.d.DiscoveryClient.fetchRegistry:1008 - Registered Applications size is zero : true
2020-12-17 13:58:54.805 INFO  c.n.d.DiscoveryClient.fetchRegistry:1010 - Application version is -1: true
2020-12-17 13:58:54.805 INFO  c.n.d.DiscoveryClient.getAndStoreFullRegistry:1093 - Getting all instance registry info from the eureka server
2020-12-17 13:58:54.985 INFO  c.n.d.DiscoveryClient.getAndStoreFullRegistry:1102 - The response status is 200
2020-12-17 13:58:54.988 INFO  c.n.d.DiscoveryClient.initScheduledTasks:1317 - Starting heartbeat executor: renew interval is: 30
2020-12-17 13:58:54.992 INFO  c.n.d.InstanceInfoReplicator.<init>:60 - InstanceInfoReplicator onDemand update allowed rate per min is 4
2020-12-17 13:58:54.998 INFO  c.n.d.DiscoveryClient.<init>:491 - Discovery Client initialized at timestamp 1608209934997 with initial instances count: 1
2020-12-17 13:58:55.001 INFO  o.s.c.n.e.s.EurekaServiceRegistry.register:41 - Registering application PCC with eureka with status UP
2020-12-17 13:58:55.002 INFO  c.n.d.DiscoveryClient.notify:1353 - Saw local status change event StatusChangeEvent [timestamp=1608209935002, current=UP, previous=STARTING]
2020-12-17 13:58:55.004 INFO  c.n.d.DiscoveryClient.register:870 - DiscoveryClient_PCC/host.docker.internal:pcc:8084: registering service...
2020-12-17 13:58:55.005 INFO  o.a.c.h.Http11NioProtocol.log:173 - Starting ProtocolHandler ["http-nio-8084"]
2020-12-17 13:58:55.040 INFO  o.s.b.w.e.t.TomcatWebServer.start:220 - Tomcat started on port(s): 8084 (http) with context path ''
2020-12-17 13:58:55.041 INFO  o.s.c.n.e.s.EurekaAutoServiceRegistration.onApplicationEvent:145 - Updating port to 8084
2020-12-17 13:58:55.064 INFO  c.n.d.DiscoveryClient.register:879 - DiscoveryClient_PCC/host.docker.internal:pcc:8084 - registration status: 204
2020-12-17 13:58:55.351 INFO  o.s.d.r.c.DeferredRepositoryInitializationListener.onApplicationEvent:49 - Triggering deferred initialization of Spring Data repositories…
2020-12-17 13:58:55.351 INFO  o.s.d.r.c.DeferredRepositoryInitializationListener.onApplicationEvent:53 - Spring Data repositories initialized!
2020-12-17 13:58:55.360 INFO  c.p.p.PccServiceApplication.logStarted:61 - Started PccServiceApplication in 10.041 seconds (JVM running for 12.306)
2020-12-17 14:02:28.781 INFO  o.s.c.n.e.s.EurekaServiceRegistry.deregister:65 - Unregistering application PCC with eureka with status DOWN
2020-12-17 14:02:28.782 INFO  c.n.d.DiscoveryClient.register:870 - DiscoveryClient_PCC/host.docker.internal:pcc:8084: registering service...
2020-12-17 14:02:29.106 INFO  o.s.o.j.LocalContainerEntityManagerFactoryBean.destroy:598 - Closing JPA EntityManagerFactory for persistence unit 'default'
2020-12-17 14:02:29.107 INFO  o.h.t.s.i.SchemaDropperImpl$DelayedDropActionImpl.perform:526 - HHH000477: Starting delayed evictData of schema as part of SessionFactory shut-down'
2020-12-17 14:02:29.166 INFO  o.s.s.c.ThreadPoolTaskExecutor.shutdown:218 - Shutting down ExecutorService 'applicationTaskExecutor'
2020-12-17 14:02:29.167 INFO  c.z.h.HikariDataSource.close:350 - HikariPool-1 - Shutdown initiated...
2020-12-17 14:02:29.202 INFO  c.z.h.HikariDataSource.close:352 - HikariPool-1 - Shutdown completed.
2020-12-17 14:02:29.203 INFO  c.n.d.DiscoveryClient.shutdown:932 - Shutting down DiscoveryClient ...
2020-12-17 14:09:49.797 INFO  c.p.p.PccServiceApplication.logStartupProfileInfo:655 - The following profiles are active: dev
2020-12-17 14:09:50.493 INFO  o.s.d.r.c.RepositoryConfigurationDelegate.registerRepositoriesIn:127 - Bootstrapping Spring Data JPA repositories in DEFERRED mode.
2020-12-17 14:09:50.589 INFO  o.s.d.r.c.RepositoryConfigurationDelegate.registerRepositoriesIn:187 - Finished Spring Data repository scanning in 86ms. Found 1 JPA repository interfaces.
2020-12-17 14:09:50.887 INFO  o.s.c.c.s.GenericScope.setSerializationId:295 - BeanFactory id=24cc0aef-5eb9-320d-b37f-42633a0a1feb
2020-12-17 14:09:50.913 INFO  o.s.c.s.PostProcessorRegistrationDelegate$BeanPostProcessorChecker.postProcessAfterInitialization:335 - Bean 'com.payment.pccservice.feign.RaiffeisenClient' of type [org.springframework.cloud.openfeign.FeignClientFactoryBean] is not eligible for getting processed by all BeanPostProcessors (for example: not eligible for auto-proxying)
2020-12-17 14:09:50.914 INFO  o.s.c.s.PostProcessorRegistrationDelegate$BeanPostProcessorChecker.postProcessAfterInitialization:335 - Bean 'com.payment.pccservice.feign.UnicreditClient' of type [org.springframework.cloud.openfeign.FeignClientFactoryBean] is not eligible for getting processed by all BeanPostProcessors (for example: not eligible for auto-proxying)
2020-12-17 14:09:50.976 INFO  o.s.c.s.PostProcessorRegistrationDelegate$BeanPostProcessorChecker.postProcessAfterInitialization:335 - Bean 'org.springframework.ws.config.annotation.DelegatingWsConfiguration' of type [org.springframework.ws.config.annotation.DelegatingWsConfiguration$$EnhancerBySpringCGLIB$$36df928d] is not eligible for getting processed by all BeanPostProcessors (for example: not eligible for auto-proxying)
2020-12-17 14:09:51.011 INFO  o.s.w.s.a.s.AnnotationActionEndpointMapping.afterPropertiesSet:236 - Supporting [WS-Addressing August 2004, WS-Addressing 1.0]
2020-12-17 14:09:51.313 INFO  o.s.b.w.e.t.TomcatWebServer.initialize:108 - Tomcat initialized with port(s): 8084 (http)
2020-12-17 14:09:51.322 INFO  o.a.c.h.Http11NioProtocol.log:173 - Initializing ProtocolHandler ["http-nio-8084"]
2020-12-17 14:09:51.323 INFO  o.a.c.c.StandardService.log:173 - Starting service [Tomcat]
2020-12-17 14:09:51.323 INFO  o.a.c.c.StandardEngine.log:173 - Starting Servlet engine: [Apache Tomcat/9.0.37]
2020-12-17 14:09:51.592 INFO  o.a.c.c.C.[.[.[/].log:173 - Initializing Spring embedded WebApplicationContext
2020-12-17 14:09:51.593 INFO  o.s.b.w.s.c.ServletWebServerApplicationContext.prepareWebApplicationContext:285 - Root WebApplicationContext: initialization completed in 1769 ms
2020-12-17 14:09:51.808 INFO  o.s.s.c.ThreadPoolTaskExecutor.initialize:181 - Initializing ExecutorService 'applicationTaskExecutor'
2020-12-17 14:09:51.852 INFO  o.h.j.i.u.LogHelper.logPersistenceUnitInformation:31 - HHH000204: Processing PersistenceUnitInfo [name: default]
2020-12-17 14:09:51.910 INFO  o.h.Version.logVersion:44 - HHH000412: Hibernate ORM core version 5.4.18.Final
2020-12-17 14:09:52.066 INFO  o.s.d.r.c.DeferredRepositoryInitializationListener.onApplicationEvent:49 - Triggering deferred initialization of Spring Data repositories…
2020-12-17 14:09:52.103 INFO  o.h.a.c.Version.<clinit>:49 - HCANN000001: Hibernate Commons Annotations {5.1.0.Final}
2020-12-17 14:09:52.235 INFO  c.z.h.HikariDataSource.getConnection:110 - HikariPool-1 - Starting...
2020-12-17 14:09:52.377 INFO  c.z.h.HikariDataSource.getConnection:123 - HikariPool-1 - Start completed.
2020-12-17 14:09:52.398 INFO  o.h.d.Dialect.<init>:172 - HHH000400: Using dialect: org.hibernate.dialect.PostgreSQL95Dialect
2020-12-17 14:09:53.410 INFO  o.h.e.t.j.p.i.JtaPlatformInitiator.initiateService:52 - HHH000490: Using JtaPlatform implementation: [org.hibernate.engine.transaction.jta.platform.internal.NoJtaPlatform]
2020-12-17 14:09:53.418 INFO  o.s.o.j.LocalContainerEntityManagerFactoryBean.buildNativeEntityManagerFactory:416 - Initialized JPA EntityManagerFactory for persistence unit 'default'
2020-12-17 14:09:53.667 INFO  o.s.d.r.c.DeferredRepositoryInitializationListener.onApplicationEvent:53 - Spring Data repositories initialized!
2020-12-17 14:09:53.742 INFO  o.s.d.r.c.DeferredRepositoryInitializationListener.onApplicationEvent:49 - Triggering deferred initialization of Spring Data repositories…
2020-12-17 14:09:53.742 INFO  o.s.d.r.c.DeferredRepositoryInitializationListener.onApplicationEvent:53 - Spring Data repositories initialized!
2020-12-17 14:09:53.753 INFO  c.n.c.s.URLConfigurationSource.<init>:122 - To enable URLs as dynamic configuration sources, define System property archaius.configurationSource.additionalUrls or make config.properties available on classpath.
2020-12-17 14:09:53.761 INFO  c.n.c.s.URLConfigurationSource.<init>:122 - To enable URLs as dynamic configuration sources, define System property archaius.configurationSource.additionalUrls or make config.properties available on classpath.
2020-12-17 14:09:54.613 INFO  o.s.c.n.e.c.DiscoveryClientOptionalArgsConfiguration.discoveryClientOptionalArgs:78 - Eureka HTTP Client uses Jersey
2020-12-17 14:09:54.968 INFO  o.s.c.n.e.InstanceInfoFactory.create:72 - Setting initial instance status as: STARTING
2020-12-17 14:09:55.003 INFO  c.n.d.DiscoveryClient.<init>:371 - Initializing Eureka in region us-east-1
2020-12-17 14:09:55.532 INFO  c.n.d.p.DiscoveryJerseyProvider.<init>:70 - Using JSON encoding codec LegacyJacksonJson
2020-12-17 14:09:55.532 INFO  c.n.d.p.DiscoveryJerseyProvider.<init>:71 - Using JSON decoding codec LegacyJacksonJson
2020-12-17 14:09:55.639 INFO  c.n.d.p.DiscoveryJerseyProvider.<init>:80 - Using XML encoding codec XStreamXml
2020-12-17 14:09:55.639 INFO  c.n.d.p.DiscoveryJerseyProvider.<init>:81 - Using XML decoding codec XStreamXml
2020-12-17 14:09:55.830 INFO  c.n.d.s.r.a.ConfigClusterResolver.getClusterEndpoints:43 - Resolving eureka endpoints via configuration
2020-12-17 14:09:55.994 INFO  c.n.d.DiscoveryClient.fetchRegistry:1004 - Disable delta property : false
2020-12-17 14:09:55.994 INFO  c.n.d.DiscoveryClient.fetchRegistry:1005 - Single vip registry refresh property : null
2020-12-17 14:09:55.994 INFO  c.n.d.DiscoveryClient.fetchRegistry:1006 - Force full registry fetch : false
2020-12-17 14:09:55.995 INFO  c.n.d.DiscoveryClient.fetchRegistry:1007 - Application is null : false
2020-12-17 14:09:55.995 INFO  c.n.d.DiscoveryClient.fetchRegistry:1008 - Registered Applications size is zero : true
2020-12-17 14:09:55.995 INFO  c.n.d.DiscoveryClient.fetchRegistry:1010 - Application version is -1: true
2020-12-17 14:09:55.995 INFO  c.n.d.DiscoveryClient.getAndStoreFullRegistry:1093 - Getting all instance registry info from the eureka server
2020-12-17 14:09:56.150 INFO  c.n.d.DiscoveryClient.getAndStoreFullRegistry:1102 - The response status is 200
2020-12-17 14:09:56.153 INFO  c.n.d.DiscoveryClient.initScheduledTasks:1317 - Starting heartbeat executor: renew interval is: 30
2020-12-17 14:09:56.155 INFO  c.n.d.InstanceInfoReplicator.<init>:60 - InstanceInfoReplicator onDemand update allowed rate per min is 4
2020-12-17 14:09:56.159 INFO  c.n.d.DiscoveryClient.<init>:491 - Discovery Client initialized at timestamp 1608210596158 with initial instances count: 1
2020-12-17 14:09:56.161 INFO  o.s.c.n.e.s.EurekaServiceRegistry.register:41 - Registering application PCC with eureka with status UP
2020-12-17 14:09:56.162 INFO  c.n.d.DiscoveryClient.notify:1353 - Saw local status change event StatusChangeEvent [timestamp=1608210596162, current=UP, previous=STARTING]
2020-12-17 14:09:56.164 INFO  c.n.d.DiscoveryClient.register:870 - DiscoveryClient_PCC/host.docker.internal:pcc:8084: registering service...
2020-12-17 14:09:56.164 INFO  o.a.c.h.Http11NioProtocol.log:173 - Starting ProtocolHandler ["http-nio-8084"]
2020-12-17 14:09:56.190 INFO  o.s.b.w.e.t.TomcatWebServer.start:220 - Tomcat started on port(s): 8084 (http) with context path ''
2020-12-17 14:09:56.191 INFO  o.s.c.n.e.s.EurekaAutoServiceRegistration.onApplicationEvent:145 - Updating port to 8084
2020-12-17 14:09:56.207 INFO  c.n.d.DiscoveryClient.register:879 - DiscoveryClient_PCC/host.docker.internal:pcc:8084 - registration status: 204
2020-12-17 14:09:56.434 INFO  o.s.d.r.c.DeferredRepositoryInitializationListener.onApplicationEvent:49 - Triggering deferred initialization of Spring Data repositories…
2020-12-17 14:09:56.435 INFO  o.s.d.r.c.DeferredRepositoryInitializationListener.onApplicationEvent:53 - Spring Data repositories initialized!
2020-12-17 14:09:56.443 INFO  c.p.p.PccServiceApplication.logStarted:61 - Started PccServiceApplication in 9.01 seconds (JVM running for 11.076)
2020-12-17 14:13:23.475 INFO  o.a.c.c.C.[.[.[/].log:173 - Initializing Spring DispatcherServlet 'dispatcherServlet'
2020-12-17 14:13:23.475 INFO  o.s.w.s.DispatcherServlet.initServletBean:525 - Initializing Servlet 'dispatcherServlet'
2020-12-17 14:13:23.482 INFO  o.s.w.s.DispatcherServlet.initServletBean:547 - Completed initialization in 7 ms
2020-12-17 14:13:24.355 INFO  c.p.p.s.i.PccService.forwardRequest:36 - [PCC] pcc request forwarding [from=Unicredit Bank], [to=Raiffeisen Bank], [acq-orderId=1]
2020-12-17 14:13:24.558 INFO  c.n.c.ChainedDynamicProperty.checkAndFlip:115 - Flipping property: unicredit.ribbon.ActiveConnectionsLimit to use NEXT property: niws.loadbalancer.availabilityFilteringRule.activeConnectionsLimit = 2147483647
2020-12-17 14:13:24.603 INFO  c.n.u.c.ShutdownEnabledTimer.<init>:58 - Shutdown hook installed for: NFLoadBalancer-PingTimer-unicredit
2020-12-17 14:13:24.604 INFO  c.n.l.BaseLoadBalancer.initWithConfig:197 - Client: unicredit instantiated a LoadBalancer: DynamicServerListLoadBalancer:{NFLoadBalancer:name=unicredit,current list of Servers=[],Load balancer stats=Zone stats: {},Server stats: []}ServerList:null
2020-12-17 14:13:24.613 INFO  c.n.l.DynamicServerListLoadBalancer.enableAndInitLearnNewServersFeature:222 - Using serverListUpdater PollingServerListUpdater
2020-12-17 14:13:24.673 INFO  c.n.c.ChainedDynamicProperty.checkAndFlip:115 - Flipping property: unicredit.ribbon.ActiveConnectionsLimit to use NEXT property: niws.loadbalancer.availabilityFilteringRule.activeConnectionsLimit = 2147483647
2020-12-17 14:13:24.675 INFO  c.n.l.DynamicServerListLoadBalancer.restOfInit:150 - DynamicServerListLoadBalancer for client unicredit initialized: DynamicServerListLoadBalancer:{NFLoadBalancer:name=unicredit,current list of Servers=[192.168.2.37:8091],Load balancer stats=Zone stats: {defaultzone=[Zone:defaultzone;	Instance count:1;	Active connections count: 0;	Circuit breaker tripped count: 0;	Active connections per server: 0.0;]
},Server stats: [[Server:192.168.2.37:8091;	Zone:defaultZone;	Total Requests:0;	Successive connection failure:0;	Total blackout seconds:0;	Last connection made:Thu Jan 01 01:00:00 CET 1970;	First connection made: Thu Jan 01 01:00:00 CET 1970;	Active Connections:0;	total failure count in last (1000) msecs:0;	average resp time:0.0;	90 percentile resp time:0.0;	95 percentile resp time:0.0;	min resp time:0.0;	max resp time:0.0;	stddev resp time:0.0]
]}ServerList:org.springframework.cloud.netflix.ribbon.eureka.DomainExtractingServerList@6e4f2b8f
2020-12-17 14:13:24.699 INFO  o.s.d.r.c.DeferredRepositoryInitializationListener.onApplicationEvent:49 - Triggering deferred initialization of Spring Data repositories…
2020-12-17 14:13:24.700 INFO  o.s.d.r.c.DeferredRepositoryInitializationListener.onApplicationEvent:53 - Spring Data repositories initialized!
2020-12-17 14:13:25.655 INFO  c.n.c.ChainedDynamicProperty.checkAndFlip:115 - Flipping property: unicredit.ribbon.ActiveConnectionsLimit to use NEXT property: niws.loadbalancer.availabilityFilteringRule.activeConnectionsLimit = 2147483647
2020-12-17 14:14:47.075 INFO  c.n.l.PollingServerListUpdater.run:53 - Shutting down the Executor Pool for PollingServerListUpdater
2020-12-17 14:14:47.077 INFO  o.s.c.n.e.s.EurekaServiceRegistry.deregister:65 - Unregistering application PCC with eureka with status DOWN
2020-12-17 14:14:47.077 INFO  c.n.d.DiscoveryClient.register:870 - DiscoveryClient_PCC/host.docker.internal:pcc:8084: registering service...
2020-12-17 14:14:47.401 INFO  c.n.u.c.ShutdownEnabledTimer.cancel:67 - Shutdown hook removed for: NFLoadBalancer-PingTimer-unicredit
2020-12-17 14:14:47.401 INFO  c.n.u.c.ShutdownEnabledTimer.cancel:72 - Exception caught (might be ok if at shutdown)
java.lang.IllegalStateException: Shutdown in progress
	at java.lang.ApplicationShutdownHooks.remove(ApplicationShutdownHooks.java:82)
	at java.lang.Runtime.removeShutdownHook(Runtime.java:239)
	at com.netflix.util.concurrent.ShutdownEnabledTimer.cancel(ShutdownEnabledTimer.java:70)
	at com.netflix.loadbalancer.BaseLoadBalancer.cancelPingTask(BaseLoadBalancer.java:632)
	at com.netflix.loadbalancer.BaseLoadBalancer.shutdown(BaseLoadBalancer.java:883)
	at com.netflix.loadbalancer.DynamicServerListLoadBalancer.shutdown(DynamicServerListLoadBalancer.java:285)
	at sun.reflect.NativeMethodAccessorImpl.invoke0(Native Method)
	at sun.reflect.NativeMethodAccessorImpl.invoke(NativeMethodAccessorImpl.java:62)
	at sun.reflect.DelegatingMethodAccessorImpl.invoke(DelegatingMethodAccessorImpl.java:43)
	at java.lang.reflect.Method.invoke(Method.java:498)
	at org.springframework.beans.factory.support.DisposableBeanAdapter.invokeCustomDestroyMethod(DisposableBeanAdapter.java:339)
	at org.springframework.beans.factory.support.DisposableBeanAdapter.destroy(DisposableBeanAdapter.java:273)
	at org.springframework.beans.factory.support.DefaultSingletonBeanRegistry.destroyBean(DefaultSingletonBeanRegistry.java:579)
	at org.springframework.beans.factory.support.DefaultSingletonBeanRegistry.destroySingleton(DefaultSingletonBeanRegistry.java:551)
	at org.springframework.beans.factory.support.DefaultListableBeanFactory.destroySingleton(DefaultListableBeanFactory.java:1092)
	at org.springframework.beans.factory.support.DefaultSingletonBeanRegistry.destroySingletons(DefaultSingletonBeanRegistry.java:512)
	at org.springframework.beans.factory.support.DefaultListableBeanFactory.destroySingletons(DefaultListableBeanFactory.java:1085)
	at org.springframework.context.support.AbstractApplicationContext.destroyBeans(AbstractApplicationContext.java:1061)
	at org.springframework.context.support.AbstractApplicationContext.doClose(AbstractApplicationContext.java:1030)
	at org.springframework.context.support.AbstractApplicationContext.close(AbstractApplicationContext.java:979)
	at org.springframework.cloud.context.named.NamedContextFactory.destroy(NamedContextFactory.java:92)
	at org.springframework.beans.factory.support.DisposableBeanAdapter.destroy(DisposableBeanAdapter.java:258)
	at org.springframework.beans.factory.support.DefaultSingletonBeanRegistry.destroyBean(DefaultSingletonBeanRegistry.java:579)
	at org.springframework.beans.factory.support.DefaultSingletonBeanRegistry.destroySingleton(DefaultSingletonBeanRegistry.java:551)
	at org.springframework.beans.factory.support.DefaultListableBeanFactory.destroySingleton(DefaultListableBeanFactory.java:1092)
	at org.springframework.beans.factory.support.DefaultSingletonBeanRegistry.destroySingletons(DefaultSingletonBeanRegistry.java:512)
	at org.springframework.beans.factory.support.DefaultListableBeanFactory.destroySingletons(DefaultListableBeanFactory.java:1085)
	at org.springframework.context.support.AbstractApplicationContext.destroyBeans(AbstractApplicationContext.java:1061)
	at org.springframework.context.support.AbstractApplicationContext.doClose(AbstractApplicationContext.java:1030)
	at org.springframework.boot.web.servlet.context.ServletWebServerApplicationContext.doClose(ServletWebServerApplicationContext.java:170)
	at org.springframework.context.support.AbstractApplicationContext$1.run(AbstractApplicationContext.java:949)
2020-12-17 14:14:47.411 INFO  o.s.o.j.LocalContainerEntityManagerFactoryBean.destroy:598 - Closing JPA EntityManagerFactory for persistence unit 'default'
2020-12-17 14:14:47.412 INFO  o.h.t.s.i.SchemaDropperImpl$DelayedDropActionImpl.perform:526 - HHH000477: Starting delayed evictData of schema as part of SessionFactory shut-down'
2020-12-17 14:14:47.435 INFO  o.s.s.c.ThreadPoolTaskExecutor.shutdown:218 - Shutting down ExecutorService 'applicationTaskExecutor'
2020-12-17 14:14:47.436 INFO  c.z.h.HikariDataSource.close:350 - HikariPool-1 - Shutdown initiated...
2020-12-17 14:14:47.461 INFO  c.z.h.HikariDataSource.close:352 - HikariPool-1 - Shutdown completed.
2020-12-17 14:14:47.462 INFO  c.n.d.DiscoveryClient.shutdown:932 - Shutting down DiscoveryClient ...
