19-12-2020;18:10:42 WARN  o.s.b.a.o.j.JpaBaseConfiguration$JpaWebConfiguration.openEntityManagerInViewInterceptor:220 - spring.jpa.open-in-view is enabled by default. Therefore, database queries may be performed during view rendering. Explicitly configure spring.jpa.open-in-view to disable this warning
19-12-2020;18:10:46 WARN  o.h.e.j.s.SqlExceptionHelper.logWarning:230 - SQL Warning Code: 0, SQLState: 00000
19-12-2020;18:10:46 WARN  o.h.e.j.s.SqlExceptionHelper.logWarning:231 - relation "account" does not exist, skipping
19-12-2020;18:10:46 WARN  o.h.e.j.s.SqlExceptionHelper.logWarning:230 - SQL Warning Code: 0, SQLState: 00000
19-12-2020;18:10:46 WARN  o.h.e.j.s.SqlExceptionHelper.logWarning:231 - relation "customer_account" does not exist, skipping
19-12-2020;18:10:46 WARN  o.h.e.j.s.SqlExceptionHelper.logWarning:230 - SQL Warning Code: 0, SQLState: 00000
19-12-2020;18:10:46 WARN  o.h.e.j.s.SqlExceptionHelper.logWarning:231 - relation "merchant_order" does not exist, skipping
19-12-2020;18:10:46 WARN  o.h.e.j.s.SqlExceptionHelper.logWarning:230 - SQL Warning Code: 0, SQLState: 00000
19-12-2020;18:10:46 WARN  o.h.e.j.s.SqlExceptionHelper.logWarning:231 - relation "payment_request" does not exist, skipping
19-12-2020;18:10:46 WARN  o.h.e.j.s.SqlExceptionHelper.logWarning:230 - SQL Warning Code: 0, SQLState: 00000
19-12-2020;18:10:46 WARN  o.h.e.j.s.SqlExceptionHelper.logWarning:231 - relation "payment_request" does not exist, skipping
19-12-2020;18:10:46 WARN  o.h.e.j.s.SqlExceptionHelper.logWarning:230 - SQL Warning Code: 0, SQLState: 00000
19-12-2020;18:10:46 WARN  o.h.e.j.s.SqlExceptionHelper.logWarning:231 - relation "seller_account" does not exist, skipping
19-12-2020;18:10:46 WARN  o.h.e.j.s.SqlExceptionHelper.logWarning:230 - SQL Warning Code: 0, SQLState: 00000
19-12-2020;18:10:46 WARN  o.h.e.j.s.SqlExceptionHelper.logWarning:231 - relation "transaction" does not exist, skipping
19-12-2020;18:10:46 WARN  o.h.e.j.s.SqlExceptionHelper.logWarning:230 - SQL Warning Code: 0, SQLState: 00000
19-12-2020;18:10:46 WARN  o.h.e.j.s.SqlExceptionHelper.logWarning:231 - relation "transaction" does not exist, skipping
19-12-2020;18:10:46 WARN  o.h.e.j.s.SqlExceptionHelper.logWarning:230 - SQL Warning Code: 0, SQLState: 00000
19-12-2020;18:10:46 WARN  o.h.e.j.s.SqlExceptionHelper.logWarning:231 - table "account" does not exist, skipping
19-12-2020;18:10:46 WARN  o.h.e.j.s.SqlExceptionHelper.logWarning:230 - SQL Warning Code: 0, SQLState: 00000
19-12-2020;18:10:46 WARN  o.h.e.j.s.SqlExceptionHelper.logWarning:231 - table "address" does not exist, skipping
19-12-2020;18:10:46 WARN  o.h.e.j.s.SqlExceptionHelper.logWarning:230 - SQL Warning Code: 0, SQLState: 00000
19-12-2020;18:10:46 WARN  o.h.e.j.s.SqlExceptionHelper.logWarning:231 - table "customer_account" does not exist, skipping
19-12-2020;18:10:46 WARN  o.h.e.j.s.SqlExceptionHelper.logWarning:230 - SQL Warning Code: 0, SQLState: 00000
19-12-2020;18:10:46 WARN  o.h.e.j.s.SqlExceptionHelper.logWarning:231 - table "merchant_order" does not exist, skipping
19-12-2020;18:10:46 WARN  o.h.e.j.s.SqlExceptionHelper.logWarning:230 - SQL Warning Code: 0, SQLState: 00000
19-12-2020;18:10:46 WARN  o.h.e.j.s.SqlExceptionHelper.logWarning:231 - table "order_counter" does not exist, skipping
19-12-2020;18:10:46 WARN  o.h.e.j.s.SqlExceptionHelper.logWarning:230 - SQL Warning Code: 0, SQLState: 00000
19-12-2020;18:10:46 WARN  o.h.e.j.s.SqlExceptionHelper.logWarning:231 - table "payment_request" does not exist, skipping
19-12-2020;18:10:46 WARN  o.h.e.j.s.SqlExceptionHelper.logWarning:230 - SQL Warning Code: 0, SQLState: 00000
19-12-2020;18:10:46 WARN  o.h.e.j.s.SqlExceptionHelper.logWarning:231 - table "seller_account" does not exist, skipping
19-12-2020;18:10:46 WARN  o.h.e.j.s.SqlExceptionHelper.logWarning:230 - SQL Warning Code: 0, SQLState: 00000
19-12-2020;18:10:46 WARN  o.h.e.j.s.SqlExceptionHelper.logWarning:231 - table "transaction" does not exist, skipping
19-12-2020;18:10:46 WARN  o.h.e.j.s.SqlExceptionHelper.logWarning:230 - SQL Warning Code: 0, SQLState: 00000
19-12-2020;18:10:46 WARN  o.h.e.j.s.SqlExceptionHelper.logWarning:231 - table "url_responder" does not exist, skipping
19-12-2020;18:10:48 WARN  c.n.c.s.URLConfigurationSource.<init>:121 - No URLs will be polled as dynamic configuration sources.
19-12-2020;18:10:48 WARN  c.n.c.s.URLConfigurationSource.<init>:121 - No URLs will be polled as dynamic configuration sources.
19-12-2020;18:10:51 WARN  o.s.c.l.c.BlockingLoadBalancerClientAutoConfiguration$BlockingLoadBalancerClientRibbonWarnLogger.logWarning:86 - You already have RibbonLoadBalancerClient on your classpath. It will be used by default. As Spring Cloud Ribbon is in maintenance mode. We recommend switching to BlockingLoadBalancerClient instead. In order to use it, set the value of `spring.cloud.loadbalancer.ribbon.enabled` to `false` or remove spring-cloud-starter-netflix-ribbon from your project.
19-12-2020;18:21:12 WARN  c.n.d.DiscoveryClient.notify:1351 - Saw local status change event StatusChangeEvent [timestamp=1608398472972, current=DOWN, previous=UP]
19-12-2020;18:21:13 WARN  c.n.d.s.t.d.RetryableEurekaHttpClient.execute:130 - Request execution failed with message: org.apache.http.NoHttpResponseException: localhost:8761 failed to respond
19-12-2020;18:21:13 WARN  c.n.d.s.t.d.RetryableEurekaHttpClient.execute:130 - Request execution failed with message: org.apache.http.client.ClientProtocolException
19-12-2020;18:21:13 WARN  c.n.d.DiscoveryClient.register:875 - DiscoveryClient_RAIFFEISEN/host.docker.internal:raiffeisen:8090 - registration failed Cannot execute request on any known server
com.netflix.discovery.shared.transport.TransportException: Cannot execute request on any known server
	at com.netflix.discovery.shared.transport.decorator.RetryableEurekaHttpClient.execute(RetryableEurekaHttpClient.java:112)
	at com.netflix.discovery.shared.transport.decorator.EurekaHttpClientDecorator.register(EurekaHttpClientDecorator.java:56)
	at com.netflix.discovery.shared.transport.decorator.EurekaHttpClientDecorator$1.execute(EurekaHttpClientDecorator.java:59)
	at com.netflix.discovery.shared.transport.decorator.SessionedEurekaHttpClient.execute(SessionedEurekaHttpClient.java:77)
	at com.netflix.discovery.shared.transport.decorator.EurekaHttpClientDecorator.register(EurekaHttpClientDecorator.java:56)
	at com.netflix.discovery.DiscoveryClient.register(DiscoveryClient.java:873)
	at com.netflix.discovery.InstanceInfoReplicator.run(InstanceInfoReplicator.java:121)
	at com.netflix.discovery.InstanceInfoReplicator$1.run(InstanceInfoReplicator.java:101)
	at java.util.concurrent.Executors$RunnableAdapter.call(Executors.java:511)
	at java.util.concurrent.FutureTask.run$$$capture(FutureTask.java:266)
	at java.util.concurrent.FutureTask.run(FutureTask.java)
	at java.util.concurrent.ScheduledThreadPoolExecutor$ScheduledFutureTask.access$201(ScheduledThreadPoolExecutor.java:180)
	at java.util.concurrent.ScheduledThreadPoolExecutor$ScheduledFutureTask.run(ScheduledThreadPoolExecutor.java:293)
	at java.util.concurrent.ThreadPoolExecutor.runWorker(ThreadPoolExecutor.java:1149)
	at java.util.concurrent.ThreadPoolExecutor$Worker.run(ThreadPoolExecutor.java:624)
	at java.lang.Thread.run(Thread.java:748)
19-12-2020;18:21:13 WARN  c.n.d.InstanceInfoReplicator.run:125 - There was a problem with the instance info replicator
com.netflix.discovery.shared.transport.TransportException: Cannot execute request on any known server
	at com.netflix.discovery.shared.transport.decorator.RetryableEurekaHttpClient.execute(RetryableEurekaHttpClient.java:112)
	at com.netflix.discovery.shared.transport.decorator.EurekaHttpClientDecorator.register(EurekaHttpClientDecorator.java:56)
	at com.netflix.discovery.shared.transport.decorator.EurekaHttpClientDecorator$1.execute(EurekaHttpClientDecorator.java:59)
	at com.netflix.discovery.shared.transport.decorator.SessionedEurekaHttpClient.execute(SessionedEurekaHttpClient.java:77)
	at com.netflix.discovery.shared.transport.decorator.EurekaHttpClientDecorator.register(EurekaHttpClientDecorator.java:56)
	at com.netflix.discovery.DiscoveryClient.register(DiscoveryClient.java:873)
	at com.netflix.discovery.InstanceInfoReplicator.run(InstanceInfoReplicator.java:121)
	at com.netflix.discovery.InstanceInfoReplicator$1.run(InstanceInfoReplicator.java:101)
	at java.util.concurrent.Executors$RunnableAdapter.call(Executors.java:511)
	at java.util.concurrent.FutureTask.run$$$capture(FutureTask.java:266)
	at java.util.concurrent.FutureTask.run(FutureTask.java)
	at java.util.concurrent.ScheduledThreadPoolExecutor$ScheduledFutureTask.access$201(ScheduledThreadPoolExecutor.java:180)
	at java.util.concurrent.ScheduledThreadPoolExecutor$ScheduledFutureTask.run(ScheduledThreadPoolExecutor.java:293)
	at java.util.concurrent.ThreadPoolExecutor.runWorker(ThreadPoolExecutor.java:1149)
	at java.util.concurrent.ThreadPoolExecutor$Worker.run(ThreadPoolExecutor.java:624)
	at java.lang.Thread.run(Thread.java:748)
19-12-2020;18:24:30 WARN  o.s.b.a.o.j.JpaBaseConfiguration$JpaWebConfiguration.openEntityManagerInViewInterceptor:220 - spring.jpa.open-in-view is enabled by default. Therefore, database queries may be performed during view rendering. Explicitly configure spring.jpa.open-in-view to disable this warning
19-12-2020;18:24:33 WARN  o.h.e.j.s.SqlExceptionHelper.logWarning:230 - SQL Warning Code: 0, SQLState: 00000
19-12-2020;18:24:33 WARN  o.h.e.j.s.SqlExceptionHelper.logWarning:231 - relation "account" does not exist, skipping
19-12-2020;18:24:33 WARN  o.h.e.j.s.SqlExceptionHelper.logWarning:230 - SQL Warning Code: 0, SQLState: 00000
19-12-2020;18:24:33 WARN  o.h.e.j.s.SqlExceptionHelper.logWarning:231 - relation "customer_account" does not exist, skipping
19-12-2020;18:24:33 WARN  o.h.e.j.s.SqlExceptionHelper.logWarning:230 - SQL Warning Code: 0, SQLState: 00000
19-12-2020;18:24:33 WARN  o.h.e.j.s.SqlExceptionHelper.logWarning:231 - relation "merchant_order" does not exist, skipping
19-12-2020;18:24:33 WARN  o.h.e.j.s.SqlExceptionHelper.logWarning:230 - SQL Warning Code: 0, SQLState: 00000
19-12-2020;18:24:33 WARN  o.h.e.j.s.SqlExceptionHelper.logWarning:231 - relation "payment_request" does not exist, skipping
19-12-2020;18:24:33 WARN  o.h.e.j.s.SqlExceptionHelper.logWarning:230 - SQL Warning Code: 0, SQLState: 00000
19-12-2020;18:24:33 WARN  o.h.e.j.s.SqlExceptionHelper.logWarning:231 - relation "payment_request" does not exist, skipping
19-12-2020;18:24:33 WARN  o.h.e.j.s.SqlExceptionHelper.logWarning:230 - SQL Warning Code: 0, SQLState: 00000
19-12-2020;18:24:33 WARN  o.h.e.j.s.SqlExceptionHelper.logWarning:231 - relation "seller_account" does not exist, skipping
19-12-2020;18:24:33 WARN  o.h.e.j.s.SqlExceptionHelper.logWarning:230 - SQL Warning Code: 0, SQLState: 00000
19-12-2020;18:24:33 WARN  o.h.e.j.s.SqlExceptionHelper.logWarning:231 - relation "transaction" does not exist, skipping
19-12-2020;18:24:33 WARN  o.h.e.j.s.SqlExceptionHelper.logWarning:230 - SQL Warning Code: 0, SQLState: 00000
19-12-2020;18:24:33 WARN  o.h.e.j.s.SqlExceptionHelper.logWarning:231 - relation "transaction" does not exist, skipping
19-12-2020;18:24:33 WARN  o.h.e.j.s.SqlExceptionHelper.logWarning:230 - SQL Warning Code: 0, SQLState: 00000
19-12-2020;18:24:33 WARN  o.h.e.j.s.SqlExceptionHelper.logWarning:231 - table "account" does not exist, skipping
19-12-2020;18:24:33 WARN  o.h.e.j.s.SqlExceptionHelper.logWarning:230 - SQL Warning Code: 0, SQLState: 00000
19-12-2020;18:24:33 WARN  o.h.e.j.s.SqlExceptionHelper.logWarning:231 - table "address" does not exist, skipping
19-12-2020;18:24:33 WARN  o.h.e.j.s.SqlExceptionHelper.logWarning:230 - SQL Warning Code: 0, SQLState: 00000
19-12-2020;18:24:33 WARN  o.h.e.j.s.SqlExceptionHelper.logWarning:231 - table "customer_account" does not exist, skipping
19-12-2020;18:24:33 WARN  o.h.e.j.s.SqlExceptionHelper.logWarning:230 - SQL Warning Code: 0, SQLState: 00000
19-12-2020;18:24:33 WARN  o.h.e.j.s.SqlExceptionHelper.logWarning:231 - table "merchant_order" does not exist, skipping
19-12-2020;18:24:33 WARN  o.h.e.j.s.SqlExceptionHelper.logWarning:230 - SQL Warning Code: 0, SQLState: 00000
19-12-2020;18:24:33 WARN  o.h.e.j.s.SqlExceptionHelper.logWarning:231 - table "order_counter" does not exist, skipping
19-12-2020;18:24:33 WARN  o.h.e.j.s.SqlExceptionHelper.logWarning:230 - SQL Warning Code: 0, SQLState: 00000
19-12-2020;18:24:33 WARN  o.h.e.j.s.SqlExceptionHelper.logWarning:231 - table "payment_request" does not exist, skipping
19-12-2020;18:24:33 WARN  o.h.e.j.s.SqlExceptionHelper.logWarning:230 - SQL Warning Code: 0, SQLState: 00000
19-12-2020;18:24:33 WARN  o.h.e.j.s.SqlExceptionHelper.logWarning:231 - table "seller_account" does not exist, skipping
19-12-2020;18:24:33 WARN  o.h.e.j.s.SqlExceptionHelper.logWarning:230 - SQL Warning Code: 0, SQLState: 00000
19-12-2020;18:24:33 WARN  o.h.e.j.s.SqlExceptionHelper.logWarning:231 - table "transaction" does not exist, skipping
19-12-2020;18:24:33 WARN  o.h.e.j.s.SqlExceptionHelper.logWarning:230 - SQL Warning Code: 0, SQLState: 00000
19-12-2020;18:24:33 WARN  o.h.e.j.s.SqlExceptionHelper.logWarning:231 - table "url_responder" does not exist, skipping
19-12-2020;18:24:35 WARN  c.n.c.s.URLConfigurationSource.<init>:121 - No URLs will be polled as dynamic configuration sources.
19-12-2020;18:24:35 WARN  c.n.c.s.URLConfigurationSource.<init>:121 - No URLs will be polled as dynamic configuration sources.
19-12-2020;18:24:36 WARN  o.s.c.l.c.BlockingLoadBalancerClientAutoConfiguration$BlockingLoadBalancerClientRibbonWarnLogger.logWarning:86 - You already have RibbonLoadBalancerClient on your classpath. It will be used by default. As Spring Cloud Ribbon is in maintenance mode. We recommend switching to BlockingLoadBalancerClient instead. In order to use it, set the value of `spring.cloud.loadbalancer.ribbon.enabled` to `false` or remove spring-cloud-starter-netflix-ribbon from your project.
19-12-2020;19:39:02 WARN  c.n.d.DiscoveryClient.notify:1351 - Saw local status change event StatusChangeEvent [timestamp=1608403142200, current=DOWN, previous=UP]
19-12-2020;22:56:46 WARN  o.s.b.a.o.j.JpaBaseConfiguration$JpaWebConfiguration.openEntityManagerInViewInterceptor:220 - spring.jpa.open-in-view is enabled by default. Therefore, database queries may be performed during view rendering. Explicitly configure spring.jpa.open-in-view to disable this warning
19-12-2020;22:56:48 WARN  o.h.e.j.s.SqlExceptionHelper.logWarning:230 - SQL Warning Code: 0, SQLState: 00000
19-12-2020;22:56:48 WARN  o.h.e.j.s.SqlExceptionHelper.logWarning:231 - relation "account" does not exist, skipping
19-12-2020;22:56:48 WARN  o.h.e.j.s.SqlExceptionHelper.logWarning:230 - SQL Warning Code: 0, SQLState: 00000
19-12-2020;22:56:48 WARN  o.h.e.j.s.SqlExceptionHelper.logWarning:231 - relation "customer_account" does not exist, skipping
19-12-2020;22:56:48 WARN  o.h.e.j.s.SqlExceptionHelper.logWarning:230 - SQL Warning Code: 0, SQLState: 00000
19-12-2020;22:56:48 WARN  o.h.e.j.s.SqlExceptionHelper.logWarning:231 - relation "merchant_order" does not exist, skipping
19-12-2020;22:56:48 WARN  o.h.e.j.s.SqlExceptionHelper.logWarning:230 - SQL Warning Code: 0, SQLState: 00000
19-12-2020;22:56:48 WARN  o.h.e.j.s.SqlExceptionHelper.logWarning:231 - relation "payment_request" does not exist, skipping
19-12-2020;22:56:48 WARN  o.h.e.j.s.SqlExceptionHelper.logWarning:230 - SQL Warning Code: 0, SQLState: 00000
19-12-2020;22:56:48 WARN  o.h.e.j.s.SqlExceptionHelper.logWarning:231 - relation "payment_request" does not exist, skipping
19-12-2020;22:56:48 WARN  o.h.e.j.s.SqlExceptionHelper.logWarning:230 - SQL Warning Code: 0, SQLState: 00000
19-12-2020;22:56:48 WARN  o.h.e.j.s.SqlExceptionHelper.logWarning:231 - relation "seller_account" does not exist, skipping
19-12-2020;22:56:48 WARN  o.h.e.j.s.SqlExceptionHelper.logWarning:230 - SQL Warning Code: 0, SQLState: 00000
19-12-2020;22:56:48 WARN  o.h.e.j.s.SqlExceptionHelper.logWarning:231 - relation "transaction" does not exist, skipping
19-12-2020;22:56:48 WARN  o.h.e.j.s.SqlExceptionHelper.logWarning:230 - SQL Warning Code: 0, SQLState: 00000
19-12-2020;22:56:48 WARN  o.h.e.j.s.SqlExceptionHelper.logWarning:231 - relation "transaction" does not exist, skipping
19-12-2020;22:56:48 WARN  o.h.e.j.s.SqlExceptionHelper.logWarning:230 - SQL Warning Code: 0, SQLState: 00000
19-12-2020;22:56:48 WARN  o.h.e.j.s.SqlExceptionHelper.logWarning:231 - table "account" does not exist, skipping
19-12-2020;22:56:48 WARN  o.h.e.j.s.SqlExceptionHelper.logWarning:230 - SQL Warning Code: 0, SQLState: 00000
19-12-2020;22:56:48 WARN  o.h.e.j.s.SqlExceptionHelper.logWarning:231 - table "address" does not exist, skipping
19-12-2020;22:56:48 WARN  o.h.e.j.s.SqlExceptionHelper.logWarning:230 - SQL Warning Code: 0, SQLState: 00000
19-12-2020;22:56:48 WARN  o.h.e.j.s.SqlExceptionHelper.logWarning:231 - table "customer_account" does not exist, skipping
19-12-2020;22:56:48 WARN  o.h.e.j.s.SqlExceptionHelper.logWarning:230 - SQL Warning Code: 0, SQLState: 00000
19-12-2020;22:56:48 WARN  o.h.e.j.s.SqlExceptionHelper.logWarning:231 - table "merchant_order" does not exist, skipping
19-12-2020;22:56:48 WARN  o.h.e.j.s.SqlExceptionHelper.logWarning:230 - SQL Warning Code: 0, SQLState: 00000
19-12-2020;22:56:48 WARN  o.h.e.j.s.SqlExceptionHelper.logWarning:231 - table "order_counter" does not exist, skipping
19-12-2020;22:56:48 WARN  o.h.e.j.s.SqlExceptionHelper.logWarning:230 - SQL Warning Code: 0, SQLState: 00000
19-12-2020;22:56:48 WARN  o.h.e.j.s.SqlExceptionHelper.logWarning:231 - table "payment_request" does not exist, skipping
19-12-2020;22:56:48 WARN  o.h.e.j.s.SqlExceptionHelper.logWarning:230 - SQL Warning Code: 0, SQLState: 00000
19-12-2020;22:56:48 WARN  o.h.e.j.s.SqlExceptionHelper.logWarning:231 - table "seller_account" does not exist, skipping
19-12-2020;22:56:48 WARN  o.h.e.j.s.SqlExceptionHelper.logWarning:230 - SQL Warning Code: 0, SQLState: 00000
19-12-2020;22:56:48 WARN  o.h.e.j.s.SqlExceptionHelper.logWarning:231 - table "transaction" does not exist, skipping
19-12-2020;22:56:48 WARN  o.h.e.j.s.SqlExceptionHelper.logWarning:230 - SQL Warning Code: 0, SQLState: 00000
19-12-2020;22:56:48 WARN  o.h.e.j.s.SqlExceptionHelper.logWarning:231 - table "url_responder" does not exist, skipping
19-12-2020;22:56:49 WARN  c.n.c.s.URLConfigurationSource.<init>:121 - No URLs will be polled as dynamic configuration sources.
19-12-2020;22:56:49 WARN  c.n.c.s.URLConfigurationSource.<init>:121 - No URLs will be polled as dynamic configuration sources.
19-12-2020;22:56:50 WARN  o.s.c.l.c.BlockingLoadBalancerClientAutoConfiguration$BlockingLoadBalancerClientRibbonWarnLogger.logWarning:86 - You already have RibbonLoadBalancerClient on your classpath. It will be used by default. As Spring Cloud Ribbon is in maintenance mode. We recommend switching to BlockingLoadBalancerClient instead. In order to use it, set the value of `spring.cloud.loadbalancer.ribbon.enabled` to `false` or remove spring-cloud-starter-netflix-ribbon from your project.
19-12-2020;22:59:32 WARN  c.p.r.s.i.TransactionService.pay:59 - ["Raiffeisen Bank"] account not found [Wilfred Zaha]
19-12-2020;22:59:32 WARN  c.p.r.s.i.TransactionService.pay:62 - ["Raiffeisen Bank"] cross bank transaction [Wilfred Zaha],[acq-orderId=1]
19-12-2020;22:59:40 WARN  c.p.r.s.i.TransactionService.pay:68 - ["Raiffeisen Bank"] account not found [Wilfred Zaha]
19-12-2020;23:00:53 WARN  c.n.d.DiscoveryClient.notify:1351 - Saw local status change event StatusChangeEvent [timestamp=1608415253180, current=DOWN, previous=UP]
19-12-2020;23:00:53 WARN  c.n.d.s.t.d.RetryableEurekaHttpClient.execute:130 - Request execution failed with message: org.apache.http.NoHttpResponseException: localhost:8761 failed to respond
19-12-2020;23:00:53 WARN  c.n.d.s.t.d.RetryableEurekaHttpClient.execute:130 - Request execution failed with message: java.net.SocketException: Connection reset
19-12-2020;23:00:53 WARN  c.n.d.DiscoveryClient.register:875 - DiscoveryClient_RAIFFEISEN/host.docker.internal:raiffeisen:8090 - registration failed Cannot execute request on any known server
com.netflix.discovery.shared.transport.TransportException: Cannot execute request on any known server
	at com.netflix.discovery.shared.transport.decorator.RetryableEurekaHttpClient.execute(RetryableEurekaHttpClient.java:112)
	at com.netflix.discovery.shared.transport.decorator.EurekaHttpClientDecorator.register(EurekaHttpClientDecorator.java:56)
	at com.netflix.discovery.shared.transport.decorator.EurekaHttpClientDecorator$1.execute(EurekaHttpClientDecorator.java:59)
	at com.netflix.discovery.shared.transport.decorator.SessionedEurekaHttpClient.execute(SessionedEurekaHttpClient.java:77)
	at com.netflix.discovery.shared.transport.decorator.EurekaHttpClientDecorator.register(EurekaHttpClientDecorator.java:56)
	at com.netflix.discovery.DiscoveryClient.register(DiscoveryClient.java:873)
	at com.netflix.discovery.InstanceInfoReplicator.run(InstanceInfoReplicator.java:121)
	at com.netflix.discovery.InstanceInfoReplicator$1.run(InstanceInfoReplicator.java:101)
	at java.util.concurrent.Executors$RunnableAdapter.call(Executors.java:511)
	at java.util.concurrent.FutureTask.run$$$capture(FutureTask.java:266)
	at java.util.concurrent.FutureTask.run(FutureTask.java)
	at java.util.concurrent.ScheduledThreadPoolExecutor$ScheduledFutureTask.access$201(ScheduledThreadPoolExecutor.java:180)
	at java.util.concurrent.ScheduledThreadPoolExecutor$ScheduledFutureTask.run(ScheduledThreadPoolExecutor.java:293)
	at java.util.concurrent.ThreadPoolExecutor.runWorker(ThreadPoolExecutor.java:1149)
	at java.util.concurrent.ThreadPoolExecutor$Worker.run(ThreadPoolExecutor.java:624)
	at java.lang.Thread.run(Thread.java:748)
19-12-2020;23:00:53 WARN  c.n.d.InstanceInfoReplicator.run:125 - There was a problem with the instance info replicator
com.netflix.discovery.shared.transport.TransportException: Cannot execute request on any known server
	at com.netflix.discovery.shared.transport.decorator.RetryableEurekaHttpClient.execute(RetryableEurekaHttpClient.java:112)
	at com.netflix.discovery.shared.transport.decorator.EurekaHttpClientDecorator.register(EurekaHttpClientDecorator.java:56)
	at com.netflix.discovery.shared.transport.decorator.EurekaHttpClientDecorator$1.execute(EurekaHttpClientDecorator.java:59)
	at com.netflix.discovery.shared.transport.decorator.SessionedEurekaHttpClient.execute(SessionedEurekaHttpClient.java:77)
	at com.netflix.discovery.shared.transport.decorator.EurekaHttpClientDecorator.register(EurekaHttpClientDecorator.java:56)
	at com.netflix.discovery.DiscoveryClient.register(DiscoveryClient.java:873)
	at com.netflix.discovery.InstanceInfoReplicator.run(InstanceInfoReplicator.java:121)
	at com.netflix.discovery.InstanceInfoReplicator$1.run(InstanceInfoReplicator.java:101)
	at java.util.concurrent.Executors$RunnableAdapter.call(Executors.java:511)
	at java.util.concurrent.FutureTask.run$$$capture(FutureTask.java:266)
	at java.util.concurrent.FutureTask.run(FutureTask.java)
	at java.util.concurrent.ScheduledThreadPoolExecutor$ScheduledFutureTask.access$201(ScheduledThreadPoolExecutor.java:180)
	at java.util.concurrent.ScheduledThreadPoolExecutor$ScheduledFutureTask.run(ScheduledThreadPoolExecutor.java:293)
	at java.util.concurrent.ThreadPoolExecutor.runWorker(ThreadPoolExecutor.java:1149)
	at java.util.concurrent.ThreadPoolExecutor$Worker.run(ThreadPoolExecutor.java:624)
	at java.lang.Thread.run(Thread.java:748)
19-12-2020;23:05:01 WARN  o.s.b.a.o.j.JpaBaseConfiguration$JpaWebConfiguration.openEntityManagerInViewInterceptor:220 - spring.jpa.open-in-view is enabled by default. Therefore, database queries may be performed during view rendering. Explicitly configure spring.jpa.open-in-view to disable this warning
19-12-2020;23:05:04 WARN  o.h.e.j.s.SqlExceptionHelper.logWarning:230 - SQL Warning Code: 0, SQLState: 00000
19-12-2020;23:05:04 WARN  o.h.e.j.s.SqlExceptionHelper.logWarning:231 - relation "account" does not exist, skipping
19-12-2020;23:05:04 WARN  o.h.e.j.s.SqlExceptionHelper.logWarning:230 - SQL Warning Code: 0, SQLState: 00000
19-12-2020;23:05:04 WARN  o.h.e.j.s.SqlExceptionHelper.logWarning:231 - relation "customer_account" does not exist, skipping
19-12-2020;23:05:04 WARN  o.h.e.j.s.SqlExceptionHelper.logWarning:230 - SQL Warning Code: 0, SQLState: 00000
19-12-2020;23:05:04 WARN  o.h.e.j.s.SqlExceptionHelper.logWarning:231 - relation "merchant_order" does not exist, skipping
19-12-2020;23:05:04 WARN  o.h.e.j.s.SqlExceptionHelper.logWarning:230 - SQL Warning Code: 0, SQLState: 00000
19-12-2020;23:05:04 WARN  o.h.e.j.s.SqlExceptionHelper.logWarning:231 - relation "payment_request" does not exist, skipping
19-12-2020;23:05:04 WARN  o.h.e.j.s.SqlExceptionHelper.logWarning:230 - SQL Warning Code: 0, SQLState: 00000
19-12-2020;23:05:04 WARN  o.h.e.j.s.SqlExceptionHelper.logWarning:231 - relation "payment_request" does not exist, skipping
19-12-2020;23:05:04 WARN  o.h.e.j.s.SqlExceptionHelper.logWarning:230 - SQL Warning Code: 0, SQLState: 00000
19-12-2020;23:05:04 WARN  o.h.e.j.s.SqlExceptionHelper.logWarning:231 - relation "seller_account" does not exist, skipping
19-12-2020;23:05:04 WARN  o.h.e.j.s.SqlExceptionHelper.logWarning:230 - SQL Warning Code: 0, SQLState: 00000
19-12-2020;23:05:04 WARN  o.h.e.j.s.SqlExceptionHelper.logWarning:231 - relation "transaction" does not exist, skipping
19-12-2020;23:05:04 WARN  o.h.e.j.s.SqlExceptionHelper.logWarning:230 - SQL Warning Code: 0, SQLState: 00000
19-12-2020;23:05:04 WARN  o.h.e.j.s.SqlExceptionHelper.logWarning:231 - relation "transaction" does not exist, skipping
19-12-2020;23:05:04 WARN  o.h.e.j.s.SqlExceptionHelper.logWarning:230 - SQL Warning Code: 0, SQLState: 00000
19-12-2020;23:05:04 WARN  o.h.e.j.s.SqlExceptionHelper.logWarning:231 - table "account" does not exist, skipping
19-12-2020;23:05:04 WARN  o.h.e.j.s.SqlExceptionHelper.logWarning:230 - SQL Warning Code: 0, SQLState: 00000
19-12-2020;23:05:04 WARN  o.h.e.j.s.SqlExceptionHelper.logWarning:231 - table "address" does not exist, skipping
19-12-2020;23:05:04 WARN  o.h.e.j.s.SqlExceptionHelper.logWarning:230 - SQL Warning Code: 0, SQLState: 00000
19-12-2020;23:05:04 WARN  o.h.e.j.s.SqlExceptionHelper.logWarning:231 - table "customer_account" does not exist, skipping
19-12-2020;23:05:04 WARN  o.h.e.j.s.SqlExceptionHelper.logWarning:230 - SQL Warning Code: 0, SQLState: 00000
19-12-2020;23:05:04 WARN  o.h.e.j.s.SqlExceptionHelper.logWarning:231 - table "merchant_order" does not exist, skipping
19-12-2020;23:05:04 WARN  o.h.e.j.s.SqlExceptionHelper.logWarning:230 - SQL Warning Code: 0, SQLState: 00000
19-12-2020;23:05:04 WARN  o.h.e.j.s.SqlExceptionHelper.logWarning:231 - table "order_counter" does not exist, skipping
19-12-2020;23:05:04 WARN  o.h.e.j.s.SqlExceptionHelper.logWarning:230 - SQL Warning Code: 0, SQLState: 00000
19-12-2020;23:05:04 WARN  o.h.e.j.s.SqlExceptionHelper.logWarning:231 - table "payment_request" does not exist, skipping
19-12-2020;23:05:04 WARN  o.h.e.j.s.SqlExceptionHelper.logWarning:230 - SQL Warning Code: 0, SQLState: 00000
19-12-2020;23:05:04 WARN  o.h.e.j.s.SqlExceptionHelper.logWarning:231 - table "seller_account" does not exist, skipping
19-12-2020;23:05:04 WARN  o.h.e.j.s.SqlExceptionHelper.logWarning:230 - SQL Warning Code: 0, SQLState: 00000
19-12-2020;23:05:04 WARN  o.h.e.j.s.SqlExceptionHelper.logWarning:231 - table "transaction" does not exist, skipping
19-12-2020;23:05:04 WARN  o.h.e.j.s.SqlExceptionHelper.logWarning:230 - SQL Warning Code: 0, SQLState: 00000
19-12-2020;23:05:04 WARN  o.h.e.j.s.SqlExceptionHelper.logWarning:231 - table "url_responder" does not exist, skipping
19-12-2020;23:05:06 WARN  c.n.c.s.URLConfigurationSource.<init>:121 - No URLs will be polled as dynamic configuration sources.
19-12-2020;23:05:06 WARN  c.n.c.s.URLConfigurationSource.<init>:121 - No URLs will be polled as dynamic configuration sources.
19-12-2020;23:05:07 WARN  o.s.c.l.c.BlockingLoadBalancerClientAutoConfiguration$BlockingLoadBalancerClientRibbonWarnLogger.logWarning:86 - You already have RibbonLoadBalancerClient on your classpath. It will be used by default. As Spring Cloud Ribbon is in maintenance mode. We recommend switching to BlockingLoadBalancerClient instead. In order to use it, set the value of `spring.cloud.loadbalancer.ribbon.enabled` to `false` or remove spring-cloud-starter-netflix-ribbon from your project.
19-12-2020;23:06:43 WARN  c.p.r.s.i.TransactionService.pay:59 - ["Raiffeisen Bank"] account not found [Wilfred Zaha]
19-12-2020;23:06:44 WARN  c.p.r.s.i.TransactionService.pay:62 - ["Raiffeisen Bank"] cross bank transaction [Wilfred Zaha],[acq-orderId=1]
19-12-2020;23:06:49 WARN  c.p.r.s.i.TransactionService.pay:69 - ["Raiffeisen Bank"] account not found [Wilfred Zaha]
19-12-2020;23:07:36 WARN  c.n.d.DiscoveryClient.notify:1351 - Saw local status change event StatusChangeEvent [timestamp=1608415656909, current=DOWN, previous=UP]
19-12-2020;23:07:36 WARN  c.n.d.s.t.d.RetryableEurekaHttpClient.execute:130 - Request execution failed with message: org.apache.http.NoHttpResponseException: localhost:8761 failed to respond
19-12-2020;23:07:36 WARN  c.n.d.s.t.d.RetryableEurekaHttpClient.execute:130 - Request execution failed with message: org.apache.http.NoHttpResponseException: localhost:8761 failed to respond
19-12-2020;23:07:36 WARN  c.n.d.DiscoveryClient.register:875 - DiscoveryClient_RAIFFEISEN/host.docker.internal:raiffeisen:8090 - registration failed Cannot execute request on any known server
com.netflix.discovery.shared.transport.TransportException: Cannot execute request on any known server
	at com.netflix.discovery.shared.transport.decorator.RetryableEurekaHttpClient.execute(RetryableEurekaHttpClient.java:112)
	at com.netflix.discovery.shared.transport.decorator.EurekaHttpClientDecorator.register(EurekaHttpClientDecorator.java:56)
	at com.netflix.discovery.shared.transport.decorator.EurekaHttpClientDecorator$1.execute(EurekaHttpClientDecorator.java:59)
	at com.netflix.discovery.shared.transport.decorator.SessionedEurekaHttpClient.execute(SessionedEurekaHttpClient.java:77)
	at com.netflix.discovery.shared.transport.decorator.EurekaHttpClientDecorator.register(EurekaHttpClientDecorator.java:56)
	at com.netflix.discovery.DiscoveryClient.register(DiscoveryClient.java:873)
	at com.netflix.discovery.InstanceInfoReplicator.run(InstanceInfoReplicator.java:121)
	at com.netflix.discovery.InstanceInfoReplicator$1.run(InstanceInfoReplicator.java:101)
	at java.util.concurrent.Executors$RunnableAdapter.call(Executors.java:511)
	at java.util.concurrent.FutureTask.run$$$capture(FutureTask.java:266)
	at java.util.concurrent.FutureTask.run(FutureTask.java)
	at java.util.concurrent.ScheduledThreadPoolExecutor$ScheduledFutureTask.access$201(ScheduledThreadPoolExecutor.java:180)
	at java.util.concurrent.ScheduledThreadPoolExecutor$ScheduledFutureTask.run(ScheduledThreadPoolExecutor.java:293)
	at java.util.concurrent.ThreadPoolExecutor.runWorker(ThreadPoolExecutor.java:1149)
	at java.util.concurrent.ThreadPoolExecutor$Worker.run(ThreadPoolExecutor.java:624)
	at java.lang.Thread.run(Thread.java:748)
19-12-2020;23:07:36 WARN  c.n.d.InstanceInfoReplicator.run:125 - There was a problem with the instance info replicator
com.netflix.discovery.shared.transport.TransportException: Cannot execute request on any known server
	at com.netflix.discovery.shared.transport.decorator.RetryableEurekaHttpClient.execute(RetryableEurekaHttpClient.java:112)
	at com.netflix.discovery.shared.transport.decorator.EurekaHttpClientDecorator.register(EurekaHttpClientDecorator.java:56)
	at com.netflix.discovery.shared.transport.decorator.EurekaHttpClientDecorator$1.execute(EurekaHttpClientDecorator.java:59)
	at com.netflix.discovery.shared.transport.decorator.SessionedEurekaHttpClient.execute(SessionedEurekaHttpClient.java:77)
	at com.netflix.discovery.shared.transport.decorator.EurekaHttpClientDecorator.register(EurekaHttpClientDecorator.java:56)
	at com.netflix.discovery.DiscoveryClient.register(DiscoveryClient.java:873)
	at com.netflix.discovery.InstanceInfoReplicator.run(InstanceInfoReplicator.java:121)
	at com.netflix.discovery.InstanceInfoReplicator$1.run(InstanceInfoReplicator.java:101)
	at java.util.concurrent.Executors$RunnableAdapter.call(Executors.java:511)
	at java.util.concurrent.FutureTask.run$$$capture(FutureTask.java:266)
	at java.util.concurrent.FutureTask.run(FutureTask.java)
	at java.util.concurrent.ScheduledThreadPoolExecutor$ScheduledFutureTask.access$201(ScheduledThreadPoolExecutor.java:180)
	at java.util.concurrent.ScheduledThreadPoolExecutor$ScheduledFutureTask.run(ScheduledThreadPoolExecutor.java:293)
	at java.util.concurrent.ThreadPoolExecutor.runWorker(ThreadPoolExecutor.java:1149)
	at java.util.concurrent.ThreadPoolExecutor$Worker.run(ThreadPoolExecutor.java:624)
	at java.lang.Thread.run(Thread.java:748)
19-12-2020;23:10:17 WARN  o.s.b.a.o.j.JpaBaseConfiguration$JpaWebConfiguration.openEntityManagerInViewInterceptor:220 - spring.jpa.open-in-view is enabled by default. Therefore, database queries may be performed during view rendering. Explicitly configure spring.jpa.open-in-view to disable this warning
19-12-2020;23:10:21 WARN  o.h.e.j.s.SqlExceptionHelper.logWarning:230 - SQL Warning Code: 0, SQLState: 00000
19-12-2020;23:10:21 WARN  o.h.e.j.s.SqlExceptionHelper.logWarning:231 - relation "account" does not exist, skipping
19-12-2020;23:10:21 WARN  o.h.e.j.s.SqlExceptionHelper.logWarning:230 - SQL Warning Code: 0, SQLState: 00000
19-12-2020;23:10:21 WARN  o.h.e.j.s.SqlExceptionHelper.logWarning:231 - relation "customer_account" does not exist, skipping
19-12-2020;23:10:21 WARN  o.h.e.j.s.SqlExceptionHelper.logWarning:230 - SQL Warning Code: 0, SQLState: 00000
19-12-2020;23:10:21 WARN  o.h.e.j.s.SqlExceptionHelper.logWarning:231 - relation "merchant_order" does not exist, skipping
19-12-2020;23:10:21 WARN  o.h.e.j.s.SqlExceptionHelper.logWarning:230 - SQL Warning Code: 0, SQLState: 00000
19-12-2020;23:10:21 WARN  o.h.e.j.s.SqlExceptionHelper.logWarning:231 - relation "payment_request" does not exist, skipping
19-12-2020;23:10:21 WARN  o.h.e.j.s.SqlExceptionHelper.logWarning:230 - SQL Warning Code: 0, SQLState: 00000
19-12-2020;23:10:21 WARN  o.h.e.j.s.SqlExceptionHelper.logWarning:231 - relation "payment_request" does not exist, skipping
19-12-2020;23:10:21 WARN  o.h.e.j.s.SqlExceptionHelper.logWarning:230 - SQL Warning Code: 0, SQLState: 00000
19-12-2020;23:10:21 WARN  o.h.e.j.s.SqlExceptionHelper.logWarning:231 - relation "seller_account" does not exist, skipping
19-12-2020;23:10:21 WARN  o.h.e.j.s.SqlExceptionHelper.logWarning:230 - SQL Warning Code: 0, SQLState: 00000
19-12-2020;23:10:21 WARN  o.h.e.j.s.SqlExceptionHelper.logWarning:231 - relation "transaction" does not exist, skipping
19-12-2020;23:10:21 WARN  o.h.e.j.s.SqlExceptionHelper.logWarning:230 - SQL Warning Code: 0, SQLState: 00000
19-12-2020;23:10:21 WARN  o.h.e.j.s.SqlExceptionHelper.logWarning:231 - relation "transaction" does not exist, skipping
19-12-2020;23:10:21 WARN  o.h.e.j.s.SqlExceptionHelper.logWarning:230 - SQL Warning Code: 0, SQLState: 00000
19-12-2020;23:10:21 WARN  o.h.e.j.s.SqlExceptionHelper.logWarning:231 - table "account" does not exist, skipping
19-12-2020;23:10:21 WARN  o.h.e.j.s.SqlExceptionHelper.logWarning:230 - SQL Warning Code: 0, SQLState: 00000
19-12-2020;23:10:21 WARN  o.h.e.j.s.SqlExceptionHelper.logWarning:231 - table "address" does not exist, skipping
19-12-2020;23:10:21 WARN  o.h.e.j.s.SqlExceptionHelper.logWarning:230 - SQL Warning Code: 0, SQLState: 00000
19-12-2020;23:10:21 WARN  o.h.e.j.s.SqlExceptionHelper.logWarning:231 - table "customer_account" does not exist, skipping
19-12-2020;23:10:21 WARN  o.h.e.j.s.SqlExceptionHelper.logWarning:230 - SQL Warning Code: 0, SQLState: 00000
19-12-2020;23:10:21 WARN  o.h.e.j.s.SqlExceptionHelper.logWarning:231 - table "merchant_order" does not exist, skipping
19-12-2020;23:10:21 WARN  o.h.e.j.s.SqlExceptionHelper.logWarning:230 - SQL Warning Code: 0, SQLState: 00000
19-12-2020;23:10:21 WARN  o.h.e.j.s.SqlExceptionHelper.logWarning:231 - table "order_counter" does not exist, skipping
19-12-2020;23:10:21 WARN  o.h.e.j.s.SqlExceptionHelper.logWarning:230 - SQL Warning Code: 0, SQLState: 00000
19-12-2020;23:10:21 WARN  o.h.e.j.s.SqlExceptionHelper.logWarning:231 - table "payment_request" does not exist, skipping
19-12-2020;23:10:21 WARN  o.h.e.j.s.SqlExceptionHelper.logWarning:230 - SQL Warning Code: 0, SQLState: 00000
19-12-2020;23:10:21 WARN  o.h.e.j.s.SqlExceptionHelper.logWarning:231 - table "seller_account" does not exist, skipping
19-12-2020;23:10:21 WARN  o.h.e.j.s.SqlExceptionHelper.logWarning:230 - SQL Warning Code: 0, SQLState: 00000
19-12-2020;23:10:21 WARN  o.h.e.j.s.SqlExceptionHelper.logWarning:231 - table "transaction" does not exist, skipping
19-12-2020;23:10:21 WARN  o.h.e.j.s.SqlExceptionHelper.logWarning:230 - SQL Warning Code: 0, SQLState: 00000
19-12-2020;23:10:21 WARN  o.h.e.j.s.SqlExceptionHelper.logWarning:231 - table "url_responder" does not exist, skipping
19-12-2020;23:10:23 WARN  c.n.c.s.URLConfigurationSource.<init>:121 - No URLs will be polled as dynamic configuration sources.
19-12-2020;23:10:23 WARN  c.n.c.s.URLConfigurationSource.<init>:121 - No URLs will be polled as dynamic configuration sources.
19-12-2020;23:10:26 WARN  o.s.c.l.c.BlockingLoadBalancerClientAutoConfiguration$BlockingLoadBalancerClientRibbonWarnLogger.logWarning:86 - You already have RibbonLoadBalancerClient on your classpath. It will be used by default. As Spring Cloud Ribbon is in maintenance mode. We recommend switching to BlockingLoadBalancerClient instead. In order to use it, set the value of `spring.cloud.loadbalancer.ribbon.enabled` to `false` or remove spring-cloud-starter-netflix-ribbon from your project.
19-12-2020;23:11:15 WARN  c.p.r.s.i.TransactionService.pay:59 - ["Raiffeisen Bank"] account not found [Wilfred Zaha]
19-12-2020;23:11:15 WARN  c.p.r.s.i.TransactionService.pay:62 - ["Raiffeisen Bank"] cross bank transaction [Wilfred Zaha],[acq-orderId=1]
19-12-2020;23:11:19 WARN  c.p.r.s.i.TransactionService.pay:69 - ["Raiffeisen Bank"] account not found [Wilfred Zaha]
19-12-2020;23:13:37 WARN  c.p.r.s.i.TransactionService.settlementInSameBank:203 - ["Raiffeisen Bank"] customer not have enough [name=Pedro Neto], [amount=4200.0]
19-12-2020;23:14:12 WARN  c.n.d.DiscoveryClient.notify:1351 - Saw local status change event StatusChangeEvent [timestamp=1608416052907, current=DOWN, previous=UP]
19-12-2020;23:19:34 WARN  o.s.b.a.o.j.JpaBaseConfiguration$JpaWebConfiguration.openEntityManagerInViewInterceptor:220 - spring.jpa.open-in-view is enabled by default. Therefore, database queries may be performed during view rendering. Explicitly configure spring.jpa.open-in-view to disable this warning
19-12-2020;23:19:36 WARN  o.h.e.j.s.SqlExceptionHelper.logWarning:230 - SQL Warning Code: 0, SQLState: 00000
19-12-2020;23:19:36 WARN  o.h.e.j.s.SqlExceptionHelper.logWarning:231 - relation "account" does not exist, skipping
19-12-2020;23:19:36 WARN  o.h.e.j.s.SqlExceptionHelper.logWarning:230 - SQL Warning Code: 0, SQLState: 00000
19-12-2020;23:19:36 WARN  o.h.e.j.s.SqlExceptionHelper.logWarning:231 - relation "customer_account" does not exist, skipping
19-12-2020;23:19:36 WARN  o.h.e.j.s.SqlExceptionHelper.logWarning:230 - SQL Warning Code: 0, SQLState: 00000
19-12-2020;23:19:36 WARN  o.h.e.j.s.SqlExceptionHelper.logWarning:231 - relation "merchant_order" does not exist, skipping
19-12-2020;23:19:36 WARN  o.h.e.j.s.SqlExceptionHelper.logWarning:230 - SQL Warning Code: 0, SQLState: 00000
19-12-2020;23:19:36 WARN  o.h.e.j.s.SqlExceptionHelper.logWarning:231 - relation "payment_request" does not exist, skipping
19-12-2020;23:19:36 WARN  o.h.e.j.s.SqlExceptionHelper.logWarning:230 - SQL Warning Code: 0, SQLState: 00000
19-12-2020;23:19:36 WARN  o.h.e.j.s.SqlExceptionHelper.logWarning:231 - relation "payment_request" does not exist, skipping
19-12-2020;23:19:36 WARN  o.h.e.j.s.SqlExceptionHelper.logWarning:230 - SQL Warning Code: 0, SQLState: 00000
19-12-2020;23:19:36 WARN  o.h.e.j.s.SqlExceptionHelper.logWarning:231 - relation "seller_account" does not exist, skipping
19-12-2020;23:19:36 WARN  o.h.e.j.s.SqlExceptionHelper.logWarning:230 - SQL Warning Code: 0, SQLState: 00000
19-12-2020;23:19:36 WARN  o.h.e.j.s.SqlExceptionHelper.logWarning:231 - relation "transaction" does not exist, skipping
19-12-2020;23:19:36 WARN  o.h.e.j.s.SqlExceptionHelper.logWarning:230 - SQL Warning Code: 0, SQLState: 00000
19-12-2020;23:19:36 WARN  o.h.e.j.s.SqlExceptionHelper.logWarning:231 - relation "transaction" does not exist, skipping
19-12-2020;23:19:36 WARN  o.h.e.j.s.SqlExceptionHelper.logWarning:230 - SQL Warning Code: 0, SQLState: 00000
19-12-2020;23:19:36 WARN  o.h.e.j.s.SqlExceptionHelper.logWarning:231 - table "account" does not exist, skipping
19-12-2020;23:19:36 WARN  o.h.e.j.s.SqlExceptionHelper.logWarning:230 - SQL Warning Code: 0, SQLState: 00000
19-12-2020;23:19:36 WARN  o.h.e.j.s.SqlExceptionHelper.logWarning:231 - table "address" does not exist, skipping
19-12-2020;23:19:36 WARN  o.h.e.j.s.SqlExceptionHelper.logWarning:230 - SQL Warning Code: 0, SQLState: 00000
19-12-2020;23:19:36 WARN  o.h.e.j.s.SqlExceptionHelper.logWarning:231 - table "customer_account" does not exist, skipping
19-12-2020;23:19:36 WARN  o.h.e.j.s.SqlExceptionHelper.logWarning:230 - SQL Warning Code: 0, SQLState: 00000
19-12-2020;23:19:36 WARN  o.h.e.j.s.SqlExceptionHelper.logWarning:231 - table "merchant_order" does not exist, skipping
19-12-2020;23:19:36 WARN  o.h.e.j.s.SqlExceptionHelper.logWarning:230 - SQL Warning Code: 0, SQLState: 00000
19-12-2020;23:19:36 WARN  o.h.e.j.s.SqlExceptionHelper.logWarning:231 - table "order_counter" does not exist, skipping
19-12-2020;23:19:36 WARN  o.h.e.j.s.SqlExceptionHelper.logWarning:230 - SQL Warning Code: 0, SQLState: 00000
19-12-2020;23:19:36 WARN  o.h.e.j.s.SqlExceptionHelper.logWarning:231 - table "payment_request" does not exist, skipping
19-12-2020;23:19:36 WARN  o.h.e.j.s.SqlExceptionHelper.logWarning:230 - SQL Warning Code: 0, SQLState: 00000
19-12-2020;23:19:36 WARN  o.h.e.j.s.SqlExceptionHelper.logWarning:231 - table "seller_account" does not exist, skipping
19-12-2020;23:19:36 WARN  o.h.e.j.s.SqlExceptionHelper.logWarning:230 - SQL Warning Code: 0, SQLState: 00000
19-12-2020;23:19:36 WARN  o.h.e.j.s.SqlExceptionHelper.logWarning:231 - table "transaction" does not exist, skipping
19-12-2020;23:19:36 WARN  o.h.e.j.s.SqlExceptionHelper.logWarning:230 - SQL Warning Code: 0, SQLState: 00000
19-12-2020;23:19:36 WARN  o.h.e.j.s.SqlExceptionHelper.logWarning:231 - table "url_responder" does not exist, skipping
19-12-2020;23:19:38 WARN  c.n.c.s.URLConfigurationSource.<init>:121 - No URLs will be polled as dynamic configuration sources.
19-12-2020;23:19:38 WARN  c.n.c.s.URLConfigurationSource.<init>:121 - No URLs will be polled as dynamic configuration sources.
19-12-2020;23:19:39 WARN  o.s.c.l.c.BlockingLoadBalancerClientAutoConfiguration$BlockingLoadBalancerClientRibbonWarnLogger.logWarning:86 - You already have RibbonLoadBalancerClient on your classpath. It will be used by default. As Spring Cloud Ribbon is in maintenance mode. We recommend switching to BlockingLoadBalancerClient instead. In order to use it, set the value of `spring.cloud.loadbalancer.ribbon.enabled` to `false` or remove spring-cloud-starter-netflix-ribbon from your project.
19-12-2020;23:21:56 WARN  c.n.d.DiscoveryClient.notify:1351 - Saw local status change event StatusChangeEvent [timestamp=1608416516130, current=DOWN, previous=UP]
19-12-2020;23:21:56 WARN  c.n.d.s.t.d.RetryableEurekaHttpClient.execute:130 - Request execution failed with message: org.apache.http.NoHttpResponseException: localhost:8761 failed to respond
19-12-2020;23:21:56 WARN  c.n.d.s.t.d.RetryableEurekaHttpClient.execute:130 - Request execution failed with message: org.apache.http.NoHttpResponseException: localhost:8761 failed to respond
19-12-2020;23:21:56 WARN  c.n.d.DiscoveryClient.register:875 - DiscoveryClient_RAIFFEISEN/host.docker.internal:raiffeisen:8090 - registration failed Cannot execute request on any known server
com.netflix.discovery.shared.transport.TransportException: Cannot execute request on any known server
	at com.netflix.discovery.shared.transport.decorator.RetryableEurekaHttpClient.execute(RetryableEurekaHttpClient.java:112)
	at com.netflix.discovery.shared.transport.decorator.EurekaHttpClientDecorator.register(EurekaHttpClientDecorator.java:56)
	at com.netflix.discovery.shared.transport.decorator.EurekaHttpClientDecorator$1.execute(EurekaHttpClientDecorator.java:59)
	at com.netflix.discovery.shared.transport.decorator.SessionedEurekaHttpClient.execute(SessionedEurekaHttpClient.java:77)
	at com.netflix.discovery.shared.transport.decorator.EurekaHttpClientDecorator.register(EurekaHttpClientDecorator.java:56)
	at com.netflix.discovery.DiscoveryClient.register(DiscoveryClient.java:873)
	at com.netflix.discovery.InstanceInfoReplicator.run(InstanceInfoReplicator.java:121)
	at com.netflix.discovery.InstanceInfoReplicator$1.run(InstanceInfoReplicator.java:101)
	at java.util.concurrent.Executors$RunnableAdapter.call(Executors.java:511)
	at java.util.concurrent.FutureTask.run$$$capture(FutureTask.java:266)
	at java.util.concurrent.FutureTask.run(FutureTask.java)
	at java.util.concurrent.ScheduledThreadPoolExecutor$ScheduledFutureTask.access$201(ScheduledThreadPoolExecutor.java:180)
	at java.util.concurrent.ScheduledThreadPoolExecutor$ScheduledFutureTask.run(ScheduledThreadPoolExecutor.java:293)
	at java.util.concurrent.ThreadPoolExecutor.runWorker(ThreadPoolExecutor.java:1149)
	at java.util.concurrent.ThreadPoolExecutor$Worker.run(ThreadPoolExecutor.java:624)
	at java.lang.Thread.run(Thread.java:748)
19-12-2020;23:21:56 WARN  c.n.d.InstanceInfoReplicator.run:125 - There was a problem with the instance info replicator
com.netflix.discovery.shared.transport.TransportException: Cannot execute request on any known server
	at com.netflix.discovery.shared.transport.decorator.RetryableEurekaHttpClient.execute(RetryableEurekaHttpClient.java:112)
	at com.netflix.discovery.shared.transport.decorator.EurekaHttpClientDecorator.register(EurekaHttpClientDecorator.java:56)
	at com.netflix.discovery.shared.transport.decorator.EurekaHttpClientDecorator$1.execute(EurekaHttpClientDecorator.java:59)
	at com.netflix.discovery.shared.transport.decorator.SessionedEurekaHttpClient.execute(SessionedEurekaHttpClient.java:77)
	at com.netflix.discovery.shared.transport.decorator.EurekaHttpClientDecorator.register(EurekaHttpClientDecorator.java:56)
	at com.netflix.discovery.DiscoveryClient.register(DiscoveryClient.java:873)
	at com.netflix.discovery.InstanceInfoReplicator.run(InstanceInfoReplicator.java:121)
	at com.netflix.discovery.InstanceInfoReplicator$1.run(InstanceInfoReplicator.java:101)
	at java.util.concurrent.Executors$RunnableAdapter.call(Executors.java:511)
	at java.util.concurrent.FutureTask.run$$$capture(FutureTask.java:266)
	at java.util.concurrent.FutureTask.run(FutureTask.java)
	at java.util.concurrent.ScheduledThreadPoolExecutor$ScheduledFutureTask.access$201(ScheduledThreadPoolExecutor.java:180)
	at java.util.concurrent.ScheduledThreadPoolExecutor$ScheduledFutureTask.run(ScheduledThreadPoolExecutor.java:293)
	at java.util.concurrent.ThreadPoolExecutor.runWorker(ThreadPoolExecutor.java:1149)
	at java.util.concurrent.ThreadPoolExecutor$Worker.run(ThreadPoolExecutor.java:624)
	at java.lang.Thread.run(Thread.java:748)
19-12-2020;23:22:03 WARN  c.n.d.s.t.d.RetryableEurekaHttpClient.execute:130 - Request execution failed with message: java.net.ConnectException: Connection refused: connect
