26-12-2020;00:02:50 WARN  c.p.r.s.i.TransactionService.pay:63 - ["Raiffeisen Bank"] account not found [Wilfred Zaha]
26-12-2020;00:02:50 WARN  c.p.r.s.i.TransactionService.pay:66 - ["Raiffeisen Bank"] cross bank transaction [Wilfred Zaha],[acq-orderId=1]
26-12-2020;00:03:09 WARN  c.p.r.s.i.TransactionService.pay:73 - ["Raiffeisen Bank"] account not found [Wilfred Zaha]
26-12-2020;00:09:42 WARN  c.p.r.s.i.TransactionService.pay:63 - ["Raiffeisen Bank"] account not found [Wilfred Zaha]
26-12-2020;00:09:42 WARN  c.p.r.s.i.TransactionService.pay:66 - ["Raiffeisen Bank"] cross bank transaction [Wilfred Zaha],[acq-orderId=2]
26-12-2020;00:09:45 WARN  c.p.r.s.i.TransactionService.pay:73 - ["Raiffeisen Bank"] account not found [Wilfred Zaha]
26-12-2020;00:10:29 WARN  c.n.d.DiscoveryClient.notify:1351 - Saw local status change event StatusChangeEvent [timestamp=1608937829566, current=DOWN, previous=UP]
26-12-2020;09:43:54 WARN  o.s.b.a.o.j.JpaBaseConfiguration$JpaWebConfiguration.openEntityManagerInViewInterceptor:220 - spring.jpa.open-in-view is enabled by default. Therefore, database queries may be performed during view rendering. Explicitly configure spring.jpa.open-in-view to disable this warning
26-12-2020;09:43:57 WARN  o.h.e.j.s.SqlExceptionHelper.logWarning:230 - SQL Warning Code: 0, SQLState: 00000
26-12-2020;09:43:57 WARN  o.h.e.j.s.SqlExceptionHelper.logWarning:231 - relation "account" does not exist, skipping
26-12-2020;09:43:57 WARN  o.h.e.j.s.SqlExceptionHelper.logWarning:230 - SQL Warning Code: 0, SQLState: 00000
26-12-2020;09:43:57 WARN  o.h.e.j.s.SqlExceptionHelper.logWarning:231 - relation "customer_account" does not exist, skipping
26-12-2020;09:43:57 WARN  o.h.e.j.s.SqlExceptionHelper.logWarning:230 - SQL Warning Code: 0, SQLState: 00000
26-12-2020;09:43:57 WARN  o.h.e.j.s.SqlExceptionHelper.logWarning:231 - relation "merchant_order" does not exist, skipping
26-12-2020;09:43:57 WARN  o.h.e.j.s.SqlExceptionHelper.logWarning:230 - SQL Warning Code: 0, SQLState: 00000
26-12-2020;09:43:57 WARN  o.h.e.j.s.SqlExceptionHelper.logWarning:231 - relation "payment_request" does not exist, skipping
26-12-2020;09:43:57 WARN  o.h.e.j.s.SqlExceptionHelper.logWarning:230 - SQL Warning Code: 0, SQLState: 00000
26-12-2020;09:43:57 WARN  o.h.e.j.s.SqlExceptionHelper.logWarning:231 - relation "payment_request" does not exist, skipping
26-12-2020;09:43:57 WARN  o.h.e.j.s.SqlExceptionHelper.logWarning:230 - SQL Warning Code: 0, SQLState: 00000
26-12-2020;09:43:57 WARN  o.h.e.j.s.SqlExceptionHelper.logWarning:231 - relation "seller_account" does not exist, skipping
26-12-2020;09:43:57 WARN  o.h.e.j.s.SqlExceptionHelper.logWarning:230 - SQL Warning Code: 0, SQLState: 00000
26-12-2020;09:43:57 WARN  o.h.e.j.s.SqlExceptionHelper.logWarning:231 - relation "transaction" does not exist, skipping
26-12-2020;09:43:57 WARN  o.h.e.j.s.SqlExceptionHelper.logWarning:230 - SQL Warning Code: 0, SQLState: 00000
26-12-2020;09:43:57 WARN  o.h.e.j.s.SqlExceptionHelper.logWarning:231 - relation "transaction" does not exist, skipping
26-12-2020;09:43:57 WARN  o.h.e.j.s.SqlExceptionHelper.logWarning:230 - SQL Warning Code: 0, SQLState: 00000
26-12-2020;09:43:57 WARN  o.h.e.j.s.SqlExceptionHelper.logWarning:231 - table "account" does not exist, skipping
26-12-2020;09:43:57 WARN  o.h.e.j.s.SqlExceptionHelper.logWarning:230 - SQL Warning Code: 0, SQLState: 00000
26-12-2020;09:43:57 WARN  o.h.e.j.s.SqlExceptionHelper.logWarning:231 - table "address" does not exist, skipping
26-12-2020;09:43:57 WARN  o.h.e.j.s.SqlExceptionHelper.logWarning:230 - SQL Warning Code: 0, SQLState: 00000
26-12-2020;09:43:57 WARN  o.h.e.j.s.SqlExceptionHelper.logWarning:231 - table "customer_account" does not exist, skipping
26-12-2020;09:43:57 WARN  o.h.e.j.s.SqlExceptionHelper.logWarning:230 - SQL Warning Code: 0, SQLState: 00000
26-12-2020;09:43:57 WARN  o.h.e.j.s.SqlExceptionHelper.logWarning:231 - table "merchant_order" does not exist, skipping
26-12-2020;09:43:57 WARN  o.h.e.j.s.SqlExceptionHelper.logWarning:230 - SQL Warning Code: 0, SQLState: 00000
26-12-2020;09:43:57 WARN  o.h.e.j.s.SqlExceptionHelper.logWarning:231 - table "order_counter" does not exist, skipping
26-12-2020;09:43:57 WARN  o.h.e.j.s.SqlExceptionHelper.logWarning:230 - SQL Warning Code: 0, SQLState: 00000
26-12-2020;09:43:57 WARN  o.h.e.j.s.SqlExceptionHelper.logWarning:231 - table "payment_request" does not exist, skipping
26-12-2020;09:43:57 WARN  o.h.e.j.s.SqlExceptionHelper.logWarning:230 - SQL Warning Code: 0, SQLState: 00000
26-12-2020;09:43:57 WARN  o.h.e.j.s.SqlExceptionHelper.logWarning:231 - table "seller_account" does not exist, skipping
26-12-2020;09:43:57 WARN  o.h.e.j.s.SqlExceptionHelper.logWarning:230 - SQL Warning Code: 0, SQLState: 00000
26-12-2020;09:43:57 WARN  o.h.e.j.s.SqlExceptionHelper.logWarning:231 - table "transaction" does not exist, skipping
26-12-2020;09:43:57 WARN  o.h.e.j.s.SqlExceptionHelper.logWarning:230 - SQL Warning Code: 0, SQLState: 00000
26-12-2020;09:43:57 WARN  o.h.e.j.s.SqlExceptionHelper.logWarning:231 - table "url_responder" does not exist, skipping
26-12-2020;09:43:59 WARN  c.n.c.s.URLConfigurationSource.<init>:121 - No URLs will be polled as dynamic configuration sources.
26-12-2020;09:43:59 WARN  c.n.c.s.URLConfigurationSource.<init>:121 - No URLs will be polled as dynamic configuration sources.
26-12-2020;09:44:01 WARN  o.s.c.l.c.BlockingLoadBalancerClientAutoConfiguration$BlockingLoadBalancerClientRibbonWarnLogger.logWarning:86 - You already have RibbonLoadBalancerClient on your classpath. It will be used by default. As Spring Cloud Ribbon is in maintenance mode. We recommend switching to BlockingLoadBalancerClient instead. In order to use it, set the value of `spring.cloud.loadbalancer.ribbon.enabled` to `false` or remove spring-cloud-starter-netflix-ribbon from your project.
26-12-2020;10:20:01 WARN  c.p.r.s.i.TransactionService.pay:63 - ["Raiffeisen Bank"] account not found [Wilfred Zaha]
26-12-2020;10:20:01 WARN  c.p.r.s.i.TransactionService.pay:66 - ["Raiffeisen Bank"] cross bank transaction [Wilfred Zaha],[acq-orderId=1]
26-12-2020;10:20:04 WARN  c.p.r.s.i.TransactionService.pay:73 - ["Raiffeisen Bank"] account not found [Wilfred Zaha]
