2021-01-11 15:06:44.874 INFO  c.p.b.BankServiceApplicationTests.logStartupProfileInfo:655 - The following profiles are active: dev
2021-01-11 15:06:46.534 INFO  o.s.d.r.c.RepositoryConfigurationDelegate.registerRepositoriesIn:127 - Bootstrapping Spring Data JPA repositories in DEFERRED mode.
2021-01-11 15:06:47.109 INFO  o.s.d.r.c.RepositoryConfigurationDelegate.registerRepositoriesIn:187 - Finished Spring Data repository scanning in 532ms. Found 10 JPA repository interfaces.
2021-01-11 15:06:47.857 INFO  o.s.c.c.s.GenericScope.setSerializationId:295 - BeanFactory id=979cf830-e92c-3246-a2a8-ba5901c44df9
2021-01-11 15:06:47.996 INFO  o.s.c.s.PostProcessorRegistrationDelegate$BeanPostProcessorChecker.postProcessAfterInitialization:335 - Bean 'com.payment.bankservice.feign.EurekaClient' of type [org.springframework.cloud.openfeign.FeignClientFactoryBean] is not eligible for getting processed by all BeanPostProcessors (for example: not eligible for auto-proxying)
2021-01-11 15:06:47.998 INFO  o.s.c.s.PostProcessorRegistrationDelegate$BeanPostProcessorChecker.postProcessAfterInitialization:335 - Bean 'com.payment.bankservice.feign.PccClient' of type [org.springframework.cloud.openfeign.FeignClientFactoryBean] is not eligible for getting processed by all BeanPostProcessors (for example: not eligible for auto-proxying)
2021-01-11 15:06:48.139 INFO  o.s.c.s.PostProcessorRegistrationDelegate$BeanPostProcessorChecker.postProcessAfterInitialization:335 - Bean 'org.springframework.ws.config.annotation.DelegatingWsConfiguration' of type [org.springframework.ws.config.annotation.DelegatingWsConfiguration$$EnhancerBySpringCGLIB$$f0f336b7] is not eligible for getting processed by all BeanPostProcessors (for example: not eligible for auto-proxying)
2021-01-11 15:06:48.363 INFO  o.s.w.s.a.s.AnnotationActionEndpointMapping.afterPropertiesSet:236 - Supporting [WS-Addressing August 2004, WS-Addressing 1.0]
2021-01-11 15:06:48.675 INFO  o.s.c.s.PostProcessorRegistrationDelegate$BeanPostProcessorChecker.postProcessAfterInitialization:335 - Bean 'org.springframework.security.access.expression.method.DefaultMethodSecurityExpressionHandler@590adb41' of type [org.springframework.security.access.expression.method.DefaultMethodSecurityExpressionHandler] is not eligible for getting processed by all BeanPostProcessors (for example: not eligible for auto-proxying)
2021-01-11 15:06:48.715 INFO  o.s.c.s.PostProcessorRegistrationDelegate$BeanPostProcessorChecker.postProcessAfterInitialization:335 - Bean 'methodSecurityMetadataSource' of type [org.springframework.security.access.method.DelegatingMethodSecurityMetadataSource] is not eligible for getting processed by all BeanPostProcessors (for example: not eligible for auto-proxying)
2021-01-11 15:06:49.190 INFO  o.s.s.c.ThreadPoolTaskExecutor.initialize:181 - Initializing ExecutorService 'applicationTaskExecutor'
2021-01-11 15:06:49.409 INFO  o.h.j.i.u.LogHelper.logPersistenceUnitInformation:31 - HHH000204: Processing PersistenceUnitInfo [name: default]
2021-01-11 15:06:49.606 INFO  o.h.Version.logVersion:44 - HHH000412: Hibernate ORM core version 5.4.18.Final
2021-01-11 15:06:50.147 INFO  o.h.a.c.Version.<clinit>:49 - HCANN000001: Hibernate Commons Annotations {5.1.0.Final}
2021-01-11 15:06:50.524 INFO  o.s.d.r.c.DeferredRepositoryInitializationListener.onApplicationEvent:49 - Triggering deferred initialization of Spring Data repositories…
2021-01-11 15:06:51.329 INFO  c.z.h.HikariDataSource.getConnection:110 - HikariPool-1 - Starting...
2021-01-11 15:06:51.703 INFO  c.z.h.HikariDataSource.getConnection:123 - HikariPool-1 - Start completed.
2021-01-11 15:06:51.741 INFO  o.h.d.Dialect.<init>:172 - HHH000400: Using dialect: org.hibernate.dialect.PostgreSQL95Dialect
2021-01-11 15:06:54.164 INFO  o.h.e.t.j.p.i.JtaPlatformInitiator.initiateService:52 - HHH000490: Using JtaPlatform implementation: [org.hibernate.engine.transaction.jta.platform.internal.NoJtaPlatform]
2021-01-11 15:06:54.184 INFO  o.s.o.j.LocalContainerEntityManagerFactoryBean.buildNativeEntityManagerFactory:416 - Initialized JPA EntityManagerFactory for persistence unit 'default'
2021-01-11 15:06:55.501 INFO  o.s.d.r.c.DeferredRepositoryInitializationListener.onApplicationEvent:53 - Spring Data repositories initialized!
2021-01-11 15:06:55.705 INFO  o.s.d.r.c.DeferredRepositoryInitializationListener.onApplicationEvent:49 - Triggering deferred initialization of Spring Data repositories…
2021-01-11 15:06:55.706 INFO  o.s.d.r.c.DeferredRepositoryInitializationListener.onApplicationEvent:53 - Spring Data repositories initialized!
2021-01-11 15:06:55.867 INFO  o.s.b.a.s.s.UserDetailsServiceAutoConfiguration.getOrDeducePassword:86 - 

Using generated security password: 8b92b0ea-8f64-4748-968a-8aed41d40995

2021-01-11 15:06:55.997 INFO  o.s.s.w.DefaultSecurityFilterChain.<init>:43 - Creating filter chain: Ant [pattern='/', GET], []
2021-01-11 15:06:55.998 INFO  o.s.s.w.DefaultSecurityFilterChain.<init>:43 - Creating filter chain: Ant [pattern='/webjars/**', GET], []
2021-01-11 15:06:55.998 INFO  o.s.s.w.DefaultSecurityFilterChain.<init>:43 - Creating filter chain: Ant [pattern='/*.html', GET], []
2021-01-11 15:06:55.999 INFO  o.s.s.w.DefaultSecurityFilterChain.<init>:43 - Creating filter chain: Ant [pattern='/favicon.ico', GET], []
2021-01-11 15:06:56.000 INFO  o.s.s.w.DefaultSecurityFilterChain.<init>:43 - Creating filter chain: Ant [pattern='/**/*.html', GET], []
2021-01-11 15:06:56.000 INFO  o.s.s.w.DefaultSecurityFilterChain.<init>:43 - Creating filter chain: Ant [pattern='/**/*.css', GET], []
2021-01-11 15:06:56.000 INFO  o.s.s.w.DefaultSecurityFilterChain.<init>:43 - Creating filter chain: Ant [pattern='/**/*.js', GET], []
2021-01-11 15:06:57.579 INFO  o.s.s.w.DefaultSecurityFilterChain.<init>:43 - Creating filter chain: any request, [org.springframework.security.web.context.request.async.WebAsyncManagerIntegrationFilter@3a3883c4, org.springframework.security.web.context.SecurityContextPersistenceFilter@543fe698, org.springframework.security.web.header.HeaderWriterFilter@2a0b901c, org.springframework.web.filter.CorsFilter@1537e43, org.springframework.security.web.authentication.logout.LogoutFilter@7d30007d, org.springframework.security.web.savedrequest.RequestCacheAwareFilter@2ca3d826, org.springframework.security.web.servletapi.SecurityContextHolderAwareRequestFilter@7ccd611e, org.springframework.security.web.authentication.AnonymousAuthenticationFilter@573aeab2, org.springframework.security.web.session.SessionManagementFilter@7c8874ef, org.springframework.security.web.access.ExceptionTranslationFilter@6ddd1c51, org.springframework.security.web.access.intercept.FilterSecurityInterceptor@538a2f0e]
2021-01-11 15:06:57.844 INFO  c.n.c.s.URLConfigurationSource.<init>:122 - To enable URLs as dynamic configuration sources, define System property archaius.configurationSource.additionalUrls or make config.properties available on classpath.
2021-01-11 15:06:57.867 INFO  c.n.c.s.URLConfigurationSource.<init>:122 - To enable URLs as dynamic configuration sources, define System property archaius.configurationSource.additionalUrls or make config.properties available on classpath.
2021-01-11 15:07:00.309 INFO  o.s.c.n.e.c.DiscoveryClientOptionalArgsConfiguration.discoveryClientOptionalArgs:78 - Eureka HTTP Client uses Jersey
2021-01-11 15:07:01.295 INFO  o.s.c.n.e.InstanceInfoFactory.create:72 - Setting initial instance status as: STARTING
2021-01-11 15:07:01.662 INFO  c.n.d.DiscoveryClient.<init>:371 - Initializing Eureka in region us-east-1
2021-01-11 15:07:02.580 INFO  c.n.d.p.DiscoveryJerseyProvider.<init>:70 - Using JSON encoding codec LegacyJacksonJson
2021-01-11 15:07:02.581 INFO  c.n.d.p.DiscoveryJerseyProvider.<init>:71 - Using JSON decoding codec LegacyJacksonJson
2021-01-11 15:07:02.917 INFO  c.n.d.p.DiscoveryJerseyProvider.<init>:80 - Using XML encoding codec XStreamXml
2021-01-11 15:07:02.918 INFO  c.n.d.p.DiscoveryJerseyProvider.<init>:81 - Using XML decoding codec XStreamXml
2021-01-11 15:07:03.241 INFO  c.n.d.s.r.a.ConfigClusterResolver.getClusterEndpoints:43 - Resolving eureka endpoints via configuration
2021-01-11 15:07:03.666 INFO  c.n.d.DiscoveryClient.fetchRegistry:1004 - Disable delta property : false
2021-01-11 15:07:03.667 INFO  c.n.d.DiscoveryClient.fetchRegistry:1005 - Single vip registry refresh property : null
2021-01-11 15:07:03.668 INFO  c.n.d.DiscoveryClient.fetchRegistry:1006 - Force full registry fetch : false
2021-01-11 15:07:03.668 INFO  c.n.d.DiscoveryClient.fetchRegistry:1007 - Application is null : false
2021-01-11 15:07:03.669 INFO  c.n.d.DiscoveryClient.fetchRegistry:1008 - Registered Applications size is zero : true
2021-01-11 15:07:03.669 INFO  c.n.d.DiscoveryClient.fetchRegistry:1010 - Application version is -1: true
2021-01-11 15:07:03.670 INFO  c.n.d.DiscoveryClient.getAndStoreFullRegistry:1093 - Getting all instance registry info from the eureka server
2021-01-11 15:07:07.868 INFO  c.n.d.DiscoveryClient.<init>:442 - Initial registry fetch from primary servers failed
2021-01-11 15:07:07.869 INFO  c.n.d.DiscoveryClient.<init>:447 - Initial registry fetch from backup servers failed
2021-01-11 15:07:07.870 INFO  c.n.d.DiscoveryClient.initScheduledTasks:1317 - Starting heartbeat executor: renew interval is: 30
2021-01-11 15:07:07.874 INFO  c.n.d.InstanceInfoReplicator.<init>:60 - InstanceInfoReplicator onDemand update allowed rate per min is 4
2021-01-11 15:07:07.880 INFO  c.n.d.DiscoveryClient.<init>:491 - Discovery Client initialized at timestamp 1610374027877 with initial instances count: 0
2021-01-11 15:07:07.895 INFO  o.s.c.n.e.s.EurekaServiceRegistry.register:41 - Registering application BANK with eureka with status UP
2021-01-11 15:07:07.900 INFO  c.n.d.DiscoveryClient.notify:1353 - Saw local status change event StatusChangeEvent [timestamp=1610374027900, current=UP, previous=STARTING]
2021-01-11 15:07:07.907 INFO  c.n.d.DiscoveryClient.register:870 - DiscoveryClient_BANK/host.docker.internal:bank:8095: registering service...
2021-01-11 15:07:07.914 INFO  o.s.d.r.c.DeferredRepositoryInitializationListener.onApplicationEvent:49 - Triggering deferred initialization of Spring Data repositories…
2021-01-11 15:07:07.915 INFO  o.s.d.r.c.DeferredRepositoryInitializationListener.onApplicationEvent:53 - Spring Data repositories initialized!
2021-01-11 15:07:07.939 INFO  c.p.b.BankServiceApplicationTests.logStarted:61 - Started BankServiceApplicationTests in 26.567 seconds (JVM running for 29.802)
2021-01-11 15:07:09.532 INFO  o.s.c.n.e.s.EurekaServiceRegistry.deregister:65 - Unregistering application BANK with eureka with status DOWN
2021-01-11 15:07:09.559 INFO  o.s.o.j.LocalContainerEntityManagerFactoryBean.destroy:598 - Closing JPA EntityManagerFactory for persistence unit 'default'
2021-01-11 15:07:09.563 INFO  o.h.t.s.i.SchemaDropperImpl$DelayedDropActionImpl.perform:526 - HHH000477: Starting delayed evictData of schema as part of SessionFactory shut-down'
2021-01-11 15:07:09.739 INFO  o.s.s.c.ThreadPoolTaskExecutor.shutdown:218 - Shutting down ExecutorService 'applicationTaskExecutor'
2021-01-11 15:07:09.740 INFO  c.z.h.HikariDataSource.close:350 - HikariPool-1 - Shutdown initiated...
2021-01-11 15:07:09.754 INFO  c.z.h.HikariDataSource.close:352 - HikariPool-1 - Shutdown completed.
2021-01-11 15:07:09.755 INFO  c.n.d.DiscoveryClient.shutdown:932 - Shutting down DiscoveryClient ...
2021-01-11 15:07:11.948 INFO  c.n.d.DiscoveryClient.register:870 - DiscoveryClient_BANK/host.docker.internal:bank:8095: registering service...
2021-01-11 15:07:12.763 INFO  c.n.d.DiscoveryClient.unregister:968 - Unregistering ...
2021-01-11 15:07:16.795 INFO  c.n.d.DiscoveryClient.shutdown:957 - Completed shut down of DiscoveryClient
2021-01-11 15:37:20.042 INFO  c.p.b.BankServiceApplicationTests.logStartupProfileInfo:655 - The following profiles are active: dev
2021-01-11 15:37:21.016 INFO  o.s.d.r.c.RepositoryConfigurationDelegate.registerRepositoriesIn:127 - Bootstrapping Spring Data JPA repositories in DEFERRED mode.
2021-01-11 15:37:21.367 INFO  o.s.d.r.c.RepositoryConfigurationDelegate.registerRepositoriesIn:187 - Finished Spring Data repository scanning in 337ms. Found 10 JPA repository interfaces.
2021-01-11 15:37:21.928 INFO  o.s.c.c.s.GenericScope.setSerializationId:295 - BeanFactory id=979cf830-e92c-3246-a2a8-ba5901c44df9
2021-01-11 15:37:22.087 INFO  o.s.c.s.PostProcessorRegistrationDelegate$BeanPostProcessorChecker.postProcessAfterInitialization:335 - Bean 'com.payment.bankservice.feign.EurekaClient' of type [org.springframework.cloud.openfeign.FeignClientFactoryBean] is not eligible for getting processed by all BeanPostProcessors (for example: not eligible for auto-proxying)
2021-01-11 15:37:22.089 INFO  o.s.c.s.PostProcessorRegistrationDelegate$BeanPostProcessorChecker.postProcessAfterInitialization:335 - Bean 'com.payment.bankservice.feign.PccClient' of type [org.springframework.cloud.openfeign.FeignClientFactoryBean] is not eligible for getting processed by all BeanPostProcessors (for example: not eligible for auto-proxying)
2021-01-11 15:37:22.192 INFO  o.s.c.s.PostProcessorRegistrationDelegate$BeanPostProcessorChecker.postProcessAfterInitialization:335 - Bean 'org.springframework.ws.config.annotation.DelegatingWsConfiguration' of type [org.springframework.ws.config.annotation.DelegatingWsConfiguration$$EnhancerBySpringCGLIB$$f0f336b7] is not eligible for getting processed by all BeanPostProcessors (for example: not eligible for auto-proxying)
2021-01-11 15:37:22.263 INFO  o.s.w.s.a.s.AnnotationActionEndpointMapping.afterPropertiesSet:236 - Supporting [WS-Addressing August 2004, WS-Addressing 1.0]
2021-01-11 15:37:22.419 INFO  o.s.c.s.PostProcessorRegistrationDelegate$BeanPostProcessorChecker.postProcessAfterInitialization:335 - Bean 'org.springframework.security.access.expression.method.DefaultMethodSecurityExpressionHandler@590adb41' of type [org.springframework.security.access.expression.method.DefaultMethodSecurityExpressionHandler] is not eligible for getting processed by all BeanPostProcessors (for example: not eligible for auto-proxying)
2021-01-11 15:37:22.447 INFO  o.s.c.s.PostProcessorRegistrationDelegate$BeanPostProcessorChecker.postProcessAfterInitialization:335 - Bean 'methodSecurityMetadataSource' of type [org.springframework.security.access.method.DelegatingMethodSecurityMetadataSource] is not eligible for getting processed by all BeanPostProcessors (for example: not eligible for auto-proxying)
2021-01-11 15:37:22.883 INFO  o.s.s.c.ThreadPoolTaskExecutor.initialize:181 - Initializing ExecutorService 'applicationTaskExecutor'
2021-01-11 15:37:23.001 INFO  o.h.j.i.u.LogHelper.logPersistenceUnitInformation:31 - HHH000204: Processing PersistenceUnitInfo [name: default]
2021-01-11 15:37:23.146 INFO  o.h.Version.logVersion:44 - HHH000412: Hibernate ORM core version 5.4.18.Final
2021-01-11 15:37:23.488 INFO  o.h.a.c.Version.<clinit>:49 - HCANN000001: Hibernate Commons Annotations {5.1.0.Final}
2021-01-11 15:37:23.717 INFO  o.s.d.r.c.DeferredRepositoryInitializationListener.onApplicationEvent:49 - Triggering deferred initialization of Spring Data repositories…
2021-01-11 15:37:24.185 INFO  c.z.h.HikariDataSource.getConnection:110 - HikariPool-1 - Starting...
2021-01-11 15:37:24.376 INFO  c.z.h.HikariDataSource.getConnection:123 - HikariPool-1 - Start completed.
2021-01-11 15:37:24.411 INFO  o.h.d.Dialect.<init>:172 - HHH000400: Using dialect: org.hibernate.dialect.PostgreSQL95Dialect
2021-01-11 15:37:25.970 INFO  o.h.e.t.j.p.i.JtaPlatformInitiator.initiateService:52 - HHH000490: Using JtaPlatform implementation: [org.hibernate.engine.transaction.jta.platform.internal.NoJtaPlatform]
2021-01-11 15:37:25.980 INFO  o.s.o.j.LocalContainerEntityManagerFactoryBean.buildNativeEntityManagerFactory:416 - Initialized JPA EntityManagerFactory for persistence unit 'default'
2021-01-11 15:37:26.796 INFO  o.s.d.r.c.DeferredRepositoryInitializationListener.onApplicationEvent:53 - Spring Data repositories initialized!
2021-01-11 15:37:27.017 INFO  o.s.d.r.c.DeferredRepositoryInitializationListener.onApplicationEvent:49 - Triggering deferred initialization of Spring Data repositories…
2021-01-11 15:37:27.018 INFO  o.s.d.r.c.DeferredRepositoryInitializationListener.onApplicationEvent:53 - Spring Data repositories initialized!
2021-01-11 15:37:27.250 INFO  o.s.b.a.s.s.UserDetailsServiceAutoConfiguration.getOrDeducePassword:86 - 

Using generated security password: b1ee244d-8271-46c1-bb45-8b9062ce1cc8

2021-01-11 15:37:27.384 INFO  o.s.s.w.DefaultSecurityFilterChain.<init>:43 - Creating filter chain: Ant [pattern='/', GET], []
2021-01-11 15:37:27.384 INFO  o.s.s.w.DefaultSecurityFilterChain.<init>:43 - Creating filter chain: Ant [pattern='/webjars/**', GET], []
2021-01-11 15:37:27.385 INFO  o.s.s.w.DefaultSecurityFilterChain.<init>:43 - Creating filter chain: Ant [pattern='/*.html', GET], []
2021-01-11 15:37:27.385 INFO  o.s.s.w.DefaultSecurityFilterChain.<init>:43 - Creating filter chain: Ant [pattern='/favicon.ico', GET], []
2021-01-11 15:37:27.385 INFO  o.s.s.w.DefaultSecurityFilterChain.<init>:43 - Creating filter chain: Ant [pattern='/**/*.html', GET], []
2021-01-11 15:37:27.386 INFO  o.s.s.w.DefaultSecurityFilterChain.<init>:43 - Creating filter chain: Ant [pattern='/**/*.css', GET], []
2021-01-11 15:37:27.386 INFO  o.s.s.w.DefaultSecurityFilterChain.<init>:43 - Creating filter chain: Ant [pattern='/**/*.js', GET], []
2021-01-11 15:37:28.004 INFO  o.s.s.w.DefaultSecurityFilterChain.<init>:43 - Creating filter chain: any request, [org.springframework.security.web.context.request.async.WebAsyncManagerIntegrationFilter@24a4e2c5, org.springframework.security.web.context.SecurityContextPersistenceFilter@543fe698, org.springframework.security.web.header.HeaderWriterFilter@2a0b901c, org.springframework.web.filter.CorsFilter@27da994b, org.springframework.security.web.authentication.logout.LogoutFilter@7d30007d, org.springframework.security.web.savedrequest.RequestCacheAwareFilter@2ca3d826, org.springframework.security.web.servletapi.SecurityContextHolderAwareRequestFilter@7ccd611e, org.springframework.security.web.authentication.AnonymousAuthenticationFilter@70f148dc, org.springframework.security.web.session.SessionManagementFilter@7c8874ef, org.springframework.security.web.access.ExceptionTranslationFilter@6ddd1c51, org.springframework.security.web.access.intercept.FilterSecurityInterceptor@538a2f0e]
2021-01-11 15:37:28.261 INFO  c.n.c.s.URLConfigurationSource.<init>:122 - To enable URLs as dynamic configuration sources, define System property archaius.configurationSource.additionalUrls or make config.properties available on classpath.
2021-01-11 15:37:28.275 INFO  c.n.c.s.URLConfigurationSource.<init>:122 - To enable URLs as dynamic configuration sources, define System property archaius.configurationSource.additionalUrls or make config.properties available on classpath.
2021-01-11 15:37:29.722 INFO  o.s.c.n.e.c.DiscoveryClientOptionalArgsConfiguration.discoveryClientOptionalArgs:78 - Eureka HTTP Client uses Jersey
2021-01-11 15:37:30.519 INFO  o.s.c.n.e.InstanceInfoFactory.create:72 - Setting initial instance status as: STARTING
2021-01-11 15:37:30.658 INFO  c.n.d.DiscoveryClient.<init>:371 - Initializing Eureka in region us-east-1
2021-01-11 15:37:31.409 INFO  c.n.d.p.DiscoveryJerseyProvider.<init>:70 - Using JSON encoding codec LegacyJacksonJson
2021-01-11 15:37:31.409 INFO  c.n.d.p.DiscoveryJerseyProvider.<init>:71 - Using JSON decoding codec LegacyJacksonJson
2021-01-11 15:37:31.605 INFO  c.n.d.p.DiscoveryJerseyProvider.<init>:80 - Using XML encoding codec XStreamXml
2021-01-11 15:37:31.606 INFO  c.n.d.p.DiscoveryJerseyProvider.<init>:81 - Using XML decoding codec XStreamXml
2021-01-11 15:37:31.818 INFO  c.n.d.s.r.a.ConfigClusterResolver.getClusterEndpoints:43 - Resolving eureka endpoints via configuration
2021-01-11 15:37:32.179 INFO  c.n.d.DiscoveryClient.fetchRegistry:1004 - Disable delta property : false
2021-01-11 15:37:32.179 INFO  c.n.d.DiscoveryClient.fetchRegistry:1005 - Single vip registry refresh property : null
2021-01-11 15:37:32.180 INFO  c.n.d.DiscoveryClient.fetchRegistry:1006 - Force full registry fetch : false
2021-01-11 15:37:32.180 INFO  c.n.d.DiscoveryClient.fetchRegistry:1007 - Application is null : false
2021-01-11 15:37:32.180 INFO  c.n.d.DiscoveryClient.fetchRegistry:1008 - Registered Applications size is zero : true
2021-01-11 15:37:32.181 INFO  c.n.d.DiscoveryClient.fetchRegistry:1010 - Application version is -1: true
2021-01-11 15:37:32.181 INFO  c.n.d.DiscoveryClient.getAndStoreFullRegistry:1093 - Getting all instance registry info from the eureka server
2021-01-11 15:37:32.448 INFO  c.n.d.DiscoveryClient.getAndStoreFullRegistry:1102 - The response status is 200
2021-01-11 15:37:32.452 INFO  c.n.d.DiscoveryClient.initScheduledTasks:1317 - Starting heartbeat executor: renew interval is: 30
2021-01-11 15:37:32.457 INFO  c.n.d.InstanceInfoReplicator.<init>:60 - InstanceInfoReplicator onDemand update allowed rate per min is 4
2021-01-11 15:37:32.463 INFO  c.n.d.DiscoveryClient.<init>:491 - Discovery Client initialized at timestamp 1610375852461 with initial instances count: 6
2021-01-11 15:37:32.473 INFO  o.s.c.n.e.s.EurekaServiceRegistry.register:41 - Registering application BANK with eureka with status UP
2021-01-11 15:37:32.475 INFO  c.n.d.DiscoveryClient.notify:1353 - Saw local status change event StatusChangeEvent [timestamp=1610375852475, current=UP, previous=STARTING]
2021-01-11 15:37:32.478 INFO  c.n.d.DiscoveryClient.register:870 - DiscoveryClient_BANK/host.docker.internal:bank:8095: registering service...
2021-01-11 15:37:32.479 INFO  o.s.d.r.c.DeferredRepositoryInitializationListener.onApplicationEvent:49 - Triggering deferred initialization of Spring Data repositories…
2021-01-11 15:37:32.485 INFO  o.s.d.r.c.DeferredRepositoryInitializationListener.onApplicationEvent:53 - Spring Data repositories initialized!
2021-01-11 15:37:32.504 INFO  c.p.b.BankServiceApplicationTests.logStarted:61 - Started BankServiceApplicationTests in 14.755 seconds (JVM running for 16.099)
2021-01-11 15:37:32.721 INFO  o.s.c.n.e.s.EurekaServiceRegistry.deregister:65 - Unregistering application BANK with eureka with status DOWN
2021-01-11 15:37:32.735 INFO  o.s.o.j.LocalContainerEntityManagerFactoryBean.destroy:598 - Closing JPA EntityManagerFactory for persistence unit 'default'
2021-01-11 15:37:32.736 INFO  o.h.t.s.i.SchemaDropperImpl$DelayedDropActionImpl.perform:526 - HHH000477: Starting delayed evictData of schema as part of SessionFactory shut-down'
2021-01-11 15:37:32.877 INFO  c.n.d.DiscoveryClient.register:879 - DiscoveryClient_BANK/host.docker.internal:bank:8095 - registration status: 204
2021-01-11 15:37:32.877 INFO  c.n.d.DiscoveryClient.register:870 - DiscoveryClient_BANK/host.docker.internal:bank:8095: registering service...
2021-01-11 15:37:32.909 INFO  o.s.s.c.ThreadPoolTaskExecutor.shutdown:218 - Shutting down ExecutorService 'applicationTaskExecutor'
2021-01-11 15:37:32.910 INFO  c.z.h.HikariDataSource.close:350 - HikariPool-1 - Shutdown initiated...
2021-01-11 15:37:32.934 INFO  c.z.h.HikariDataSource.close:352 - HikariPool-1 - Shutdown completed.
2021-01-11 15:37:32.936 INFO  c.n.d.DiscoveryClient.shutdown:932 - Shutting down DiscoveryClient ...
2021-01-11 15:37:32.952 INFO  c.n.d.DiscoveryClient.register:879 - DiscoveryClient_BANK/host.docker.internal:bank:8095 - registration status: 204
2021-01-11 15:37:32.955 INFO  c.n.d.DiscoveryClient.unregister:968 - Unregistering ...
2021-01-11 15:37:33.595 INFO  c.n.d.DiscoveryClient.unregister:970 - DiscoveryClient_BANK/host.docker.internal:bank:8095 - deregister  status: 200
2021-01-11 15:37:33.610 INFO  c.n.d.DiscoveryClient.shutdown:957 - Completed shut down of DiscoveryClient
