2020-12-17 13:58:30.625 INFO  c.p.u.UnicreditServiceApplication.logStartupProfileInfo:655 - The following profiles are active: dev
2020-12-17 13:58:31.602 INFO  o.s.d.r.c.RepositoryConfigurationDelegate.registerRepositoriesIn:127 - Bootstrapping Spring Data JPA repositories in DEFERRED mode.
2020-12-17 13:58:31.784 INFO  o.s.d.r.c.RepositoryConfigurationDelegate.registerRepositoriesIn:187 - Finished Spring Data repository scanning in 167ms. Found 9 JPA repository interfaces.
2020-12-17 13:58:32.222 INFO  o.s.c.c.s.GenericScope.setSerializationId:295 - BeanFactory id=145e74bb-8099-3284-aedd-1f94bb3ad17d
2020-12-17 13:58:32.281 INFO  o.s.c.s.PostProcessorRegistrationDelegate$BeanPostProcessorChecker.postProcessAfterInitialization:335 - Bean 'com.payment.unicreditservice.feign.PccClient' of type [org.springframework.cloud.openfeign.FeignClientFactoryBean] is not eligible for getting processed by all BeanPostProcessors (for example: not eligible for auto-proxying)
2020-12-17 13:58:32.333 INFO  o.s.c.s.PostProcessorRegistrationDelegate$BeanPostProcessorChecker.postProcessAfterInitialization:335 - Bean 'org.springframework.ws.config.annotation.DelegatingWsConfiguration' of type [org.springframework.ws.config.annotation.DelegatingWsConfiguration$$EnhancerBySpringCGLIB$$f422cfcb] is not eligible for getting processed by all BeanPostProcessors (for example: not eligible for auto-proxying)
2020-12-17 13:58:32.372 INFO  o.s.w.s.a.s.AnnotationActionEndpointMapping.afterPropertiesSet:236 - Supporting [WS-Addressing August 2004, WS-Addressing 1.0]
2020-12-17 13:58:32.506 INFO  o.s.c.s.PostProcessorRegistrationDelegate$BeanPostProcessorChecker.postProcessAfterInitialization:335 - Bean 'org.springframework.security.access.expression.method.DefaultMethodSecurityExpressionHandler@6bedd4e4' of type [org.springframework.security.access.expression.method.DefaultMethodSecurityExpressionHandler] is not eligible for getting processed by all BeanPostProcessors (for example: not eligible for auto-proxying)
2020-12-17 13:58:32.514 INFO  o.s.c.s.PostProcessorRegistrationDelegate$BeanPostProcessorChecker.postProcessAfterInitialization:335 - Bean 'methodSecurityMetadataSource' of type [org.springframework.security.access.method.DelegatingMethodSecurityMetadataSource] is not eligible for getting processed by all BeanPostProcessors (for example: not eligible for auto-proxying)
2020-12-17 13:58:32.871 INFO  o.s.b.w.e.t.TomcatWebServer.initialize:108 - Tomcat initialized with port(s): 8091 (http)
2020-12-17 13:58:32.882 INFO  o.a.c.h.Http11NioProtocol.log:173 - Initializing ProtocolHandler ["http-nio-8091"]
2020-12-17 13:58:32.884 INFO  o.a.c.c.StandardService.log:173 - Starting service [Tomcat]
2020-12-17 13:58:32.884 INFO  o.a.c.c.StandardEngine.log:173 - Starting Servlet engine: [Apache Tomcat/9.0.37]
2020-12-17 13:58:33.108 INFO  o.a.c.c.C.[.[.[/].log:173 - Initializing Spring embedded WebApplicationContext
2020-12-17 13:58:33.108 INFO  o.s.b.w.s.c.ServletWebServerApplicationContext.prepareWebApplicationContext:285 - Root WebApplicationContext: initialization completed in 2403 ms
2020-12-17 13:58:33.440 INFO  o.s.s.c.ThreadPoolTaskExecutor.initialize:181 - Initializing ExecutorService 'applicationTaskExecutor'
2020-12-17 13:58:33.544 INFO  o.h.j.i.u.LogHelper.logPersistenceUnitInformation:31 - HHH000204: Processing PersistenceUnitInfo [name: default]
2020-12-17 13:58:33.685 INFO  o.h.Version.logVersion:44 - HHH000412: Hibernate ORM core version 5.4.18.Final
2020-12-17 13:58:34.006 INFO  o.h.a.c.Version.<clinit>:49 - HCANN000001: Hibernate Commons Annotations {5.1.0.Final}
2020-12-17 13:58:34.011 INFO  o.s.d.r.c.DeferredRepositoryInitializationListener.onApplicationEvent:49 - Triggering deferred initialization of Spring Data repositories…
2020-12-17 13:58:34.271 INFO  c.z.h.HikariDataSource.getConnection:110 - HikariPool-1 - Starting...
2020-12-17 13:58:34.472 INFO  c.z.h.HikariDataSource.getConnection:123 - HikariPool-1 - Start completed.
2020-12-17 13:58:34.501 INFO  o.h.d.Dialect.<init>:172 - HHH000400: Using dialect: org.hibernate.dialect.PostgreSQL95Dialect
2020-12-17 13:58:36.832 INFO  o.h.e.t.j.p.i.JtaPlatformInitiator.initiateService:52 - HHH000490: Using JtaPlatform implementation: [org.hibernate.engine.transaction.jta.platform.internal.NoJtaPlatform]
2020-12-17 13:58:36.849 INFO  o.s.o.j.LocalContainerEntityManagerFactoryBean.buildNativeEntityManagerFactory:416 - Initialized JPA EntityManagerFactory for persistence unit 'default'
2020-12-17 13:58:38.121 INFO  o.s.d.r.c.DeferredRepositoryInitializationListener.onApplicationEvent:53 - Spring Data repositories initialized!
2020-12-17 13:58:38.889 INFO  o.s.b.a.s.s.UserDetailsServiceAutoConfiguration.getOrDeducePassword:86 - 

Using generated security password: 96daf572-391f-4f44-8368-ed7984b95224

2020-12-17 13:58:39.027 INFO  o.s.s.w.DefaultSecurityFilterChain.<init>:43 - Creating filter chain: Ant [pattern='/', GET], []
2020-12-17 13:58:39.027 INFO  o.s.s.w.DefaultSecurityFilterChain.<init>:43 - Creating filter chain: Ant [pattern='/webjars/**', GET], []
2020-12-17 13:58:39.028 INFO  o.s.s.w.DefaultSecurityFilterChain.<init>:43 - Creating filter chain: Ant [pattern='/*.html', GET], []
2020-12-17 13:58:39.028 INFO  o.s.s.w.DefaultSecurityFilterChain.<init>:43 - Creating filter chain: Ant [pattern='/favicon.ico', GET], []
2020-12-17 13:58:39.028 INFO  o.s.s.w.DefaultSecurityFilterChain.<init>:43 - Creating filter chain: Ant [pattern='/**/*.html', GET], []
2020-12-17 13:58:39.029 INFO  o.s.s.w.DefaultSecurityFilterChain.<init>:43 - Creating filter chain: Ant [pattern='/**/*.css', GET], []
2020-12-17 13:58:39.029 INFO  o.s.s.w.DefaultSecurityFilterChain.<init>:43 - Creating filter chain: Ant [pattern='/**/*.js', GET], []
2020-12-17 13:58:39.128 INFO  o.s.s.w.DefaultSecurityFilterChain.<init>:43 - Creating filter chain: any request, [org.springframework.security.web.context.request.async.WebAsyncManagerIntegrationFilter@31ab4859, org.springframework.security.web.context.SecurityContextPersistenceFilter@65fc8edc, org.springframework.security.web.header.HeaderWriterFilter@66d2885c, org.springframework.web.filter.CorsFilter@498a612d, org.springframework.security.web.authentication.logout.LogoutFilter@20c3b34b, org.springframework.security.web.savedrequest.RequestCacheAwareFilter@7740b0ab, org.springframework.security.web.servletapi.SecurityContextHolderAwareRequestFilter@32e830a0, org.springframework.security.web.authentication.AnonymousAuthenticationFilter@5ca22e19, org.springframework.security.web.session.SessionManagementFilter@7ea07516, org.springframework.security.web.access.ExceptionTranslationFilter@27dc335a, org.springframework.security.web.access.intercept.FilterSecurityInterceptor@6d3163a6]
2020-12-17 13:58:39.185 INFO  c.n.c.s.URLConfigurationSource.<init>:122 - To enable URLs as dynamic configuration sources, define System property archaius.configurationSource.additionalUrls or make config.properties available on classpath.
2020-12-17 13:58:39.200 INFO  c.n.c.s.URLConfigurationSource.<init>:122 - To enable URLs as dynamic configuration sources, define System property archaius.configurationSource.additionalUrls or make config.properties available on classpath.
2020-12-17 13:58:40.553 INFO  o.s.c.n.e.c.DiscoveryClientOptionalArgsConfiguration.discoveryClientOptionalArgs:78 - Eureka HTTP Client uses Jersey
2020-12-17 13:58:41.199 INFO  o.s.c.n.e.InstanceInfoFactory.create:72 - Setting initial instance status as: STARTING
2020-12-17 13:58:41.260 INFO  c.n.d.DiscoveryClient.<init>:371 - Initializing Eureka in region us-east-1
2020-12-17 13:58:42.032 INFO  c.n.d.p.DiscoveryJerseyProvider.<init>:70 - Using JSON encoding codec LegacyJacksonJson
2020-12-17 13:58:42.033 INFO  c.n.d.p.DiscoveryJerseyProvider.<init>:71 - Using JSON decoding codec LegacyJacksonJson
2020-12-17 13:58:42.746 INFO  c.n.d.p.DiscoveryJerseyProvider.<init>:80 - Using XML encoding codec XStreamXml
2020-12-17 13:58:42.748 INFO  c.n.d.p.DiscoveryJerseyProvider.<init>:81 - Using XML decoding codec XStreamXml
2020-12-17 13:58:43.489 INFO  c.n.d.s.r.a.ConfigClusterResolver.getClusterEndpoints:43 - Resolving eureka endpoints via configuration
2020-12-17 13:58:43.927 INFO  c.n.d.DiscoveryClient.fetchRegistry:1004 - Disable delta property : false
2020-12-17 13:58:43.928 INFO  c.n.d.DiscoveryClient.fetchRegistry:1005 - Single vip registry refresh property : null
2020-12-17 13:58:43.928 INFO  c.n.d.DiscoveryClient.fetchRegistry:1006 - Force full registry fetch : false
2020-12-17 13:58:43.928 INFO  c.n.d.DiscoveryClient.fetchRegistry:1007 - Application is null : false
2020-12-17 13:58:43.929 INFO  c.n.d.DiscoveryClient.fetchRegistry:1008 - Registered Applications size is zero : true
2020-12-17 13:58:43.929 INFO  c.n.d.DiscoveryClient.fetchRegistry:1010 - Application version is -1: true
2020-12-17 13:58:43.929 INFO  c.n.d.DiscoveryClient.getAndStoreFullRegistry:1093 - Getting all instance registry info from the eureka server
2020-12-17 13:58:44.350 INFO  c.n.d.DiscoveryClient.getAndStoreFullRegistry:1102 - The response status is 200
2020-12-17 13:58:44.356 INFO  c.n.d.DiscoveryClient.initScheduledTasks:1317 - Starting heartbeat executor: renew interval is: 30
2020-12-17 13:58:44.362 INFO  c.n.d.InstanceInfoReplicator.<init>:60 - InstanceInfoReplicator onDemand update allowed rate per min is 4
2020-12-17 13:58:44.370 INFO  c.n.d.DiscoveryClient.<init>:491 - Discovery Client initialized at timestamp 1608209924367 with initial instances count: 1
2020-12-17 13:58:44.379 INFO  o.s.c.n.e.s.EurekaServiceRegistry.register:41 - Registering application UNICREDIT with eureka with status UP
2020-12-17 13:58:44.380 INFO  c.n.d.DiscoveryClient.notify:1353 - Saw local status change event StatusChangeEvent [timestamp=1608209924380, current=UP, previous=STARTING]
2020-12-17 13:58:44.386 INFO  c.n.d.DiscoveryClient.register:870 - DiscoveryClient_UNICREDIT/host.docker.internal:unicredit:8091: registering service...
2020-12-17 13:58:44.386 INFO  o.a.c.h.Http11NioProtocol.log:173 - Starting ProtocolHandler ["http-nio-8091"]
2020-12-17 13:58:44.444 INFO  o.s.b.w.e.t.TomcatWebServer.start:220 - Tomcat started on port(s): 8091 (http) with context path ''
2020-12-17 13:58:44.447 INFO  o.s.c.n.e.s.EurekaAutoServiceRegistration.onApplicationEvent:145 - Updating port to 8091
2020-12-17 13:58:45.152 INFO  c.n.d.DiscoveryClient.register:879 - DiscoveryClient_UNICREDIT/host.docker.internal:unicredit:8091 - registration status: 204
2020-12-17 13:58:45.195 INFO  o.s.d.r.c.DeferredRepositoryInitializationListener.onApplicationEvent:49 - Triggering deferred initialization of Spring Data repositories…
2020-12-17 13:58:45.196 INFO  o.s.d.r.c.DeferredRepositoryInitializationListener.onApplicationEvent:53 - Spring Data repositories initialized!
2020-12-17 13:58:45.211 INFO  c.p.u.UnicreditServiceApplication.logStarted:61 - Started UnicreditServiceApplication in 17.946 seconds (JVM running for 19.806)
2020-12-17 14:02:28.695 INFO  o.s.c.n.e.s.EurekaServiceRegistry.deregister:65 - Unregistering application UNICREDIT with eureka with status DOWN
2020-12-17 14:02:28.697 INFO  c.n.d.DiscoveryClient.register:870 - DiscoveryClient_UNICREDIT/host.docker.internal:unicredit:8091: registering service...
2020-12-17 14:02:29.085 INFO  o.s.o.j.LocalContainerEntityManagerFactoryBean.destroy:598 - Closing JPA EntityManagerFactory for persistence unit 'default'
2020-12-17 14:02:29.112 INFO  o.h.t.s.i.SchemaDropperImpl$DelayedDropActionImpl.perform:526 - HHH000477: Starting delayed evictData of schema as part of SessionFactory shut-down'
2020-12-17 14:02:29.305 INFO  o.s.s.c.ThreadPoolTaskExecutor.shutdown:218 - Shutting down ExecutorService 'applicationTaskExecutor'
2020-12-17 14:02:29.306 INFO  c.z.h.HikariDataSource.close:350 - HikariPool-1 - Shutdown initiated...
2020-12-17 14:02:29.320 INFO  c.z.h.HikariDataSource.close:352 - HikariPool-1 - Shutdown completed.
2020-12-17 14:02:29.322 INFO  c.n.d.DiscoveryClient.shutdown:932 - Shutting down DiscoveryClient ...
2020-12-17 14:09:32.176 INFO  c.p.u.UnicreditServiceApplication.logStartupProfileInfo:655 - The following profiles are active: dev
2020-12-17 14:09:33.217 INFO  o.s.d.r.c.RepositoryConfigurationDelegate.registerRepositoriesIn:127 - Bootstrapping Spring Data JPA repositories in DEFERRED mode.
2020-12-17 14:09:33.388 INFO  o.s.d.r.c.RepositoryConfigurationDelegate.registerRepositoriesIn:187 - Finished Spring Data repository scanning in 159ms. Found 9 JPA repository interfaces.
2020-12-17 14:09:33.843 INFO  o.s.c.c.s.GenericScope.setSerializationId:295 - BeanFactory id=145e74bb-8099-3284-aedd-1f94bb3ad17d
2020-12-17 14:09:33.922 INFO  o.s.c.s.PostProcessorRegistrationDelegate$BeanPostProcessorChecker.postProcessAfterInitialization:335 - Bean 'com.payment.unicreditservice.feign.PccClient' of type [org.springframework.cloud.openfeign.FeignClientFactoryBean] is not eligible for getting processed by all BeanPostProcessors (for example: not eligible for auto-proxying)
2020-12-17 14:09:33.960 INFO  o.s.c.s.PostProcessorRegistrationDelegate$BeanPostProcessorChecker.postProcessAfterInitialization:335 - Bean 'org.springframework.ws.config.annotation.DelegatingWsConfiguration' of type [org.springframework.ws.config.annotation.DelegatingWsConfiguration$$EnhancerBySpringCGLIB$$d2a62cbe] is not eligible for getting processed by all BeanPostProcessors (for example: not eligible for auto-proxying)
2020-12-17 14:09:34.007 INFO  o.s.w.s.a.s.AnnotationActionEndpointMapping.afterPropertiesSet:236 - Supporting [WS-Addressing August 2004, WS-Addressing 1.0]
2020-12-17 14:09:34.123 INFO  o.s.c.s.PostProcessorRegistrationDelegate$BeanPostProcessorChecker.postProcessAfterInitialization:335 - Bean 'org.springframework.security.access.expression.method.DefaultMethodSecurityExpressionHandler@3811510' of type [org.springframework.security.access.expression.method.DefaultMethodSecurityExpressionHandler] is not eligible for getting processed by all BeanPostProcessors (for example: not eligible for auto-proxying)
2020-12-17 14:09:34.130 INFO  o.s.c.s.PostProcessorRegistrationDelegate$BeanPostProcessorChecker.postProcessAfterInitialization:335 - Bean 'methodSecurityMetadataSource' of type [org.springframework.security.access.method.DelegatingMethodSecurityMetadataSource] is not eligible for getting processed by all BeanPostProcessors (for example: not eligible for auto-proxying)
2020-12-17 14:09:34.596 INFO  o.s.b.w.e.t.TomcatWebServer.initialize:108 - Tomcat initialized with port(s): 8091 (http)
2020-12-17 14:09:34.610 INFO  o.a.c.h.Http11NioProtocol.log:173 - Initializing ProtocolHandler ["http-nio-8091"]
2020-12-17 14:09:34.611 INFO  o.a.c.c.StandardService.log:173 - Starting service [Tomcat]
2020-12-17 14:09:34.612 INFO  o.a.c.c.StandardEngine.log:173 - Starting Servlet engine: [Apache Tomcat/9.0.37]
2020-12-17 14:09:34.895 INFO  o.a.c.c.C.[.[.[/].log:173 - Initializing Spring embedded WebApplicationContext
2020-12-17 14:09:34.896 INFO  o.s.b.w.s.c.ServletWebServerApplicationContext.prepareWebApplicationContext:285 - Root WebApplicationContext: initialization completed in 2660 ms
2020-12-17 14:09:35.266 INFO  o.s.s.c.ThreadPoolTaskExecutor.initialize:181 - Initializing ExecutorService 'applicationTaskExecutor'
2020-12-17 14:09:35.384 INFO  o.h.j.i.u.LogHelper.logPersistenceUnitInformation:31 - HHH000204: Processing PersistenceUnitInfo [name: default]
2020-12-17 14:09:35.551 INFO  o.h.Version.logVersion:44 - HHH000412: Hibernate ORM core version 5.4.18.Final
2020-12-17 14:09:35.982 INFO  o.h.a.c.Version.<clinit>:49 - HCANN000001: Hibernate Commons Annotations {5.1.0.Final}
2020-12-17 14:09:35.997 INFO  o.s.d.r.c.DeferredRepositoryInitializationListener.onApplicationEvent:49 - Triggering deferred initialization of Spring Data repositories…
2020-12-17 14:09:36.246 INFO  c.z.h.HikariDataSource.getConnection:110 - HikariPool-1 - Starting...
2020-12-17 14:09:36.466 INFO  c.z.h.HikariDataSource.getConnection:123 - HikariPool-1 - Start completed.
2020-12-17 14:09:36.499 INFO  o.h.d.Dialect.<init>:172 - HHH000400: Using dialect: org.hibernate.dialect.PostgreSQL95Dialect
2020-12-17 14:09:39.808 INFO  o.h.e.t.j.p.i.JtaPlatformInitiator.initiateService:52 - HHH000490: Using JtaPlatform implementation: [org.hibernate.engine.transaction.jta.platform.internal.NoJtaPlatform]
2020-12-17 14:09:39.823 INFO  o.s.o.j.LocalContainerEntityManagerFactoryBean.buildNativeEntityManagerFactory:416 - Initialized JPA EntityManagerFactory for persistence unit 'default'
2020-12-17 14:09:40.990 INFO  o.s.d.r.c.DeferredRepositoryInitializationListener.onApplicationEvent:53 - Spring Data repositories initialized!
2020-12-17 14:09:41.665 INFO  o.s.b.a.s.s.UserDetailsServiceAutoConfiguration.getOrDeducePassword:86 - 

Using generated security password: ff621032-2ed8-4d39-909c-9d89c96d55b4

2020-12-17 14:09:41.778 INFO  o.s.s.w.DefaultSecurityFilterChain.<init>:43 - Creating filter chain: Ant [pattern='/', GET], []
2020-12-17 14:09:41.779 INFO  o.s.s.w.DefaultSecurityFilterChain.<init>:43 - Creating filter chain: Ant [pattern='/webjars/**', GET], []
2020-12-17 14:09:41.779 INFO  o.s.s.w.DefaultSecurityFilterChain.<init>:43 - Creating filter chain: Ant [pattern='/*.html', GET], []
2020-12-17 14:09:41.780 INFO  o.s.s.w.DefaultSecurityFilterChain.<init>:43 - Creating filter chain: Ant [pattern='/favicon.ico', GET], []
2020-12-17 14:09:41.780 INFO  o.s.s.w.DefaultSecurityFilterChain.<init>:43 - Creating filter chain: Ant [pattern='/**/*.html', GET], []
2020-12-17 14:09:41.780 INFO  o.s.s.w.DefaultSecurityFilterChain.<init>:43 - Creating filter chain: Ant [pattern='/**/*.css', GET], []
2020-12-17 14:09:41.780 INFO  o.s.s.w.DefaultSecurityFilterChain.<init>:43 - Creating filter chain: Ant [pattern='/**/*.js', GET], []
2020-12-17 14:09:41.854 INFO  o.s.s.w.DefaultSecurityFilterChain.<init>:43 - Creating filter chain: any request, [org.springframework.security.web.context.request.async.WebAsyncManagerIntegrationFilter@53ba7997, org.springframework.security.web.context.SecurityContextPersistenceFilter@2aac8ad7, org.springframework.security.web.header.HeaderWriterFilter@31693a86, org.springframework.web.filter.CorsFilter@72443081, org.springframework.security.web.authentication.logout.LogoutFilter@70d5d96b, org.springframework.security.web.savedrequest.RequestCacheAwareFilter@778c2e7c, org.springframework.security.web.servletapi.SecurityContextHolderAwareRequestFilter@504b8705, org.springframework.security.web.authentication.AnonymousAuthenticationFilter@3f6f9cef, org.springframework.security.web.session.SessionManagementFilter@7c5c20ed, org.springframework.security.web.access.ExceptionTranslationFilter@25fa6889, org.springframework.security.web.access.intercept.FilterSecurityInterceptor@34cb0e49]
2020-12-17 14:09:41.904 INFO  c.n.c.s.URLConfigurationSource.<init>:122 - To enable URLs as dynamic configuration sources, define System property archaius.configurationSource.additionalUrls or make config.properties available on classpath.
2020-12-17 14:09:41.913 INFO  c.n.c.s.URLConfigurationSource.<init>:122 - To enable URLs as dynamic configuration sources, define System property archaius.configurationSource.additionalUrls or make config.properties available on classpath.
2020-12-17 14:09:43.131 INFO  o.s.c.n.e.c.DiscoveryClientOptionalArgsConfiguration.discoveryClientOptionalArgs:78 - Eureka HTTP Client uses Jersey
2020-12-17 14:09:43.816 INFO  o.s.c.n.e.InstanceInfoFactory.create:72 - Setting initial instance status as: STARTING
2020-12-17 14:09:43.884 INFO  c.n.d.DiscoveryClient.<init>:371 - Initializing Eureka in region us-east-1
2020-12-17 14:09:44.520 INFO  c.n.d.p.DiscoveryJerseyProvider.<init>:70 - Using JSON encoding codec LegacyJacksonJson
2020-12-17 14:09:44.520 INFO  c.n.d.p.DiscoveryJerseyProvider.<init>:71 - Using JSON decoding codec LegacyJacksonJson
2020-12-17 14:09:44.848 INFO  c.n.d.p.DiscoveryJerseyProvider.<init>:80 - Using XML encoding codec XStreamXml
2020-12-17 14:09:44.849 INFO  c.n.d.p.DiscoveryJerseyProvider.<init>:81 - Using XML decoding codec XStreamXml
2020-12-17 14:09:45.307 INFO  c.n.d.s.r.a.ConfigClusterResolver.getClusterEndpoints:43 - Resolving eureka endpoints via configuration
2020-12-17 14:09:45.826 INFO  c.n.d.DiscoveryClient.fetchRegistry:1004 - Disable delta property : false
2020-12-17 14:09:45.827 INFO  c.n.d.DiscoveryClient.fetchRegistry:1005 - Single vip registry refresh property : null
2020-12-17 14:09:45.828 INFO  c.n.d.DiscoveryClient.fetchRegistry:1006 - Force full registry fetch : false
2020-12-17 14:09:45.829 INFO  c.n.d.DiscoveryClient.fetchRegistry:1007 - Application is null : false
2020-12-17 14:09:45.829 INFO  c.n.d.DiscoveryClient.fetchRegistry:1008 - Registered Applications size is zero : true
2020-12-17 14:09:45.830 INFO  c.n.d.DiscoveryClient.fetchRegistry:1010 - Application version is -1: true
2020-12-17 14:09:45.831 INFO  c.n.d.DiscoveryClient.getAndStoreFullRegistry:1093 - Getting all instance registry info from the eureka server
2020-12-17 14:09:46.310 INFO  c.n.d.DiscoveryClient.getAndStoreFullRegistry:1102 - The response status is 200
2020-12-17 14:09:46.316 INFO  c.n.d.DiscoveryClient.initScheduledTasks:1317 - Starting heartbeat executor: renew interval is: 30
2020-12-17 14:09:46.321 INFO  c.n.d.InstanceInfoReplicator.<init>:60 - InstanceInfoReplicator onDemand update allowed rate per min is 4
2020-12-17 14:09:46.332 INFO  c.n.d.DiscoveryClient.<init>:491 - Discovery Client initialized at timestamp 1608210586328 with initial instances count: 1
2020-12-17 14:09:46.343 INFO  o.s.c.n.e.s.EurekaServiceRegistry.register:41 - Registering application UNICREDIT with eureka with status UP
2020-12-17 14:09:46.344 INFO  c.n.d.DiscoveryClient.notify:1353 - Saw local status change event StatusChangeEvent [timestamp=1608210586344, current=UP, previous=STARTING]
2020-12-17 14:09:46.350 INFO  o.a.c.h.Http11NioProtocol.log:173 - Starting ProtocolHandler ["http-nio-8091"]
2020-12-17 14:09:46.352 INFO  c.n.d.DiscoveryClient.register:870 - DiscoveryClient_UNICREDIT/host.docker.internal:unicredit:8091: registering service...
2020-12-17 14:09:46.400 INFO  o.s.b.w.e.t.TomcatWebServer.start:220 - Tomcat started on port(s): 8091 (http) with context path ''
2020-12-17 14:09:46.402 INFO  o.s.c.n.e.s.EurekaAutoServiceRegistration.onApplicationEvent:145 - Updating port to 8091
2020-12-17 14:09:46.932 INFO  c.n.d.DiscoveryClient.register:879 - DiscoveryClient_UNICREDIT/host.docker.internal:unicredit:8091 - registration status: 204
2020-12-17 14:09:46.988 INFO  o.s.d.r.c.DeferredRepositoryInitializationListener.onApplicationEvent:49 - Triggering deferred initialization of Spring Data repositories…
2020-12-17 14:09:46.989 INFO  o.s.d.r.c.DeferredRepositoryInitializationListener.onApplicationEvent:53 - Spring Data repositories initialized!
2020-12-17 14:09:47.003 INFO  c.p.u.UnicreditServiceApplication.logStarted:61 - Started UnicreditServiceApplication in 18.246 seconds (JVM running for 19.921)
2020-12-17 14:13:24.821 INFO  o.a.c.c.C.[.[.[/].log:173 - Initializing Spring DispatcherServlet 'dispatcherServlet'
2020-12-17 14:13:24.821 INFO  o.s.w.s.DispatcherServlet.initServletBean:525 - Initializing Servlet 'dispatcherServlet'
2020-12-17 14:13:24.832 INFO  o.s.w.s.DispatcherServlet.initServletBean:547 - Completed initialization in 11 ms
2020-12-17 14:13:25.613 INFO  c.p.u.s.i.TransactionService.payPcc:101 - ["Unicredit Bank"] payment pcc request [acq-orderId=1]
2020-12-17 14:13:26.966 INFO  c.p.u.s.i.TransactionService.settlementInOneBank:134 - ["Unicredit Bank"] customer account reducing [name=Wilfred Zaha], [amount=4200.0]
2020-12-17 14:13:27.028 INFO  c.p.u.s.i.TransactionService.payPcc:112 - ["Unicredit Bank"] payment pcc successfull [acq-orderId=1]
2020-12-17 14:14:45.839 INFO  c.n.d.s.r.a.ConfigClusterResolver.getClusterEndpoints:43 - Resolving eureka endpoints via configuration
2020-12-17 14:14:46.995 INFO  o.s.c.n.e.s.EurekaServiceRegistry.deregister:65 - Unregistering application UNICREDIT with eureka with status DOWN
2020-12-17 14:14:46.996 INFO  c.n.d.DiscoveryClient.register:870 - DiscoveryClient_UNICREDIT/host.docker.internal:unicredit:8091: registering service...
2020-12-17 14:14:47.014 INFO  o.a.h.i.c.DefaultHttpClient.tryExecute:690 - I/O exception (java.net.SocketException) caught when processing request to {}->http://localhost:8761: Software caused connection abort: socket write error
2020-12-17 14:14:47.014 INFO  o.a.h.i.c.DefaultHttpClient.tryExecute:700 - Retrying request to {}->http://localhost:8761
2020-12-17 14:14:47.314 INFO  o.s.o.j.LocalContainerEntityManagerFactoryBean.destroy:598 - Closing JPA EntityManagerFactory for persistence unit 'default'
2020-12-17 14:14:47.315 INFO  o.h.t.s.i.SchemaDropperImpl$DelayedDropActionImpl.perform:526 - HHH000477: Starting delayed evictData of schema as part of SessionFactory shut-down'
2020-12-17 14:14:47.491 INFO  o.s.s.c.ThreadPoolTaskExecutor.shutdown:218 - Shutting down ExecutorService 'applicationTaskExecutor'
2020-12-17 14:14:47.491 INFO  c.z.h.HikariDataSource.close:350 - HikariPool-1 - Shutdown initiated...
2020-12-17 14:14:47.504 INFO  c.z.h.HikariDataSource.close:352 - HikariPool-1 - Shutdown completed.
2020-12-17 14:14:47.506 INFO  c.n.d.DiscoveryClient.shutdown:932 - Shutting down DiscoveryClient ...
2020-12-17 14:35:14.434 INFO  c.p.u.UnicreditServiceApplication.logStartupProfileInfo:655 - The following profiles are active: dev
2020-12-17 14:35:15.284 INFO  o.s.d.r.c.RepositoryConfigurationDelegate.registerRepositoriesIn:127 - Bootstrapping Spring Data JPA repositories in DEFERRED mode.
2020-12-17 14:35:15.450 INFO  o.s.d.r.c.RepositoryConfigurationDelegate.registerRepositoriesIn:187 - Finished Spring Data repository scanning in 157ms. Found 9 JPA repository interfaces.
2020-12-17 14:35:15.783 INFO  o.s.c.c.s.GenericScope.setSerializationId:295 - BeanFactory id=145e74bb-8099-3284-aedd-1f94bb3ad17d
2020-12-17 14:35:15.841 INFO  o.s.c.s.PostProcessorRegistrationDelegate$BeanPostProcessorChecker.postProcessAfterInitialization:335 - Bean 'com.payment.unicreditservice.feign.PccClient' of type [org.springframework.cloud.openfeign.FeignClientFactoryBean] is not eligible for getting processed by all BeanPostProcessors (for example: not eligible for auto-proxying)
2020-12-17 14:35:15.883 INFO  o.s.c.s.PostProcessorRegistrationDelegate$BeanPostProcessorChecker.postProcessAfterInitialization:335 - Bean 'org.springframework.ws.config.annotation.DelegatingWsConfiguration' of type [org.springframework.ws.config.annotation.DelegatingWsConfiguration$$EnhancerBySpringCGLIB$$36700bcf] is not eligible for getting processed by all BeanPostProcessors (for example: not eligible for auto-proxying)
2020-12-17 14:35:15.921 INFO  o.s.w.s.a.s.AnnotationActionEndpointMapping.afterPropertiesSet:236 - Supporting [WS-Addressing August 2004, WS-Addressing 1.0]
2020-12-17 14:35:16.039 INFO  o.s.c.s.PostProcessorRegistrationDelegate$BeanPostProcessorChecker.postProcessAfterInitialization:335 - Bean 'org.springframework.security.access.expression.method.DefaultMethodSecurityExpressionHandler@2b1cd7bc' of type [org.springframework.security.access.expression.method.DefaultMethodSecurityExpressionHandler] is not eligible for getting processed by all BeanPostProcessors (for example: not eligible for auto-proxying)
2020-12-17 14:35:16.047 INFO  o.s.c.s.PostProcessorRegistrationDelegate$BeanPostProcessorChecker.postProcessAfterInitialization:335 - Bean 'methodSecurityMetadataSource' of type [org.springframework.security.access.method.DelegatingMethodSecurityMetadataSource] is not eligible for getting processed by all BeanPostProcessors (for example: not eligible for auto-proxying)
2020-12-17 14:35:16.584 INFO  o.s.b.w.e.t.TomcatWebServer.initialize:108 - Tomcat initialized with port(s): 8091 (http)
2020-12-17 14:35:16.608 INFO  o.a.c.h.Http11NioProtocol.log:173 - Initializing ProtocolHandler ["http-nio-8091"]
2020-12-17 14:35:16.610 INFO  o.a.c.c.StandardService.log:173 - Starting service [Tomcat]
2020-12-17 14:35:16.611 INFO  o.a.c.c.StandardEngine.log:173 - Starting Servlet engine: [Apache Tomcat/9.0.37]
2020-12-17 14:35:16.996 INFO  o.a.c.c.C.[.[.[/].log:173 - Initializing Spring embedded WebApplicationContext
2020-12-17 14:35:16.997 INFO  o.s.b.w.s.c.ServletWebServerApplicationContext.prepareWebApplicationContext:285 - Root WebApplicationContext: initialization completed in 2530 ms
2020-12-17 14:35:17.409 INFO  o.s.s.c.ThreadPoolTaskExecutor.initialize:181 - Initializing ExecutorService 'applicationTaskExecutor'
2020-12-17 14:35:17.516 INFO  o.h.j.i.u.LogHelper.logPersistenceUnitInformation:31 - HHH000204: Processing PersistenceUnitInfo [name: default]
2020-12-17 14:35:17.669 INFO  o.h.Version.logVersion:44 - HHH000412: Hibernate ORM core version 5.4.18.Final
2020-12-17 14:35:18.018 INFO  o.h.a.c.Version.<clinit>:49 - HCANN000001: Hibernate Commons Annotations {5.1.0.Final}
2020-12-17 14:35:18.059 INFO  o.s.d.r.c.DeferredRepositoryInitializationListener.onApplicationEvent:49 - Triggering deferred initialization of Spring Data repositories…
2020-12-17 14:35:18.332 INFO  c.z.h.HikariDataSource.getConnection:110 - HikariPool-1 - Starting...
2020-12-17 14:35:18.592 INFO  c.z.h.HikariDataSource.getConnection:123 - HikariPool-1 - Start completed.
2020-12-17 14:35:18.634 INFO  o.h.d.Dialect.<init>:172 - HHH000400: Using dialect: org.hibernate.dialect.PostgreSQL95Dialect
2020-12-17 14:35:21.510 INFO  o.h.e.t.j.p.i.JtaPlatformInitiator.initiateService:52 - HHH000490: Using JtaPlatform implementation: [org.hibernate.engine.transaction.jta.platform.internal.NoJtaPlatform]
2020-12-17 14:35:21.525 INFO  o.s.o.j.LocalContainerEntityManagerFactoryBean.buildNativeEntityManagerFactory:416 - Initialized JPA EntityManagerFactory for persistence unit 'default'
2020-12-17 14:35:22.645 INFO  o.s.d.r.c.DeferredRepositoryInitializationListener.onApplicationEvent:53 - Spring Data repositories initialized!
2020-12-17 14:35:23.477 INFO  o.s.b.a.s.s.UserDetailsServiceAutoConfiguration.getOrDeducePassword:86 - 

Using generated security password: ac68f6f3-5a60-45fb-84c9-45b77c2f12e4

2020-12-17 14:35:23.632 INFO  o.s.s.w.DefaultSecurityFilterChain.<init>:43 - Creating filter chain: Ant [pattern='/', GET], []
2020-12-17 14:35:23.633 INFO  o.s.s.w.DefaultSecurityFilterChain.<init>:43 - Creating filter chain: Ant [pattern='/webjars/**', GET], []
2020-12-17 14:35:23.633 INFO  o.s.s.w.DefaultSecurityFilterChain.<init>:43 - Creating filter chain: Ant [pattern='/*.html', GET], []
2020-12-17 14:35:23.633 INFO  o.s.s.w.DefaultSecurityFilterChain.<init>:43 - Creating filter chain: Ant [pattern='/favicon.ico', GET], []
2020-12-17 14:35:23.634 INFO  o.s.s.w.DefaultSecurityFilterChain.<init>:43 - Creating filter chain: Ant [pattern='/**/*.html', GET], []
2020-12-17 14:35:23.634 INFO  o.s.s.w.DefaultSecurityFilterChain.<init>:43 - Creating filter chain: Ant [pattern='/**/*.css', GET], []
2020-12-17 14:35:23.634 INFO  o.s.s.w.DefaultSecurityFilterChain.<init>:43 - Creating filter chain: Ant [pattern='/**/*.js', GET], []
2020-12-17 14:35:23.743 INFO  o.s.s.w.DefaultSecurityFilterChain.<init>:43 - Creating filter chain: any request, [org.springframework.security.web.context.request.async.WebAsyncManagerIntegrationFilter@43755e2f, org.springframework.security.web.context.SecurityContextPersistenceFilter@7d6c4079, org.springframework.security.web.header.HeaderWriterFilter@4ebfb045, org.springframework.web.filter.CorsFilter@5bcec67e, org.springframework.security.web.authentication.logout.LogoutFilter@278de2b2, org.springframework.security.web.savedrequest.RequestCacheAwareFilter@432c0f1, org.springframework.security.web.servletapi.SecurityContextHolderAwareRequestFilter@28f05b0c, org.springframework.security.web.authentication.AnonymousAuthenticationFilter@3d71e10b, org.springframework.security.web.session.SessionManagementFilter@166e5a6d, org.springframework.security.web.access.ExceptionTranslationFilter@13a268cd, org.springframework.security.web.access.intercept.FilterSecurityInterceptor@69d2e517]
2020-12-17 14:35:23.808 INFO  c.n.c.s.URLConfigurationSource.<init>:122 - To enable URLs as dynamic configuration sources, define System property archaius.configurationSource.additionalUrls or make config.properties available on classpath.
2020-12-17 14:35:23.820 INFO  c.n.c.s.URLConfigurationSource.<init>:122 - To enable URLs as dynamic configuration sources, define System property archaius.configurationSource.additionalUrls or make config.properties available on classpath.
2020-12-17 14:35:25.518 INFO  o.s.c.n.e.c.DiscoveryClientOptionalArgsConfiguration.discoveryClientOptionalArgs:78 - Eureka HTTP Client uses Jersey
2020-12-17 14:35:26.513 INFO  o.s.c.n.e.InstanceInfoFactory.create:72 - Setting initial instance status as: STARTING
2020-12-17 14:35:26.623 INFO  c.n.d.DiscoveryClient.<init>:371 - Initializing Eureka in region us-east-1
2020-12-17 14:35:28.577 INFO  c.n.d.p.DiscoveryJerseyProvider.<init>:70 - Using JSON encoding codec LegacyJacksonJson
2020-12-17 14:35:28.578 INFO  c.n.d.p.DiscoveryJerseyProvider.<init>:71 - Using JSON decoding codec LegacyJacksonJson
2020-12-17 14:35:29.021 INFO  c.n.d.p.DiscoveryJerseyProvider.<init>:80 - Using XML encoding codec XStreamXml
2020-12-17 14:35:29.022 INFO  c.n.d.p.DiscoveryJerseyProvider.<init>:81 - Using XML decoding codec XStreamXml
2020-12-17 14:35:29.693 INFO  c.n.d.s.r.a.ConfigClusterResolver.getClusterEndpoints:43 - Resolving eureka endpoints via configuration
2020-12-17 14:35:30.075 INFO  c.n.d.DiscoveryClient.fetchRegistry:1004 - Disable delta property : false
2020-12-17 14:35:30.076 INFO  c.n.d.DiscoveryClient.fetchRegistry:1005 - Single vip registry refresh property : null
2020-12-17 14:35:30.076 INFO  c.n.d.DiscoveryClient.fetchRegistry:1006 - Force full registry fetch : false
2020-12-17 14:35:30.077 INFO  c.n.d.DiscoveryClient.fetchRegistry:1007 - Application is null : false
2020-12-17 14:35:30.077 INFO  c.n.d.DiscoveryClient.fetchRegistry:1008 - Registered Applications size is zero : true
2020-12-17 14:35:30.078 INFO  c.n.d.DiscoveryClient.fetchRegistry:1010 - Application version is -1: true
2020-12-17 14:35:30.078 INFO  c.n.d.DiscoveryClient.getAndStoreFullRegistry:1093 - Getting all instance registry info from the eureka server
2020-12-17 14:35:30.420 INFO  c.n.d.DiscoveryClient.getAndStoreFullRegistry:1102 - The response status is 200
2020-12-17 14:35:30.425 INFO  c.n.d.DiscoveryClient.initScheduledTasks:1317 - Starting heartbeat executor: renew interval is: 30
2020-12-17 14:35:30.429 INFO  c.n.d.InstanceInfoReplicator.<init>:60 - InstanceInfoReplicator onDemand update allowed rate per min is 4
2020-12-17 14:35:30.437 INFO  c.n.d.DiscoveryClient.<init>:491 - Discovery Client initialized at timestamp 1608212130435 with initial instances count: 1
2020-12-17 14:35:30.444 INFO  o.s.c.n.e.s.EurekaServiceRegistry.register:41 - Registering application UNICREDIT with eureka with status UP
2020-12-17 14:35:30.445 INFO  c.n.d.DiscoveryClient.notify:1353 - Saw local status change event StatusChangeEvent [timestamp=1608212130445, current=UP, previous=STARTING]
2020-12-17 14:35:30.450 INFO  c.n.d.DiscoveryClient.register:870 - DiscoveryClient_UNICREDIT/host.docker.internal:unicredit:8091: registering service...
2020-12-17 14:35:30.450 INFO  o.a.c.h.Http11NioProtocol.log:173 - Starting ProtocolHandler ["http-nio-8091"]
2020-12-17 14:35:30.496 INFO  o.s.b.w.e.t.TomcatWebServer.start:220 - Tomcat started on port(s): 8091 (http) with context path ''
2020-12-17 14:35:30.498 INFO  o.s.c.n.e.s.EurekaAutoServiceRegistration.onApplicationEvent:145 - Updating port to 8091
2020-12-17 14:35:31.067 INFO  c.n.d.DiscoveryClient.register:879 - DiscoveryClient_UNICREDIT/host.docker.internal:unicredit:8091 - registration status: 204
2020-12-17 14:35:31.151 INFO  o.s.d.r.c.DeferredRepositoryInitializationListener.onApplicationEvent:49 - Triggering deferred initialization of Spring Data repositories…
2020-12-17 14:35:31.151 INFO  o.s.d.r.c.DeferredRepositoryInitializationListener.onApplicationEvent:53 - Spring Data repositories initialized!
2020-12-17 14:35:31.168 INFO  c.p.u.UnicreditServiceApplication.logStarted:61 - Started UnicreditServiceApplication in 19.098 seconds (JVM running for 20.523)
2020-12-17 14:38:12.634 INFO  o.s.c.n.e.s.EurekaServiceRegistry.deregister:65 - Unregistering application UNICREDIT with eureka with status DOWN
2020-12-17 14:38:12.635 INFO  c.n.d.DiscoveryClient.register:870 - DiscoveryClient_UNICREDIT/host.docker.internal:unicredit:8091: registering service...
2020-12-17 14:38:12.656 INFO  o.a.h.i.c.DefaultHttpClient.tryExecute:690 - I/O exception (java.net.SocketException) caught when processing request to {}->http://localhost:8761: Software caused connection abort: socket write error
2020-12-17 14:38:12.656 INFO  o.a.h.i.c.DefaultHttpClient.tryExecute:700 - Retrying request to {}->http://localhost:8761
2020-12-17 14:38:12.957 INFO  o.s.o.j.LocalContainerEntityManagerFactoryBean.destroy:598 - Closing JPA EntityManagerFactory for persistence unit 'default'
2020-12-17 14:38:12.962 INFO  o.h.t.s.i.SchemaDropperImpl$DelayedDropActionImpl.perform:526 - HHH000477: Starting delayed evictData of schema as part of SessionFactory shut-down'
2020-12-17 14:38:13.108 INFO  o.s.s.c.ThreadPoolTaskExecutor.shutdown:218 - Shutting down ExecutorService 'applicationTaskExecutor'
2020-12-17 14:38:13.109 INFO  c.z.h.HikariDataSource.close:350 - HikariPool-1 - Shutdown initiated...
2020-12-17 14:38:13.119 INFO  c.z.h.HikariDataSource.close:352 - HikariPool-1 - Shutdown completed.
2020-12-17 14:38:13.121 INFO  c.n.d.DiscoveryClient.shutdown:932 - Shutting down DiscoveryClient ...
2020-12-17 14:43:26.133 INFO  c.p.u.UnicreditServiceApplication.logStartupProfileInfo:655 - The following profiles are active: dev
2020-12-17 14:43:27.126 INFO  o.s.d.r.c.RepositoryConfigurationDelegate.registerRepositoriesIn:127 - Bootstrapping Spring Data JPA repositories in DEFERRED mode.
2020-12-17 14:43:27.286 INFO  o.s.d.r.c.RepositoryConfigurationDelegate.registerRepositoriesIn:187 - Finished Spring Data repository scanning in 146ms. Found 9 JPA repository interfaces.
2020-12-17 14:43:27.892 INFO  o.s.c.c.s.GenericScope.setSerializationId:295 - BeanFactory id=145e74bb-8099-3284-aedd-1f94bb3ad17d
2020-12-17 14:43:27.992 INFO  o.s.c.s.PostProcessorRegistrationDelegate$BeanPostProcessorChecker.postProcessAfterInitialization:335 - Bean 'com.payment.unicreditservice.feign.PccClient' of type [org.springframework.cloud.openfeign.FeignClientFactoryBean] is not eligible for getting processed by all BeanPostProcessors (for example: not eligible for auto-proxying)
2020-12-17 14:43:28.043 INFO  o.s.c.s.PostProcessorRegistrationDelegate$BeanPostProcessorChecker.postProcessAfterInitialization:335 - Bean 'org.springframework.ws.config.annotation.DelegatingWsConfiguration' of type [org.springframework.ws.config.annotation.DelegatingWsConfiguration$$EnhancerBySpringCGLIB$$f1c39519] is not eligible for getting processed by all BeanPostProcessors (for example: not eligible for auto-proxying)
2020-12-17 14:43:28.092 INFO  o.s.w.s.a.s.AnnotationActionEndpointMapping.afterPropertiesSet:236 - Supporting [WS-Addressing August 2004, WS-Addressing 1.0]
2020-12-17 14:43:28.226 INFO  o.s.c.s.PostProcessorRegistrationDelegate$BeanPostProcessorChecker.postProcessAfterInitialization:335 - Bean 'org.springframework.security.access.expression.method.DefaultMethodSecurityExpressionHandler@6690b9fa' of type [org.springframework.security.access.expression.method.DefaultMethodSecurityExpressionHandler] is not eligible for getting processed by all BeanPostProcessors (for example: not eligible for auto-proxying)
2020-12-17 14:43:28.233 INFO  o.s.c.s.PostProcessorRegistrationDelegate$BeanPostProcessorChecker.postProcessAfterInitialization:335 - Bean 'methodSecurityMetadataSource' of type [org.springframework.security.access.method.DelegatingMethodSecurityMetadataSource] is not eligible for getting processed by all BeanPostProcessors (for example: not eligible for auto-proxying)
2020-12-17 14:43:28.695 INFO  o.s.b.w.e.t.TomcatWebServer.initialize:108 - Tomcat initialized with port(s): 8091 (http)
2020-12-17 14:43:28.707 INFO  o.a.c.h.Http11NioProtocol.log:173 - Initializing ProtocolHandler ["http-nio-8091"]
2020-12-17 14:43:28.709 INFO  o.a.c.c.StandardService.log:173 - Starting service [Tomcat]
2020-12-17 14:43:28.709 INFO  o.a.c.c.StandardEngine.log:173 - Starting Servlet engine: [Apache Tomcat/9.0.37]
2020-12-17 14:43:28.978 INFO  o.a.c.c.C.[.[.[/].log:173 - Initializing Spring embedded WebApplicationContext
2020-12-17 14:43:28.980 INFO  o.s.b.w.s.c.ServletWebServerApplicationContext.prepareWebApplicationContext:285 - Root WebApplicationContext: initialization completed in 2797 ms
2020-12-17 14:43:29.373 INFO  o.s.s.c.ThreadPoolTaskExecutor.initialize:181 - Initializing ExecutorService 'applicationTaskExecutor'
2020-12-17 14:43:29.490 INFO  o.h.j.i.u.LogHelper.logPersistenceUnitInformation:31 - HHH000204: Processing PersistenceUnitInfo [name: default]
2020-12-17 14:43:29.701 INFO  o.h.Version.logVersion:44 - HHH000412: Hibernate ORM core version 5.4.18.Final
2020-12-17 14:43:30.127 INFO  o.h.a.c.Version.<clinit>:49 - HCANN000001: Hibernate Commons Annotations {5.1.0.Final}
2020-12-17 14:43:30.227 INFO  o.s.d.r.c.DeferredRepositoryInitializationListener.onApplicationEvent:49 - Triggering deferred initialization of Spring Data repositories…
2020-12-17 14:43:30.486 INFO  c.z.h.HikariDataSource.getConnection:110 - HikariPool-1 - Starting...
2020-12-17 14:43:30.748 INFO  c.z.h.HikariDataSource.getConnection:123 - HikariPool-1 - Start completed.
2020-12-17 14:43:30.790 INFO  o.h.d.Dialect.<init>:172 - HHH000400: Using dialect: org.hibernate.dialect.PostgreSQL95Dialect
2020-12-17 14:43:34.174 INFO  o.h.e.t.j.p.i.JtaPlatformInitiator.initiateService:52 - HHH000490: Using JtaPlatform implementation: [org.hibernate.engine.transaction.jta.platform.internal.NoJtaPlatform]
2020-12-17 14:43:34.195 INFO  o.s.o.j.LocalContainerEntityManagerFactoryBean.buildNativeEntityManagerFactory:416 - Initialized JPA EntityManagerFactory for persistence unit 'default'
2020-12-17 14:43:35.563 INFO  o.s.d.r.c.DeferredRepositoryInitializationListener.onApplicationEvent:53 - Spring Data repositories initialized!
2020-12-17 14:43:36.202 INFO  o.s.b.a.s.s.UserDetailsServiceAutoConfiguration.getOrDeducePassword:86 - 

Using generated security password: 4145c711-f94f-4e4e-85b9-6e69184813f6

2020-12-17 14:43:36.314 INFO  o.s.s.w.DefaultSecurityFilterChain.<init>:43 - Creating filter chain: Ant [pattern='/', GET], []
2020-12-17 14:43:36.315 INFO  o.s.s.w.DefaultSecurityFilterChain.<init>:43 - Creating filter chain: Ant [pattern='/webjars/**', GET], []
2020-12-17 14:43:36.315 INFO  o.s.s.w.DefaultSecurityFilterChain.<init>:43 - Creating filter chain: Ant [pattern='/*.html', GET], []
2020-12-17 14:43:36.316 INFO  o.s.s.w.DefaultSecurityFilterChain.<init>:43 - Creating filter chain: Ant [pattern='/favicon.ico', GET], []
2020-12-17 14:43:36.316 INFO  o.s.s.w.DefaultSecurityFilterChain.<init>:43 - Creating filter chain: Ant [pattern='/**/*.html', GET], []
2020-12-17 14:43:36.317 INFO  o.s.s.w.DefaultSecurityFilterChain.<init>:43 - Creating filter chain: Ant [pattern='/**/*.css', GET], []
2020-12-17 14:43:36.317 INFO  o.s.s.w.DefaultSecurityFilterChain.<init>:43 - Creating filter chain: Ant [pattern='/**/*.js', GET], []
2020-12-17 14:43:36.396 INFO  o.s.s.w.DefaultSecurityFilterChain.<init>:43 - Creating filter chain: any request, [org.springframework.security.web.context.request.async.WebAsyncManagerIntegrationFilter@7f2ca6f8, org.springframework.security.web.context.SecurityContextPersistenceFilter@7440265c, org.springframework.security.web.header.HeaderWriterFilter@1ddf42dd, org.springframework.web.filter.CorsFilter@62aeddc8, org.springframework.security.web.authentication.logout.LogoutFilter@26101efc, org.springframework.security.web.savedrequest.RequestCacheAwareFilter@48277712, org.springframework.security.web.servletapi.SecurityContextHolderAwareRequestFilter@6c70b7c3, org.springframework.security.web.authentication.AnonymousAuthenticationFilter@79d49790, org.springframework.security.web.session.SessionManagementFilter@22aefae0, org.springframework.security.web.access.ExceptionTranslationFilter@318e3942, org.springframework.security.web.access.intercept.FilterSecurityInterceptor@63bca84d]
2020-12-17 14:43:36.444 INFO  c.n.c.s.URLConfigurationSource.<init>:122 - To enable URLs as dynamic configuration sources, define System property archaius.configurationSource.additionalUrls or make config.properties available on classpath.
2020-12-17 14:43:36.453 INFO  c.n.c.s.URLConfigurationSource.<init>:122 - To enable URLs as dynamic configuration sources, define System property archaius.configurationSource.additionalUrls or make config.properties available on classpath.
2020-12-17 14:43:37.777 INFO  o.s.c.n.e.c.DiscoveryClientOptionalArgsConfiguration.discoveryClientOptionalArgs:78 - Eureka HTTP Client uses Jersey
2020-12-17 14:43:38.380 INFO  o.s.c.n.e.InstanceInfoFactory.create:72 - Setting initial instance status as: STARTING
2020-12-17 14:43:38.442 INFO  c.n.d.DiscoveryClient.<init>:371 - Initializing Eureka in region us-east-1
2020-12-17 14:43:39.126 INFO  c.n.d.p.DiscoveryJerseyProvider.<init>:70 - Using JSON encoding codec LegacyJacksonJson
2020-12-17 14:43:39.126 INFO  c.n.d.p.DiscoveryJerseyProvider.<init>:71 - Using JSON decoding codec LegacyJacksonJson
2020-12-17 14:43:39.451 INFO  c.n.d.p.DiscoveryJerseyProvider.<init>:80 - Using XML encoding codec XStreamXml
2020-12-17 14:43:39.451 INFO  c.n.d.p.DiscoveryJerseyProvider.<init>:81 - Using XML decoding codec XStreamXml
2020-12-17 14:43:39.970 INFO  c.n.d.s.r.a.ConfigClusterResolver.getClusterEndpoints:43 - Resolving eureka endpoints via configuration
2020-12-17 14:43:40.832 INFO  c.n.d.DiscoveryClient.fetchRegistry:1004 - Disable delta property : false
2020-12-17 14:43:40.833 INFO  c.n.d.DiscoveryClient.fetchRegistry:1005 - Single vip registry refresh property : null
2020-12-17 14:43:40.834 INFO  c.n.d.DiscoveryClient.fetchRegistry:1006 - Force full registry fetch : false
2020-12-17 14:43:40.834 INFO  c.n.d.DiscoveryClient.fetchRegistry:1007 - Application is null : false
2020-12-17 14:43:40.835 INFO  c.n.d.DiscoveryClient.fetchRegistry:1008 - Registered Applications size is zero : true
2020-12-17 14:43:40.835 INFO  c.n.d.DiscoveryClient.fetchRegistry:1010 - Application version is -1: true
2020-12-17 14:43:40.836 INFO  c.n.d.DiscoveryClient.getAndStoreFullRegistry:1093 - Getting all instance registry info from the eureka server
2020-12-17 14:43:41.308 INFO  c.n.d.DiscoveryClient.getAndStoreFullRegistry:1102 - The response status is 200
2020-12-17 14:43:41.313 INFO  c.n.d.DiscoveryClient.initScheduledTasks:1317 - Starting heartbeat executor: renew interval is: 30
2020-12-17 14:43:41.318 INFO  c.n.d.InstanceInfoReplicator.<init>:60 - InstanceInfoReplicator onDemand update allowed rate per min is 4
2020-12-17 14:43:41.325 INFO  c.n.d.DiscoveryClient.<init>:491 - Discovery Client initialized at timestamp 1608212621323 with initial instances count: 1
2020-12-17 14:43:41.331 INFO  o.s.c.n.e.s.EurekaServiceRegistry.register:41 - Registering application UNICREDIT with eureka with status UP
2020-12-17 14:43:41.332 INFO  c.n.d.DiscoveryClient.notify:1353 - Saw local status change event StatusChangeEvent [timestamp=1608212621332, current=UP, previous=STARTING]
2020-12-17 14:43:41.336 INFO  c.n.d.DiscoveryClient.register:870 - DiscoveryClient_UNICREDIT/host.docker.internal:unicredit:8091: registering service...
2020-12-17 14:43:41.336 INFO  o.a.c.h.Http11NioProtocol.log:173 - Starting ProtocolHandler ["http-nio-8091"]
2020-12-17 14:43:41.391 INFO  o.s.b.w.e.t.TomcatWebServer.start:220 - Tomcat started on port(s): 8091 (http) with context path ''
2020-12-17 14:43:41.393 INFO  o.s.c.n.e.s.EurekaAutoServiceRegistration.onApplicationEvent:145 - Updating port to 8091
2020-12-17 14:43:41.888 INFO  c.n.d.DiscoveryClient.register:879 - DiscoveryClient_UNICREDIT/host.docker.internal:unicredit:8091 - registration status: 204
2020-12-17 14:43:41.983 INFO  o.s.d.r.c.DeferredRepositoryInitializationListener.onApplicationEvent:49 - Triggering deferred initialization of Spring Data repositories…
2020-12-17 14:43:41.984 INFO  o.s.d.r.c.DeferredRepositoryInitializationListener.onApplicationEvent:53 - Spring Data repositories initialized!
2020-12-17 14:43:42.000 INFO  c.p.u.UnicreditServiceApplication.logStarted:61 - Started UnicreditServiceApplication in 19.152 seconds (JVM running for 21.489)
2020-12-17 14:45:26.337 INFO  o.a.c.c.C.[.[.[/].log:173 - Initializing Spring DispatcherServlet 'dispatcherServlet'
2020-12-17 14:45:26.337 INFO  o.s.w.s.DispatcherServlet.initServletBean:525 - Initializing Servlet 'dispatcherServlet'
2020-12-17 14:45:26.347 INFO  o.s.w.s.DispatcherServlet.initServletBean:547 - Completed initialization in 10 ms
2020-12-17 14:45:26.417 INFO  c.p.u.s.i.PaymentService.checkPaymentRequest:42 - ["Unicredit Bank"] check payment request [merchantId=LMo0-]
2020-12-17 14:45:27.202 INFO  c.p.u.s.i.PaymentService.checkPaymentRequest:49 - ["Unicredit Bank"] payment request valid [merchantId=LMo0-]
2020-12-17 14:45:27.789 INFO  c.p.u.s.i.PaymentService.createMerchantOrder:68 - ["Unicredit Bank"] create merchantOrder [merchantId=LMo0-]
2020-12-17 14:45:27.845 INFO  c.p.u.s.i.PaymentService.createPaymentRequest:59 - ["Unicredit Bank"] create paymentId [merchantId=LMo0-]
2020-12-17 14:45:32.813 INFO  c.p.u.s.i.TransactionService.pay:52 - ["Unicredit Bank"] payment proccess [Pedro Neto]
2020-12-17 14:45:33.631 INFO  c.n.c.ChainedDynamicProperty.checkAndFlip:115 - Flipping property: pcc.ribbon.ActiveConnectionsLimit to use NEXT property: niws.loadbalancer.availabilityFilteringRule.activeConnectionsLimit = 2147483647
2020-12-17 14:45:33.668 INFO  c.n.u.c.ShutdownEnabledTimer.<init>:58 - Shutdown hook installed for: NFLoadBalancer-PingTimer-pcc
2020-12-17 14:45:33.669 INFO  c.n.l.BaseLoadBalancer.initWithConfig:197 - Client: pcc instantiated a LoadBalancer: DynamicServerListLoadBalancer:{NFLoadBalancer:name=pcc,current list of Servers=[],Load balancer stats=Zone stats: {},Server stats: []}ServerList:null
2020-12-17 14:45:33.678 INFO  c.n.l.DynamicServerListLoadBalancer.enableAndInitLearnNewServersFeature:222 - Using serverListUpdater PollingServerListUpdater
2020-12-17 14:45:33.709 INFO  c.n.c.ChainedDynamicProperty.checkAndFlip:115 - Flipping property: pcc.ribbon.ActiveConnectionsLimit to use NEXT property: niws.loadbalancer.availabilityFilteringRule.activeConnectionsLimit = 2147483647
2020-12-17 14:45:33.711 INFO  c.n.l.DynamicServerListLoadBalancer.restOfInit:150 - DynamicServerListLoadBalancer for client pcc initialized: DynamicServerListLoadBalancer:{NFLoadBalancer:name=pcc,current list of Servers=[192.168.2.37:8084],Load balancer stats=Zone stats: {defaultzone=[Zone:defaultzone;	Instance count:1;	Active connections count: 0;	Circuit breaker tripped count: 0;	Active connections per server: 0.0;]
},Server stats: [[Server:192.168.2.37:8084;	Zone:defaultZone;	Total Requests:0;	Successive connection failure:0;	Total blackout seconds:0;	Last connection made:Thu Jan 01 01:00:00 CET 1970;	First connection made: Thu Jan 01 01:00:00 CET 1970;	Active Connections:0;	total failure count in last (1000) msecs:0;	average resp time:0.0;	90 percentile resp time:0.0;	95 percentile resp time:0.0;	min resp time:0.0;	max resp time:0.0;	stddev resp time:0.0]
]}ServerList:org.springframework.cloud.netflix.ribbon.eureka.DomainExtractingServerList@7b7ea1a1
2020-12-17 14:45:33.725 INFO  o.s.d.r.c.DeferredRepositoryInitializationListener.onApplicationEvent:49 - Triggering deferred initialization of Spring Data repositories…
2020-12-17 14:45:33.726 INFO  o.s.d.r.c.DeferredRepositoryInitializationListener.onApplicationEvent:53 - Spring Data repositories initialized!
2020-12-17 14:45:34.688 INFO  c.n.c.ChainedDynamicProperty.checkAndFlip:115 - Flipping property: pcc.ribbon.ActiveConnectionsLimit to use NEXT property: niws.loadbalancer.availabilityFilteringRule.activeConnectionsLimit = 2147483647
2020-12-17 14:45:42.229 INFO  c.p.u.s.i.PaymentService.checkPaymentRequest:42 - ["Unicredit Bank"] check payment request [merchantId=LMo0-]
2020-12-17 14:45:42.813 INFO  c.p.u.s.i.PaymentService.checkPaymentRequest:49 - ["Unicredit Bank"] payment request valid [merchantId=LMo0-]
2020-12-17 14:45:43.389 INFO  c.p.u.s.i.PaymentService.createMerchantOrder:68 - ["Unicredit Bank"] create merchantOrder [merchantId=LMo0-]
2020-12-17 14:45:43.395 INFO  c.p.u.s.i.PaymentService.createPaymentRequest:59 - ["Unicredit Bank"] create paymentId [merchantId=LMo0-]
2020-12-17 14:45:52.593 INFO  c.p.u.s.i.TransactionService.pay:52 - ["Unicredit Bank"] payment proccess [Pedro Neto]
2020-12-17 14:46:06.484 INFO  c.p.u.s.i.PaymentService.checkPaymentRequest:42 - ["Unicredit Bank"] check payment request [merchantId=LMo0-]
2020-12-17 14:46:07.063 INFO  c.p.u.s.i.PaymentService.checkPaymentRequest:49 - ["Unicredit Bank"] payment request valid [merchantId=LMo0-]
2020-12-17 14:46:07.641 INFO  c.p.u.s.i.PaymentService.createMerchantOrder:68 - ["Unicredit Bank"] create merchantOrder [merchantId=LMo0-]
2020-12-17 14:46:07.645 INFO  c.p.u.s.i.PaymentService.createPaymentRequest:59 - ["Unicredit Bank"] create paymentId [merchantId=LMo0-]
2020-12-17 14:46:15.162 INFO  c.p.u.s.i.TransactionService.pay:52 - ["Unicredit Bank"] payment proccess [Pedro Neto]
2020-12-17 14:47:11.526 INFO  c.p.u.s.i.PaymentService.checkPaymentRequest:42 - ["Unicredit Bank"] check payment request [merchantId=LMo0-]
2020-12-17 14:47:12.106 INFO  c.p.u.s.i.PaymentService.checkPaymentRequest:49 - ["Unicredit Bank"] payment request valid [merchantId=LMo0-]
2020-12-17 14:47:12.688 INFO  c.p.u.s.i.PaymentService.createMerchantOrder:68 - ["Unicredit Bank"] create merchantOrder [merchantId=LMo0-]
2020-12-17 14:47:12.691 INFO  c.p.u.s.i.PaymentService.createPaymentRequest:59 - ["Unicredit Bank"] create paymentId [merchantId=LMo0-]
2020-12-17 14:47:20.091 INFO  c.p.u.s.i.TransactionService.pay:52 - ["Unicredit Bank"] payment proccess [Wilfred Zaha]
2020-12-17 14:47:20.997 INFO  c.p.u.s.i.TransactionService.settlementInSameBank:189 - ["Unicredit Bank"] one bank settlement [from=Wilfred Zaha], [to=Paulo Dybala], [amount=4200.0]
2020-12-17 14:47:20.998 INFO  c.p.u.s.i.TransactionService.settlementInSameBank:197 - ["Unicredit Bank"] customer account reducing [name=Wilfred Zaha], [amount=4200.0]
2020-12-17 14:47:28.973 INFO  c.p.u.s.i.PaymentService.checkPaymentRequest:42 - ["Unicredit Bank"] check payment request [merchantId=LMo0-]
2020-12-17 14:47:29.568 INFO  c.p.u.s.i.PaymentService.checkPaymentRequest:49 - ["Unicredit Bank"] payment request valid [merchantId=LMo0-]
2020-12-17 14:47:30.144 INFO  c.p.u.s.i.PaymentService.createMerchantOrder:68 - ["Unicredit Bank"] create merchantOrder [merchantId=LMo0-]
2020-12-17 14:47:30.149 INFO  c.p.u.s.i.PaymentService.createPaymentRequest:59 - ["Unicredit Bank"] create paymentId [merchantId=LMo0-]
2020-12-17 14:47:37.960 INFO  c.p.u.s.i.TransactionService.pay:52 - ["Unicredit Bank"] payment proccess [Pedro Neto]
2020-12-17 14:47:50.354 INFO  c.n.l.PollingServerListUpdater.run:53 - Shutting down the Executor Pool for PollingServerListUpdater
2020-12-17 14:47:50.357 INFO  o.s.c.n.e.s.EurekaServiceRegistry.deregister:65 - Unregistering application UNICREDIT with eureka with status DOWN
2020-12-17 14:47:50.358 INFO  c.n.d.DiscoveryClient.register:870 - DiscoveryClient_UNICREDIT/host.docker.internal:unicredit:8091: registering service...
2020-12-17 14:47:50.373 INFO  o.a.h.i.c.DefaultHttpClient.tryExecute:690 - I/O exception (java.net.SocketException) caught when processing request to {}->http://localhost:8761: Software caused connection abort: socket write error
2020-12-17 14:47:50.374 INFO  o.a.h.i.c.DefaultHttpClient.tryExecute:700 - Retrying request to {}->http://localhost:8761
2020-12-17 14:47:50.760 INFO  c.n.u.c.ShutdownEnabledTimer.cancel:67 - Shutdown hook removed for: NFLoadBalancer-PingTimer-pcc
2020-12-17 14:47:50.760 INFO  c.n.u.c.ShutdownEnabledTimer.cancel:72 - Exception caught (might be ok if at shutdown)
java.lang.IllegalStateException: Shutdown in progress
	at java.lang.ApplicationShutdownHooks.remove(ApplicationShutdownHooks.java:82)
	at java.lang.Runtime.removeShutdownHook(Runtime.java:239)
	at com.netflix.util.concurrent.ShutdownEnabledTimer.cancel(ShutdownEnabledTimer.java:70)
	at com.netflix.loadbalancer.BaseLoadBalancer.cancelPingTask(BaseLoadBalancer.java:632)
	at com.netflix.loadbalancer.BaseLoadBalancer.shutdown(BaseLoadBalancer.java:883)
	at com.netflix.loadbalancer.DynamicServerListLoadBalancer.shutdown(DynamicServerListLoadBalancer.java:285)
	at sun.reflect.NativeMethodAccessorImpl.invoke0(Native Method)
	at sun.reflect.NativeMethodAccessorImpl.invoke(NativeMethodAccessorImpl.java:62)
	at sun.reflect.DelegatingMethodAccessorImpl.invoke(DelegatingMethodAccessorImpl.java:43)
	at java.lang.reflect.Method.invoke(Method.java:498)
	at org.springframework.beans.factory.support.DisposableBeanAdapter.invokeCustomDestroyMethod(DisposableBeanAdapter.java:339)
	at org.springframework.beans.factory.support.DisposableBeanAdapter.destroy(DisposableBeanAdapter.java:273)
	at org.springframework.beans.factory.support.DefaultSingletonBeanRegistry.destroyBean(DefaultSingletonBeanRegistry.java:579)
	at org.springframework.beans.factory.support.DefaultSingletonBeanRegistry.destroySingleton(DefaultSingletonBeanRegistry.java:551)
	at org.springframework.beans.factory.support.DefaultListableBeanFactory.destroySingleton(DefaultListableBeanFactory.java:1092)
	at org.springframework.beans.factory.support.DefaultSingletonBeanRegistry.destroySingletons(DefaultSingletonBeanRegistry.java:512)
	at org.springframework.beans.factory.support.DefaultListableBeanFactory.destroySingletons(DefaultListableBeanFactory.java:1085)
	at org.springframework.context.support.AbstractApplicationContext.destroyBeans(AbstractApplicationContext.java:1061)
	at org.springframework.context.support.AbstractApplicationContext.doClose(AbstractApplicationContext.java:1030)
	at org.springframework.context.support.AbstractApplicationContext.close(AbstractApplicationContext.java:979)
	at org.springframework.cloud.context.named.NamedContextFactory.destroy(NamedContextFactory.java:92)
	at org.springframework.beans.factory.support.DisposableBeanAdapter.destroy(DisposableBeanAdapter.java:258)
	at org.springframework.beans.factory.support.DefaultSingletonBeanRegistry.destroyBean(DefaultSingletonBeanRegistry.java:579)
	at org.springframework.beans.factory.support.DefaultSingletonBeanRegistry.destroySingleton(DefaultSingletonBeanRegistry.java:551)
	at org.springframework.beans.factory.support.DefaultListableBeanFactory.destroySingleton(DefaultListableBeanFactory.java:1092)
	at org.springframework.beans.factory.support.DefaultSingletonBeanRegistry.destroySingletons(DefaultSingletonBeanRegistry.java:512)
	at org.springframework.beans.factory.support.DefaultListableBeanFactory.destroySingletons(DefaultListableBeanFactory.java:1085)
	at org.springframework.context.support.AbstractApplicationContext.destroyBeans(AbstractApplicationContext.java:1061)
	at org.springframework.context.support.AbstractApplicationContext.doClose(AbstractApplicationContext.java:1030)
	at org.springframework.boot.web.servlet.context.ServletWebServerApplicationContext.doClose(ServletWebServerApplicationContext.java:170)
	at org.springframework.context.support.AbstractApplicationContext$1.run(AbstractApplicationContext.java:949)
2020-12-17 14:47:50.794 INFO  o.s.o.j.LocalContainerEntityManagerFactoryBean.destroy:598 - Closing JPA EntityManagerFactory for persistence unit 'default'
2020-12-17 14:47:50.801 INFO  o.h.t.s.i.SchemaDropperImpl$DelayedDropActionImpl.perform:526 - HHH000477: Starting delayed evictData of schema as part of SessionFactory shut-down'
2020-12-17 14:47:50.998 INFO  o.s.s.c.ThreadPoolTaskExecutor.shutdown:218 - Shutting down ExecutorService 'applicationTaskExecutor'
2020-12-17 14:47:50.999 INFO  c.z.h.HikariDataSource.close:350 - HikariPool-1 - Shutdown initiated...
2020-12-17 14:47:51.015 INFO  c.z.h.HikariDataSource.close:352 - HikariPool-1 - Shutdown completed.
2020-12-17 14:47:51.016 INFO  c.n.d.DiscoveryClient.shutdown:932 - Shutting down DiscoveryClient ...
