2020-12-22 18:17:23.879 INFO  c.p.u.UnicreditServiceApplication.logStartupProfileInfo:655 - The following profiles are active: dev
2020-12-22 18:17:25.375 INFO  o.s.d.r.c.RepositoryConfigurationDelegate.registerRepositoriesIn:127 - Bootstrapping Spring Data JPA repositories in DEFERRED mode.
2020-12-22 18:17:25.586 INFO  o.s.d.r.c.RepositoryConfigurationDelegate.registerRepositoriesIn:187 - Finished Spring Data repository scanning in 191ms. Found 9 JPA repository interfaces.
2020-12-22 18:17:26.269 INFO  o.s.c.c.s.GenericScope.setSerializationId:295 - BeanFactory id=145e74bb-8099-3284-aedd-1f94bb3ad17d
2020-12-22 18:17:26.397 INFO  o.s.c.s.PostProcessorRegistrationDelegate$BeanPostProcessorChecker.postProcessAfterInitialization:335 - Bean 'com.payment.unicreditservice.feign.PccClient' of type [org.springframework.cloud.openfeign.FeignClientFactoryBean] is not eligible for getting processed by all BeanPostProcessors (for example: not eligible for auto-proxying)
2020-12-22 18:17:26.449 INFO  o.s.c.s.PostProcessorRegistrationDelegate$BeanPostProcessorChecker.postProcessAfterInitialization:335 - Bean 'org.springframework.ws.config.annotation.DelegatingWsConfiguration' of type [org.springframework.ws.config.annotation.DelegatingWsConfiguration$$EnhancerBySpringCGLIB$$37f42382] is not eligible for getting processed by all BeanPostProcessors (for example: not eligible for auto-proxying)
2020-12-22 18:17:26.524 INFO  o.s.w.s.a.s.AnnotationActionEndpointMapping.afterPropertiesSet:236 - Supporting [WS-Addressing August 2004, WS-Addressing 1.0]
2020-12-22 18:17:26.688 INFO  o.s.c.s.PostProcessorRegistrationDelegate$BeanPostProcessorChecker.postProcessAfterInitialization:335 - Bean 'org.springframework.security.access.expression.method.DefaultMethodSecurityExpressionHandler@3a6045c6' of type [org.springframework.security.access.expression.method.DefaultMethodSecurityExpressionHandler] is not eligible for getting processed by all BeanPostProcessors (for example: not eligible for auto-proxying)
2020-12-22 18:17:26.701 INFO  o.s.c.s.PostProcessorRegistrationDelegate$BeanPostProcessorChecker.postProcessAfterInitialization:335 - Bean 'methodSecurityMetadataSource' of type [org.springframework.security.access.method.DelegatingMethodSecurityMetadataSource] is not eligible for getting processed by all BeanPostProcessors (for example: not eligible for auto-proxying)
2020-12-22 18:17:27.280 INFO  o.s.b.w.e.t.TomcatWebServer.initialize:108 - Tomcat initialized with port(s): 8091 (http)
2020-12-22 18:17:27.440 INFO  o.a.c.h.Http11NioProtocol.log:173 - Initializing ProtocolHandler ["http-nio-8091"]
2020-12-22 18:17:27.442 INFO  o.a.c.c.StandardService.log:173 - Starting service [Tomcat]
2020-12-22 18:17:27.444 INFO  o.a.c.c.StandardEngine.log:173 - Starting Servlet engine: [Apache Tomcat/9.0.37]
2020-12-22 18:17:27.824 INFO  o.a.c.c.C.[.[.[/].log:173 - Initializing Spring embedded WebApplicationContext
2020-12-22 18:17:27.825 INFO  o.s.b.w.s.c.ServletWebServerApplicationContext.prepareWebApplicationContext:285 - Root WebApplicationContext: initialization completed in 3883 ms
2020-12-22 18:17:28.451 INFO  o.s.s.c.ThreadPoolTaskExecutor.initialize:181 - Initializing ExecutorService 'applicationTaskExecutor'
2020-12-22 18:17:28.603 INFO  o.h.j.i.u.LogHelper.logPersistenceUnitInformation:31 - HHH000204: Processing PersistenceUnitInfo [name: default]
2020-12-22 18:17:28.879 INFO  o.h.Version.logVersion:44 - HHH000412: Hibernate ORM core version 5.4.18.Final
2020-12-22 18:17:29.396 INFO  o.h.a.c.Version.<clinit>:49 - HCANN000001: Hibernate Commons Annotations {5.1.0.Final}
2020-12-22 18:17:29.552 INFO  o.s.d.r.c.DeferredRepositoryInitializationListener.onApplicationEvent:49 - Triggering deferred initialization of Spring Data repositories…
2020-12-22 18:17:29.934 INFO  c.z.h.HikariDataSource.getConnection:110 - HikariPool-1 - Starting...
2020-12-22 18:17:30.297 INFO  c.z.h.HikariDataSource.getConnection:123 - HikariPool-1 - Start completed.
2020-12-22 18:17:30.407 INFO  o.h.d.Dialect.<init>:172 - HHH000400: Using dialect: org.hibernate.dialect.PostgreSQL95Dialect
2020-12-22 18:17:34.779 INFO  o.h.e.t.j.p.i.JtaPlatformInitiator.initiateService:52 - HHH000490: Using JtaPlatform implementation: [org.hibernate.engine.transaction.jta.platform.internal.NoJtaPlatform]
2020-12-22 18:17:34.798 INFO  o.s.o.j.LocalContainerEntityManagerFactoryBean.buildNativeEntityManagerFactory:416 - Initialized JPA EntityManagerFactory for persistence unit 'default'
2020-12-22 18:17:36.509 INFO  o.s.d.r.c.DeferredRepositoryInitializationListener.onApplicationEvent:53 - Spring Data repositories initialized!
2020-12-22 18:17:37.277 INFO  o.s.b.a.s.s.UserDetailsServiceAutoConfiguration.getOrDeducePassword:86 - 

Using generated security password: c457ded1-7b46-41a5-8cfb-f05203aca339

2020-12-22 18:17:37.431 INFO  o.s.s.w.DefaultSecurityFilterChain.<init>:43 - Creating filter chain: Ant [pattern='/', GET], []
2020-12-22 18:17:37.432 INFO  o.s.s.w.DefaultSecurityFilterChain.<init>:43 - Creating filter chain: Ant [pattern='/webjars/**', GET], []
2020-12-22 18:17:37.432 INFO  o.s.s.w.DefaultSecurityFilterChain.<init>:43 - Creating filter chain: Ant [pattern='/*.html', GET], []
2020-12-22 18:17:37.433 INFO  o.s.s.w.DefaultSecurityFilterChain.<init>:43 - Creating filter chain: Ant [pattern='/favicon.ico', GET], []
2020-12-22 18:17:37.433 INFO  o.s.s.w.DefaultSecurityFilterChain.<init>:43 - Creating filter chain: Ant [pattern='/**/*.html', GET], []
2020-12-22 18:17:37.433 INFO  o.s.s.w.DefaultSecurityFilterChain.<init>:43 - Creating filter chain: Ant [pattern='/**/*.css', GET], []
2020-12-22 18:17:37.434 INFO  o.s.s.w.DefaultSecurityFilterChain.<init>:43 - Creating filter chain: Ant [pattern='/**/*.js', GET], []
2020-12-22 18:17:37.533 INFO  o.s.s.w.DefaultSecurityFilterChain.<init>:43 - Creating filter chain: any request, [org.springframework.security.web.context.request.async.WebAsyncManagerIntegrationFilter@3b65084e, org.springframework.security.web.context.SecurityContextPersistenceFilter@12aa519b, org.springframework.security.web.header.HeaderWriterFilter@40b31a16, org.springframework.web.filter.CorsFilter@322204dc, org.springframework.security.web.authentication.logout.LogoutFilter@68f776ee, org.springframework.security.web.savedrequest.RequestCacheAwareFilter@6113a26f, org.springframework.security.web.servletapi.SecurityContextHolderAwareRequestFilter@702096ef, org.springframework.security.web.authentication.AnonymousAuthenticationFilter@32d0d7eb, org.springframework.security.web.session.SessionManagementFilter@7e2c6fd6, org.springframework.security.web.access.ExceptionTranslationFilter@2a425cf5, org.springframework.security.web.access.intercept.FilterSecurityInterceptor@61dd1c3d]
2020-12-22 18:17:37.587 INFO  c.n.c.s.URLConfigurationSource.<init>:122 - To enable URLs as dynamic configuration sources, define System property archaius.configurationSource.additionalUrls or make config.properties available on classpath.
2020-12-22 18:17:37.598 INFO  c.n.c.s.URLConfigurationSource.<init>:122 - To enable URLs as dynamic configuration sources, define System property archaius.configurationSource.additionalUrls or make config.properties available on classpath.
2020-12-22 18:17:39.845 INFO  o.s.c.n.e.c.DiscoveryClientOptionalArgsConfiguration.discoveryClientOptionalArgs:78 - Eureka HTTP Client uses Jersey
2020-12-22 18:17:41.053 INFO  o.s.c.n.e.InstanceInfoFactory.create:72 - Setting initial instance status as: STARTING
2020-12-22 18:17:41.172 INFO  c.n.d.DiscoveryClient.<init>:371 - Initializing Eureka in region us-east-1
2020-12-22 18:17:42.798 INFO  c.n.d.p.DiscoveryJerseyProvider.<init>:70 - Using JSON encoding codec LegacyJacksonJson
2020-12-22 18:17:42.799 INFO  c.n.d.p.DiscoveryJerseyProvider.<init>:71 - Using JSON decoding codec LegacyJacksonJson
2020-12-22 18:17:43.294 INFO  c.n.d.p.DiscoveryJerseyProvider.<init>:80 - Using XML encoding codec XStreamXml
2020-12-22 18:17:43.294 INFO  c.n.d.p.DiscoveryJerseyProvider.<init>:81 - Using XML decoding codec XStreamXml
2020-12-22 18:17:43.971 INFO  c.n.d.s.r.a.ConfigClusterResolver.getClusterEndpoints:43 - Resolving eureka endpoints via configuration
2020-12-22 18:17:44.571 INFO  c.n.d.DiscoveryClient.fetchRegistry:1004 - Disable delta property : false
2020-12-22 18:17:44.572 INFO  c.n.d.DiscoveryClient.fetchRegistry:1005 - Single vip registry refresh property : null
2020-12-22 18:17:44.572 INFO  c.n.d.DiscoveryClient.fetchRegistry:1006 - Force full registry fetch : false
2020-12-22 18:17:44.573 INFO  c.n.d.DiscoveryClient.fetchRegistry:1007 - Application is null : false
2020-12-22 18:17:44.574 INFO  c.n.d.DiscoveryClient.fetchRegistry:1008 - Registered Applications size is zero : true
2020-12-22 18:17:44.574 INFO  c.n.d.DiscoveryClient.fetchRegistry:1010 - Application version is -1: true
2020-12-22 18:17:44.574 INFO  c.n.d.DiscoveryClient.getAndStoreFullRegistry:1093 - Getting all instance registry info from the eureka server
2020-12-22 18:17:45.366 INFO  c.n.d.DiscoveryClient.getAndStoreFullRegistry:1102 - The response status is 200
2020-12-22 18:17:45.374 INFO  c.n.d.DiscoveryClient.initScheduledTasks:1317 - Starting heartbeat executor: renew interval is: 30
2020-12-22 18:17:45.382 INFO  c.n.d.InstanceInfoReplicator.<init>:60 - InstanceInfoReplicator onDemand update allowed rate per min is 4
2020-12-22 18:17:45.391 INFO  c.n.d.DiscoveryClient.<init>:491 - Discovery Client initialized at timestamp 1608657465388 with initial instances count: 1
2020-12-22 18:17:45.398 INFO  o.s.c.n.e.s.EurekaServiceRegistry.register:41 - Registering application UNICREDIT with eureka with status UP
2020-12-22 18:17:45.400 INFO  c.n.d.DiscoveryClient.notify:1353 - Saw local status change event StatusChangeEvent [timestamp=1608657465400, current=UP, previous=STARTING]
2020-12-22 18:17:45.406 INFO  c.n.d.DiscoveryClient.register:870 - DiscoveryClient_UNICREDIT/host.docker.internal:unicredit:8091: registering service...
2020-12-22 18:17:45.415 INFO  o.a.c.h.Http11NioProtocol.log:173 - Starting ProtocolHandler ["http-nio-8091"]
2020-12-22 18:17:45.470 INFO  o.s.b.w.e.t.TomcatWebServer.start:220 - Tomcat started on port(s): 8091 (http) with context path ''
2020-12-22 18:17:45.472 INFO  o.s.c.n.e.s.EurekaAutoServiceRegistration.onApplicationEvent:145 - Updating port to 8091
2020-12-22 18:17:46.909 INFO  o.s.d.r.c.DeferredRepositoryInitializationListener.onApplicationEvent:49 - Triggering deferred initialization of Spring Data repositories…
2020-12-22 18:17:46.910 INFO  o.s.d.r.c.DeferredRepositoryInitializationListener.onApplicationEvent:53 - Spring Data repositories initialized!
2020-12-22 18:17:46.927 INFO  c.p.u.UnicreditServiceApplication.logStarted:61 - Started UnicreditServiceApplication in 27.552 seconds (JVM running for 30.551)
2020-12-22 18:17:47.102 INFO  c.n.d.DiscoveryClient.register:879 - DiscoveryClient_UNICREDIT/host.docker.internal:unicredit:8091 - registration status: 204
2020-12-22 18:22:44.584 INFO  c.n.d.s.r.a.ConfigClusterResolver.getClusterEndpoints:43 - Resolving eureka endpoints via configuration
2020-12-22 18:23:22.258 INFO  o.a.c.c.C.[.[.[/].log:173 - Initializing Spring DispatcherServlet 'dispatcherServlet'
2020-12-22 18:23:22.260 INFO  o.s.w.s.DispatcherServlet.initServletBean:525 - Initializing Servlet 'dispatcherServlet'
2020-12-22 18:23:22.369 INFO  o.s.w.s.DispatcherServlet.initServletBean:547 - Completed initialization in 109 ms
2020-12-22 18:23:22.596 INFO  c.p.u.s.i.PaymentService.checkPaymentRequest:42 - ["Unicredit Bank"] check payment request [merchantId=LMo0-]
2020-12-22 18:23:23.718 INFO  c.p.u.s.i.PaymentService.checkPaymentRequest:49 - ["Unicredit Bank"] payment request valid [merchantId=LMo0-]
2020-12-22 18:23:24.636 INFO  c.p.u.s.i.PaymentService.createMerchantOrder:68 - ["Unicredit Bank"] create merchantOrder [merchantId=LMo0-]
2020-12-22 18:23:24.719 INFO  c.p.u.s.i.PaymentService.createPaymentRequest:59 - ["Unicredit Bank"] create paymentId [merchantId=LMo0-]
2020-12-22 18:27:53.115 INFO  c.n.d.s.r.a.ConfigClusterResolver.getClusterEndpoints:43 - Resolving eureka endpoints via configuration
2020-12-22 18:27:53.114 INFO  c.p.u.s.i.TransactionService.pay:52 - ["Unicredit Bank"] payment proccess [Wilfred Zaha]
2020-12-22 18:27:55.274 INFO  c.p.u.s.i.TransactionService.settlementInSameBank:214 - ["Unicredit Bank"] one bank settlement [from=Wilfred Zaha], [to=Paulo Dybala], [amount=4200.0]
2020-12-22 18:27:55.275 INFO  c.p.u.s.i.TransactionService.settlementInSameBank:222 - ["Unicredit Bank"] customer account reducing [name=Wilfred Zaha], [amount=4200.0]
2020-12-22 18:32:53.118 INFO  c.n.d.s.r.a.ConfigClusterResolver.getClusterEndpoints:43 - Resolving eureka endpoints via configuration
2020-12-22 18:33:23.856 INFO  c.p.u.s.i.TransactionService.payPcc:127 - ["Unicredit Bank"] payment pcc request [acq-orderId=1]
2020-12-22 18:33:25.514 INFO  c.p.u.s.i.TransactionService.settlementInOneBank:162 - ["Unicredit Bank"] customer account reducing [name=Wilfred Zaha], [amount=4200.0]
2020-12-22 18:33:25.548 INFO  c.p.u.s.i.TransactionService.payPcc:138 - ["Unicredit Bank"] payment pcc successfull [acq-orderId=1]
2020-12-22 18:36:30.181 INFO  o.s.c.n.e.s.EurekaServiceRegistry.deregister:65 - Unregistering application UNICREDIT with eureka with status DOWN
2020-12-22 18:36:30.187 INFO  c.n.d.DiscoveryClient.register:870 - DiscoveryClient_UNICREDIT/host.docker.internal:unicredit:8091: registering service...
2020-12-22 18:36:30.386 INFO  c.n.d.DiscoveryClient.register:879 - DiscoveryClient_UNICREDIT/host.docker.internal:unicredit:8091 - registration status: 204
2020-12-22 18:36:31.083 INFO  o.s.o.j.LocalContainerEntityManagerFactoryBean.destroy:598 - Closing JPA EntityManagerFactory for persistence unit 'default'
2020-12-22 18:36:31.091 INFO  o.h.t.s.i.SchemaDropperImpl$DelayedDropActionImpl.perform:526 - HHH000477: Starting delayed evictData of schema as part of SessionFactory shut-down'
2020-12-22 18:36:31.362 INFO  o.s.s.c.ThreadPoolTaskExecutor.shutdown:218 - Shutting down ExecutorService 'applicationTaskExecutor'
2020-12-22 18:36:31.366 INFO  c.z.h.HikariDataSource.close:350 - HikariPool-1 - Shutdown initiated...
2020-12-22 18:36:31.412 INFO  c.z.h.HikariDataSource.close:352 - HikariPool-1 - Shutdown completed.
2020-12-22 18:36:31.440 INFO  c.n.d.DiscoveryClient.shutdown:932 - Shutting down DiscoveryClient ...
