2020-12-17 13:58:39.398 INFO  c.p.r.RaiffeisenServiceApplication.logStartupProfileInfo:655 - The following profiles are active: dev
2020-12-17 13:58:40.472 INFO  o.s.d.r.c.RepositoryConfigurationDelegate.registerRepositoriesIn:127 - Bootstrapping Spring Data JPA repositories in DEFERRED mode.
2020-12-17 13:58:40.660 INFO  o.s.d.r.c.RepositoryConfigurationDelegate.registerRepositoriesIn:187 - Finished Spring Data repository scanning in 172ms. Found 9 JPA repository interfaces.
2020-12-17 13:58:41.070 INFO  o.s.c.c.s.GenericScope.setSerializationId:295 - BeanFactory id=c8b91b8c-a618-3054-b03e-776931b3ffae
2020-12-17 13:58:41.141 INFO  o.s.c.s.PostProcessorRegistrationDelegate$BeanPostProcessorChecker.postProcessAfterInitialization:335 - Bean 'com.payment.raiffeisenservice.feign.PccClient' of type [org.springframework.cloud.openfeign.FeignClientFactoryBean] is not eligible for getting processed by all BeanPostProcessors (for example: not eligible for auto-proxying)
2020-12-17 13:58:41.184 INFO  o.s.c.s.PostProcessorRegistrationDelegate$BeanPostProcessorChecker.postProcessAfterInitialization:335 - Bean 'org.springframework.ws.config.annotation.DelegatingWsConfiguration' of type [org.springframework.ws.config.annotation.DelegatingWsConfiguration$$EnhancerBySpringCGLIB$$2ebbd274] is not eligible for getting processed by all BeanPostProcessors (for example: not eligible for auto-proxying)
2020-12-17 13:58:41.230 INFO  o.s.w.s.a.s.AnnotationActionEndpointMapping.afterPropertiesSet:236 - Supporting [WS-Addressing August 2004, WS-Addressing 1.0]
2020-12-17 13:58:41.356 INFO  o.s.c.s.PostProcessorRegistrationDelegate$BeanPostProcessorChecker.postProcessAfterInitialization:335 - Bean 'org.springframework.security.access.expression.method.DefaultMethodSecurityExpressionHandler@17b37e9a' of type [org.springframework.security.access.expression.method.DefaultMethodSecurityExpressionHandler] is not eligible for getting processed by all BeanPostProcessors (for example: not eligible for auto-proxying)
2020-12-17 13:58:41.365 INFO  o.s.c.s.PostProcessorRegistrationDelegate$BeanPostProcessorChecker.postProcessAfterInitialization:335 - Bean 'methodSecurityMetadataSource' of type [org.springframework.security.access.method.DelegatingMethodSecurityMetadataSource] is not eligible for getting processed by all BeanPostProcessors (for example: not eligible for auto-proxying)
2020-12-17 13:58:41.886 INFO  o.s.b.w.e.t.TomcatWebServer.initialize:108 - Tomcat initialized with port(s): 8090 (http)
2020-12-17 13:58:41.899 INFO  o.a.c.h.Http11NioProtocol.log:173 - Initializing ProtocolHandler ["http-nio-8090"]
2020-12-17 13:58:41.900 INFO  o.a.c.c.StandardService.log:173 - Starting service [Tomcat]
2020-12-17 13:58:41.901 INFO  o.a.c.c.StandardEngine.log:173 - Starting Servlet engine: [Apache Tomcat/9.0.37]
2020-12-17 13:58:42.341 INFO  o.a.c.c.C.[.[.[/].log:173 - Initializing Spring embedded WebApplicationContext
2020-12-17 13:58:42.343 INFO  o.s.b.w.s.c.ServletWebServerApplicationContext.prepareWebApplicationContext:285 - Root WebApplicationContext: initialization completed in 2890 ms
2020-12-17 13:58:42.941 INFO  o.s.s.c.ThreadPoolTaskExecutor.initialize:181 - Initializing ExecutorService 'applicationTaskExecutor'
2020-12-17 13:58:43.077 INFO  o.h.j.i.u.LogHelper.logPersistenceUnitInformation:31 - HHH000204: Processing PersistenceUnitInfo [name: default]
2020-12-17 13:58:43.247 INFO  o.h.Version.logVersion:44 - HHH000412: Hibernate ORM core version 5.4.18.Final
2020-12-17 13:58:43.659 INFO  o.h.a.c.Version.<clinit>:49 - HCANN000001: Hibernate Commons Annotations {5.1.0.Final}
2020-12-17 13:58:43.725 INFO  o.s.d.r.c.DeferredRepositoryInitializationListener.onApplicationEvent:49 - Triggering deferred initialization of Spring Data repositories…
2020-12-17 13:58:43.904 INFO  c.z.h.HikariDataSource.getConnection:110 - HikariPool-1 - Starting...
2020-12-17 13:58:44.108 INFO  c.z.h.HikariDataSource.getConnection:123 - HikariPool-1 - Start completed.
2020-12-17 13:58:44.141 INFO  o.h.d.Dialect.<init>:172 - HHH000400: Using dialect: org.hibernate.dialect.PostgreSQL95Dialect
2020-12-17 13:58:47.076 INFO  o.h.e.t.j.p.i.JtaPlatformInitiator.initiateService:52 - HHH000490: Using JtaPlatform implementation: [org.hibernate.engine.transaction.jta.platform.internal.NoJtaPlatform]
2020-12-17 13:58:47.092 INFO  o.s.o.j.LocalContainerEntityManagerFactoryBean.buildNativeEntityManagerFactory:416 - Initialized JPA EntityManagerFactory for persistence unit 'default'
2020-12-17 13:58:47.828 INFO  o.s.d.r.c.DeferredRepositoryInitializationListener.onApplicationEvent:53 - Spring Data repositories initialized!
2020-12-17 13:58:48.236 INFO  o.s.b.a.s.s.UserDetailsServiceAutoConfiguration.getOrDeducePassword:86 - 

Using generated security password: 8c2722cb-0cd8-40cf-b110-1a5bf8cda2e5

2020-12-17 13:58:48.320 INFO  o.s.s.w.DefaultSecurityFilterChain.<init>:43 - Creating filter chain: Ant [pattern='/', GET], []
2020-12-17 13:58:48.320 INFO  o.s.s.w.DefaultSecurityFilterChain.<init>:43 - Creating filter chain: Ant [pattern='/webjars/**', GET], []
2020-12-17 13:58:48.320 INFO  o.s.s.w.DefaultSecurityFilterChain.<init>:43 - Creating filter chain: Ant [pattern='/*.html', GET], []
2020-12-17 13:58:48.321 INFO  o.s.s.w.DefaultSecurityFilterChain.<init>:43 - Creating filter chain: Ant [pattern='/favicon.ico', GET], []
2020-12-17 13:58:48.321 INFO  o.s.s.w.DefaultSecurityFilterChain.<init>:43 - Creating filter chain: Ant [pattern='/**/*.html', GET], []
2020-12-17 13:58:48.321 INFO  o.s.s.w.DefaultSecurityFilterChain.<init>:43 - Creating filter chain: Ant [pattern='/**/*.css', GET], []
2020-12-17 13:58:48.321 INFO  o.s.s.w.DefaultSecurityFilterChain.<init>:43 - Creating filter chain: Ant [pattern='/**/*.js', GET], []
2020-12-17 13:58:48.378 INFO  o.s.s.w.DefaultSecurityFilterChain.<init>:43 - Creating filter chain: any request, [org.springframework.security.web.context.request.async.WebAsyncManagerIntegrationFilter@101c15ad, org.springframework.security.web.context.SecurityContextPersistenceFilter@48e74764, org.springframework.security.web.header.HeaderWriterFilter@29892a77, org.springframework.web.filter.CorsFilter@6d6f6860, org.springframework.security.web.authentication.logout.LogoutFilter@6c421123, org.springframework.security.web.savedrequest.RequestCacheAwareFilter@7a3643e3, org.springframework.security.web.servletapi.SecurityContextHolderAwareRequestFilter@1d1cfe4, org.springframework.security.web.authentication.AnonymousAuthenticationFilter@6068ebb2, org.springframework.security.web.session.SessionManagementFilter@4537880f, org.springframework.security.web.access.ExceptionTranslationFilter@4a4b288a, org.springframework.security.web.access.intercept.FilterSecurityInterceptor@6ec3d8e4]
2020-12-17 13:58:48.407 INFO  c.n.c.s.URLConfigurationSource.<init>:122 - To enable URLs as dynamic configuration sources, define System property archaius.configurationSource.additionalUrls or make config.properties available on classpath.
2020-12-17 13:58:48.413 INFO  c.n.c.s.URLConfigurationSource.<init>:122 - To enable URLs as dynamic configuration sources, define System property archaius.configurationSource.additionalUrls or make config.properties available on classpath.
2020-12-17 13:58:49.556 INFO  o.s.c.n.e.c.DiscoveryClientOptionalArgsConfiguration.discoveryClientOptionalArgs:78 - Eureka HTTP Client uses Jersey
2020-12-17 13:58:50.108 INFO  o.s.c.n.e.InstanceInfoFactory.create:72 - Setting initial instance status as: STARTING
2020-12-17 13:58:50.156 INFO  c.n.d.DiscoveryClient.<init>:371 - Initializing Eureka in region us-east-1
2020-12-17 13:58:50.761 INFO  c.n.d.p.DiscoveryJerseyProvider.<init>:70 - Using JSON encoding codec LegacyJacksonJson
2020-12-17 13:58:50.762 INFO  c.n.d.p.DiscoveryJerseyProvider.<init>:71 - Using JSON decoding codec LegacyJacksonJson
2020-12-17 13:58:50.941 INFO  c.n.d.p.DiscoveryJerseyProvider.<init>:80 - Using XML encoding codec XStreamXml
2020-12-17 13:58:50.941 INFO  c.n.d.p.DiscoveryJerseyProvider.<init>:81 - Using XML decoding codec XStreamXml
2020-12-17 13:58:51.243 INFO  c.n.d.s.r.a.ConfigClusterResolver.getClusterEndpoints:43 - Resolving eureka endpoints via configuration
2020-12-17 13:58:51.520 INFO  c.n.d.DiscoveryClient.fetchRegistry:1004 - Disable delta property : false
2020-12-17 13:58:51.521 INFO  c.n.d.DiscoveryClient.fetchRegistry:1005 - Single vip registry refresh property : null
2020-12-17 13:58:51.521 INFO  c.n.d.DiscoveryClient.fetchRegistry:1006 - Force full registry fetch : false
2020-12-17 13:58:51.521 INFO  c.n.d.DiscoveryClient.fetchRegistry:1007 - Application is null : false
2020-12-17 13:58:51.522 INFO  c.n.d.DiscoveryClient.fetchRegistry:1008 - Registered Applications size is zero : true
2020-12-17 13:58:51.522 INFO  c.n.d.DiscoveryClient.fetchRegistry:1010 - Application version is -1: true
2020-12-17 13:58:51.522 INFO  c.n.d.DiscoveryClient.getAndStoreFullRegistry:1093 - Getting all instance registry info from the eureka server
2020-12-17 13:58:51.740 INFO  c.n.d.DiscoveryClient.getAndStoreFullRegistry:1102 - The response status is 200
2020-12-17 13:58:51.743 INFO  c.n.d.DiscoveryClient.initScheduledTasks:1317 - Starting heartbeat executor: renew interval is: 30
2020-12-17 13:58:51.746 INFO  c.n.d.InstanceInfoReplicator.<init>:60 - InstanceInfoReplicator onDemand update allowed rate per min is 4
2020-12-17 13:58:51.751 INFO  c.n.d.DiscoveryClient.<init>:491 - Discovery Client initialized at timestamp 1608209931749 with initial instances count: 1
2020-12-17 13:58:51.755 INFO  o.s.c.n.e.s.EurekaServiceRegistry.register:41 - Registering application RAIFFEISEN with eureka with status UP
2020-12-17 13:58:51.756 INFO  c.n.d.DiscoveryClient.notify:1353 - Saw local status change event StatusChangeEvent [timestamp=1608209931756, current=UP, previous=STARTING]
2020-12-17 13:58:51.759 INFO  c.n.d.DiscoveryClient.register:870 - DiscoveryClient_RAIFFEISEN/host.docker.internal:raiffeisen:8090: registering service...
2020-12-17 13:58:51.759 INFO  o.a.c.h.Http11NioProtocol.log:173 - Starting ProtocolHandler ["http-nio-8090"]
2020-12-17 13:58:51.803 INFO  o.s.b.w.e.t.TomcatWebServer.start:220 - Tomcat started on port(s): 8090 (http) with context path ''
2020-12-17 13:58:51.805 INFO  o.s.c.n.e.s.EurekaAutoServiceRegistration.onApplicationEvent:145 - Updating port to 8090
2020-12-17 13:58:51.830 INFO  c.n.d.DiscoveryClient.register:879 - DiscoveryClient_RAIFFEISEN/host.docker.internal:raiffeisen:8090 - registration status: 204
2020-12-17 13:58:52.111 INFO  o.s.d.r.c.DeferredRepositoryInitializationListener.onApplicationEvent:49 - Triggering deferred initialization of Spring Data repositories…
2020-12-17 13:58:52.112 INFO  o.s.d.r.c.DeferredRepositoryInitializationListener.onApplicationEvent:53 - Spring Data repositories initialized!
2020-12-17 13:58:52.121 INFO  c.p.r.RaiffeisenServiceApplication.logStarted:61 - Started RaiffeisenServiceApplication in 16.374 seconds (JVM running for 17.971)
2020-12-17 14:01:30.562 INFO  o.a.c.c.C.[.[.[/].log:173 - Initializing Spring DispatcherServlet 'dispatcherServlet'
2020-12-17 14:01:30.562 INFO  o.s.w.s.DispatcherServlet.initServletBean:525 - Initializing Servlet 'dispatcherServlet'
2020-12-17 14:01:30.574 INFO  o.s.w.s.DispatcherServlet.initServletBean:547 - Completed initialization in 11 ms
2020-12-17 14:01:30.641 INFO  c.p.r.s.i.PaymentService.checkPaymentRequest:42 - ["Raiffeisen Bank"] check payment request [merchantId=3ypo-]
2020-12-17 14:01:31.393 INFO  c.p.r.s.i.PaymentService.checkPaymentRequest:49 - ["Raiffeisen Bank"] payment request invalid [merchantId=3ypo-]
2020-12-17 14:01:31.982 INFO  c.p.r.s.i.PaymentService.createMerchantOrder:68 - ["Raiffeisen Bank"] create merchantOrder [merchantId=3ypo-]
2020-12-17 14:01:32.039 INFO  c.p.r.s.i.PaymentService.createPaymentRequest:59 - ["Raiffeisen Bank"] create paymentId [merchantId=3ypo-]
2020-12-17 14:01:40.005 INFO  c.p.r.s.i.TransactionService.pay:52 - ["Raiffeisen Bank"] payment proccess [pan=-0000]
2020-12-17 14:01:41.004 INFO  c.p.r.s.i.TransactionService.settlementInSameBank:185 - ["Raiffeisen Bank"] one bank settlement [from=-MleW], [to=FNqu], [amount=4200.0]
2020-12-17 14:01:41.005 INFO  c.p.r.s.i.TransactionService.settlementInSameBank:192 - ["Raiffeisen Bank"] customer account reducing [pan=-MleW], [amount=4200.0]
2020-12-17 14:02:28.736 INFO  o.s.c.n.e.s.EurekaServiceRegistry.deregister:65 - Unregistering application RAIFFEISEN with eureka with status DOWN
2020-12-17 14:02:28.737 INFO  c.n.d.DiscoveryClient.register:870 - DiscoveryClient_RAIFFEISEN/host.docker.internal:raiffeisen:8090: registering service...
2020-12-17 14:02:28.753 INFO  o.a.h.i.c.DefaultHttpClient.tryExecute:690 - I/O exception (java.net.SocketException) caught when processing request to {}->http://localhost:8761: Software caused connection abort: socket write error
2020-12-17 14:02:28.754 INFO  o.a.h.i.c.DefaultHttpClient.tryExecute:700 - Retrying request to {}->http://localhost:8761
2020-12-17 14:02:29.054 INFO  o.s.o.j.LocalContainerEntityManagerFactoryBean.destroy:598 - Closing JPA EntityManagerFactory for persistence unit 'default'
2020-12-17 14:02:29.055 INFO  o.h.t.s.i.SchemaDropperImpl$DelayedDropActionImpl.perform:526 - HHH000477: Starting delayed evictData of schema as part of SessionFactory shut-down'
2020-12-17 14:02:29.267 INFO  o.s.s.c.ThreadPoolTaskExecutor.shutdown:218 - Shutting down ExecutorService 'applicationTaskExecutor'
2020-12-17 14:02:29.268 INFO  c.z.h.HikariDataSource.close:350 - HikariPool-1 - Shutdown initiated...
2020-12-17 14:02:29.276 INFO  c.z.h.HikariDataSource.close:352 - HikariPool-1 - Shutdown completed.
2020-12-17 14:02:29.278 INFO  c.n.d.DiscoveryClient.shutdown:932 - Shutting down DiscoveryClient ...
2020-12-17 14:09:42.043 INFO  c.p.r.RaiffeisenServiceApplication.logStartupProfileInfo:655 - The following profiles are active: dev
2020-12-17 14:09:43.093 INFO  o.s.d.r.c.RepositoryConfigurationDelegate.registerRepositoriesIn:127 - Bootstrapping Spring Data JPA repositories in DEFERRED mode.
2020-12-17 14:09:43.237 INFO  o.s.d.r.c.RepositoryConfigurationDelegate.registerRepositoriesIn:187 - Finished Spring Data repository scanning in 133ms. Found 9 JPA repository interfaces.
2020-12-17 14:09:43.694 INFO  o.s.c.c.s.GenericScope.setSerializationId:295 - BeanFactory id=c8b91b8c-a618-3054-b03e-776931b3ffae
2020-12-17 14:09:43.763 INFO  o.s.c.s.PostProcessorRegistrationDelegate$BeanPostProcessorChecker.postProcessAfterInitialization:335 - Bean 'com.payment.raiffeisenservice.feign.PccClient' of type [org.springframework.cloud.openfeign.FeignClientFactoryBean] is not eligible for getting processed by all BeanPostProcessors (for example: not eligible for auto-proxying)
2020-12-17 14:09:43.811 INFO  o.s.c.s.PostProcessorRegistrationDelegate$BeanPostProcessorChecker.postProcessAfterInitialization:335 - Bean 'org.springframework.ws.config.annotation.DelegatingWsConfiguration' of type [org.springframework.ws.config.annotation.DelegatingWsConfiguration$$EnhancerBySpringCGLIB$$a0bff889] is not eligible for getting processed by all BeanPostProcessors (for example: not eligible for auto-proxying)
2020-12-17 14:09:43.858 INFO  o.s.w.s.a.s.AnnotationActionEndpointMapping.afterPropertiesSet:236 - Supporting [WS-Addressing August 2004, WS-Addressing 1.0]
2020-12-17 14:09:43.968 INFO  o.s.c.s.PostProcessorRegistrationDelegate$BeanPostProcessorChecker.postProcessAfterInitialization:335 - Bean 'org.springframework.security.access.expression.method.DefaultMethodSecurityExpressionHandler@705a8dbc' of type [org.springframework.security.access.expression.method.DefaultMethodSecurityExpressionHandler] is not eligible for getting processed by all BeanPostProcessors (for example: not eligible for auto-proxying)
2020-12-17 14:09:43.975 INFO  o.s.c.s.PostProcessorRegistrationDelegate$BeanPostProcessorChecker.postProcessAfterInitialization:335 - Bean 'methodSecurityMetadataSource' of type [org.springframework.security.access.method.DelegatingMethodSecurityMetadataSource] is not eligible for getting processed by all BeanPostProcessors (for example: not eligible for auto-proxying)
2020-12-17 14:09:44.360 INFO  o.s.b.w.e.t.TomcatWebServer.initialize:108 - Tomcat initialized with port(s): 8090 (http)
2020-12-17 14:09:44.481 INFO  o.a.c.h.Http11NioProtocol.log:173 - Initializing ProtocolHandler ["http-nio-8090"]
2020-12-17 14:09:44.482 INFO  o.a.c.c.StandardService.log:173 - Starting service [Tomcat]
2020-12-17 14:09:44.483 INFO  o.a.c.c.StandardEngine.log:173 - Starting Servlet engine: [Apache Tomcat/9.0.37]
2020-12-17 14:09:44.808 INFO  o.a.c.c.C.[.[.[/].log:173 - Initializing Spring embedded WebApplicationContext
2020-12-17 14:09:44.808 INFO  o.s.b.w.s.c.ServletWebServerApplicationContext.prepareWebApplicationContext:285 - Root WebApplicationContext: initialization completed in 2726 ms
2020-12-17 14:09:45.118 INFO  o.s.s.c.ThreadPoolTaskExecutor.initialize:181 - Initializing ExecutorService 'applicationTaskExecutor'
2020-12-17 14:09:45.184 INFO  o.h.j.i.u.LogHelper.logPersistenceUnitInformation:31 - HHH000204: Processing PersistenceUnitInfo [name: default]
2020-12-17 14:09:45.271 INFO  o.h.Version.logVersion:44 - HHH000412: Hibernate ORM core version 5.4.18.Final
2020-12-17 14:09:45.616 INFO  o.h.a.c.Version.<clinit>:49 - HCANN000001: Hibernate Commons Annotations {5.1.0.Final}
2020-12-17 14:09:45.818 INFO  o.s.d.r.c.DeferredRepositoryInitializationListener.onApplicationEvent:49 - Triggering deferred initialization of Spring Data repositories…
2020-12-17 14:09:45.938 INFO  c.z.h.HikariDataSource.getConnection:110 - HikariPool-1 - Starting...
2020-12-17 14:09:46.164 INFO  c.z.h.HikariDataSource.getConnection:123 - HikariPool-1 - Start completed.
2020-12-17 14:09:46.193 INFO  o.h.d.Dialect.<init>:172 - HHH000400: Using dialect: org.hibernate.dialect.PostgreSQL95Dialect
2020-12-17 14:09:48.993 INFO  o.h.e.t.j.p.i.JtaPlatformInitiator.initiateService:52 - HHH000490: Using JtaPlatform implementation: [org.hibernate.engine.transaction.jta.platform.internal.NoJtaPlatform]
2020-12-17 14:09:49.005 INFO  o.s.o.j.LocalContainerEntityManagerFactoryBean.buildNativeEntityManagerFactory:416 - Initialized JPA EntityManagerFactory for persistence unit 'default'
2020-12-17 14:09:49.523 INFO  o.s.d.r.c.DeferredRepositoryInitializationListener.onApplicationEvent:53 - Spring Data repositories initialized!
2020-12-17 14:09:49.860 INFO  o.s.b.a.s.s.UserDetailsServiceAutoConfiguration.getOrDeducePassword:86 - 

Using generated security password: 35899e3c-eaa2-4c56-92f7-8e76599d43ad

2020-12-17 14:09:49.937 INFO  o.s.s.w.DefaultSecurityFilterChain.<init>:43 - Creating filter chain: Ant [pattern='/', GET], []
2020-12-17 14:09:49.937 INFO  o.s.s.w.DefaultSecurityFilterChain.<init>:43 - Creating filter chain: Ant [pattern='/webjars/**', GET], []
2020-12-17 14:09:49.937 INFO  o.s.s.w.DefaultSecurityFilterChain.<init>:43 - Creating filter chain: Ant [pattern='/*.html', GET], []
2020-12-17 14:09:49.937 INFO  o.s.s.w.DefaultSecurityFilterChain.<init>:43 - Creating filter chain: Ant [pattern='/favicon.ico', GET], []
2020-12-17 14:09:49.938 INFO  o.s.s.w.DefaultSecurityFilterChain.<init>:43 - Creating filter chain: Ant [pattern='/**/*.html', GET], []
2020-12-17 14:09:49.938 INFO  o.s.s.w.DefaultSecurityFilterChain.<init>:43 - Creating filter chain: Ant [pattern='/**/*.css', GET], []
2020-12-17 14:09:49.938 INFO  o.s.s.w.DefaultSecurityFilterChain.<init>:43 - Creating filter chain: Ant [pattern='/**/*.js', GET], []
2020-12-17 14:09:50.000 INFO  o.s.s.w.DefaultSecurityFilterChain.<init>:43 - Creating filter chain: any request, [org.springframework.security.web.context.request.async.WebAsyncManagerIntegrationFilter@3e4afd10, org.springframework.security.web.context.SecurityContextPersistenceFilter@28fa541, org.springframework.security.web.header.HeaderWriterFilter@3dd2b9c1, org.springframework.web.filter.CorsFilter@1c240cf2, org.springframework.security.web.authentication.logout.LogoutFilter@271e851e, org.springframework.security.web.savedrequest.RequestCacheAwareFilter@4aab7195, org.springframework.security.web.servletapi.SecurityContextHolderAwareRequestFilter@11ad095c, org.springframework.security.web.authentication.AnonymousAuthenticationFilter@22aefae0, org.springframework.security.web.session.SessionManagementFilter@3c27f72, org.springframework.security.web.access.ExceptionTranslationFilter@645ba24a, org.springframework.security.web.access.intercept.FilterSecurityInterceptor@4ffa7041]
2020-12-17 14:09:50.027 INFO  c.n.c.s.URLConfigurationSource.<init>:122 - To enable URLs as dynamic configuration sources, define System property archaius.configurationSource.additionalUrls or make config.properties available on classpath.
2020-12-17 14:09:50.033 INFO  c.n.c.s.URLConfigurationSource.<init>:122 - To enable URLs as dynamic configuration sources, define System property archaius.configurationSource.additionalUrls or make config.properties available on classpath.
2020-12-17 14:09:50.942 INFO  o.s.c.n.e.c.DiscoveryClientOptionalArgsConfiguration.discoveryClientOptionalArgs:78 - Eureka HTTP Client uses Jersey
2020-12-17 14:09:51.486 INFO  o.s.c.n.e.InstanceInfoFactory.create:72 - Setting initial instance status as: STARTING
2020-12-17 14:09:51.536 INFO  c.n.d.DiscoveryClient.<init>:371 - Initializing Eureka in region us-east-1
2020-12-17 14:09:52.092 INFO  c.n.d.p.DiscoveryJerseyProvider.<init>:70 - Using JSON encoding codec LegacyJacksonJson
2020-12-17 14:09:52.093 INFO  c.n.d.p.DiscoveryJerseyProvider.<init>:71 - Using JSON decoding codec LegacyJacksonJson
2020-12-17 14:09:52.244 INFO  c.n.d.p.DiscoveryJerseyProvider.<init>:80 - Using XML encoding codec XStreamXml
2020-12-17 14:09:52.244 INFO  c.n.d.p.DiscoveryJerseyProvider.<init>:81 - Using XML decoding codec XStreamXml
2020-12-17 14:09:52.527 INFO  c.n.d.s.r.a.ConfigClusterResolver.getClusterEndpoints:43 - Resolving eureka endpoints via configuration
2020-12-17 14:09:52.794 INFO  c.n.d.DiscoveryClient.fetchRegistry:1004 - Disable delta property : false
2020-12-17 14:09:52.795 INFO  c.n.d.DiscoveryClient.fetchRegistry:1005 - Single vip registry refresh property : null
2020-12-17 14:09:52.795 INFO  c.n.d.DiscoveryClient.fetchRegistry:1006 - Force full registry fetch : false
2020-12-17 14:09:52.795 INFO  c.n.d.DiscoveryClient.fetchRegistry:1007 - Application is null : false
2020-12-17 14:09:52.796 INFO  c.n.d.DiscoveryClient.fetchRegistry:1008 - Registered Applications size is zero : true
2020-12-17 14:09:52.796 INFO  c.n.d.DiscoveryClient.fetchRegistry:1010 - Application version is -1: true
2020-12-17 14:09:52.796 INFO  c.n.d.DiscoveryClient.getAndStoreFullRegistry:1093 - Getting all instance registry info from the eureka server
2020-12-17 14:09:53.034 INFO  c.n.d.DiscoveryClient.getAndStoreFullRegistry:1102 - The response status is 200
2020-12-17 14:09:53.037 INFO  c.n.d.DiscoveryClient.initScheduledTasks:1317 - Starting heartbeat executor: renew interval is: 30
2020-12-17 14:09:53.041 INFO  c.n.d.InstanceInfoReplicator.<init>:60 - InstanceInfoReplicator onDemand update allowed rate per min is 4
2020-12-17 14:09:53.045 INFO  c.n.d.DiscoveryClient.<init>:491 - Discovery Client initialized at timestamp 1608210593044 with initial instances count: 1
2020-12-17 14:09:53.050 INFO  o.s.c.n.e.s.EurekaServiceRegistry.register:41 - Registering application RAIFFEISEN with eureka with status UP
2020-12-17 14:09:53.051 INFO  c.n.d.DiscoveryClient.notify:1353 - Saw local status change event StatusChangeEvent [timestamp=1608210593051, current=UP, previous=STARTING]
2020-12-17 14:09:53.054 INFO  c.n.d.DiscoveryClient.register:870 - DiscoveryClient_RAIFFEISEN/host.docker.internal:raiffeisen:8090: registering service...
2020-12-17 14:09:53.054 INFO  o.a.c.h.Http11NioProtocol.log:173 - Starting ProtocolHandler ["http-nio-8090"]
2020-12-17 14:09:53.089 INFO  o.s.b.w.e.t.TomcatWebServer.start:220 - Tomcat started on port(s): 8090 (http) with context path ''
2020-12-17 14:09:53.090 INFO  o.s.c.n.e.s.EurekaAutoServiceRegistration.onApplicationEvent:145 - Updating port to 8090
2020-12-17 14:09:53.118 INFO  c.n.d.DiscoveryClient.register:879 - DiscoveryClient_RAIFFEISEN/host.docker.internal:raiffeisen:8090 - registration status: 204
2020-12-17 14:09:53.403 INFO  o.s.d.r.c.DeferredRepositoryInitializationListener.onApplicationEvent:49 - Triggering deferred initialization of Spring Data repositories…
2020-12-17 14:09:53.403 INFO  o.s.d.r.c.DeferredRepositoryInitializationListener.onApplicationEvent:53 - Spring Data repositories initialized!
2020-12-17 14:09:53.412 INFO  c.p.r.RaiffeisenServiceApplication.logStarted:61 - Started RaiffeisenServiceApplication in 15.158 seconds (JVM running for 17.287)
2020-12-17 14:10:30.410 INFO  o.a.c.c.C.[.[.[/].log:173 - Initializing Spring DispatcherServlet 'dispatcherServlet'
2020-12-17 14:10:30.411 INFO  o.s.w.s.DispatcherServlet.initServletBean:525 - Initializing Servlet 'dispatcherServlet'
2020-12-17 14:10:30.422 INFO  o.s.w.s.DispatcherServlet.initServletBean:547 - Completed initialization in 11 ms
2020-12-17 14:10:30.508 INFO  c.p.r.s.i.PaymentService.checkPaymentRequest:42 - ["Raiffeisen Bank"] check payment request [merchantId=3ypo-]
2020-12-17 14:10:31.253 INFO  c.p.r.s.i.PaymentService.checkPaymentRequest:49 - ["Raiffeisen Bank"] payment request invalid [merchantId=3ypo-]
2020-12-17 14:10:31.841 INFO  c.p.r.s.i.PaymentService.createMerchantOrder:68 - ["Raiffeisen Bank"] create merchantOrder [merchantId=3ypo-]
2020-12-17 14:10:31.901 INFO  c.p.r.s.i.PaymentService.createPaymentRequest:59 - ["Raiffeisen Bank"] create paymentId [merchantId=3ypo-]
2020-12-17 14:10:36.376 INFO  c.p.r.s.i.TransactionService.pay:52 - ["Raiffeisen Bank"] payment proccess [Pedro Neto]
2020-12-17 14:10:37.332 INFO  c.p.r.s.i.TransactionService.settlementInSameBank:185 - ["Raiffeisen Bank"] one bank settlement [from=Pedro Neto], [to=Jack Grealish], [amount=4200.0]
2020-12-17 14:10:37.332 INFO  c.p.r.s.i.TransactionService.settlementInSameBank:191 - ["Raiffeisen Bank"] customer account reducing [name=Pedro Neto], [amount=4200.0]
2020-12-17 14:13:14.588 INFO  c.p.r.s.i.PaymentService.checkPaymentRequest:42 - ["Raiffeisen Bank"] check payment request [merchantId=3ypo-]
2020-12-17 14:13:15.173 INFO  c.p.r.s.i.PaymentService.checkPaymentRequest:49 - ["Raiffeisen Bank"] payment request invalid [merchantId=3ypo-]
2020-12-17 14:13:15.789 INFO  c.p.r.s.i.PaymentService.createMerchantOrder:68 - ["Raiffeisen Bank"] create merchantOrder [merchantId=3ypo-]
2020-12-17 14:13:15.792 INFO  c.p.r.s.i.PaymentService.createPaymentRequest:59 - ["Raiffeisen Bank"] create paymentId [merchantId=3ypo-]
2020-12-17 14:13:22.508 INFO  c.p.r.s.i.TransactionService.pay:52 - ["Raiffeisen Bank"] payment proccess [Wilfred Zaha]
2020-12-17 14:13:23.291 INFO  c.n.c.ChainedDynamicProperty.checkAndFlip:115 - Flipping property: pcc.ribbon.ActiveConnectionsLimit to use NEXT property: niws.loadbalancer.availabilityFilteringRule.activeConnectionsLimit = 2147483647
2020-12-17 14:13:23.325 INFO  c.n.u.c.ShutdownEnabledTimer.<init>:58 - Shutdown hook installed for: NFLoadBalancer-PingTimer-pcc
2020-12-17 14:13:23.326 INFO  c.n.l.BaseLoadBalancer.initWithConfig:197 - Client: pcc instantiated a LoadBalancer: DynamicServerListLoadBalancer:{NFLoadBalancer:name=pcc,current list of Servers=[],Load balancer stats=Zone stats: {},Server stats: []}ServerList:null
2020-12-17 14:13:23.333 INFO  c.n.l.DynamicServerListLoadBalancer.enableAndInitLearnNewServersFeature:222 - Using serverListUpdater PollingServerListUpdater
2020-12-17 14:13:23.356 INFO  c.n.c.ChainedDynamicProperty.checkAndFlip:115 - Flipping property: pcc.ribbon.ActiveConnectionsLimit to use NEXT property: niws.loadbalancer.availabilityFilteringRule.activeConnectionsLimit = 2147483647
2020-12-17 14:13:23.358 INFO  c.n.l.DynamicServerListLoadBalancer.restOfInit:150 - DynamicServerListLoadBalancer for client pcc initialized: DynamicServerListLoadBalancer:{NFLoadBalancer:name=pcc,current list of Servers=[192.168.2.37:8084],Load balancer stats=Zone stats: {defaultzone=[Zone:defaultzone;	Instance count:1;	Active connections count: 0;	Circuit breaker tripped count: 0;	Active connections per server: 0.0;]
},Server stats: [[Server:192.168.2.37:8084;	Zone:defaultZone;	Total Requests:0;	Successive connection failure:0;	Total blackout seconds:0;	Last connection made:Thu Jan 01 01:00:00 CET 1970;	First connection made: Thu Jan 01 01:00:00 CET 1970;	Active Connections:0;	total failure count in last (1000) msecs:0;	average resp time:0.0;	90 percentile resp time:0.0;	95 percentile resp time:0.0;	min resp time:0.0;	max resp time:0.0;	stddev resp time:0.0]
]}ServerList:org.springframework.cloud.netflix.ribbon.eureka.DomainExtractingServerList@3c855f24
2020-12-17 14:13:23.370 INFO  o.s.d.r.c.DeferredRepositoryInitializationListener.onApplicationEvent:49 - Triggering deferred initialization of Spring Data repositories…
2020-12-17 14:13:23.371 INFO  o.s.d.r.c.DeferredRepositoryInitializationListener.onApplicationEvent:53 - Spring Data repositories initialized!
2020-12-17 14:13:24.338 INFO  c.n.c.ChainedDynamicProperty.checkAndFlip:115 - Flipping property: pcc.ribbon.ActiveConnectionsLimit to use NEXT property: niws.loadbalancer.availabilityFilteringRule.activeConnectionsLimit = 2147483647
2020-12-17 14:14:47.033 INFO  c.n.l.PollingServerListUpdater.run:53 - Shutting down the Executor Pool for PollingServerListUpdater
2020-12-17 14:14:47.037 INFO  o.s.c.n.e.s.EurekaServiceRegistry.deregister:65 - Unregistering application RAIFFEISEN with eureka with status DOWN
2020-12-17 14:14:47.038 INFO  c.n.d.DiscoveryClient.register:870 - DiscoveryClient_RAIFFEISEN/host.docker.internal:raiffeisen:8090: registering service...
2020-12-17 14:14:47.358 INFO  c.n.u.c.ShutdownEnabledTimer.cancel:67 - Shutdown hook removed for: NFLoadBalancer-PingTimer-pcc
2020-12-17 14:14:47.359 INFO  c.n.u.c.ShutdownEnabledTimer.cancel:72 - Exception caught (might be ok if at shutdown)
java.lang.IllegalStateException: Shutdown in progress
	at java.lang.ApplicationShutdownHooks.remove(ApplicationShutdownHooks.java:82)
	at java.lang.Runtime.removeShutdownHook(Runtime.java:239)
	at com.netflix.util.concurrent.ShutdownEnabledTimer.cancel(ShutdownEnabledTimer.java:70)
	at com.netflix.loadbalancer.BaseLoadBalancer.cancelPingTask(BaseLoadBalancer.java:632)
	at com.netflix.loadbalancer.BaseLoadBalancer.shutdown(BaseLoadBalancer.java:883)
	at com.netflix.loadbalancer.DynamicServerListLoadBalancer.shutdown(DynamicServerListLoadBalancer.java:285)
	at sun.reflect.NativeMethodAccessorImpl.invoke0(Native Method)
	at sun.reflect.NativeMethodAccessorImpl.invoke(NativeMethodAccessorImpl.java:62)
	at sun.reflect.DelegatingMethodAccessorImpl.invoke(DelegatingMethodAccessorImpl.java:43)
	at java.lang.reflect.Method.invoke(Method.java:498)
	at org.springframework.beans.factory.support.DisposableBeanAdapter.invokeCustomDestroyMethod(DisposableBeanAdapter.java:339)
	at org.springframework.beans.factory.support.DisposableBeanAdapter.destroy(DisposableBeanAdapter.java:273)
	at org.springframework.beans.factory.support.DefaultSingletonBeanRegistry.destroyBean(DefaultSingletonBeanRegistry.java:579)
	at org.springframework.beans.factory.support.DefaultSingletonBeanRegistry.destroySingleton(DefaultSingletonBeanRegistry.java:551)
	at org.springframework.beans.factory.support.DefaultListableBeanFactory.destroySingleton(DefaultListableBeanFactory.java:1092)
	at org.springframework.beans.factory.support.DefaultSingletonBeanRegistry.destroySingletons(DefaultSingletonBeanRegistry.java:512)
	at org.springframework.beans.factory.support.DefaultListableBeanFactory.destroySingletons(DefaultListableBeanFactory.java:1085)
	at org.springframework.context.support.AbstractApplicationContext.destroyBeans(AbstractApplicationContext.java:1061)
	at org.springframework.context.support.AbstractApplicationContext.doClose(AbstractApplicationContext.java:1030)
	at org.springframework.context.support.AbstractApplicationContext.close(AbstractApplicationContext.java:979)
	at org.springframework.cloud.context.named.NamedContextFactory.destroy(NamedContextFactory.java:92)
	at org.springframework.beans.factory.support.DisposableBeanAdapter.destroy(DisposableBeanAdapter.java:258)
	at org.springframework.beans.factory.support.DefaultSingletonBeanRegistry.destroyBean(DefaultSingletonBeanRegistry.java:579)
	at org.springframework.beans.factory.support.DefaultSingletonBeanRegistry.destroySingleton(DefaultSingletonBeanRegistry.java:551)
	at org.springframework.beans.factory.support.DefaultListableBeanFactory.destroySingleton(DefaultListableBeanFactory.java:1092)
	at org.springframework.beans.factory.support.DefaultSingletonBeanRegistry.destroySingletons(DefaultSingletonBeanRegistry.java:512)
	at org.springframework.beans.factory.support.DefaultListableBeanFactory.destroySingletons(DefaultListableBeanFactory.java:1085)
	at org.springframework.context.support.AbstractApplicationContext.destroyBeans(AbstractApplicationContext.java:1061)
	at org.springframework.context.support.AbstractApplicationContext.doClose(AbstractApplicationContext.java:1030)
	at org.springframework.boot.web.servlet.context.ServletWebServerApplicationContext.doClose(ServletWebServerApplicationContext.java:170)
	at org.springframework.context.support.AbstractApplicationContext$1.run(AbstractApplicationContext.java:949)
2020-12-17 14:14:47.378 INFO  o.s.o.j.LocalContainerEntityManagerFactoryBean.destroy:598 - Closing JPA EntityManagerFactory for persistence unit 'default'
2020-12-17 14:14:47.379 INFO  o.h.t.s.i.SchemaDropperImpl$DelayedDropActionImpl.perform:526 - HHH000477: Starting delayed evictData of schema as part of SessionFactory shut-down'
2020-12-17 14:14:47.530 INFO  o.s.s.c.ThreadPoolTaskExecutor.shutdown:218 - Shutting down ExecutorService 'applicationTaskExecutor'
2020-12-17 14:14:47.530 INFO  c.z.h.HikariDataSource.close:350 - HikariPool-1 - Shutdown initiated...
2020-12-17 14:14:47.548 INFO  c.z.h.HikariDataSource.close:352 - HikariPool-1 - Shutdown completed.
2020-12-17 14:14:47.551 INFO  c.n.d.DiscoveryClient.shutdown:932 - Shutting down DiscoveryClient ...
