2020-12-26 00:02:22.443 INFO  o.a.c.c.C.[.[.[/].log:173 - Initializing Spring DispatcherServlet 'dispatcherServlet'
2020-12-26 00:02:22.456 INFO  o.s.w.s.DispatcherServlet.initServletBean:525 - Initializing Servlet 'dispatcherServlet'
2020-12-26 00:02:22.535 INFO  o.s.w.s.DispatcherServlet.initServletBean:547 - Completed initialization in 78 ms
2020-12-26 00:02:22.680 INFO  c.p.r.s.i.PaymentService.checkPaymentRequest:42 - ["Raiffeisen Bank"] check payment request [merchantId=3ypo-]
2020-12-26 00:02:23.534 INFO  c.p.r.s.i.PaymentService.checkPaymentRequest:49 - ["Raiffeisen Bank"] payment request valid [merchantId=3ypo-]
2020-12-26 00:02:24.126 INFO  c.p.r.s.i.PaymentService.createMerchantOrder:68 - ["Raiffeisen Bank"] create merchantOrder [merchantId=3ypo-]
2020-12-26 00:02:24.186 INFO  c.p.r.s.i.PaymentService.createPaymentRequest:59 - ["Raiffeisen Bank"] create paymentId [merchantId=3ypo-]
2020-12-26 00:02:30.380 INFO  c.p.r.s.i.TransactionService.pay:53 - ["Raiffeisen Bank"] payment proccess [Pedro Neto]
2020-12-26 00:02:31.432 INFO  c.p.r.s.i.TransactionService.settlementInSameBank:215 - ["Raiffeisen Bank"] one bank settlement [from=Pedro Neto], [to=Jack Grealish], [amount=4200.0]
2020-12-26 00:02:31.433 INFO  c.p.r.s.i.TransactionService.settlementInSameBank:223 - ["Raiffeisen Bank"] customer account reducing [name=Pedro Neto], [amount=4200.0]
2020-12-26 00:02:37.139 INFO  c.p.r.s.i.PaymentService.checkPaymentRequest:42 - ["Raiffeisen Bank"] check payment request [merchantId=3ypo-]
2020-12-26 00:02:37.901 INFO  c.p.r.s.i.PaymentService.checkPaymentRequest:49 - ["Raiffeisen Bank"] payment request valid [merchantId=3ypo-]
2020-12-26 00:02:38.520 INFO  c.p.r.s.i.PaymentService.createMerchantOrder:68 - ["Raiffeisen Bank"] create merchantOrder [merchantId=3ypo-]
2020-12-26 00:02:38.536 INFO  c.p.r.s.i.PaymentService.createPaymentRequest:59 - ["Raiffeisen Bank"] create paymentId [merchantId=3ypo-]
2020-12-26 00:02:49.880 INFO  c.p.r.s.i.TransactionService.pay:53 - ["Raiffeisen Bank"] payment proccess [Wilfred Zaha]
2020-12-26 00:02:50.705 INFO  c.n.c.ChainedDynamicProperty.checkAndFlip:115 - Flipping property: pcc.ribbon.ActiveConnectionsLimit to use NEXT property: niws.loadbalancer.availabilityFilteringRule.activeConnectionsLimit = 2147483647
2020-12-26 00:02:50.745 INFO  c.n.u.c.ShutdownEnabledTimer.<init>:58 - Shutdown hook installed for: NFLoadBalancer-PingTimer-pcc
2020-12-26 00:02:50.746 INFO  c.n.l.BaseLoadBalancer.initWithConfig:197 - Client: pcc instantiated a LoadBalancer: DynamicServerListLoadBalancer:{NFLoadBalancer:name=pcc,current list of Servers=[],Load balancer stats=Zone stats: {},Server stats: []}ServerList:null
2020-12-26 00:02:50.754 INFO  c.n.l.DynamicServerListLoadBalancer.enableAndInitLearnNewServersFeature:222 - Using serverListUpdater PollingServerListUpdater
2020-12-26 00:02:50.785 INFO  c.n.c.ChainedDynamicProperty.checkAndFlip:115 - Flipping property: pcc.ribbon.ActiveConnectionsLimit to use NEXT property: niws.loadbalancer.availabilityFilteringRule.activeConnectionsLimit = 2147483647
2020-12-26 00:02:50.787 INFO  c.n.l.DynamicServerListLoadBalancer.restOfInit:150 - DynamicServerListLoadBalancer for client pcc initialized: DynamicServerListLoadBalancer:{NFLoadBalancer:name=pcc,current list of Servers=[192.168.2.37:8084],Load balancer stats=Zone stats: {defaultzone=[Zone:defaultzone;	Instance count:1;	Active connections count: 0;	Circuit breaker tripped count: 0;	Active connections per server: 0.0;]
},Server stats: [[Server:192.168.2.37:8084;	Zone:defaultZone;	Total Requests:0;	Successive connection failure:0;	Total blackout seconds:0;	Last connection made:Thu Jan 01 01:00:00 CET 1970;	First connection made: Thu Jan 01 01:00:00 CET 1970;	Active Connections:0;	total failure count in last (1000) msecs:0;	average resp time:0.0;	90 percentile resp time:0.0;	95 percentile resp time:0.0;	min resp time:0.0;	max resp time:0.0;	stddev resp time:0.0]
]}ServerList:org.springframework.cloud.netflix.ribbon.eureka.DomainExtractingServerList@3460cc80
2020-12-26 00:02:50.801 INFO  o.s.d.r.c.DeferredRepositoryInitializationListener.onApplicationEvent:49 - Triggering deferred initialization of Spring Data repositories…
2020-12-26 00:02:50.801 INFO  o.s.d.r.c.DeferredRepositoryInitializationListener.onApplicationEvent:53 - Spring Data repositories initialized!
2020-12-26 00:02:51.760 INFO  c.n.c.ChainedDynamicProperty.checkAndFlip:115 - Flipping property: pcc.ribbon.ActiveConnectionsLimit to use NEXT property: niws.loadbalancer.availabilityFilteringRule.activeConnectionsLimit = 2147483647
2020-12-26 00:03:35.016 INFO  c.n.d.s.r.a.ConfigClusterResolver.getClusterEndpoints:43 - Resolving eureka endpoints via configuration
2020-12-26 00:08:35.018 INFO  c.n.d.s.r.a.ConfigClusterResolver.getClusterEndpoints:43 - Resolving eureka endpoints via configuration
2020-12-26 00:09:25.469 INFO  c.p.r.s.i.PaymentService.checkPaymentRequest:42 - ["Raiffeisen Bank"] check payment request [merchantId=3ypo-]
2020-12-26 00:09:26.123 INFO  c.p.r.s.i.PaymentService.checkPaymentRequest:49 - ["Raiffeisen Bank"] payment request valid [merchantId=3ypo-]
2020-12-26 00:09:26.763 INFO  c.p.r.s.i.PaymentService.createMerchantOrder:68 - ["Raiffeisen Bank"] create merchantOrder [merchantId=3ypo-]
2020-12-26 00:09:26.775 INFO  c.p.r.s.i.PaymentService.createPaymentRequest:59 - ["Raiffeisen Bank"] create paymentId [merchantId=3ypo-]
2020-12-26 00:09:41.896 INFO  c.p.r.s.i.TransactionService.pay:53 - ["Raiffeisen Bank"] payment proccess [Wilfred Zaha]
2020-12-26 00:10:29.561 INFO  c.n.l.PollingServerListUpdater.run:53 - Shutting down the Executor Pool for PollingServerListUpdater
2020-12-26 00:10:29.565 INFO  o.s.c.n.e.s.EurekaServiceRegistry.deregister:65 - Unregistering application RAIFFEISEN with eureka with status DOWN
2020-12-26 00:10:29.567 INFO  c.n.d.DiscoveryClient.register:870 - DiscoveryClient_RAIFFEISEN/host.docker.internal:raiffeisen:8090: registering service...
2020-12-26 00:10:29.644 INFO  c.n.d.DiscoveryClient.register:879 - DiscoveryClient_RAIFFEISEN/host.docker.internal:raiffeisen:8090 - registration status: 204
2020-12-26 00:10:29.903 INFO  c.n.u.c.ShutdownEnabledTimer.cancel:67 - Shutdown hook removed for: NFLoadBalancer-PingTimer-pcc
2020-12-26 00:10:29.912 INFO  c.n.u.c.ShutdownEnabledTimer.cancel:72 - Exception caught (might be ok if at shutdown)
java.lang.IllegalStateException: Shutdown in progress
	at java.lang.ApplicationShutdownHooks.remove(ApplicationShutdownHooks.java:82)
	at java.lang.Runtime.removeShutdownHook(Runtime.java:239)
	at com.netflix.util.concurrent.ShutdownEnabledTimer.cancel(ShutdownEnabledTimer.java:70)
	at com.netflix.loadbalancer.BaseLoadBalancer.cancelPingTask(BaseLoadBalancer.java:632)
	at com.netflix.loadbalancer.BaseLoadBalancer.shutdown(BaseLoadBalancer.java:883)
	at com.netflix.loadbalancer.DynamicServerListLoadBalancer.shutdown(DynamicServerListLoadBalancer.java:285)
	at sun.reflect.NativeMethodAccessorImpl.invoke0(Native Method)
	at sun.reflect.NativeMethodAccessorImpl.invoke(NativeMethodAccessorImpl.java:62)
	at sun.reflect.DelegatingMethodAccessorImpl.invoke(DelegatingMethodAccessorImpl.java:43)
	at java.lang.reflect.Method.invoke(Method.java:498)
	at org.springframework.beans.factory.support.DisposableBeanAdapter.invokeCustomDestroyMethod(DisposableBeanAdapter.java:339)
	at org.springframework.beans.factory.support.DisposableBeanAdapter.destroy(DisposableBeanAdapter.java:273)
	at org.springframework.beans.factory.support.DefaultSingletonBeanRegistry.destroyBean(DefaultSingletonBeanRegistry.java:579)
	at org.springframework.beans.factory.support.DefaultSingletonBeanRegistry.destroySingleton(DefaultSingletonBeanRegistry.java:551)
	at org.springframework.beans.factory.support.DefaultListableBeanFactory.destroySingleton(DefaultListableBeanFactory.java:1092)
	at org.springframework.beans.factory.support.DefaultSingletonBeanRegistry.destroySingletons(DefaultSingletonBeanRegistry.java:512)
	at org.springframework.beans.factory.support.DefaultListableBeanFactory.destroySingletons(DefaultListableBeanFactory.java:1085)
	at org.springframework.context.support.AbstractApplicationContext.destroyBeans(AbstractApplicationContext.java:1061)
	at org.springframework.context.support.AbstractApplicationContext.doClose(AbstractApplicationContext.java:1030)
	at org.springframework.context.support.AbstractApplicationContext.close(AbstractApplicationContext.java:979)
	at org.springframework.cloud.context.named.NamedContextFactory.destroy(NamedContextFactory.java:92)
	at org.springframework.beans.factory.support.DisposableBeanAdapter.destroy(DisposableBeanAdapter.java:258)
	at org.springframework.beans.factory.support.DefaultSingletonBeanRegistry.destroyBean(DefaultSingletonBeanRegistry.java:579)
	at org.springframework.beans.factory.support.DefaultSingletonBeanRegistry.destroySingleton(DefaultSingletonBeanRegistry.java:551)
	at org.springframework.beans.factory.support.DefaultListableBeanFactory.destroySingleton(DefaultListableBeanFactory.java:1092)
	at org.springframework.beans.factory.support.DefaultSingletonBeanRegistry.destroySingletons(DefaultSingletonBeanRegistry.java:512)
	at org.springframework.beans.factory.support.DefaultListableBeanFactory.destroySingletons(DefaultListableBeanFactory.java:1085)
	at org.springframework.context.support.AbstractApplicationContext.destroyBeans(AbstractApplicationContext.java:1061)
	at org.springframework.context.support.AbstractApplicationContext.doClose(AbstractApplicationContext.java:1030)
	at org.springframework.boot.web.servlet.context.ServletWebServerApplicationContext.doClose(ServletWebServerApplicationContext.java:170)
	at org.springframework.context.support.AbstractApplicationContext$1.run(AbstractApplicationContext.java:949)
2020-12-26 00:10:29.939 INFO  o.s.o.j.LocalContainerEntityManagerFactoryBean.destroy:598 - Closing JPA EntityManagerFactory for persistence unit 'default'
2020-12-26 00:10:29.944 INFO  o.h.t.s.i.SchemaDropperImpl$DelayedDropActionImpl.perform:526 - HHH000477: Starting delayed evictData of schema as part of SessionFactory shut-down'
2020-12-26 00:10:30.170 INFO  o.s.s.c.ThreadPoolTaskExecutor.shutdown:218 - Shutting down ExecutorService 'applicationTaskExecutor'
2020-12-26 00:10:30.170 INFO  c.z.h.HikariDataSource.close:350 - HikariPool-1 - Shutdown initiated...
2020-12-26 00:10:30.190 INFO  c.z.h.HikariDataSource.close:352 - HikariPool-1 - Shutdown completed.
2020-12-26 00:10:30.192 INFO  c.n.d.DiscoveryClient.shutdown:932 - Shutting down DiscoveryClient ...
2020-12-26 09:43:50.280 INFO  c.p.r.RaiffeisenServiceApplication.logStartupProfileInfo:655 - The following profiles are active: dev
2020-12-26 09:43:51.664 INFO  o.s.d.r.c.RepositoryConfigurationDelegate.registerRepositoriesIn:127 - Bootstrapping Spring Data JPA repositories in DEFERRED mode.
2020-12-26 09:43:51.988 INFO  o.s.d.r.c.RepositoryConfigurationDelegate.registerRepositoriesIn:187 - Finished Spring Data repository scanning in 295ms. Found 9 JPA repository interfaces.
2020-12-26 09:43:52.545 INFO  o.s.c.c.s.GenericScope.setSerializationId:295 - BeanFactory id=c8b91b8c-a618-3054-b03e-776931b3ffae
2020-12-26 09:43:52.625 INFO  o.s.c.s.PostProcessorRegistrationDelegate$BeanPostProcessorChecker.postProcessAfterInitialization:335 - Bean 'com.payment.raiffeisenservice.feign.PccClient' of type [org.springframework.cloud.openfeign.FeignClientFactoryBean] is not eligible for getting processed by all BeanPostProcessors (for example: not eligible for auto-proxying)
2020-12-26 09:43:52.674 INFO  o.s.c.s.PostProcessorRegistrationDelegate$BeanPostProcessorChecker.postProcessAfterInitialization:335 - Bean 'org.springframework.ws.config.annotation.DelegatingWsConfiguration' of type [org.springframework.ws.config.annotation.DelegatingWsConfiguration$$EnhancerBySpringCGLIB$$857ae8f6] is not eligible for getting processed by all BeanPostProcessors (for example: not eligible for auto-proxying)
2020-12-26 09:43:52.764 INFO  o.s.w.s.a.s.AnnotationActionEndpointMapping.afterPropertiesSet:236 - Supporting [WS-Addressing August 2004, WS-Addressing 1.0]
2020-12-26 09:43:52.901 INFO  o.s.c.s.PostProcessorRegistrationDelegate$BeanPostProcessorChecker.postProcessAfterInitialization:335 - Bean 'org.springframework.security.access.expression.method.DefaultMethodSecurityExpressionHandler@6601cc93' of type [org.springframework.security.access.expression.method.DefaultMethodSecurityExpressionHandler] is not eligible for getting processed by all BeanPostProcessors (for example: not eligible for auto-proxying)
2020-12-26 09:43:52.908 INFO  o.s.c.s.PostProcessorRegistrationDelegate$BeanPostProcessorChecker.postProcessAfterInitialization:335 - Bean 'methodSecurityMetadataSource' of type [org.springframework.security.access.method.DelegatingMethodSecurityMetadataSource] is not eligible for getting processed by all BeanPostProcessors (for example: not eligible for auto-proxying)
2020-12-26 09:43:53.304 INFO  o.s.b.w.e.t.TomcatWebServer.initialize:108 - Tomcat initialized with port(s): 8090 (http)
2020-12-26 09:43:53.316 INFO  o.a.c.h.Http11NioProtocol.log:173 - Initializing ProtocolHandler ["http-nio-8090"]
2020-12-26 09:43:53.318 INFO  o.a.c.c.StandardService.log:173 - Starting service [Tomcat]
2020-12-26 09:43:53.318 INFO  o.a.c.c.StandardEngine.log:173 - Starting Servlet engine: [Apache Tomcat/9.0.37]
2020-12-26 09:43:53.798 INFO  o.a.c.c.C.[.[.[/].log:173 - Initializing Spring embedded WebApplicationContext
2020-12-26 09:43:53.799 INFO  o.s.b.w.s.c.ServletWebServerApplicationContext.prepareWebApplicationContext:285 - Root WebApplicationContext: initialization completed in 3477 ms
2020-12-26 09:43:54.377 INFO  o.s.s.c.ThreadPoolTaskExecutor.initialize:181 - Initializing ExecutorService 'applicationTaskExecutor'
2020-12-26 09:43:54.505 INFO  o.h.j.i.u.LogHelper.logPersistenceUnitInformation:31 - HHH000204: Processing PersistenceUnitInfo [name: default]
2020-12-26 09:43:54.609 INFO  o.h.Version.logVersion:44 - HHH000412: Hibernate ORM core version 5.4.18.Final
2020-12-26 09:43:54.880 INFO  o.h.a.c.Version.<clinit>:49 - HCANN000001: Hibernate Commons Annotations {5.1.0.Final}
2020-12-26 09:43:54.920 INFO  o.s.d.r.c.DeferredRepositoryInitializationListener.onApplicationEvent:49 - Triggering deferred initialization of Spring Data repositories…
2020-12-26 09:43:55.088 INFO  c.z.h.HikariDataSource.getConnection:110 - HikariPool-1 - Starting...
2020-12-26 09:43:55.277 INFO  c.z.h.HikariDataSource.getConnection:123 - HikariPool-1 - Start completed.
2020-12-26 09:43:55.301 INFO  o.h.d.Dialect.<init>:172 - HHH000400: Using dialect: org.hibernate.dialect.PostgreSQL95Dialect
2020-12-26 09:43:57.266 INFO  o.h.e.t.j.p.i.JtaPlatformInitiator.initiateService:52 - HHH000490: Using JtaPlatform implementation: [org.hibernate.engine.transaction.jta.platform.internal.NoJtaPlatform]
2020-12-26 09:43:57.281 INFO  o.s.o.j.LocalContainerEntityManagerFactoryBean.buildNativeEntityManagerFactory:416 - Initialized JPA EntityManagerFactory for persistence unit 'default'
2020-12-26 09:43:58.447 INFO  o.s.d.r.c.DeferredRepositoryInitializationListener.onApplicationEvent:53 - Spring Data repositories initialized!
2020-12-26 09:43:58.877 INFO  o.s.b.a.s.s.UserDetailsServiceAutoConfiguration.getOrDeducePassword:86 - 

Using generated security password: 85f35af6-42a7-4183-8e1b-5939b60eeda4

2020-12-26 09:43:59.001 INFO  o.s.s.w.DefaultSecurityFilterChain.<init>:43 - Creating filter chain: Ant [pattern='/', GET], []
2020-12-26 09:43:59.002 INFO  o.s.s.w.DefaultSecurityFilterChain.<init>:43 - Creating filter chain: Ant [pattern='/webjars/**', GET], []
2020-12-26 09:43:59.003 INFO  o.s.s.w.DefaultSecurityFilterChain.<init>:43 - Creating filter chain: Ant [pattern='/*.html', GET], []
2020-12-26 09:43:59.003 INFO  o.s.s.w.DefaultSecurityFilterChain.<init>:43 - Creating filter chain: Ant [pattern='/favicon.ico', GET], []
2020-12-26 09:43:59.003 INFO  o.s.s.w.DefaultSecurityFilterChain.<init>:43 - Creating filter chain: Ant [pattern='/**/*.html', GET], []
2020-12-26 09:43:59.004 INFO  o.s.s.w.DefaultSecurityFilterChain.<init>:43 - Creating filter chain: Ant [pattern='/**/*.css', GET], []
2020-12-26 09:43:59.004 INFO  o.s.s.w.DefaultSecurityFilterChain.<init>:43 - Creating filter chain: Ant [pattern='/**/*.js', GET], []
2020-12-26 09:43:59.078 INFO  o.s.s.w.DefaultSecurityFilterChain.<init>:43 - Creating filter chain: any request, [org.springframework.security.web.context.request.async.WebAsyncManagerIntegrationFilter@59fc6d05, org.springframework.security.web.context.SecurityContextPersistenceFilter@42507640, org.springframework.security.web.header.HeaderWriterFilter@2785db06, org.springframework.web.filter.CorsFilter@7dd611c8, org.springframework.security.web.authentication.logout.LogoutFilter@61ff6a49, org.springframework.security.web.savedrequest.RequestCacheAwareFilter@11dcd42c, org.springframework.security.web.servletapi.SecurityContextHolderAwareRequestFilter@7fda2001, org.springframework.security.web.authentication.AnonymousAuthenticationFilter@78307a56, org.springframework.security.web.session.SessionManagementFilter@abad89c, org.springframework.security.web.access.ExceptionTranslationFilter@331ff3ac, org.springframework.security.web.access.intercept.FilterSecurityInterceptor@7a1b8a46]
2020-12-26 09:43:59.123 INFO  c.n.c.s.URLConfigurationSource.<init>:122 - To enable URLs as dynamic configuration sources, define System property archaius.configurationSource.additionalUrls or make config.properties available on classpath.
2020-12-26 09:43:59.131 INFO  c.n.c.s.URLConfigurationSource.<init>:122 - To enable URLs as dynamic configuration sources, define System property archaius.configurationSource.additionalUrls or make config.properties available on classpath.
2020-12-26 09:44:00.672 INFO  o.s.c.n.e.c.DiscoveryClientOptionalArgsConfiguration.discoveryClientOptionalArgs:78 - Eureka HTTP Client uses Jersey
2020-12-26 09:44:01.606 INFO  o.s.c.n.e.InstanceInfoFactory.create:72 - Setting initial instance status as: STARTING
2020-12-26 09:44:01.645 INFO  c.n.d.DiscoveryClient.<init>:371 - Initializing Eureka in region us-east-1
2020-12-26 09:44:02.092 INFO  c.n.d.p.DiscoveryJerseyProvider.<init>:70 - Using JSON encoding codec LegacyJacksonJson
2020-12-26 09:44:02.093 INFO  c.n.d.p.DiscoveryJerseyProvider.<init>:71 - Using JSON decoding codec LegacyJacksonJson
2020-12-26 09:44:02.269 INFO  c.n.d.p.DiscoveryJerseyProvider.<init>:80 - Using XML encoding codec XStreamXml
2020-12-26 09:44:02.269 INFO  c.n.d.p.DiscoveryJerseyProvider.<init>:81 - Using XML decoding codec XStreamXml
2020-12-26 09:44:02.483 INFO  c.n.d.s.r.a.ConfigClusterResolver.getClusterEndpoints:43 - Resolving eureka endpoints via configuration
2020-12-26 09:44:02.760 INFO  c.n.d.DiscoveryClient.fetchRegistry:1004 - Disable delta property : false
2020-12-26 09:44:02.760 INFO  c.n.d.DiscoveryClient.fetchRegistry:1005 - Single vip registry refresh property : null
2020-12-26 09:44:02.761 INFO  c.n.d.DiscoveryClient.fetchRegistry:1006 - Force full registry fetch : false
2020-12-26 09:44:02.761 INFO  c.n.d.DiscoveryClient.fetchRegistry:1007 - Application is null : false
2020-12-26 09:44:02.761 INFO  c.n.d.DiscoveryClient.fetchRegistry:1008 - Registered Applications size is zero : true
2020-12-26 09:44:02.761 INFO  c.n.d.DiscoveryClient.fetchRegistry:1010 - Application version is -1: true
2020-12-26 09:44:02.762 INFO  c.n.d.DiscoveryClient.getAndStoreFullRegistry:1093 - Getting all instance registry info from the eureka server
2020-12-26 09:44:02.984 INFO  c.n.d.DiscoveryClient.getAndStoreFullRegistry:1102 - The response status is 200
2020-12-26 09:44:02.988 INFO  c.n.d.DiscoveryClient.initScheduledTasks:1317 - Starting heartbeat executor: renew interval is: 30
2020-12-26 09:44:02.991 INFO  c.n.d.InstanceInfoReplicator.<init>:60 - InstanceInfoReplicator onDemand update allowed rate per min is 4
2020-12-26 09:44:02.997 INFO  c.n.d.DiscoveryClient.<init>:491 - Discovery Client initialized at timestamp 1608972242995 with initial instances count: 2
2020-12-26 09:44:03.003 INFO  o.s.c.n.e.s.EurekaServiceRegistry.register:41 - Registering application RAIFFEISEN with eureka with status UP
2020-12-26 09:44:03.004 INFO  c.n.d.DiscoveryClient.notify:1353 - Saw local status change event StatusChangeEvent [timestamp=1608972243004, current=UP, previous=STARTING]
2020-12-26 09:44:03.006 INFO  c.n.d.DiscoveryClient.register:870 - DiscoveryClient_RAIFFEISEN/host.docker.internal:raiffeisen:8090: registering service...
2020-12-26 09:44:03.007 INFO  o.a.c.h.Http11NioProtocol.log:173 - Starting ProtocolHandler ["http-nio-8090"]
2020-12-26 09:44:03.042 INFO  o.s.b.w.e.t.TomcatWebServer.start:220 - Tomcat started on port(s): 8090 (http) with context path ''
2020-12-26 09:44:03.044 INFO  o.s.c.n.e.s.EurekaAutoServiceRegistration.onApplicationEvent:145 - Updating port to 8090
2020-12-26 09:44:03.074 INFO  c.n.d.DiscoveryClient.register:879 - DiscoveryClient_RAIFFEISEN/host.docker.internal:raiffeisen:8090 - registration status: 204
2020-12-26 09:44:03.482 INFO  o.s.d.r.c.DeferredRepositoryInitializationListener.onApplicationEvent:49 - Triggering deferred initialization of Spring Data repositories…
2020-12-26 09:44:03.482 INFO  o.s.d.r.c.DeferredRepositoryInitializationListener.onApplicationEvent:53 - Spring Data repositories initialized!
2020-12-26 09:44:03.496 INFO  c.p.r.RaiffeisenServiceApplication.logStarted:61 - Started RaiffeisenServiceApplication in 17.051 seconds (JVM running for 18.778)
2020-12-26 09:49:02.783 INFO  c.n.d.s.r.a.ConfigClusterResolver.getClusterEndpoints:43 - Resolving eureka endpoints via configuration
2020-12-26 09:54:02.817 INFO  c.n.d.s.r.a.ConfigClusterResolver.getClusterEndpoints:43 - Resolving eureka endpoints via configuration
2020-12-26 09:59:02.820 INFO  c.n.d.s.r.a.ConfigClusterResolver.getClusterEndpoints:43 - Resolving eureka endpoints via configuration
2020-12-26 10:04:02.822 INFO  c.n.d.s.r.a.ConfigClusterResolver.getClusterEndpoints:43 - Resolving eureka endpoints via configuration
2020-12-26 10:09:02.823 INFO  c.n.d.s.r.a.ConfigClusterResolver.getClusterEndpoints:43 - Resolving eureka endpoints via configuration
2020-12-26 10:14:02.825 INFO  c.n.d.s.r.a.ConfigClusterResolver.getClusterEndpoints:43 - Resolving eureka endpoints via configuration
2020-12-26 10:18:58.368 INFO  o.a.c.c.C.[.[.[/].log:173 - Initializing Spring DispatcherServlet 'dispatcherServlet'
2020-12-26 10:18:58.371 INFO  o.s.w.s.DispatcherServlet.initServletBean:525 - Initializing Servlet 'dispatcherServlet'
2020-12-26 10:18:58.501 INFO  o.s.w.s.DispatcherServlet.initServletBean:547 - Completed initialization in 130 ms
2020-12-26 10:18:58.769 INFO  c.p.r.s.i.PaymentService.checkPaymentRequest:42 - ["Raiffeisen Bank"] check payment request [merchantId=3ypo-]
2020-12-26 10:18:59.729 INFO  c.p.r.s.i.PaymentService.checkPaymentRequest:49 - ["Raiffeisen Bank"] payment request valid [merchantId=3ypo-]
2020-12-26 10:19:00.633 INFO  c.p.r.s.i.PaymentService.createMerchantOrder:68 - ["Raiffeisen Bank"] create merchantOrder [merchantId=3ypo-]
2020-12-26 10:19:00.733 INFO  c.p.r.s.i.PaymentService.createPaymentRequest:59 - ["Raiffeisen Bank"] create paymentId [merchantId=3ypo-]
2020-12-26 10:19:02.826 INFO  c.n.d.s.r.a.ConfigClusterResolver.getClusterEndpoints:43 - Resolving eureka endpoints via configuration
2020-12-26 10:19:13.065 INFO  c.p.r.s.i.TransactionService.pay:53 - ["Raiffeisen Bank"] payment proccess [Pedro Neto]
2020-12-26 10:19:14.057 INFO  c.p.r.s.i.TransactionService.settlementInSameBank:215 - ["Raiffeisen Bank"] one bank settlement [from=Pedro Neto], [to=Jack Grealish], [amount=4200.0]
2020-12-26 10:19:14.058 INFO  c.p.r.s.i.TransactionService.settlementInSameBank:223 - ["Raiffeisen Bank"] customer account reducing [name=Pedro Neto], [amount=4200.0]
2020-12-26 10:19:39.628 INFO  c.p.r.s.i.PaymentService.checkPaymentRequest:42 - ["Raiffeisen Bank"] check payment request [merchantId=3ypo-]
2020-12-26 10:19:40.254 INFO  c.p.r.s.i.PaymentService.checkPaymentRequest:49 - ["Raiffeisen Bank"] payment request valid [merchantId=3ypo-]
2020-12-26 10:19:40.866 INFO  c.p.r.s.i.PaymentService.createMerchantOrder:68 - ["Raiffeisen Bank"] create merchantOrder [merchantId=3ypo-]
2020-12-26 10:19:40.870 INFO  c.p.r.s.i.PaymentService.createPaymentRequest:59 - ["Raiffeisen Bank"] create paymentId [merchantId=3ypo-]
2020-12-26 10:20:00.871 INFO  c.p.r.s.i.TransactionService.pay:53 - ["Raiffeisen Bank"] payment proccess [Wilfred Zaha]
2020-12-26 10:20:01.789 INFO  c.n.c.ChainedDynamicProperty.checkAndFlip:115 - Flipping property: pcc.ribbon.ActiveConnectionsLimit to use NEXT property: niws.loadbalancer.availabilityFilteringRule.activeConnectionsLimit = 2147483647
2020-12-26 10:20:01.828 INFO  c.n.u.c.ShutdownEnabledTimer.<init>:58 - Shutdown hook installed for: NFLoadBalancer-PingTimer-pcc
2020-12-26 10:20:01.830 INFO  c.n.l.BaseLoadBalancer.initWithConfig:197 - Client: pcc instantiated a LoadBalancer: DynamicServerListLoadBalancer:{NFLoadBalancer:name=pcc,current list of Servers=[],Load balancer stats=Zone stats: {},Server stats: []}ServerList:null
2020-12-26 10:20:01.842 INFO  c.n.l.DynamicServerListLoadBalancer.enableAndInitLearnNewServersFeature:222 - Using serverListUpdater PollingServerListUpdater
2020-12-26 10:20:01.874 INFO  c.n.c.ChainedDynamicProperty.checkAndFlip:115 - Flipping property: pcc.ribbon.ActiveConnectionsLimit to use NEXT property: niws.loadbalancer.availabilityFilteringRule.activeConnectionsLimit = 2147483647
2020-12-26 10:20:01.876 INFO  c.n.l.DynamicServerListLoadBalancer.restOfInit:150 - DynamicServerListLoadBalancer for client pcc initialized: DynamicServerListLoadBalancer:{NFLoadBalancer:name=pcc,current list of Servers=[192.168.2.37:8084],Load balancer stats=Zone stats: {defaultzone=[Zone:defaultzone;	Instance count:1;	Active connections count: 0;	Circuit breaker tripped count: 0;	Active connections per server: 0.0;]
},Server stats: [[Server:192.168.2.37:8084;	Zone:defaultZone;	Total Requests:0;	Successive connection failure:0;	Total blackout seconds:0;	Last connection made:Thu Jan 01 01:00:00 CET 1970;	First connection made: Thu Jan 01 01:00:00 CET 1970;	Active Connections:0;	total failure count in last (1000) msecs:0;	average resp time:0.0;	90 percentile resp time:0.0;	95 percentile resp time:0.0;	min resp time:0.0;	max resp time:0.0;	stddev resp time:0.0]
]}ServerList:org.springframework.cloud.netflix.ribbon.eureka.DomainExtractingServerList@54f06e11
2020-12-26 10:20:01.892 INFO  o.s.d.r.c.DeferredRepositoryInitializationListener.onApplicationEvent:49 - Triggering deferred initialization of Spring Data repositories…
2020-12-26 10:20:01.893 INFO  o.s.d.r.c.DeferredRepositoryInitializationListener.onApplicationEvent:53 - Spring Data repositories initialized!
2020-12-26 10:20:02.849 INFO  c.n.c.ChainedDynamicProperty.checkAndFlip:115 - Flipping property: pcc.ribbon.ActiveConnectionsLimit to use NEXT property: niws.loadbalancer.availabilityFilteringRule.activeConnectionsLimit = 2147483647
2020-12-26 10:24:02.829 INFO  c.n.d.s.r.a.ConfigClusterResolver.getClusterEndpoints:43 - Resolving eureka endpoints via configuration
2020-12-26 10:29:02.831 INFO  c.n.d.s.r.a.ConfigClusterResolver.getClusterEndpoints:43 - Resolving eureka endpoints via configuration
2020-12-26 10:34:02.832 INFO  c.n.d.s.r.a.ConfigClusterResolver.getClusterEndpoints:43 - Resolving eureka endpoints via configuration
2020-12-26 10:39:02.834 INFO  c.n.d.s.r.a.ConfigClusterResolver.getClusterEndpoints:43 - Resolving eureka endpoints via configuration
2020-12-26 10:44:02.835 INFO  c.n.d.s.r.a.ConfigClusterResolver.getClusterEndpoints:43 - Resolving eureka endpoints via configuration
2020-12-26 10:49:02.837 INFO  c.n.d.s.r.a.ConfigClusterResolver.getClusterEndpoints:43 - Resolving eureka endpoints via configuration
2020-12-26 10:54:02.839 INFO  c.n.d.s.r.a.ConfigClusterResolver.getClusterEndpoints:43 - Resolving eureka endpoints via configuration
2020-12-26 10:59:02.841 INFO  c.n.d.s.r.a.ConfigClusterResolver.getClusterEndpoints:43 - Resolving eureka endpoints via configuration
